[00:21:13] This is prokka 1.14.6
[00:21:13] Written by Torsten Seemann <torsten.seemann@gmail.com>
[00:21:13] Homepage is https://github.com/tseemann/prokka
[00:21:13] Local time is Thu May 12 00:21:13 2022
[00:21:13] You are tola2495
[00:21:13] Operating system is linux
[00:21:13] You have BioPerl 1.007001
[00:21:13] System has 16 cores.
[00:21:13] Will use maximum of 2 cores.
[00:21:13] Annotating as >>> Bacteria <<<
[00:21:13] Generating locus_tag from 'bin_17.fa' contents.
[00:21:13] Setting --locustag IMNPCLEO from MD5 2679c5e83ec3768234c99efe8ab67779
[00:21:13] Creating new output folder: /home/tola2495/GenomeAnalysisVT2022/analyses/05_annotation/prokka/RR4342129_Bacteria/bin_17.fa
[00:21:13] Running: mkdir -p \/home\/tola2495\/GenomeAnalysisVT2022\/analyses\/05_annotation\/prokka\/RR4342129_Bacteria\/bin_17\.fa
[00:21:13] Using filename prefix: RR4342129_Bacteria.XXX
[00:21:13] Setting HMMER_NCPU=1
[00:21:13] Writing log to: /home/tola2495/GenomeAnalysisVT2022/analyses/05_annotation/prokka/RR4342129_Bacteria/bin_17.fa/RR4342129_Bacteria.log
[00:21:13] Command: /sw/bioinfo/prokka/1.45-5b58020/snowy/bin/prokka --metagenome --cpus 2 --prefix RR4342129_Bacteria --outdir /home/tola2495/GenomeAnalysisVT2022/analyses/05_annotation/prokka/RR4342129_Bacteria/bin_17.fa bin_17.fa
[00:21:13] Appending to PATH: /sw/bioinfo/prokka/1.45-5b58020/rackham/bin/../binaries/linux
[00:21:13] Appending to PATH: /sw/bioinfo/prokka/1.45-5b58020/rackham/bin/../binaries/linux/../common
[00:21:13] Appending to PATH: /sw/bioinfo/prokka/1.45-5b58020/rackham/bin
[00:21:13] Looking for 'aragorn' - found /sw/bioinfo/prokka/1.45-5b58020/rackham/bin/../binaries/linux/aragorn
[00:21:13] Determined aragorn version is 001002 from 'ARAGORN v1.2.38 Dean Laslett'
[00:21:13] Looking for 'barrnap' - found /sw/bioinfo/barrnap/0.8/snowy/bin/barrnap
[00:21:13] Determined barrnap version is 000008 from 'barrnap 0.8'
[00:21:13] Looking for 'blastp' - found /sw/bioinfo/blast/2.11.0+/snowy/bin/blastp
[00:21:14] Determined blastp version is 002011 from 'blastp: 2.11.0+'
[00:21:14] Looking for 'cmpress' - found /sw/bioinfo/prokka/1.45-5b58020/rackham/bin/../binaries/linux/cmpress
[00:21:14] Determined cmpress version is 001001 from '# INFERNAL 1.1.2 (July 2016)'
[00:21:14] Looking for 'cmscan' - found /sw/bioinfo/prokka/1.45-5b58020/rackham/bin/../binaries/linux/cmscan
[00:21:14] Determined cmscan version is 001001 from '# INFERNAL 1.1.2 (July 2016)'
[00:21:14] Looking for 'egrep' - found /usr/bin/egrep
[00:21:14] Looking for 'find' - found /usr/bin/find
[00:21:14] Looking for 'grep' - found /usr/bin/grep
[00:21:14] Looking for 'hmmpress' - found /sw/apps/bioinfo/hmmer/3.1b2/snowy/bin/hmmpress
[00:21:14] Determined hmmpress version is 003001 from '# HMMER 3.1b2 (February 2015); http://hmmer.org/'
[00:21:14] Looking for 'hmmscan' - found /sw/apps/bioinfo/hmmer/3.1b2/snowy/bin/hmmscan
[00:21:14] Determined hmmscan version is 003001 from '# HMMER 3.1b2 (February 2015); http://hmmer.org/'
[00:21:14] Looking for 'java' - found /usr/bin/java
[00:21:14] Looking for 'makeblastdb' - found /sw/bioinfo/blast/2.11.0+/snowy/bin/makeblastdb
[00:21:14] Determined makeblastdb version is 002011 from 'makeblastdb: 2.11.0+'
[00:21:14] Looking for 'minced' - found /sw/apps/bioinfo/minced/0.2.0/snowy/minced
[00:21:14] Determined minced version is 002000 from 'minced 0.2.0'
[00:21:14] Looking for 'parallel' - found /sw/parallel/gnuparallel/20170122/snowy/bin/parallel
[00:21:15] Determined parallel version is 20170122 from 'GNU parallel 20170122'
[00:21:15] Looking for 'prodigal' - found /sw/apps/bioinfo/prodigal/2.6.3/snowy/bin/prodigal
[00:21:15] Determined prodigal version is 002006 from 'Prodigal V2.6.3: February, 2016'
[00:21:15] Looking for 'prokka-genbank_to_fasta_db' - found /sw/bioinfo/prokka/1.45-5b58020/snowy/bin/prokka-genbank_to_fasta_db
[00:21:15] Looking for 'sed' - found /usr/bin/sed
[00:21:15] Looking for 'signalp' - found /sw/bioinfo/SignalP/4.1f/snowy/signalp
[00:21:15] Determined signalp version is 004001 from '4.1 6204265'
[00:21:15] Looking for 'tbl2asn' - found /sw/bioinfo/tbl2asn/25.8/snowy/tbl2asn
[00:21:15] Determined tbl2asn version is 025008 from 'tbl2asn 25.8   arguments:'
[00:21:15] Using genetic code table 11.
[00:21:15] Loading and checking input file: bin_17.fa
[00:21:15] Wrote 274 contigs totalling 985079 bp.
[00:21:15] Predicting tRNAs and tmRNAs
[00:21:15] Running: aragorn -l -gc11  -w \/home\/tola2495\/GenomeAnalysisVT2022\/analyses\/05_annotation\/prokka\/RR4342129_Bacteria\/bin_17\.fa\/RR4342129_Bacteria\.fna
[00:21:15] 1 tRNA-Ser c[2470,2555] 35 (cga)
[00:21:15] 1 tRNA-Ile c[2619,2696] 36 (gat)
[00:21:15] 1 tRNA-Leu c[444,528] 35 (tag)
[00:21:15] 1 tRNA-Met [7081,7157] 35 (cat)
[00:21:15] 1 tRNA-Gly c[5153,5227] 34 (gcc)
[00:21:15] 1 tRNA-Pro [4964,5041] 37 (ggg)
[00:21:15] 1 tRNA-Arg c[1252,1328] 36 (gcg)
[00:21:15] 1 tRNA-Thr c[1192,1268] 35 (tgt)
[00:21:15] 1 tRNA-Gln [3137,3212] 35 (ttg)
[00:21:15] 1 tRNA-Arg [6814,6891] 36 (cct)
[00:21:15] 2 tRNA-Asp [9138,9213] 35 (gtc)
[00:21:15] 1 tRNA-Leu [264,348] 35 (gag)
[00:21:15] 1 tRNA-Asn [3136,3211] 34 (gtt)
[00:21:15] 1 tRNA-Arg [833,909] 36 (tct)
[00:21:15] 1 tRNA-Phe [5921,5996] 34 (gaa)
[00:21:15] 1 tRNA-Gly [6510,6583] 33 (tcc)
[00:21:15] 1 tRNA-Leu [1160,1244] 35 (taa)
[00:21:15] 1 tRNA-Glu [3454,3531] 37 (ctc)
[00:21:15] 1 tRNA-Glu c[2949,3026] 37 (ttc)
[00:21:15] 2 tRNA-Glu [3155,3232] 37 (ttc)
[00:21:15] 1 tRNA-Val [3941,4016] 34 (tac)
[00:21:15] 1 tRNA-Thr c[780,854] 33 (ggt)
[00:21:15] 2 tRNA-Ser [981,1066] 35 (gga)
[00:21:15] 1 tRNA-Ser [2642,2728] 36 (gct)
[00:21:15] 1 tRNA-Lys [26,101] 35 (ttt)
[00:21:15] 1 tRNA-Ser [1744,1829] 35 (tga)
[00:21:15] Found 26 tRNAs
[00:21:15] Predicting Ribosomal RNAs
[00:21:15] Running Barrnap with 2 threads
[00:21:16] Found 0 rRNAs
[00:21:16] Skipping ncRNA search, enable with --rfam if desired.
[00:21:16] Total of 26 tRNA + rRNA features
[00:21:16] Searching for CRISPR repeats
[00:21:16] Found 0 CRISPRs
[00:21:16] Predicting coding sequences
[00:21:16] Contigs total 985079 bp, so using meta mode
[00:21:16] Running: prodigal -i \/home\/tola2495\/GenomeAnalysisVT2022\/analyses\/05_annotation\/prokka\/RR4342129_Bacteria\/bin_17\.fa\/RR4342129_Bacteria\.fna -c -m -g 11 -p meta -f sco -q
[00:21:17] Excluding CDS which overlaps existing RNA (tRNA) at k105_89939:2682..2780 on - strand
[00:21:18] Excluding CDS which overlaps existing RNA (tRNA) at k105_31341:182..352 on - strand
[00:21:20] Found 897 CDS
[00:21:20] Connecting features back to sequences
[00:21:20] Not using genus-specific database. Try --usegenus to enable it.
[00:21:20] Annotating CDS, please be patient.
[00:21:20] Will use 2 CPUs for similarity searching.
[00:21:20] There are still 897 unannotated CDS left (started with 897)
[00:21:20] Will use blast to search against /sw/bioinfo/prokka/1.45-5b58020/rackham/db/kingdom/Bacteria/IS with 2 CPUs
[00:21:20] Running: cat \/home\/tola2495\/GenomeAnalysisVT2022\/analyses\/05_annotation\/prokka\/RR4342129_Bacteria\/bin_17\.fa\/RR4342129_Bacteria\.IS\.tmp\.57717\.faa | parallel --gnu --plain -j 2 --block 64218 --recstart '>' --pipe blastp -query - -db /sw/bioinfo/prokka/1.45-5b58020/rackham/db/kingdom/Bacteria/IS -evalue 1e-30 -qcov_hsp_perc 90 -num_threads 1 -num_descriptions 1 -num_alignments 1 -seg no > \/home\/tola2495\/GenomeAnalysisVT2022\/analyses\/05_annotation\/prokka\/RR4342129_Bacteria\/bin_17\.fa\/RR4342129_Bacteria\.IS\.tmp\.57717\.blast 2> /dev/null
[00:21:33] Deleting unwanted file: /home/tola2495/GenomeAnalysisVT2022/analyses/05_annotation/prokka/RR4342129_Bacteria/bin_17.fa/RR4342129_Bacteria.IS.tmp.57717.faa
[00:21:33] Deleting unwanted file: /home/tola2495/GenomeAnalysisVT2022/analyses/05_annotation/prokka/RR4342129_Bacteria/bin_17.fa/RR4342129_Bacteria.IS.tmp.57717.blast
[00:21:33] There are still 897 unannotated CDS left (started with 897)
[00:21:33] Will use blast to search against /sw/bioinfo/prokka/1.45-5b58020/rackham/db/kingdom/Bacteria/AMR with 2 CPUs
[00:21:33] Running: cat \/home\/tola2495\/GenomeAnalysisVT2022\/analyses\/05_annotation\/prokka\/RR4342129_Bacteria\/bin_17\.fa\/RR4342129_Bacteria\.AMR\.tmp\.57717\.faa | parallel --gnu --plain -j 2 --block 64218 --recstart '>' --pipe blastp -query - -db /sw/bioinfo/prokka/1.45-5b58020/rackham/db/kingdom/Bacteria/AMR -evalue 9.99999999999999e-301 -qcov_hsp_perc 90 -num_threads 1 -num_descriptions 1 -num_alignments 1 -seg no > \/home\/tola2495\/GenomeAnalysisVT2022\/analyses\/05_annotation\/prokka\/RR4342129_Bacteria\/bin_17\.fa\/RR4342129_Bacteria\.AMR\.tmp\.57717\.blast 2> /dev/null
[00:21:44] Deleting unwanted file: /home/tola2495/GenomeAnalysisVT2022/analyses/05_annotation/prokka/RR4342129_Bacteria/bin_17.fa/RR4342129_Bacteria.AMR.tmp.57717.faa
[00:21:44] Deleting unwanted file: /home/tola2495/GenomeAnalysisVT2022/analyses/05_annotation/prokka/RR4342129_Bacteria/bin_17.fa/RR4342129_Bacteria.AMR.tmp.57717.blast
[00:21:44] There are still 897 unannotated CDS left (started with 897)
[00:21:44] Will use blast to search against /sw/bioinfo/prokka/1.45-5b58020/rackham/db/kingdom/Bacteria/sprot with 2 CPUs
[00:21:44] Running: cat \/home\/tola2495\/GenomeAnalysisVT2022\/analyses\/05_annotation\/prokka\/RR4342129_Bacteria\/bin_17\.fa\/RR4342129_Bacteria\.sprot\.tmp\.57717\.faa | parallel --gnu --plain -j 2 --block 64218 --recstart '>' --pipe blastp -query - -db /sw/bioinfo/prokka/1.45-5b58020/rackham/db/kingdom/Bacteria/sprot -evalue 1e-09 -qcov_hsp_perc 80 -num_threads 1 -num_descriptions 1 -num_alignments 1 -seg no > \/home\/tola2495\/GenomeAnalysisVT2022\/analyses\/05_annotation\/prokka\/RR4342129_Bacteria\/bin_17\.fa\/RR4342129_Bacteria\.sprot\.tmp\.57717\.blast 2> /dev/null
[00:22:31] Modify product: Probable adenylyltransferase/sulfurtransferase MoeZ => putative adenylyltransferase/sulfurtransferase MoeZ
[00:22:31] Modify product: Uncharacterized epimerase/dehydratase SA0511 => putative epimerase/dehydratase
[00:22:31] Modify product: Uncharacterized amino acid permease YhdG => putative amino acid permease YhdG
[00:22:31] Modify product: Putative glutamine amidotransferase Rv2859c => Putative glutamine amidotransferase
[00:22:31] Modify product: UPF0176 protein lpg2838 => hypothetical protein
[00:22:31] Modify product: UPF0051 protein Rv1462 => hypothetical protein
[00:22:31] Modify product: UPF0051 protein SA0778 => hypothetical protein
[00:22:31] Modify product: Uncharacterized protein Rv2715 => putative protein
[00:22:32] Modify product: Probable 3-hydroxyacyl-CoA dehydrogenase => putative 3-hydroxyacyl-CoA dehydrogenase
[00:22:32] Modify product: Bifunctional protein FolD => Bifunctional protein FolD protein
[00:22:32] Modify product: Probable D-amino-acid oxidase => putative D-amino-acid oxidase
[00:22:32] Modify product: Uncharacterized ABC transporter ATP-binding protein Rv0986 => putative ABC transporter ATP-binding protein
[00:22:32] Modify product: Uncharacterized ABC transporter ATP-binding protein YknY => putative ABC transporter ATP-binding protein YknY
[00:22:32] Modify product: Ribonuclease TTHA0252 => Ribonuclease
[00:22:32] Modify product: Uncharacterized protein YyaP => putative protein YyaP
[00:22:32] Modify product: Uncharacterized protein YcgM => putative protein YcgM
[00:22:32] Modify product: Uncharacterized protein M6_Spy0233 => putative protein
[00:22:32] Modify product: Uncharacterized oxidoreductase Rv2900c => putative oxidoreductase
[00:22:32] Modify product: Putative peroxiredoxin Rv2521 => Putative peroxiredoxin
[00:22:32] Modify product: Uncharacterized MscS family protein YkuT => putative MscS family protein YkuT
[00:22:32] Modify product: Probable glycine dehydrogenase (decarboxylating) subunit 2 => putative glycine dehydrogenase (decarboxylating) subunit 2
[00:22:32] Modify product: Uncharacterized ABC transporter ATP-binding protein Rv0986 => putative ABC transporter ATP-binding protein
[00:22:32] Modify product: Probable glycine dehydrogenase (decarboxylating) subunit 1 => putative glycine dehydrogenase (decarboxylating) subunit 1
[00:22:32] Modify product: Probable copper-transporting ATPase PacS => putative copper-transporting ATPase PacS
[00:22:32] Modify product: Uncharacterized acyl-CoA thioester hydrolase HI_0827 => putative acyl-CoA thioester hydrolase
[00:22:32] Modify product: Uncharacterized glycosyltransferase Rv0539 => putative glycosyltransferase
[00:22:32] Modify product: Uncharacterized ABC transporter ATP-binding protein TM_0288 => putative ABC transporter ATP-binding protein
[00:22:32] Modify product: UPF0145 protein BCE33L0904 => hypothetical protein
[00:22:32] Cleaned 28 /product names
[00:22:32] Deleting unwanted file: /home/tola2495/GenomeAnalysisVT2022/analyses/05_annotation/prokka/RR4342129_Bacteria/bin_17.fa/RR4342129_Bacteria.sprot.tmp.57717.faa
[00:22:32] Deleting unwanted file: /home/tola2495/GenomeAnalysisVT2022/analyses/05_annotation/prokka/RR4342129_Bacteria/bin_17.fa/RR4342129_Bacteria.sprot.tmp.57717.blast
[00:22:32] There are still 663 unannotated CDS left (started with 897)
[00:22:32] Will use hmmer3 to search against /sw/bioinfo/prokka/1.45-5b58020/rackham/db/hmm/HAMAP.hmm with 2 CPUs
[00:22:32] Running: cat \/home\/tola2495\/GenomeAnalysisVT2022\/analyses\/05_annotation\/prokka\/RR4342129_Bacteria\/bin_17\.fa\/RR4342129_Bacteria\.HAMAP\.hmm\.tmp\.57717\.faa | parallel --gnu --plain -j 2 --block 44570 --recstart '>' --pipe hmmscan --noali --notextw --acc -E 1e-09 --cpu 1 /sw/bioinfo/prokka/1.45-5b58020/rackham/db/hmm/HAMAP.hmm /dev/stdin > \/home\/tola2495\/GenomeAnalysisVT2022\/analyses\/05_annotation\/prokka\/RR4342129_Bacteria\/bin_17\.fa\/RR4342129_Bacteria\.HAMAP\.hmm\.tmp\.57717\.hmmer3 2> /dev/null
[00:23:06] Deleting unwanted file: /home/tola2495/GenomeAnalysisVT2022/analyses/05_annotation/prokka/RR4342129_Bacteria/bin_17.fa/RR4342129_Bacteria.HAMAP.hmm.tmp.57717.faa
[00:23:06] Deleting unwanted file: /home/tola2495/GenomeAnalysisVT2022/analyses/05_annotation/prokka/RR4342129_Bacteria/bin_17.fa/RR4342129_Bacteria.HAMAP.hmm.tmp.57717.hmmer3
[00:23:06] Labelling remaining 575 proteins as 'hypothetical protein'
[00:23:06] Possible /pseudo 'DNA-directed RNA polymerase subunit beta'' at k105_23622 position 2469
[00:23:06] Possible /pseudo 'Vitamin B12 import ATP-binding protein BtuD' at k105_41183 position 1840
[00:23:06] Found 250 unique /gene codes.
[00:23:06] Fixed 2 duplicate /gene - purC_1 purC_2
[00:23:06] Fixed 2 duplicate /gene - guaA_1 guaA_2
[00:23:06] Fixed 2 duplicate /gene - rsxB_1 rsxB_2
[00:23:06] Fixed 2 duplicate /gene - obg_1 obg_2
[00:23:06] Fixed 2 duplicate /gene - frdA_1 frdA_2
[00:23:06] Fixed 2 duplicate /gene - thlA_1 thlA_2
[00:23:06] Fixed 2 duplicate /gene - mmgC_1 mmgC_2
[00:23:06] Fixed 2 duplicate /gene - rph_1 rph_2
[00:23:06] Fixed 2 duplicate /gene - rpoC_1 rpoC_2
[00:23:06] Fixed 2 duplicate /gene - lpdC_1 lpdC_2
[00:23:06] Fixed 2 duplicate /gene - thyA_1 thyA_2
[00:23:06] Fixed 3 duplicate /gene - gpsA_1 gpsA_2 gpsA_3
[00:23:06] Fixed 2 duplicate /gene - tetA_1 tetA_2
[00:23:06] Fixed 2 duplicate /gene - dnaJ_1 dnaJ_2
[00:23:06] Fixed 3 duplicate /gene - bcp_1 bcp_2 bcp_3
[00:23:06] Fixed 3 duplicate /gene - groL_1 groL_2 groL_3
[00:23:06] Fixed 2 duplicate /gene - pyrE_1 pyrE_2
[00:23:06] Fixed 2 duplicate /gene - trm1_1 trm1_2
[00:23:06] Fixed 2 duplicate /gene - fabG_1 fabG_2
[00:23:06] Fixed 2 duplicate /gene - nfuA_1 nfuA_2
[00:23:06] Fixed 2 duplicate /gene - dgdA_1 dgdA_2
[00:23:06] Fixed 2 duplicate /gene - sufS_1 sufS_2
[00:23:06] Fixed 2 duplicate /gene - mvaA_1 mvaA_2
[00:23:06] Fixed 4 duplicate /gene - tuf_1 tuf_2 tuf_3 tuf_4
[00:23:06] Fixed 3 duplicate /gene - btuD_1 btuD_2 btuD_3
[00:23:06] Fixed 2 duplicate /gene - dinG_1 dinG_2
[00:23:06] Fixed 3 duplicate /gene - trkH_1 trkH_2 trkH_3
[00:23:06] Fixed 27 colliding /gene names.
[00:23:06] Adding /locus_tag identifiers
[00:23:06] Assigned 923 locus_tags to CDS and RNA features.
[00:23:06] Writing outputs to /home/tola2495/GenomeAnalysisVT2022/analyses/05_annotation/prokka/RR4342129_Bacteria/bin_17.fa/
[00:23:06] Generating annotation statistics file
[00:23:06] Generating Genbank and Sequin files
[00:23:06] Running: tbl2asn -V b -a r10k -l paired-ends -M n -N 1 -y 'Annotated using prokka 1.14.6 from https://github.com/tseemann/prokka' -Z \/home\/tola2495\/GenomeAnalysisVT2022\/analyses\/05_annotation\/prokka\/RR4342129_Bacteria\/bin_17\.fa\/RR4342129_Bacteria\.err -i \/home\/tola2495\/GenomeAnalysisVT2022\/analyses\/05_annotation\/prokka\/RR4342129_Bacteria\/bin_17\.fa\/RR4342129_Bacteria\.fsa 2> /dev/null
[00:23:09] Deleting unwanted file: /home/tola2495/GenomeAnalysisVT2022/analyses/05_annotation/prokka/RR4342129_Bacteria/bin_17.fa/errorsummary.val
[00:23:09] Deleting unwanted file: /home/tola2495/GenomeAnalysisVT2022/analyses/05_annotation/prokka/RR4342129_Bacteria/bin_17.fa/RR4342129_Bacteria.dr
[00:23:09] Deleting unwanted file: /home/tola2495/GenomeAnalysisVT2022/analyses/05_annotation/prokka/RR4342129_Bacteria/bin_17.fa/RR4342129_Bacteria.fixedproducts
[00:23:09] Deleting unwanted file: /home/tola2495/GenomeAnalysisVT2022/analyses/05_annotation/prokka/RR4342129_Bacteria/bin_17.fa/RR4342129_Bacteria.ecn
[00:23:09] Deleting unwanted file: /home/tola2495/GenomeAnalysisVT2022/analyses/05_annotation/prokka/RR4342129_Bacteria/bin_17.fa/RR4342129_Bacteria.val
[00:23:09] Repairing broken .GBK output that tbl2asn produces...
[00:23:09] Running: sed 's/COORDINATES: profile/COORDINATES:profile/' < \/home\/tola2495\/GenomeAnalysisVT2022\/analyses\/05_annotation\/prokka\/RR4342129_Bacteria\/bin_17\.fa\/RR4342129_Bacteria\.gbf > \/home\/tola2495\/GenomeAnalysisVT2022\/analyses\/05_annotation\/prokka\/RR4342129_Bacteria\/bin_17\.fa\/RR4342129_Bacteria\.gbk
[00:23:09] Deleting unwanted file: /home/tola2495/GenomeAnalysisVT2022/analyses/05_annotation/prokka/RR4342129_Bacteria/bin_17.fa/RR4342129_Bacteria.gbf
[00:23:09] Output files:
[00:23:09] /home/tola2495/GenomeAnalysisVT2022/analyses/05_annotation/prokka/RR4342129_Bacteria/bin_17.fa/RR4342129_Bacteria.log
[00:23:09] /home/tola2495/GenomeAnalysisVT2022/analyses/05_annotation/prokka/RR4342129_Bacteria/bin_17.fa/RR4342129_Bacteria.fna
[00:23:09] /home/tola2495/GenomeAnalysisVT2022/analyses/05_annotation/prokka/RR4342129_Bacteria/bin_17.fa/RR4342129_Bacteria.gff
[00:23:09] /home/tola2495/GenomeAnalysisVT2022/analyses/05_annotation/prokka/RR4342129_Bacteria/bin_17.fa/RR4342129_Bacteria.faa
[00:23:09] /home/tola2495/GenomeAnalysisVT2022/analyses/05_annotation/prokka/RR4342129_Bacteria/bin_17.fa/RR4342129_Bacteria.ffn
[00:23:09] /home/tola2495/GenomeAnalysisVT2022/analyses/05_annotation/prokka/RR4342129_Bacteria/bin_17.fa/RR4342129_Bacteria.tbl
[00:23:09] /home/tola2495/GenomeAnalysisVT2022/analyses/05_annotation/prokka/RR4342129_Bacteria/bin_17.fa/RR4342129_Bacteria.fsa
[00:23:09] /home/tola2495/GenomeAnalysisVT2022/analyses/05_annotation/prokka/RR4342129_Bacteria/bin_17.fa/RR4342129_Bacteria.tsv
[00:23:09] /home/tola2495/GenomeAnalysisVT2022/analyses/05_annotation/prokka/RR4342129_Bacteria/bin_17.fa/RR4342129_Bacteria.txt
[00:23:09] /home/tola2495/GenomeAnalysisVT2022/analyses/05_annotation/prokka/RR4342129_Bacteria/bin_17.fa/RR4342129_Bacteria.gbk
[00:23:09] /home/tola2495/GenomeAnalysisVT2022/analyses/05_annotation/prokka/RR4342129_Bacteria/bin_17.fa/RR4342129_Bacteria.sqn
[00:23:09] /home/tola2495/GenomeAnalysisVT2022/analyses/05_annotation/prokka/RR4342129_Bacteria/bin_17.fa/RR4342129_Bacteria.err
[00:23:09] Annotation finished successfully.
[00:23:09] Walltime used: 1.93 minutes
[00:23:09] If you use this result please cite the Prokka paper:
[00:23:09] Seemann T (2014) Prokka: rapid prokaryotic genome annotation. Bioinformatics. 30(14):2068-9.
[00:23:09] Type 'prokka --citation' for more details.
[00:23:09] Thank you, come again.
