[14:14:03] This is prokka 1.14.6
[14:14:03] Written by Torsten Seemann <torsten.seemann@gmail.com>
[14:14:03] Homepage is https://github.com/tseemann/prokka
[14:14:03] Local time is Tue May  3 14:14:03 2022
[14:14:03] You are tola2495
[14:14:03] Operating system is linux
[14:14:03] You have BioPerl 1.007001
[14:14:03] System has 16 cores.
[14:14:03] Will use maximum of 2 cores.
[14:14:03] Annotating as >>> Bacteria <<<
[14:14:03] Generating locus_tag from 'bin_2.fa' contents.
[14:14:03] Setting --locustag DAAACNGL from MD5 daaac7055102b51614ecab0da3f970a0
[14:14:03] Creating new output folder: /home/tola2495/GenomeAnalysisVT2022/analyses/05_annotation/prokka/RR4342133_Bacteria/bin_2.fa
[14:14:03] Running: mkdir -p \/home\/tola2495\/GenomeAnalysisVT2022\/analyses\/05_annotation\/prokka\/RR4342133_Bacteria\/bin_2\.fa
[14:14:03] Using filename prefix: RR4342133_Bacteria.XXX
[14:14:03] Setting HMMER_NCPU=1
[14:14:03] Writing log to: /home/tola2495/GenomeAnalysisVT2022/analyses/05_annotation/prokka/RR4342133_Bacteria/bin_2.fa/RR4342133_Bacteria.log
[14:14:03] Command: /sw/bioinfo/prokka/1.45-5b58020/snowy/bin/prokka --metagenome --cpus 2 --prefix RR4342133_Bacteria --outdir /home/tola2495/GenomeAnalysisVT2022/analyses/05_annotation/prokka/RR4342133_Bacteria/bin_2.fa bin_2.fa
[14:14:03] Appending to PATH: /sw/bioinfo/prokka/1.45-5b58020/rackham/bin/../binaries/linux
[14:14:03] Appending to PATH: /sw/bioinfo/prokka/1.45-5b58020/rackham/bin/../binaries/linux/../common
[14:14:03] Appending to PATH: /sw/bioinfo/prokka/1.45-5b58020/rackham/bin
[14:14:03] Looking for 'aragorn' - found /sw/bioinfo/prokka/1.45-5b58020/rackham/bin/../binaries/linux/aragorn
[14:14:03] Determined aragorn version is 001002 from 'ARAGORN v1.2.38 Dean Laslett'
[14:14:03] Looking for 'barrnap' - found /sw/bioinfo/barrnap/0.8/snowy/bin/barrnap
[14:14:03] Determined barrnap version is 000008 from 'barrnap 0.8'
[14:14:03] Looking for 'blastp' - found /sw/bioinfo/blast/2.11.0+/snowy/bin/blastp
[14:14:04] Determined blastp version is 002011 from 'blastp: 2.11.0+'
[14:14:04] Looking for 'cmpress' - found /sw/bioinfo/prokka/1.45-5b58020/rackham/bin/../binaries/linux/cmpress
[14:14:04] Determined cmpress version is 001001 from '# INFERNAL 1.1.2 (July 2016)'
[14:14:04] Looking for 'cmscan' - found /sw/bioinfo/prokka/1.45-5b58020/rackham/bin/../binaries/linux/cmscan
[14:14:04] Determined cmscan version is 001001 from '# INFERNAL 1.1.2 (July 2016)'
[14:14:04] Looking for 'egrep' - found /usr/bin/egrep
[14:14:04] Looking for 'find' - found /usr/bin/find
[14:14:04] Looking for 'grep' - found /usr/bin/grep
[14:14:04] Looking for 'hmmpress' - found /sw/apps/bioinfo/hmmer/3.1b2/snowy/bin/hmmpress
[14:14:04] Determined hmmpress version is 003001 from '# HMMER 3.1b2 (February 2015); http://hmmer.org/'
[14:14:04] Looking for 'hmmscan' - found /sw/apps/bioinfo/hmmer/3.1b2/snowy/bin/hmmscan
[14:14:04] Determined hmmscan version is 003001 from '# HMMER 3.1b2 (February 2015); http://hmmer.org/'
[14:14:04] Looking for 'java' - found /usr/bin/java
[14:14:04] Looking for 'makeblastdb' - found /sw/bioinfo/blast/2.11.0+/snowy/bin/makeblastdb
[14:14:04] Determined makeblastdb version is 002011 from 'makeblastdb: 2.11.0+'
[14:14:04] Looking for 'minced' - found /sw/apps/bioinfo/minced/0.2.0/snowy/minced
[14:14:04] Determined minced version is 002000 from 'minced 0.2.0'
[14:14:04] Looking for 'parallel' - found /sw/parallel/gnuparallel/20170122/snowy/bin/parallel
[14:14:05] Determined parallel version is 20170122 from 'GNU parallel 20170122'
[14:14:05] Looking for 'prodigal' - found /sw/apps/bioinfo/prodigal/2.6.3/snowy/bin/prodigal
[14:14:05] Determined prodigal version is 002006 from 'Prodigal V2.6.3: February, 2016'
[14:14:05] Looking for 'prokka-genbank_to_fasta_db' - found /sw/bioinfo/prokka/1.45-5b58020/snowy/bin/prokka-genbank_to_fasta_db
[14:14:05] Looking for 'sed' - found /usr/bin/sed
[14:14:05] Looking for 'signalp' - found /sw/bioinfo/SignalP/4.1f/snowy/signalp
[14:14:05] Determined signalp version is 004001 from '4.1 6180816'
[14:14:05] Looking for 'tbl2asn' - found /sw/bioinfo/tbl2asn/25.8/snowy/tbl2asn
[14:14:05] Determined tbl2asn version is 025008 from 'tbl2asn 25.8   arguments:'
[14:14:05] Using genetic code table 11.
[14:14:05] Loading and checking input file: bin_2.fa
[14:14:05] Wrote 424 contigs totalling 1222961 bp.
[14:14:05] Predicting tRNAs and tmRNAs
[14:14:05] Running: aragorn -l -gc11  -w \/home\/tola2495\/GenomeAnalysisVT2022\/analyses\/05_annotation\/prokka\/RR4342133_Bacteria\/bin_2\.fa\/RR4342133_Bacteria\.fna
[14:14:05] 1 tRNA-Asn [1129,1203] 33 (gtt)
[14:14:05] 1 tRNA-Leu [837,923] 35 (cag)
[14:14:05] 1 tRNA-Arg c[896,972] 35 (gcg)
[14:14:05] 1 tRNA-Ser c[1983,2072] 35 (gga)
[14:14:05] 2 tRNA-Arg c[2794,2870] 35 (gcg)
[14:14:05] 3 tRNA-Ser c[3555,3646] 36 (gct)
[14:14:05] 4 tRNA-Ser c[3763,3848] 35 (tga)
[14:14:05] Found 7 tRNAs
[14:14:05] Predicting Ribosomal RNAs
[14:14:05] Running Barrnap with 2 threads
[14:14:06] Found 0 rRNAs
[14:14:06] Skipping ncRNA search, enable with --rfam if desired.
[14:14:06] Total of 7 tRNA + rRNA features
[14:14:06] Searching for CRISPR repeats
[14:14:06] Found 0 CRISPRs
[14:14:06] Predicting coding sequences
[14:14:06] Contigs total 1222961 bp, so using meta mode
[14:14:06] Running: prodigal -i \/home\/tola2495\/GenomeAnalysisVT2022\/analyses\/05_annotation\/prokka\/RR4342133_Bacteria\/bin_2\.fa\/RR4342133_Bacteria\.fna -c -m -g 11 -p meta -f sco -q
[14:14:09] Excluding CDS which overlaps existing RNA (tRNA) at k105_63933:885..1022 on + strand
[14:14:10] Excluding CDS which overlaps existing RNA (tRNA) at k105_80122:2848..3606 on - strand
[14:14:10] Found 1116 CDS
[14:14:10] Connecting features back to sequences
[14:14:10] Not using genus-specific database. Try --usegenus to enable it.
[14:14:10] Annotating CDS, please be patient.
[14:14:10] Will use 2 CPUs for similarity searching.
[14:14:11] There are still 1116 unannotated CDS left (started with 1116)
[14:14:11] Will use blast to search against /sw/bioinfo/prokka/1.45-5b58020/rackham/db/kingdom/Bacteria/IS with 2 CPUs
[14:14:11] Running: cat \/home\/tola2495\/GenomeAnalysisVT2022\/analyses\/05_annotation\/prokka\/RR4342133_Bacteria\/bin_2\.fa\/RR4342133_Bacteria\.IS\.tmp\.23136\.faa | parallel --gnu --plain -j 2 --block 74741 --recstart '>' --pipe blastp -query - -db /sw/bioinfo/prokka/1.45-5b58020/rackham/db/kingdom/Bacteria/IS -evalue 1e-30 -qcov_hsp_perc 90 -num_threads 1 -num_descriptions 1 -num_alignments 1 -seg no > \/home\/tola2495\/GenomeAnalysisVT2022\/analyses\/05_annotation\/prokka\/RR4342133_Bacteria\/bin_2\.fa\/RR4342133_Bacteria\.IS\.tmp\.23136\.blast 2> /dev/null
[14:14:24] Deleting unwanted file: /home/tola2495/GenomeAnalysisVT2022/analyses/05_annotation/prokka/RR4342133_Bacteria/bin_2.fa/RR4342133_Bacteria.IS.tmp.23136.faa
[14:14:24] Deleting unwanted file: /home/tola2495/GenomeAnalysisVT2022/analyses/05_annotation/prokka/RR4342133_Bacteria/bin_2.fa/RR4342133_Bacteria.IS.tmp.23136.blast
[14:14:25] There are still 1115 unannotated CDS left (started with 1116)
[14:14:25] Will use blast to search against /sw/bioinfo/prokka/1.45-5b58020/rackham/db/kingdom/Bacteria/AMR with 2 CPUs
[14:14:25] Running: cat \/home\/tola2495\/GenomeAnalysisVT2022\/analyses\/05_annotation\/prokka\/RR4342133_Bacteria\/bin_2\.fa\/RR4342133_Bacteria\.AMR\.tmp\.23136\.faa | parallel --gnu --plain -j 2 --block 74651 --recstart '>' --pipe blastp -query - -db /sw/bioinfo/prokka/1.45-5b58020/rackham/db/kingdom/Bacteria/AMR -evalue 9.99999999999999e-301 -qcov_hsp_perc 90 -num_threads 1 -num_descriptions 1 -num_alignments 1 -seg no > \/home\/tola2495\/GenomeAnalysisVT2022\/analyses\/05_annotation\/prokka\/RR4342133_Bacteria\/bin_2\.fa\/RR4342133_Bacteria\.AMR\.tmp\.23136\.blast 2> /dev/null
[14:14:36] Deleting unwanted file: /home/tola2495/GenomeAnalysisVT2022/analyses/05_annotation/prokka/RR4342133_Bacteria/bin_2.fa/RR4342133_Bacteria.AMR.tmp.23136.faa
[14:14:36] Deleting unwanted file: /home/tola2495/GenomeAnalysisVT2022/analyses/05_annotation/prokka/RR4342133_Bacteria/bin_2.fa/RR4342133_Bacteria.AMR.tmp.23136.blast
[14:14:37] There are still 1115 unannotated CDS left (started with 1116)
[14:14:37] Will use blast to search against /sw/bioinfo/prokka/1.45-5b58020/rackham/db/kingdom/Bacteria/sprot with 2 CPUs
[14:14:37] Running: cat \/home\/tola2495\/GenomeAnalysisVT2022\/analyses\/05_annotation\/prokka\/RR4342133_Bacteria\/bin_2\.fa\/RR4342133_Bacteria\.sprot\.tmp\.23136\.faa | parallel --gnu --plain -j 2 --block 74651 --recstart '>' --pipe blastp -query - -db /sw/bioinfo/prokka/1.45-5b58020/rackham/db/kingdom/Bacteria/sprot -evalue 1e-09 -qcov_hsp_perc 80 -num_threads 1 -num_descriptions 1 -num_alignments 1 -seg no > \/home\/tola2495\/GenomeAnalysisVT2022\/analyses\/05_annotation\/prokka\/RR4342133_Bacteria\/bin_2\.fa\/RR4342133_Bacteria\.sprot\.tmp\.23136\.blast 2> /dev/null
[14:15:27] Modify product: Probable peptidoglycan glycosyltransferase FtsW => putative peptidoglycan glycosyltransferase FtsW
[14:15:27] Modify product: Bifunctional protein FolD => Bifunctional protein FolD protein
[14:15:27] Modify product: UPF0434 protein PFL_1779 => hypothetical protein
[14:15:27] Modify product: Uncharacterized ABC transporter ATP-binding protein YlmA => putative ABC transporter ATP-binding protein YlmA
[14:15:27] Modify product: Nucleoid-associated protein Cthe_2143 => Nucleoid-associated protein
[14:15:27] Modify product: Probable glycine dehydrogenase (decarboxylating) subunit 1 => putative glycine dehydrogenase (decarboxylating) subunit 1
[14:15:27] Modify product: Putative 2-hydroxyacid dehydrogenase SA2098 => Putative 2-hydroxyacid dehydrogenase
[14:15:27] Modify product: Phosphate-specific transport system accessory protein PhoU homolog => Phosphate-specific transport system accessory protein PhoU 
[14:15:27] Modify product: UPF0045 protein Rv1898 => hypothetical protein
[14:15:27] Modify product: Putative anti-sigma factor antagonist TM_1442 => Putative anti-sigma factor antagonist
[14:15:27] Modify product: Uncharacterized protein YqeN => putative protein YqeN
[14:15:27] Modify product: Probable polyketide biosynthesis zinc-dependent hydrolase BaeB => putative polyketide biosynthesis zinc-dependent hydrolase BaeB
[14:15:27] Modify product: Uncharacterized ABC transporter ATP-binding protein YknY => putative ABC transporter ATP-binding protein YknY
[14:15:27] Modify product: Uncharacterized protein Rv0628c => putative protein
[14:15:27] Modify product: Uncharacterized protein Rv1339 => putative protein
[14:15:27] Modify product: Probable iron-sulfur-binding oxidoreductase FadF => putative iron-sulfur-binding oxidoreductase FadF
[14:15:27] Modify product: Probable GTP-binding protein EngB => putative GTP-binding protein EngB
[14:15:27] Modify product: Probable tRNA sulfurtransferase => putative tRNA sulfurtransferase
[14:15:27] Modify product: 23S rRNA 5-hydroxycytidine C2501 synthase => 23S rRNA 5-hydroxycytidine synthase
[14:15:27] Modify product: Probable iron export permease protein FetB => putative iron export permease protein FetB
[14:15:27] Modify product: Probable ATP-dependent transporter SufC => putative ATP-dependent transporter SufC
[14:15:27] Modify product: Uncharacterized protein YqgN => putative protein YqgN
[14:15:27] Modify product: Uncharacterized oxidoreductase YohF => putative oxidoreductase YohF
[14:15:27] Modify product: Segregation and condensation protein B homolog => Segregation and condensation protein B 
[14:15:27] Modify product: UPF0301 protein VC_0467 => hypothetical protein
[14:15:28] Modify product: Uncharacterized ABC transporter ATP-binding protein YknY => putative ABC transporter ATP-binding protein YknY
[14:15:28] Modify product: Probable nicotinate-nucleotide pyrophosphorylase [carboxylating] => putative nicotinate-nucleotide pyrophosphorylase [carboxylating]
[14:15:28] Modify product: Phosphate-specific transport system accessory protein PhoU homolog => Phosphate-specific transport system accessory protein PhoU 
[14:15:28] Modify product: Uncharacterized ABC transporter ATP-binding protein Rv1281c => putative ABC transporter ATP-binding protein
[14:15:28] Modify product: Uncharacterized tRNA/rRNA methyltransferase YfiF => putative tRNA/rRNA methyltransferase YfiF
[14:15:28] Modify product: Sulfurtransferase Alvin_2599 => Sulfurtransferase
[14:15:28] Modify product: Uncharacterized protein TM_1570 => putative protein
[14:15:28] Modify product: Probable diguanylate cyclase DgcT => putative diguanylate cyclase DgcT
[14:15:28] Modify product: UPF0053 protein HI_0107 => hypothetical protein
[14:15:28] Modify product: UPF0701 protein HI_0467 => hypothetical protein
[14:15:28] Modify product: Probable phosphite transport system-binding protein PtxB => putative phosphite transport system-binding protein PtxB
[14:15:28] Modify product: Putative transport protein Rv0205 => Putative transport protein
[14:15:28] Modify product: Uncharacterized protein Rv1507c => putative protein
[14:15:28] Modify product: Uncharacterized protein Rv2004c => putative protein
[14:15:28] Modify product: Cyclic di-GMP phosphodiesterase PA4108 => Cyclic di-GMP phosphodiesterase
[14:15:28] Modify product: Chemotaxis protein CheY homolog => Chemotaxis protein CheY 
[14:15:28] Modify product: Putative multidrug export ATP-binding/permease protein SAV1866 => Putative multidrug export ATP-binding/permease protein
[14:15:28] Modify product: Uncharacterized protein Rv1829 => putative protein
[14:15:28] Modify product: Uncharacterized ABC transporter ATP-binding protein TM_0288 => putative ABC transporter ATP-binding protein
[14:15:28] Modify product: Probable nicotinate-nucleotide adenylyltransferase => putative nicotinate-nucleotide adenylyltransferase
[14:15:28] Modify product: GTP cyclohydrolase 1 type 2 homolog => GTP cyclohydrolase 1 type 2 
[14:15:28] Modify product: Uncharacterized ABC transporter ATP-binding protein YheS => putative ABC transporter ATP-binding protein YheS
[14:15:28] Modify product: Probable adenylyltransferase/sulfurtransferase MoeZ => putative adenylyltransferase/sulfurtransferase MoeZ
[14:15:28] Cleaned 48 /product names
[14:15:28] Deleting unwanted file: /home/tola2495/GenomeAnalysisVT2022/analyses/05_annotation/prokka/RR4342133_Bacteria/bin_2.fa/RR4342133_Bacteria.sprot.tmp.23136.faa
[14:15:28] Deleting unwanted file: /home/tola2495/GenomeAnalysisVT2022/analyses/05_annotation/prokka/RR4342133_Bacteria/bin_2.fa/RR4342133_Bacteria.sprot.tmp.23136.blast
[14:15:28] There are still 597 unannotated CDS left (started with 1116)
[14:15:28] Will use hmmer3 to search against /sw/bioinfo/prokka/1.45-5b58020/rackham/db/hmm/HAMAP.hmm with 2 CPUs
[14:15:28] Running: cat \/home\/tola2495\/GenomeAnalysisVT2022\/analyses\/05_annotation\/prokka\/RR4342133_Bacteria\/bin_2\.fa\/RR4342133_Bacteria\.HAMAP\.hmm\.tmp\.23136\.faa | parallel --gnu --plain -j 2 --block 35605 --recstart '>' --pipe hmmscan --noali --notextw --acc -E 1e-09 --cpu 1 /sw/bioinfo/prokka/1.45-5b58020/rackham/db/hmm/HAMAP.hmm /dev/stdin > \/home\/tola2495\/GenomeAnalysisVT2022\/analyses\/05_annotation\/prokka\/RR4342133_Bacteria\/bin_2\.fa\/RR4342133_Bacteria\.HAMAP\.hmm\.tmp\.23136\.hmmer3 2> /dev/null
[14:15:57] Deleting unwanted file: /home/tola2495/GenomeAnalysisVT2022/analyses/05_annotation/prokka/RR4342133_Bacteria/bin_2.fa/RR4342133_Bacteria.HAMAP.hmm.tmp.23136.faa
[14:15:57] Deleting unwanted file: /home/tola2495/GenomeAnalysisVT2022/analyses/05_annotation/prokka/RR4342133_Bacteria/bin_2.fa/RR4342133_Bacteria.HAMAP.hmm.tmp.23136.hmmer3
[14:15:57] Labelling remaining 505 proteins as 'hypothetical protein'
[14:15:57] Possible /pseudo 'Bifunctional protein GlmU' at k105_51 position 2844
[14:15:57] Possible /pseudo 'putative protein' at k105_3302 position 2942
[14:15:57] Possible /pseudo 'Hercynine oxygenase' at k105_24946 position 1348
[14:15:57] Possible /pseudo '3-deoxy-D-manno-octulosonic acid transferase' at k105_28188 position 3523
[14:15:57] Found 514 unique /gene codes.
[14:15:57] Fixed 2 duplicate /gene - htrA_1 htrA_2
[14:15:57] Fixed 2 duplicate /gene - lpxI_1 lpxI_2
[14:15:57] Fixed 3 duplicate /gene - gcvT_1 gcvT_2 gcvT_3
[14:15:57] Fixed 2 duplicate /gene - gcvH_1 gcvH_2
[14:15:57] Fixed 3 duplicate /gene - glmU_1 glmU_2 glmU_3
[14:15:57] Fixed 2 duplicate /gene - dksA_1 dksA_2
[14:15:57] Fixed 3 duplicate /gene - atpH_1 atpH_2 atpH_3
[14:15:57] Fixed 2 duplicate /gene - pstB3_1 pstB3_2
[14:15:57] Fixed 2 duplicate /gene - serC_1 serC_2
[14:15:57] Fixed 2 duplicate /gene - trmB_1 trmB_2
[14:15:57] Fixed 2 duplicate /gene - rluD_1 rluD_2
[14:15:57] Fixed 2 duplicate /gene - atpF_1 atpF_2
[14:15:57] Fixed 3 duplicate /gene - arnC_1 arnC_2 arnC_3
[14:15:57] Fixed 2 duplicate /gene - fabG_1 fabG_2
[14:15:57] Fixed 3 duplicate /gene - speE_1 speE_2 speE_3
[14:15:57] Fixed 3 duplicate /gene - resA_1 resA_2 resA_3
[14:15:57] Fixed 2 duplicate /gene - iscS_1 iscS_2
[14:15:57] Fixed 2 duplicate /gene - epsF_1 epsF_2
[14:15:57] Fixed 2 duplicate /gene - rpsD_1 rpsD_2
[14:15:57] Fixed 3 duplicate /gene - yhdN_1 yhdN_2 yhdN_3
[14:15:57] Fixed 2 duplicate /gene - dapA_1 dapA_2
[14:15:57] Fixed 2 duplicate /gene - pcm_1 pcm_2
[14:15:57] Fixed 2 duplicate /gene - lnrL_1 lnrL_2
[14:15:57] Fixed 2 duplicate /gene - rep_1 rep_2
[14:15:57] Fixed 2 duplicate /gene - ramA_1 ramA_2
[14:15:57] Fixed 2 duplicate /gene - gyrA_1 gyrA_2
[14:15:57] Fixed 2 duplicate /gene - glnD_1 glnD_2
[14:15:57] Fixed 2 duplicate /gene - rpoA_1 rpoA_2
[14:15:57] Fixed 2 duplicate /gene - sdcS_1 sdcS_2
[14:15:57] Fixed 2 duplicate /gene - yknY_1 yknY_2
[14:15:57] Fixed 2 duplicate /gene - wbbL_1 wbbL_2
[14:15:57] Fixed 2 duplicate /gene - nth_1 nth_2
[14:15:57] Fixed 2 duplicate /gene - IMPDH_1 IMPDH_2
[14:15:57] Fixed 2 duplicate /gene - fabZ_1 fabZ_2
[14:15:57] Fixed 2 duplicate /gene - hup_1 hup_2
[14:15:57] Fixed 5 duplicate /gene - bepA_1 bepA_2 bepA_3 bepA_4 bepA_5
[14:15:57] Fixed 2 duplicate /gene - lapB_1 lapB_2
[14:15:57] Fixed 2 duplicate /gene - nadC_1 nadC_2
[14:15:57] Fixed 2 duplicate /gene - sasA_1 sasA_2
[14:15:57] Fixed 2 duplicate /gene - nuoF_1 nuoF_2
[14:15:57] Fixed 2 duplicate /gene - phoU_1 phoU_2
[14:15:57] Fixed 2 duplicate /gene - fabF_1 fabF_2
[14:15:57] Fixed 2 duplicate /gene - bcp_1 bcp_2
[14:15:57] Fixed 2 duplicate /gene - phnC_1 phnC_2
[14:15:57] Fixed 2 duplicate /gene - macB_1 macB_2
[14:15:57] Fixed 2 duplicate /gene - trpD_1 trpD_2
[14:15:57] Fixed 2 duplicate /gene - mraY_1 mraY_2
[14:15:57] Fixed 2 duplicate /gene - msrP_1 msrP_2
[14:15:57] Fixed 2 duplicate /gene - lpxB_1 lpxB_2
[14:15:57] Fixed 2 duplicate /gene - waaA_1 waaA_2
[14:15:57] Fixed 2 duplicate /gene - moaA_1 moaA_2
[14:15:57] Fixed 7 duplicate /gene - egtB_1 egtB_2 egtB_3 egtB_4 egtB_5 egtB_6 egtB_7
[14:15:57] Fixed 52 colliding /gene names.
[14:15:57] Adding /locus_tag identifiers
[14:15:57] Assigned 1123 locus_tags to CDS and RNA features.
[14:15:57] Writing outputs to /home/tola2495/GenomeAnalysisVT2022/analyses/05_annotation/prokka/RR4342133_Bacteria/bin_2.fa/
[14:15:58] Generating annotation statistics file
[14:15:58] Generating Genbank and Sequin files
[14:15:58] Running: tbl2asn -V b -a r10k -l paired-ends -M n -N 1 -y 'Annotated using prokka 1.14.6 from https://github.com/tseemann/prokka' -Z \/home\/tola2495\/GenomeAnalysisVT2022\/analyses\/05_annotation\/prokka\/RR4342133_Bacteria\/bin_2\.fa\/RR4342133_Bacteria\.err -i \/home\/tola2495\/GenomeAnalysisVT2022\/analyses\/05_annotation\/prokka\/RR4342133_Bacteria\/bin_2\.fa\/RR4342133_Bacteria\.fsa 2> /dev/null
[14:16:00] Deleting unwanted file: /home/tola2495/GenomeAnalysisVT2022/analyses/05_annotation/prokka/RR4342133_Bacteria/bin_2.fa/errorsummary.val
[14:16:00] Deleting unwanted file: /home/tola2495/GenomeAnalysisVT2022/analyses/05_annotation/prokka/RR4342133_Bacteria/bin_2.fa/RR4342133_Bacteria.dr
[14:16:00] Deleting unwanted file: /home/tola2495/GenomeAnalysisVT2022/analyses/05_annotation/prokka/RR4342133_Bacteria/bin_2.fa/RR4342133_Bacteria.fixedproducts
[14:16:00] Deleting unwanted file: /home/tola2495/GenomeAnalysisVT2022/analyses/05_annotation/prokka/RR4342133_Bacteria/bin_2.fa/RR4342133_Bacteria.ecn
[14:16:00] Deleting unwanted file: /home/tola2495/GenomeAnalysisVT2022/analyses/05_annotation/prokka/RR4342133_Bacteria/bin_2.fa/RR4342133_Bacteria.val
[14:16:00] Repairing broken .GBK output that tbl2asn produces...
[14:16:00] Running: sed 's/COORDINATES: profile/COORDINATES:profile/' < \/home\/tola2495\/GenomeAnalysisVT2022\/analyses\/05_annotation\/prokka\/RR4342133_Bacteria\/bin_2\.fa\/RR4342133_Bacteria\.gbf > \/home\/tola2495\/GenomeAnalysisVT2022\/analyses\/05_annotation\/prokka\/RR4342133_Bacteria\/bin_2\.fa\/RR4342133_Bacteria\.gbk
[14:16:00] Deleting unwanted file: /home/tola2495/GenomeAnalysisVT2022/analyses/05_annotation/prokka/RR4342133_Bacteria/bin_2.fa/RR4342133_Bacteria.gbf
[14:16:00] Output files:
[14:16:00] /home/tola2495/GenomeAnalysisVT2022/analyses/05_annotation/prokka/RR4342133_Bacteria/bin_2.fa/RR4342133_Bacteria.log
[14:16:00] /home/tola2495/GenomeAnalysisVT2022/analyses/05_annotation/prokka/RR4342133_Bacteria/bin_2.fa/RR4342133_Bacteria.fna
[14:16:00] /home/tola2495/GenomeAnalysisVT2022/analyses/05_annotation/prokka/RR4342133_Bacteria/bin_2.fa/RR4342133_Bacteria.gff
[14:16:00] /home/tola2495/GenomeAnalysisVT2022/analyses/05_annotation/prokka/RR4342133_Bacteria/bin_2.fa/RR4342133_Bacteria.faa
[14:16:00] /home/tola2495/GenomeAnalysisVT2022/analyses/05_annotation/prokka/RR4342133_Bacteria/bin_2.fa/RR4342133_Bacteria.ffn
[14:16:00] /home/tola2495/GenomeAnalysisVT2022/analyses/05_annotation/prokka/RR4342133_Bacteria/bin_2.fa/RR4342133_Bacteria.tbl
[14:16:00] /home/tola2495/GenomeAnalysisVT2022/analyses/05_annotation/prokka/RR4342133_Bacteria/bin_2.fa/RR4342133_Bacteria.fsa
[14:16:00] /home/tola2495/GenomeAnalysisVT2022/analyses/05_annotation/prokka/RR4342133_Bacteria/bin_2.fa/RR4342133_Bacteria.tsv
[14:16:00] /home/tola2495/GenomeAnalysisVT2022/analyses/05_annotation/prokka/RR4342133_Bacteria/bin_2.fa/RR4342133_Bacteria.txt
[14:16:00] /home/tola2495/GenomeAnalysisVT2022/analyses/05_annotation/prokka/RR4342133_Bacteria/bin_2.fa/RR4342133_Bacteria.gbk
[14:16:00] /home/tola2495/GenomeAnalysisVT2022/analyses/05_annotation/prokka/RR4342133_Bacteria/bin_2.fa/RR4342133_Bacteria.sqn
[14:16:00] /home/tola2495/GenomeAnalysisVT2022/analyses/05_annotation/prokka/RR4342133_Bacteria/bin_2.fa/RR4342133_Bacteria.err
[14:16:00] Annotation finished successfully.
[14:16:00] Walltime used: 1.95 minutes
[14:16:00] If you use this result please cite the Prokka paper:
[14:16:00] Seemann T (2014) Prokka: rapid prokaryotic genome annotation. Bioinformatics. 30(14):2068-9.
[14:16:00] Type 'prokka --citation' for more details.
[14:16:00] Share and enjoy!
