[00:37:36] This is prokka 1.14.6
[00:37:36] Written by Torsten Seemann <torsten.seemann@gmail.com>
[00:37:36] Homepage is https://github.com/tseemann/prokka
[00:37:36] Local time is Thu May 12 00:37:36 2022
[00:37:36] You are tola2495
[00:37:36] Operating system is linux
[00:37:36] You have BioPerl 1.007001
[00:37:36] System has 16 cores.
[00:37:36] Will use maximum of 2 cores.
[00:37:36] Annotating as >>> Bacteria <<<
[00:37:36] Generating locus_tag from 'bin_23.fa' contents.
[00:37:36] Setting --locustag GCGGBFIB from MD5 0c00bf2beb4b707ce784f87360e479b9
[00:37:36] Creating new output folder: /home/tola2495/GenomeAnalysisVT2022/analyses/05_annotation/prokka/RR4342129_Bacteria/bin_23.fa
[00:37:36] Running: mkdir -p \/home\/tola2495\/GenomeAnalysisVT2022\/analyses\/05_annotation\/prokka\/RR4342129_Bacteria\/bin_23\.fa
[00:37:36] Using filename prefix: RR4342129_Bacteria.XXX
[00:37:36] Setting HMMER_NCPU=1
[00:37:36] Writing log to: /home/tola2495/GenomeAnalysisVT2022/analyses/05_annotation/prokka/RR4342129_Bacteria/bin_23.fa/RR4342129_Bacteria.log
[00:37:36] Command: /sw/bioinfo/prokka/1.45-5b58020/snowy/bin/prokka --metagenome --cpus 2 --prefix RR4342129_Bacteria --outdir /home/tola2495/GenomeAnalysisVT2022/analyses/05_annotation/prokka/RR4342129_Bacteria/bin_23.fa bin_23.fa
[00:37:36] Appending to PATH: /sw/bioinfo/prokka/1.45-5b58020/rackham/bin/../binaries/linux
[00:37:36] Appending to PATH: /sw/bioinfo/prokka/1.45-5b58020/rackham/bin/../binaries/linux/../common
[00:37:36] Appending to PATH: /sw/bioinfo/prokka/1.45-5b58020/rackham/bin
[00:37:36] Looking for 'aragorn' - found /sw/bioinfo/prokka/1.45-5b58020/rackham/bin/../binaries/linux/aragorn
[00:37:36] Determined aragorn version is 001002 from 'ARAGORN v1.2.38 Dean Laslett'
[00:37:36] Looking for 'barrnap' - found /sw/bioinfo/barrnap/0.8/snowy/bin/barrnap
[00:37:36] Determined barrnap version is 000008 from 'barrnap 0.8'
[00:37:36] Looking for 'blastp' - found /sw/bioinfo/blast/2.11.0+/snowy/bin/blastp
[00:37:37] Determined blastp version is 002011 from 'blastp: 2.11.0+'
[00:37:37] Looking for 'cmpress' - found /sw/bioinfo/prokka/1.45-5b58020/rackham/bin/../binaries/linux/cmpress
[00:37:37] Determined cmpress version is 001001 from '# INFERNAL 1.1.2 (July 2016)'
[00:37:37] Looking for 'cmscan' - found /sw/bioinfo/prokka/1.45-5b58020/rackham/bin/../binaries/linux/cmscan
[00:37:37] Determined cmscan version is 001001 from '# INFERNAL 1.1.2 (July 2016)'
[00:37:37] Looking for 'egrep' - found /usr/bin/egrep
[00:37:37] Looking for 'find' - found /usr/bin/find
[00:37:37] Looking for 'grep' - found /usr/bin/grep
[00:37:37] Looking for 'hmmpress' - found /sw/apps/bioinfo/hmmer/3.1b2/snowy/bin/hmmpress
[00:37:37] Determined hmmpress version is 003001 from '# HMMER 3.1b2 (February 2015); http://hmmer.org/'
[00:37:37] Looking for 'hmmscan' - found /sw/apps/bioinfo/hmmer/3.1b2/snowy/bin/hmmscan
[00:37:37] Determined hmmscan version is 003001 from '# HMMER 3.1b2 (February 2015); http://hmmer.org/'
[00:37:37] Looking for 'java' - found /usr/bin/java
[00:37:37] Looking for 'makeblastdb' - found /sw/bioinfo/blast/2.11.0+/snowy/bin/makeblastdb
[00:37:37] Determined makeblastdb version is 002011 from 'makeblastdb: 2.11.0+'
[00:37:37] Looking for 'minced' - found /sw/apps/bioinfo/minced/0.2.0/snowy/minced
[00:37:38] Determined minced version is 002000 from 'minced 0.2.0'
[00:37:38] Looking for 'parallel' - found /sw/parallel/gnuparallel/20170122/snowy/bin/parallel
[00:37:38] Determined parallel version is 20170122 from 'GNU parallel 20170122'
[00:37:38] Looking for 'prodigal' - found /sw/apps/bioinfo/prodigal/2.6.3/snowy/bin/prodigal
[00:37:38] Determined prodigal version is 002006 from 'Prodigal V2.6.3: February, 2016'
[00:37:38] Looking for 'prokka-genbank_to_fasta_db' - found /sw/bioinfo/prokka/1.45-5b58020/snowy/bin/prokka-genbank_to_fasta_db
[00:37:38] Looking for 'sed' - found /usr/bin/sed
[00:37:38] Looking for 'signalp' - found /sw/bioinfo/SignalP/4.1f/snowy/signalp
[00:37:38] Determined signalp version is 004001 from '4.1 6204265'
[00:37:38] Looking for 'tbl2asn' - found /sw/bioinfo/tbl2asn/25.8/snowy/tbl2asn
[00:37:38] Determined tbl2asn version is 025008 from 'tbl2asn 25.8   arguments:'
[00:37:38] Using genetic code table 11.
[00:37:38] Loading and checking input file: bin_23.fa
[00:37:38] Wrote 545 contigs totalling 1253992 bp.
[00:37:38] Predicting tRNAs and tmRNAs
[00:37:38] Running: aragorn -l -gc11  -w \/home\/tola2495\/GenomeAnalysisVT2022\/analyses\/05_annotation\/prokka\/RR4342129_Bacteria\/bin_23\.fa\/RR4342129_Bacteria\.fna
[00:37:38] 1 tRNA-Thr [23,95] 33 (ggt)
[00:37:38] 1 tRNA-Lys [2833,2909] 35 (ttt)
[00:37:38] 1 tRNA-Arg [4576,4650] 34 (cct)
[00:37:38] 1 tRNA-Ser c[139,230] 35 (gct)
[00:37:38] 1 tRNA-Val [2029,2103] 35 (gac)
[00:37:38] 1 tRNA-Ser c[1248,1339] 35 (gct)
[00:37:38] 1 tRNA-Pro [778,852] 35 (ggg)
[00:37:38] 1 tRNA-Met c[1023,1099] 35 (cat)
[00:37:38] 2 tRNA-Asn c[1102,1178] 35 (gtt)
[00:37:38] 1 tRNA-Gln [373,447] 33 (ttg)
[00:37:38] 1 tRNA-Lys c[1410,1485] 34 (ttt)
[00:37:38] 1 tRNA-Val [-1,75] 34 (tac)
[00:37:38] 2 tRNA-Asp [79,155] 35 (gtc)
[00:37:38] 1 tRNA-Thr [2085,2160] 34 (tgt)
[00:37:38] 2 tRNA-Tyr [3115,3200] 35 (gta)
[00:37:38] 3 tRNA-Gly [3259,3332] 33 (tcc)
[00:37:38] 1 tRNA-His [773,849] 36 (gtg)
[00:37:38] 1 tRNA-Phe c[1934,2009] 34 (gaa)
[00:37:38] 1 tRNA-Val c[2025,2099] 35 (gac)
[00:37:38] 1 tRNA-Ser [1679,1768] 37 (gga)
[00:37:38] Found 20 tRNAs
[00:37:38] Predicting Ribosomal RNAs
[00:37:38] Running Barrnap with 2 threads
[00:37:39] Found 0 rRNAs
[00:37:39] Skipping ncRNA search, enable with --rfam if desired.
[00:37:39] Total of 20 tRNA + rRNA features
[00:37:39] Searching for CRISPR repeats
[00:37:40] Found 0 CRISPRs
[00:37:40] Predicting coding sequences
[00:37:40] Contigs total 1253992 bp, so using meta mode
[00:37:40] Running: prodigal -i \/home\/tola2495\/GenomeAnalysisVT2022\/analyses\/05_annotation\/prokka\/RR4342129_Bacteria\/bin_23\.fa\/RR4342129_Bacteria\.fna -c -m -g 11 -p meta -f sco -q
[00:37:41] Excluding CDS which overlaps existing RNA (tRNA) at k105_122567:106..1044 on + strand
[00:37:42] Found 1254 CDS
[00:37:42] Connecting features back to sequences
[00:37:42] Not using genus-specific database. Try --usegenus to enable it.
[00:37:42] Annotating CDS, please be patient.
[00:37:42] Will use 2 CPUs for similarity searching.
[00:37:42] There are still 1254 unannotated CDS left (started with 1254)
[00:37:42] Will use blast to search against /sw/bioinfo/prokka/1.45-5b58020/rackham/db/kingdom/Bacteria/IS with 2 CPUs
[00:37:42] Running: cat \/home\/tola2495\/GenomeAnalysisVT2022\/analyses\/05_annotation\/prokka\/RR4342129_Bacteria\/bin_23\.fa\/RR4342129_Bacteria\.IS\.tmp\.1655\.faa | parallel --gnu --plain -j 2 --block 74068 --recstart '>' --pipe blastp -query - -db /sw/bioinfo/prokka/1.45-5b58020/rackham/db/kingdom/Bacteria/IS -evalue 1e-30 -qcov_hsp_perc 90 -num_threads 1 -num_descriptions 1 -num_alignments 1 -seg no > \/home\/tola2495\/GenomeAnalysisVT2022\/analyses\/05_annotation\/prokka\/RR4342129_Bacteria\/bin_23\.fa\/RR4342129_Bacteria\.IS\.tmp\.1655\.blast 2> /dev/null
[00:37:55] Deleting unwanted file: /home/tola2495/GenomeAnalysisVT2022/analyses/05_annotation/prokka/RR4342129_Bacteria/bin_23.fa/RR4342129_Bacteria.IS.tmp.1655.faa
[00:37:55] Deleting unwanted file: /home/tola2495/GenomeAnalysisVT2022/analyses/05_annotation/prokka/RR4342129_Bacteria/bin_23.fa/RR4342129_Bacteria.IS.tmp.1655.blast
[00:37:56] There are still 1253 unannotated CDS left (started with 1254)
[00:37:56] Will use blast to search against /sw/bioinfo/prokka/1.45-5b58020/rackham/db/kingdom/Bacteria/AMR with 2 CPUs
[00:37:56] Running: cat \/home\/tola2495\/GenomeAnalysisVT2022\/analyses\/05_annotation\/prokka\/RR4342129_Bacteria\/bin_23\.fa\/RR4342129_Bacteria\.AMR\.tmp\.1655\.faa | parallel --gnu --plain -j 2 --block 74025 --recstart '>' --pipe blastp -query - -db /sw/bioinfo/prokka/1.45-5b58020/rackham/db/kingdom/Bacteria/AMR -evalue 9.99999999999999e-301 -qcov_hsp_perc 90 -num_threads 1 -num_descriptions 1 -num_alignments 1 -seg no > \/home\/tola2495\/GenomeAnalysisVT2022\/analyses\/05_annotation\/prokka\/RR4342129_Bacteria\/bin_23\.fa\/RR4342129_Bacteria\.AMR\.tmp\.1655\.blast 2> /dev/null
[00:38:07] Deleting unwanted file: /home/tola2495/GenomeAnalysisVT2022/analyses/05_annotation/prokka/RR4342129_Bacteria/bin_23.fa/RR4342129_Bacteria.AMR.tmp.1655.faa
[00:38:07] Deleting unwanted file: /home/tola2495/GenomeAnalysisVT2022/analyses/05_annotation/prokka/RR4342129_Bacteria/bin_23.fa/RR4342129_Bacteria.AMR.tmp.1655.blast
[00:38:07] There are still 1253 unannotated CDS left (started with 1254)
[00:38:07] Will use blast to search against /sw/bioinfo/prokka/1.45-5b58020/rackham/db/kingdom/Bacteria/sprot with 2 CPUs
[00:38:07] Running: cat \/home\/tola2495\/GenomeAnalysisVT2022\/analyses\/05_annotation\/prokka\/RR4342129_Bacteria\/bin_23\.fa\/RR4342129_Bacteria\.sprot\.tmp\.1655\.faa | parallel --gnu --plain -j 2 --block 74025 --recstart '>' --pipe blastp -query - -db /sw/bioinfo/prokka/1.45-5b58020/rackham/db/kingdom/Bacteria/sprot -evalue 1e-09 -qcov_hsp_perc 80 -num_threads 1 -num_descriptions 1 -num_alignments 1 -seg no > \/home\/tola2495\/GenomeAnalysisVT2022\/analyses\/05_annotation\/prokka\/RR4342129_Bacteria\/bin_23\.fa\/RR4342129_Bacteria\.sprot\.tmp\.1655\.blast 2> /dev/null
[00:38:57] Modify product: Uncharacterized protein Rv0036c => putative protein
[00:38:57] Modify product: UPF0701 protein HI_0467 => hypothetical protein
[00:38:57] Modify product: Monocarboxylate 2-oxoacid-binding periplasmic protein all3028 => Monocarboxylate 2-oxoacid-binding periplasmic protein
[00:38:58] Modify product: Probable GTP-binding protein EngB => putative GTP-binding protein EngB
[00:38:58] Modify product: Uncharacterized protein Rv1367c => putative protein
[00:38:58] Modify product: Probable enoyl-CoA hydratase 1 => putative enoyl-CoA hydratase 1
[00:38:58] Modify product: Probable enoyl-CoA hydratase echA8 => putative enoyl-CoA hydratase echA8
[00:38:58] Modify product: Putative HTH-type transcriptional regulator Rv1287 => Putative HTH-type transcriptional regulator
[00:38:58] Modify product: Protease HtpX homolog => Protease HtpX 
[00:38:58] Modify product: UPF0434 protein PFL_1779 => hypothetical protein
[00:38:58] Modify product: Probable D,D-dipeptide transport system permease protein DdpC => putative D,D-dipeptide transport system permease protein DdpC
[00:38:58] Modify product: Putative O-methyltransferase Rv1220c => Putative O-methyltransferase
[00:38:58] Modify product: Epimerase family protein Rv2216 => Epimerase family protein
[00:38:58] Modify product: Monocarboxylate 2-oxoacid-binding periplasmic protein all3028 => Monocarboxylate 2-oxoacid-binding periplasmic protein
[00:38:58] Modify product: Probable GTP-binding protein EngB => putative GTP-binding protein EngB
[00:38:58] Modify product: Probable multidrug resistance ABC transporter ATP-binding/permease protein YheH => putative multidrug resistance ABC transporter ATP-binding/permease protein YheH
[00:38:58] Modify product: Riboflavin biosynthesis protein VVA0006 => Riboflavin biosynthesis protein
[00:38:58] Modify product: Uncharacterized metal-dependent hydrolase YcfH => putative metal-dependent hydrolase YcfH
[00:38:58] Modify product: Putative transport protein Rv1101c => Putative transport protein
[00:38:58] Modify product: Probable glycine dehydrogenase (decarboxylating) subunit 1 => putative glycine dehydrogenase (decarboxylating) subunit 1
[00:38:58] Modify product: Phosphate-specific transport system accessory protein PhoU homolog => Phosphate-specific transport system accessory protein PhoU 
[00:38:58] Modify product: Uncharacterized protein Rv1488 => putative protein
[00:38:58] Modify product: Putative short-chain type dehydrogenase/reductase Rv0148 => Putative short-chain type dehydrogenase/reductase
[00:38:58] Modify product: Probable peptidoglycan glycosyltransferase FtsW => putative peptidoglycan glycosyltransferase FtsW
[00:38:58] Modify product: Purine-binding protein BAB2_0673 => Purine-binding protein
[00:38:58] Modify product: Protein aq_1857 => Protein
[00:38:58] Modify product: UPF0394 membrane protein XF_0765 => hypothetical protein
[00:38:58] Modify product: Bifunctional protein FolD => Bifunctional protein FolD protein
[00:38:58] Modify product: Probable ATP-dependent transporter SufC => putative ATP-dependent transporter SufC
[00:38:58] Modify product: Probable enoyl-CoA hydratase echA6 => putative enoyl-CoA hydratase echA6
[00:38:58] Modify product: Segregation and condensation protein B homolog => Segregation and condensation protein B 
[00:38:58] Modify product: UPF0176 protein lpg2838 => hypothetical protein
[00:38:58] Modify product: Probable peptidoglycan D,D-transpeptidase PbpC => putative peptidoglycan D,D-transpeptidase PbpC
[00:38:58] Modify product: UPF0051 protein SA0778 => hypothetical protein
[00:38:58] Modify product: Uncharacterized oxidoreductase Rv1350 => putative oxidoreductase
[00:38:58] Modify product: Probable ATP-dependent transporter SufC => putative ATP-dependent transporter SufC
[00:38:58] Modify product: Purine-binding protein BAB2_0673 => Purine-binding protein
[00:38:58] Modify product: Putative peptide transport permease protein Rv1282c => Putative peptide transport permease protein
[00:38:58] Modify product: Uncharacterized protein YqeY => putative protein YqeY
[00:38:59] Modify product: Probable Fe(2+)-trafficking protein => putative Fe(2+)-trafficking protein
[00:38:59] Modify product: Glucuronide carrier protein homolog => Glucuronide carrier protein 
[00:38:59] Modify product: Probable glycine dehydrogenase (decarboxylating) subunit 1 => putative glycine dehydrogenase (decarboxylating) subunit 1
[00:38:59] Modify product: Solute-binding protein Veis_3954 => Solute-binding protein
[00:38:59] Modify product: Uncharacterized protein Rv2232 => putative protein
[00:38:59] Modify product: Uncharacterized oxidoreductase YciK => putative oxidoreductase YciK
[00:38:59] Cleaned 45 /product names
[00:38:59] Deleting unwanted file: /home/tola2495/GenomeAnalysisVT2022/analyses/05_annotation/prokka/RR4342129_Bacteria/bin_23.fa/RR4342129_Bacteria.sprot.tmp.1655.faa
[00:38:59] Deleting unwanted file: /home/tola2495/GenomeAnalysisVT2022/analyses/05_annotation/prokka/RR4342129_Bacteria/bin_23.fa/RR4342129_Bacteria.sprot.tmp.1655.blast
[00:38:59] There are still 654 unannotated CDS left (started with 1254)
[00:38:59] Will use hmmer3 to search against /sw/bioinfo/prokka/1.45-5b58020/rackham/db/hmm/HAMAP.hmm with 2 CPUs
[00:38:59] Running: cat \/home\/tola2495\/GenomeAnalysisVT2022\/analyses\/05_annotation\/prokka\/RR4342129_Bacteria\/bin_23\.fa\/RR4342129_Bacteria\.HAMAP\.hmm\.tmp\.1655\.faa | parallel --gnu --plain -j 2 --block 32043 --recstart '>' --pipe hmmscan --noali --notextw --acc -E 1e-09 --cpu 1 /sw/bioinfo/prokka/1.45-5b58020/rackham/db/hmm/HAMAP.hmm /dev/stdin > \/home\/tola2495\/GenomeAnalysisVT2022\/analyses\/05_annotation\/prokka\/RR4342129_Bacteria\/bin_23\.fa\/RR4342129_Bacteria\.HAMAP\.hmm\.tmp\.1655\.hmmer3 2> /dev/null
[00:39:30] Deleting unwanted file: /home/tola2495/GenomeAnalysisVT2022/analyses/05_annotation/prokka/RR4342129_Bacteria/bin_23.fa/RR4342129_Bacteria.HAMAP.hmm.tmp.1655.faa
[00:39:30] Deleting unwanted file: /home/tola2495/GenomeAnalysisVT2022/analyses/05_annotation/prokka/RR4342129_Bacteria/bin_23.fa/RR4342129_Bacteria.HAMAP.hmm.tmp.1655.hmmer3
[00:39:30] Labelling remaining 575 proteins as 'hypothetical protein'
[00:39:30] Possible /pseudo 'Thymidylate kinase' at k105_96796 position 1558
[00:39:30] Possible /pseudo 'PTS system glucitol/sorbitol-specific EIIB component' at k105_31908 position 2332
[00:39:30] Possible /pseudo 'ATP synthase subunit b' at k105_161622 position 1440
[00:39:30] Found 500 unique /gene codes.
[00:39:30] Fixed 2 duplicate /gene - mglA_1 mglA_2
[00:39:30] Fixed 2 duplicate /gene - znuC_1 znuC_2
[00:39:30] Fixed 2 duplicate /gene - rpe_1 rpe_2
[00:39:30] Fixed 3 duplicate /gene - rpsG_1 rpsG_2 rpsG_3
[00:39:30] Fixed 2 duplicate /gene - hflC_1 hflC_2
[00:39:30] Fixed 3 duplicate /gene - nqrB_1 nqrB_2 nqrB_3
[00:39:30] Fixed 2 duplicate /gene - prmC_1 prmC_2
[00:39:30] Fixed 3 duplicate /gene - fabG_1 fabG_2 fabG_3
[00:39:30] Fixed 3 duplicate /gene - prfA_1 prfA_2 prfA_3
[00:39:30] Fixed 2 duplicate /gene - araQ_1 araQ_2
[00:39:30] Fixed 2 duplicate /gene - ilvE_1 ilvE_2
[00:39:30] Fixed 2 duplicate /gene - katG_1 katG_2
[00:39:30] Fixed 4 duplicate /gene - atpB_1 atpB_2 atpB_3 atpB_4
[00:39:30] Fixed 2 duplicate /gene - lpxL_1 lpxL_2
[00:39:30] Fixed 2 duplicate /gene - engB_1 engB_2
[00:39:30] Fixed 2 duplicate /gene - pfp_1 pfp_2
[00:39:30] Fixed 4 duplicate /gene - dctM_1 dctM_2 dctM_3 dctM_4
[00:39:30] Fixed 3 duplicate /gene - mdh_1 mdh_2 mdh_3
[00:39:30] Fixed 2 duplicate /gene - amt_1 amt_2
[00:39:30] Fixed 3 duplicate /gene - atpH_1 atpH_2 atpH_3
[00:39:30] Fixed 2 duplicate /gene - clpC1_1 clpC1_2
[00:39:30] Fixed 2 duplicate /gene - potA_1 potA_2
[00:39:30] Fixed 2 duplicate /gene - nuoF_1 nuoF_2
[00:39:30] Fixed 3 duplicate /gene - tolQ_1 tolQ_2 tolQ_3
[00:39:30] Fixed 2 duplicate /gene - rpsQ_1 rpsQ_2
[00:39:30] Fixed 2 duplicate /gene - petB_1 petB_2
[00:39:30] Fixed 2 duplicate /gene - fbcH_1 fbcH_2
[00:39:30] Fixed 2 duplicate /gene - gcvPA_1 gcvPA_2
[00:39:30] Fixed 2 duplicate /gene - rplN_1 rplN_2
[00:39:30] Fixed 2 duplicate /gene - mpdB_1 mpdB_2
[00:39:30] Fixed 3 duplicate /gene - nqrA_1 nqrA_2 nqrA_3
[00:39:30] Fixed 2 duplicate /gene - fur_1 fur_2
[00:39:30] Fixed 2 duplicate /gene - smc_1 smc_2
[00:39:30] Fixed 2 duplicate /gene - iscS_1 iscS_2
[00:39:30] Fixed 2 duplicate /gene - nagK_1 nagK_2
[00:39:30] Fixed 2 duplicate /gene - srlE_1 srlE_2
[00:39:30] Fixed 2 duplicate /gene - coaE_1 coaE_2
[00:39:30] Fixed 2 duplicate /gene - ndhC_1 ndhC_2
[00:39:30] Fixed 2 duplicate /gene - frcA_1 frcA_2
[00:39:30] Fixed 4 duplicate /gene - sucC_1 sucC_2 sucC_3 sucC_4
[00:39:30] Fixed 4 duplicate /gene - lptB_1 lptB_2 lptB_3 lptB_4
[00:39:30] Fixed 2 duplicate /gene - sigA_1 sigA_2
[00:39:30] Fixed 2 duplicate /gene - macB_1 macB_2
[00:39:30] Fixed 2 duplicate /gene - cugP_1 cugP_2
[00:39:30] Fixed 2 duplicate /gene - etfA_1 etfA_2
[00:39:30] Fixed 2 duplicate /gene - tmk_1 tmk_2
[00:39:30] Fixed 2 duplicate /gene - eno_1 eno_2
[00:39:30] Fixed 4 duplicate /gene - atpF_1 atpF_2 atpF_3 atpF_4
[00:39:30] Fixed 2 duplicate /gene - apbC_1 apbC_2
[00:39:30] Fixed 2 duplicate /gene - thiE_1 thiE_2
[00:39:30] Fixed 2 duplicate /gene - sufC_1 sufC_2
[00:39:30] Fixed 2 duplicate /gene - gcvT_1 gcvT_2
[00:39:30] Fixed 2 duplicate /gene - ppiA_1 ppiA_2
[00:39:30] Fixed 2 duplicate /gene - atpI_1 atpI_2
[00:39:30] Fixed 2 duplicate /gene - mcm_1 mcm_2
[00:39:30] Fixed 5 duplicate /gene - murA_1 murA_2 murA_3 murA_4 murA_5
[00:39:30] Fixed 2 duplicate /gene - trmD_1 trmD_2
[00:39:30] Fixed 2 duplicate /gene - fcl_1 fcl_2
[00:39:30] Fixed 2 duplicate /gene - kdsB_1 kdsB_2
[00:39:30] Fixed 2 duplicate /gene - metG_1 metG_2
[00:39:30] Fixed 2 duplicate /gene - resA_1 resA_2
[00:39:30] Fixed 2 duplicate /gene - thrS_1 thrS_2
[00:39:30] Fixed 2 duplicate /gene - iolD_1 iolD_2
[00:39:30] Fixed 2 duplicate /gene - livH_1 livH_2
[00:39:30] Fixed 2 duplicate /gene - mrdA_1 mrdA_2
[00:39:30] Fixed 4 duplicate /gene - soxB_1 soxB_2 soxB_3 soxB_4
[00:39:30] Fixed 2 duplicate /gene - serS_1 serS_2
[00:39:30] Fixed 2 duplicate /gene - tadA_1 tadA_2
[00:39:30] Fixed 2 duplicate /gene - dnaJ_1 dnaJ_2
[00:39:30] Fixed 4 duplicate /gene - leuB_1 leuB_2 leuB_3 leuB_4
[00:39:30] Fixed 2 duplicate /gene - infB_1 infB_2
[00:39:30] Fixed 4 duplicate /gene - ychF_1 ychF_2 ychF_3 ychF_4
[00:39:30] Fixed 2 duplicate /gene - leuD1_1 leuD1_2
[00:39:30] Fixed 2 duplicate /gene - proS_1 proS_2
[00:39:30] Fixed 2 duplicate /gene - bauC_1 bauC_2
[00:39:30] Fixed 2 duplicate /gene - rplX_1 rplX_2
[00:39:30] Fixed 2 duplicate /gene - btuD_1 btuD_2
[00:39:30] Fixed 2 duplicate /gene - groS_1 groS_2
[00:39:30] Fixed 2 duplicate /gene - leuA_1 leuA_2
[00:39:30] Fixed 2 duplicate /gene - mntB_1 mntB_2
[00:39:30] Fixed 2 duplicate /gene - leuC_1 leuC_2
[00:39:30] Fixed 3 duplicate /gene - sucD_1 sucD_2 sucD_3
[00:39:30] Fixed 2 duplicate /gene - ppdK_1 ppdK_2
[00:39:30] Fixed 2 duplicate /gene - eamB_1 eamB_2
[00:39:30] Fixed 2 duplicate /gene - atpE_1 atpE_2
[00:39:30] Fixed 2 duplicate /gene - glpE_1 glpE_2
[00:39:30] Fixed 3 duplicate /gene - ahcY_1 ahcY_2 ahcY_3
[00:39:30] Fixed 2 duplicate /gene - soxD_1 soxD_2
[00:39:30] Fixed 2 duplicate /gene - polA_1 polA_2
[00:39:30] Fixed 2 duplicate /gene - sufB_1 sufB_2
[00:39:30] Fixed 2 duplicate /gene - nuoB_1 nuoB_2
[00:39:30] Fixed 5 duplicate /gene - nfuA_1 nfuA_2 nfuA_3 nfuA_4 nfuA_5
[00:39:30] Fixed 92 colliding /gene names.
[00:39:30] Adding /locus_tag identifiers
[00:39:30] Assigned 1274 locus_tags to CDS and RNA features.
[00:39:30] Writing outputs to /home/tola2495/GenomeAnalysisVT2022/analyses/05_annotation/prokka/RR4342129_Bacteria/bin_23.fa/
[00:39:31] Generating annotation statistics file
[00:39:31] Generating Genbank and Sequin files
[00:39:31] Running: tbl2asn -V b -a r10k -l paired-ends -M n -N 1 -y 'Annotated using prokka 1.14.6 from https://github.com/tseemann/prokka' -Z \/home\/tola2495\/GenomeAnalysisVT2022\/analyses\/05_annotation\/prokka\/RR4342129_Bacteria\/bin_23\.fa\/RR4342129_Bacteria\.err -i \/home\/tola2495\/GenomeAnalysisVT2022\/analyses\/05_annotation\/prokka\/RR4342129_Bacteria\/bin_23\.fa\/RR4342129_Bacteria\.fsa 2> /dev/null
[00:39:34] Deleting unwanted file: /home/tola2495/GenomeAnalysisVT2022/analyses/05_annotation/prokka/RR4342129_Bacteria/bin_23.fa/errorsummary.val
[00:39:34] Deleting unwanted file: /home/tola2495/GenomeAnalysisVT2022/analyses/05_annotation/prokka/RR4342129_Bacteria/bin_23.fa/RR4342129_Bacteria.dr
[00:39:34] Deleting unwanted file: /home/tola2495/GenomeAnalysisVT2022/analyses/05_annotation/prokka/RR4342129_Bacteria/bin_23.fa/RR4342129_Bacteria.fixedproducts
[00:39:34] Deleting unwanted file: /home/tola2495/GenomeAnalysisVT2022/analyses/05_annotation/prokka/RR4342129_Bacteria/bin_23.fa/RR4342129_Bacteria.ecn
[00:39:34] Deleting unwanted file: /home/tola2495/GenomeAnalysisVT2022/analyses/05_annotation/prokka/RR4342129_Bacteria/bin_23.fa/RR4342129_Bacteria.val
[00:39:34] Repairing broken .GBK output that tbl2asn produces...
[00:39:34] Running: sed 's/COORDINATES: profile/COORDINATES:profile/' < \/home\/tola2495\/GenomeAnalysisVT2022\/analyses\/05_annotation\/prokka\/RR4342129_Bacteria\/bin_23\.fa\/RR4342129_Bacteria\.gbf > \/home\/tola2495\/GenomeAnalysisVT2022\/analyses\/05_annotation\/prokka\/RR4342129_Bacteria\/bin_23\.fa\/RR4342129_Bacteria\.gbk
[00:39:34] Deleting unwanted file: /home/tola2495/GenomeAnalysisVT2022/analyses/05_annotation/prokka/RR4342129_Bacteria/bin_23.fa/RR4342129_Bacteria.gbf
[00:39:34] Output files:
[00:39:34] /home/tola2495/GenomeAnalysisVT2022/analyses/05_annotation/prokka/RR4342129_Bacteria/bin_23.fa/RR4342129_Bacteria.log
[00:39:34] /home/tola2495/GenomeAnalysisVT2022/analyses/05_annotation/prokka/RR4342129_Bacteria/bin_23.fa/RR4342129_Bacteria.fna
[00:39:34] /home/tola2495/GenomeAnalysisVT2022/analyses/05_annotation/prokka/RR4342129_Bacteria/bin_23.fa/RR4342129_Bacteria.gff
[00:39:34] /home/tola2495/GenomeAnalysisVT2022/analyses/05_annotation/prokka/RR4342129_Bacteria/bin_23.fa/RR4342129_Bacteria.faa
[00:39:34] /home/tola2495/GenomeAnalysisVT2022/analyses/05_annotation/prokka/RR4342129_Bacteria/bin_23.fa/RR4342129_Bacteria.ffn
[00:39:34] /home/tola2495/GenomeAnalysisVT2022/analyses/05_annotation/prokka/RR4342129_Bacteria/bin_23.fa/RR4342129_Bacteria.tbl
[00:39:34] /home/tola2495/GenomeAnalysisVT2022/analyses/05_annotation/prokka/RR4342129_Bacteria/bin_23.fa/RR4342129_Bacteria.fsa
[00:39:34] /home/tola2495/GenomeAnalysisVT2022/analyses/05_annotation/prokka/RR4342129_Bacteria/bin_23.fa/RR4342129_Bacteria.tsv
[00:39:34] /home/tola2495/GenomeAnalysisVT2022/analyses/05_annotation/prokka/RR4342129_Bacteria/bin_23.fa/RR4342129_Bacteria.txt
[00:39:34] /home/tola2495/GenomeAnalysisVT2022/analyses/05_annotation/prokka/RR4342129_Bacteria/bin_23.fa/RR4342129_Bacteria.gbk
[00:39:34] /home/tola2495/GenomeAnalysisVT2022/analyses/05_annotation/prokka/RR4342129_Bacteria/bin_23.fa/RR4342129_Bacteria.sqn
[00:39:34] /home/tola2495/GenomeAnalysisVT2022/analyses/05_annotation/prokka/RR4342129_Bacteria/bin_23.fa/RR4342129_Bacteria.err
[00:39:34] Annotation finished successfully.
[00:39:34] Walltime used: 1.97 minutes
[00:39:34] If you use this result please cite the Prokka paper:
[00:39:34] Seemann T (2014) Prokka: rapid prokaryotic genome annotation. Bioinformatics. 30(14):2068-9.
[00:39:34] Type 'prokka --citation' for more details.
[00:39:34] Thank you, come again.
