[03:04:05] This is prokka 1.14.6
[03:04:05] Written by Torsten Seemann <torsten.seemann@gmail.com>
[03:04:05] Homepage is https://github.com/tseemann/prokka
[03:04:05] Local time is Thu May 12 03:04:05 2022
[03:04:05] You are tola2495
[03:04:05] Operating system is linux
[03:04:05] You have BioPerl 1.007001
[03:04:05] System has 16 cores.
[03:04:05] Will use maximum of 2 cores.
[03:04:05] Annotating as >>> Bacteria <<<
[03:04:05] Generating locus_tag from 'bin_33.fa' contents.
[03:04:05] Setting --locustag LPPNPDMA from MD5 59979d6a0e8efa79bd8da0d93337125f
[03:04:05] Creating new output folder: /home/tola2495/GenomeAnalysisVT2022/analyses/05_annotation/prokka/RR4342133_Bacteria/bin_33.fa
[03:04:05] Running: mkdir -p \/home\/tola2495\/GenomeAnalysisVT2022\/analyses\/05_annotation\/prokka\/RR4342133_Bacteria\/bin_33\.fa
[03:04:05] Using filename prefix: RR4342133_Bacteria.XXX
[03:04:05] Setting HMMER_NCPU=1
[03:04:05] Writing log to: /home/tola2495/GenomeAnalysisVT2022/analyses/05_annotation/prokka/RR4342133_Bacteria/bin_33.fa/RR4342133_Bacteria.log
[03:04:05] Command: /sw/bioinfo/prokka/1.45-5b58020/snowy/bin/prokka --metagenome --cpus 2 --prefix RR4342133_Bacteria --outdir /home/tola2495/GenomeAnalysisVT2022/analyses/05_annotation/prokka/RR4342133_Bacteria/bin_33.fa bin_33.fa
[03:04:05] Appending to PATH: /sw/bioinfo/prokka/1.45-5b58020/rackham/bin/../binaries/linux
[03:04:05] Appending to PATH: /sw/bioinfo/prokka/1.45-5b58020/rackham/bin/../binaries/linux/../common
[03:04:05] Appending to PATH: /sw/bioinfo/prokka/1.45-5b58020/rackham/bin
[03:04:05] Looking for 'aragorn' - found /sw/bioinfo/prokka/1.45-5b58020/rackham/bin/../binaries/linux/aragorn
[03:04:05] Determined aragorn version is 001002 from 'ARAGORN v1.2.38 Dean Laslett'
[03:04:05] Looking for 'barrnap' - found /sw/bioinfo/barrnap/0.8/snowy/bin/barrnap
[03:04:05] Determined barrnap version is 000008 from 'barrnap 0.8'
[03:04:05] Looking for 'blastp' - found /sw/bioinfo/blast/2.11.0+/snowy/bin/blastp
[03:04:06] Determined blastp version is 002011 from 'blastp: 2.11.0+'
[03:04:06] Looking for 'cmpress' - found /sw/bioinfo/prokka/1.45-5b58020/rackham/bin/../binaries/linux/cmpress
[03:04:06] Determined cmpress version is 001001 from '# INFERNAL 1.1.2 (July 2016)'
[03:04:06] Looking for 'cmscan' - found /sw/bioinfo/prokka/1.45-5b58020/rackham/bin/../binaries/linux/cmscan
[03:04:06] Determined cmscan version is 001001 from '# INFERNAL 1.1.2 (July 2016)'
[03:04:06] Looking for 'egrep' - found /usr/bin/egrep
[03:04:06] Looking for 'find' - found /usr/bin/find
[03:04:06] Looking for 'grep' - found /usr/bin/grep
[03:04:06] Looking for 'hmmpress' - found /sw/apps/bioinfo/hmmer/3.1b2/snowy/bin/hmmpress
[03:04:06] Determined hmmpress version is 003001 from '# HMMER 3.1b2 (February 2015); http://hmmer.org/'
[03:04:06] Looking for 'hmmscan' - found /sw/apps/bioinfo/hmmer/3.1b2/snowy/bin/hmmscan
[03:04:06] Determined hmmscan version is 003001 from '# HMMER 3.1b2 (February 2015); http://hmmer.org/'
[03:04:06] Looking for 'java' - found /usr/bin/java
[03:04:06] Looking for 'makeblastdb' - found /sw/bioinfo/blast/2.11.0+/snowy/bin/makeblastdb
[03:04:07] Determined makeblastdb version is 002011 from 'makeblastdb: 2.11.0+'
[03:04:07] Looking for 'minced' - found /sw/apps/bioinfo/minced/0.2.0/snowy/minced
[03:04:07] Determined minced version is 002000 from 'minced 0.2.0'
[03:04:07] Looking for 'parallel' - found /sw/parallel/gnuparallel/20170122/snowy/bin/parallel
[03:04:07] Determined parallel version is 20170122 from 'GNU parallel 20170122'
[03:04:07] Looking for 'prodigal' - found /sw/apps/bioinfo/prodigal/2.6.3/snowy/bin/prodigal
[03:04:07] Determined prodigal version is 002006 from 'Prodigal V2.6.3: February, 2016'
[03:04:07] Looking for 'prokka-genbank_to_fasta_db' - found /sw/bioinfo/prokka/1.45-5b58020/snowy/bin/prokka-genbank_to_fasta_db
[03:04:07] Looking for 'sed' - found /usr/bin/sed
[03:04:07] Looking for 'signalp' - found /sw/bioinfo/SignalP/4.1f/snowy/signalp
[03:04:07] Determined signalp version is 004001 from '4.1 6204265'
[03:04:07] Looking for 'tbl2asn' - found /sw/bioinfo/tbl2asn/25.8/snowy/tbl2asn
[03:04:07] Determined tbl2asn version is 025008 from 'tbl2asn 25.8   arguments:'
[03:04:07] Using genetic code table 11.
[03:04:07] Loading and checking input file: bin_33.fa
[03:04:07] Wrote 253 contigs totalling 814740 bp.
[03:04:07] Predicting tRNAs and tmRNAs
[03:04:07] Running: aragorn -l -gc11  -w \/home\/tola2495\/GenomeAnalysisVT2022\/analyses\/05_annotation\/prokka\/RR4342133_Bacteria\/bin_33\.fa\/RR4342133_Bacteria\.fna
[03:04:08] 1 tRNA-Leu [3489,3563] 35 (caa)
[03:04:08] 1 tRNA-Gln c[309,381] 33 (ttg)
[03:04:08] 1 tRNA-Tyr c[815,900] 35 (gta)
[03:04:08] 1 tRNA-His c[1842,1917] 34 (gtg)
[03:04:08] 1 tRNA-Pro c[1781,1855] 35 (cgg)
[03:04:08] 1 tRNA-Gln c[25,97] 34 (ctg)
[03:04:08] 1 tRNA-Arg [1171,1244] 34 (ccg)
[03:04:08] 1 tRNA-Ala [1934,2009] 36 (ggc)
[03:04:08] Found 8 tRNAs
[03:04:08] Predicting Ribosomal RNAs
[03:04:08] Running Barrnap with 2 threads
[03:04:09] Found 0 rRNAs
[03:04:09] Skipping ncRNA search, enable with --rfam if desired.
[03:04:09] Total of 8 tRNA + rRNA features
[03:04:09] Searching for CRISPR repeats
[03:04:09] Found 0 CRISPRs
[03:04:09] Predicting coding sequences
[03:04:09] Contigs total 814740 bp, so using meta mode
[03:04:09] Running: prodigal -i \/home\/tola2495\/GenomeAnalysisVT2022\/analyses\/05_annotation\/prokka\/RR4342133_Bacteria\/bin_33\.fa\/RR4342133_Bacteria\.fna -c -m -g 11 -p meta -f sco -q
[03:04:13] Excluding CDS which overlaps existing RNA (tRNA) at k105_53153:170..1246 on - strand
[03:04:13] Excluding CDS which overlaps existing RNA (tRNA) at k105_53299:447..2543 on + strand
[03:04:14] Found 887 CDS
[03:04:14] Connecting features back to sequences
[03:04:14] Not using genus-specific database. Try --usegenus to enable it.
[03:04:14] Annotating CDS, please be patient.
[03:04:14] Will use 2 CPUs for similarity searching.
[03:04:15] There are still 887 unannotated CDS left (started with 887)
[03:04:15] Will use blast to search against /sw/bioinfo/prokka/1.45-5b58020/rackham/db/kingdom/Bacteria/IS with 2 CPUs
[03:04:15] Running: cat \/home\/tola2495\/GenomeAnalysisVT2022\/analyses\/05_annotation\/prokka\/RR4342133_Bacteria\/bin_33\.fa\/RR4342133_Bacteria\.IS\.tmp\.34047\.faa | parallel --gnu --plain -j 2 --block 57463 --recstart '>' --pipe blastp -query - -db /sw/bioinfo/prokka/1.45-5b58020/rackham/db/kingdom/Bacteria/IS -evalue 1e-30 -qcov_hsp_perc 90 -num_threads 1 -num_descriptions 1 -num_alignments 1 -seg no > \/home\/tola2495\/GenomeAnalysisVT2022\/analyses\/05_annotation\/prokka\/RR4342133_Bacteria\/bin_33\.fa\/RR4342133_Bacteria\.IS\.tmp\.34047\.blast 2> /dev/null
[03:04:26] Deleting unwanted file: /home/tola2495/GenomeAnalysisVT2022/analyses/05_annotation/prokka/RR4342133_Bacteria/bin_33.fa/RR4342133_Bacteria.IS.tmp.34047.faa
[03:04:26] Deleting unwanted file: /home/tola2495/GenomeAnalysisVT2022/analyses/05_annotation/prokka/RR4342133_Bacteria/bin_33.fa/RR4342133_Bacteria.IS.tmp.34047.blast
[03:04:27] There are still 887 unannotated CDS left (started with 887)
[03:04:27] Will use blast to search against /sw/bioinfo/prokka/1.45-5b58020/rackham/db/kingdom/Bacteria/AMR with 2 CPUs
[03:04:27] Running: cat \/home\/tola2495\/GenomeAnalysisVT2022\/analyses\/05_annotation\/prokka\/RR4342133_Bacteria\/bin_33\.fa\/RR4342133_Bacteria\.AMR\.tmp\.34047\.faa | parallel --gnu --plain -j 2 --block 57463 --recstart '>' --pipe blastp -query - -db /sw/bioinfo/prokka/1.45-5b58020/rackham/db/kingdom/Bacteria/AMR -evalue 9.99999999999999e-301 -qcov_hsp_perc 90 -num_threads 1 -num_descriptions 1 -num_alignments 1 -seg no > \/home\/tola2495\/GenomeAnalysisVT2022\/analyses\/05_annotation\/prokka\/RR4342133_Bacteria\/bin_33\.fa\/RR4342133_Bacteria\.AMR\.tmp\.34047\.blast 2> /dev/null
[03:04:36] Deleting unwanted file: /home/tola2495/GenomeAnalysisVT2022/analyses/05_annotation/prokka/RR4342133_Bacteria/bin_33.fa/RR4342133_Bacteria.AMR.tmp.34047.faa
[03:04:36] Deleting unwanted file: /home/tola2495/GenomeAnalysisVT2022/analyses/05_annotation/prokka/RR4342133_Bacteria/bin_33.fa/RR4342133_Bacteria.AMR.tmp.34047.blast
[03:04:37] There are still 887 unannotated CDS left (started with 887)
[03:04:37] Will use blast to search against /sw/bioinfo/prokka/1.45-5b58020/rackham/db/kingdom/Bacteria/sprot with 2 CPUs
[03:04:37] Running: cat \/home\/tola2495\/GenomeAnalysisVT2022\/analyses\/05_annotation\/prokka\/RR4342133_Bacteria\/bin_33\.fa\/RR4342133_Bacteria\.sprot\.tmp\.34047\.faa | parallel --gnu --plain -j 2 --block 57463 --recstart '>' --pipe blastp -query - -db /sw/bioinfo/prokka/1.45-5b58020/rackham/db/kingdom/Bacteria/sprot -evalue 1e-09 -qcov_hsp_perc 80 -num_threads 1 -num_descriptions 1 -num_alignments 1 -seg no > \/home\/tola2495\/GenomeAnalysisVT2022\/analyses\/05_annotation\/prokka\/RR4342133_Bacteria\/bin_33\.fa\/RR4342133_Bacteria\.sprot\.tmp\.34047\.blast 2> /dev/null
[03:05:21] Modify product: Probable protein-export membrane protein SecG => putative protein-export membrane protein SecG
[03:05:21] Modify product: Probable peptidoglycan glycosyltransferase FtsW => putative peptidoglycan glycosyltransferase FtsW
[03:05:21] Modify product: Uncharacterized protein YlbL => putative protein YlbL
[03:05:22] Modify product: Uncharacterized oxidoreductase MSMEG_2408/MSMEI_2347 => putative oxidoreductase/MSMEI_2347
[03:05:22] Modify product: Uncharacterized FAD-linked oxidoreductase Rv2280 => putative FAD-linked oxidoreductase
[03:05:22] Modify product: Probable helicase HelY => putative helicase HelY
[03:05:22] Modify product: Multidrug efflux system ATP-binding protein Rv1218c => Multidrug efflux system ATP-binding protein
[03:05:22] Modify product: Putative O-methyltransferase Rv1220c => Putative O-methyltransferase
[03:05:22] Modify product: Uncharacterized protein Rv2581c => putative protein
[03:05:22] Modify product: Uncharacterized AAA domain-containing protein Rv2559c => putative AAA domain-containing protein
[03:05:22] Modify product: Probable sensor histidine kinase pdtaS => putative sensor histidine kinase pdtaS
[03:05:22] Modify product: Probable iron-sulfur-binding oxidoreductase FadF => putative iron-sulfur-binding oxidoreductase FadF
[03:05:22] Modify product: Uncharacterized protein Rv0877 => putative protein
[03:05:22] Modify product: Probable ATP-dependent helicase DinG homolog => putative ATP-dependent helicase DinG 
[03:05:22] Modify product: Probable enoyl-CoA hydratase echA8 => putative enoyl-CoA hydratase echA8
[03:05:22] Modify product: Probable S-adenosylmethionine-dependent methyltransferase MSMEG_2350/MSMEI_2290 => putative S-adenosylmethionine-dependent methyltransferase/MSMEI_2290
[03:05:22] Modify product: Probable 1,4-alpha-glucan branching enzyme Rv3031 => putative 1,4-alpha-glucan branching enzyme
[03:05:22] Modify product: Probable transcriptional regulatory protein pdtaR => putative transcriptional regulatory protein pdtaR
[03:05:22] Modify product: UPF0678 fatty acid-binding protein-like protein Rv2717c => hypothetical protein
[03:05:22] Modify product: Uncharacterized protein YccU => putative protein YccU
[03:05:22] Modify product: Probable fatty acid methyltransferase Rv3720 => putative fatty acid methyltransferase
[03:05:22] Modify product: Probable 2,4-dienoyl-CoA reductase => putative 2,4-dienoyl-CoA reductase
[03:05:22] Modify product: Carboxypeptidase Rv3627c => Carboxypeptidase
[03:05:22] Modify product: Uncharacterized oxidoreductase MSMEG_1603/MSMEI_1564 => putative oxidoreductase/MSMEI_1564
[03:05:22] Modify product: Probable N-succinyldiaminopimelate aminotransferase DapC => putative N-succinyldiaminopimelate aminotransferase DapC
[03:05:22] Modify product: Uncharacterized protein Rv0501 => putative protein
[03:05:22] Modify product: Uncharacterized protein Rv0498 => putative protein
[03:05:22] Modify product: Putative diacyglycerol O-acyltransferase Rv1425 => Putative diacyglycerol O-acyltransferase
[03:05:22] Modify product: UPF0234 protein MSMEG_1165/MSMEI_1134 => hypothetical protein
[03:05:22] Modify product: Uncharacterized zinc protease Rv2782c => putative zinc protease
[03:05:22] Modify product: Uncharacterized protein Rv2926c => putative protein
[03:05:22] Modify product: Putative diacyglycerol O-acyltransferase Rv2484c => Putative diacyglycerol O-acyltransferase
[03:05:22] Modify product: Probable transcriptional regulatory protein MSMEG_2940/MSMEI_2866 => putative transcriptional regulatory protein/MSMEI_2866
[03:05:22] Modify product: Protein Mb2227c => Protein
[03:05:22] Modify product: Probable propionyl-CoA carboxylase beta chain 5 => putative propionyl-CoA carboxylase beta chain 5
[03:05:22] Modify product: Bifunctional protein FolD => Bifunctional protein FolD protein
[03:05:22] Modify product: Uncharacterized protein Rv1324 => putative protein
[03:05:22] Modify product: Uncharacterized protein MRA_2757 => putative protein
[03:05:22] Modify product: Putative methyltransferase Rv1407 => Putative methyltransferase
[03:05:22] Modify product: Probable primosomal protein N' => putative primosomal protein N'
[03:05:22] Modify product: Uncharacterized protein YisK => putative protein YisK
[03:05:22] Modify product: Putative esterase PA1618 => Putative esterase
[03:05:22] Modify product: Putative ATPase Rv3679 => Putative ATPase
[03:05:22] Modify product: Uncharacterized protein Rv0495c => putative protein
[03:05:22] Modify product: Uncharacterized HTH-type transcriptional regulator Rv1828 => putative HTH-type transcriptional regulator
[03:05:22] Modify product: Uncharacterized protein Rv1829 => putative protein
[03:05:22] Modify product: Uncharacterized protein SAV1875 => putative protein
[03:05:22] Modify product: Uncharacterized transporter Rv1999c => putative transporter
[03:05:22] Modify product: Uncharacterized RNA pseudouridine synthase Rv1540 => putative RNA pseudouridine synthase
[03:05:22] Modify product: Uncharacterized ABC transporter ATP-binding protein YbiT => putative ABC transporter ATP-binding protein YbiT
[03:05:22] Modify product: Probable cell division protein WhiA => putative cell division protein WhiA
[03:05:22] Modify product: Nucleotide-binding protein Rv1421 => Nucleotide-binding protein
[03:05:22] Modify product: Probable aminotransferase Rv3329 => putative aminotransferase
[03:05:22] Cleaned 53 /product names
[03:05:22] Deleting unwanted file: /home/tola2495/GenomeAnalysisVT2022/analyses/05_annotation/prokka/RR4342133_Bacteria/bin_33.fa/RR4342133_Bacteria.sprot.tmp.34047.faa
[03:05:22] Deleting unwanted file: /home/tola2495/GenomeAnalysisVT2022/analyses/05_annotation/prokka/RR4342133_Bacteria/bin_33.fa/RR4342133_Bacteria.sprot.tmp.34047.blast
[03:05:23] There are still 453 unannotated CDS left (started with 887)
[03:05:23] Will use hmmer3 to search against /sw/bioinfo/prokka/1.45-5b58020/rackham/db/hmm/HAMAP.hmm with 2 CPUs
[03:05:23] Running: cat \/home\/tola2495\/GenomeAnalysisVT2022\/analyses\/05_annotation\/prokka\/RR4342133_Bacteria\/bin_33\.fa\/RR4342133_Bacteria\.HAMAP\.hmm\.tmp\.34047\.faa | parallel --gnu --plain -j 2 --block 23105 --recstart '>' --pipe hmmscan --noali --notextw --acc -E 1e-09 --cpu 1 /sw/bioinfo/prokka/1.45-5b58020/rackham/db/hmm/HAMAP.hmm /dev/stdin > \/home\/tola2495\/GenomeAnalysisVT2022\/analyses\/05_annotation\/prokka\/RR4342133_Bacteria\/bin_33\.fa\/RR4342133_Bacteria\.HAMAP\.hmm\.tmp\.34047\.hmmer3 2> /dev/null
[03:05:44] Deleting unwanted file: /home/tola2495/GenomeAnalysisVT2022/analyses/05_annotation/prokka/RR4342133_Bacteria/bin_33.fa/RR4342133_Bacteria.HAMAP.hmm.tmp.34047.faa
[03:05:44] Deleting unwanted file: /home/tola2495/GenomeAnalysisVT2022/analyses/05_annotation/prokka/RR4342133_Bacteria/bin_33.fa/RR4342133_Bacteria.HAMAP.hmm.tmp.34047.hmmer3
[03:05:44] Labelling remaining 411 proteins as 'hypothetical protein'
[03:05:44] Possible /pseudo 'Trk system potassium uptake protein TrkA' at k105_101155 position 784
[03:05:44] Possible /pseudo 'Putative fluoride ion transporter CrcB' at k105_49468 position 1943
[03:05:44] Found 400 unique /gene codes.
[03:05:44] Fixed 2 duplicate /gene - ftsH_1 ftsH_2
[03:05:44] Fixed 2 duplicate /gene - yajO_1 yajO_2
[03:05:44] Fixed 2 duplicate /gene - cutM_1 cutM_2
[03:05:44] Fixed 2 duplicate /gene - fabG_1 fabG_2
[03:05:44] Fixed 2 duplicate /gene - potA_1 potA_2
[03:05:44] Fixed 2 duplicate /gene - cutS_1 cutS_2
[03:05:44] Fixed 2 duplicate /gene - crcB_1 crcB_2
[03:05:44] Fixed 2 duplicate /gene - priA_1 priA_2
[03:05:44] Fixed 2 duplicate /gene - suhB_1 suhB_2
[03:05:44] Fixed 3 duplicate /gene - iolG_1 iolG_2 iolG_3
[03:05:44] Fixed 2 duplicate /gene - whiB_1 whiB_2
[03:05:44] Fixed 2 duplicate /gene - carB_1 carB_2
[03:05:44] Fixed 2 duplicate /gene - pxpA_1 pxpA_2
[03:05:44] Fixed 3 duplicate /gene - trkA_1 trkA_2 trkA_3
[03:05:44] Fixed 2 duplicate /gene - menH_1 menH_2
[03:05:44] Fixed 2 duplicate /gene - cutL_1 cutL_2
[03:05:44] Fixed 16 colliding /gene names.
[03:05:44] Adding /locus_tag identifiers
[03:05:44] Assigned 895 locus_tags to CDS and RNA features.
[03:05:44] Writing outputs to /home/tola2495/GenomeAnalysisVT2022/analyses/05_annotation/prokka/RR4342133_Bacteria/bin_33.fa/
[03:05:44] Generating annotation statistics file
[03:05:44] Generating Genbank and Sequin files
[03:05:44] Running: tbl2asn -V b -a r10k -l paired-ends -M n -N 1 -y 'Annotated using prokka 1.14.6 from https://github.com/tseemann/prokka' -Z \/home\/tola2495\/GenomeAnalysisVT2022\/analyses\/05_annotation\/prokka\/RR4342133_Bacteria\/bin_33\.fa\/RR4342133_Bacteria\.err -i \/home\/tola2495\/GenomeAnalysisVT2022\/analyses\/05_annotation\/prokka\/RR4342133_Bacteria\/bin_33\.fa\/RR4342133_Bacteria\.fsa 2> /dev/null
[03:05:46] Deleting unwanted file: /home/tola2495/GenomeAnalysisVT2022/analyses/05_annotation/prokka/RR4342133_Bacteria/bin_33.fa/errorsummary.val
[03:05:46] Deleting unwanted file: /home/tola2495/GenomeAnalysisVT2022/analyses/05_annotation/prokka/RR4342133_Bacteria/bin_33.fa/RR4342133_Bacteria.dr
[03:05:46] Deleting unwanted file: /home/tola2495/GenomeAnalysisVT2022/analyses/05_annotation/prokka/RR4342133_Bacteria/bin_33.fa/RR4342133_Bacteria.fixedproducts
[03:05:46] Deleting unwanted file: /home/tola2495/GenomeAnalysisVT2022/analyses/05_annotation/prokka/RR4342133_Bacteria/bin_33.fa/RR4342133_Bacteria.ecn
[03:05:46] Deleting unwanted file: /home/tola2495/GenomeAnalysisVT2022/analyses/05_annotation/prokka/RR4342133_Bacteria/bin_33.fa/RR4342133_Bacteria.val
[03:05:46] Repairing broken .GBK output that tbl2asn produces...
[03:05:46] Running: sed 's/COORDINATES: profile/COORDINATES:profile/' < \/home\/tola2495\/GenomeAnalysisVT2022\/analyses\/05_annotation\/prokka\/RR4342133_Bacteria\/bin_33\.fa\/RR4342133_Bacteria\.gbf > \/home\/tola2495\/GenomeAnalysisVT2022\/analyses\/05_annotation\/prokka\/RR4342133_Bacteria\/bin_33\.fa\/RR4342133_Bacteria\.gbk
[03:05:46] Deleting unwanted file: /home/tola2495/GenomeAnalysisVT2022/analyses/05_annotation/prokka/RR4342133_Bacteria/bin_33.fa/RR4342133_Bacteria.gbf
[03:05:46] Output files:
[03:05:46] /home/tola2495/GenomeAnalysisVT2022/analyses/05_annotation/prokka/RR4342133_Bacteria/bin_33.fa/RR4342133_Bacteria.log
[03:05:46] /home/tola2495/GenomeAnalysisVT2022/analyses/05_annotation/prokka/RR4342133_Bacteria/bin_33.fa/RR4342133_Bacteria.fna
[03:05:46] /home/tola2495/GenomeAnalysisVT2022/analyses/05_annotation/prokka/RR4342133_Bacteria/bin_33.fa/RR4342133_Bacteria.gff
[03:05:46] /home/tola2495/GenomeAnalysisVT2022/analyses/05_annotation/prokka/RR4342133_Bacteria/bin_33.fa/RR4342133_Bacteria.faa
[03:05:46] /home/tola2495/GenomeAnalysisVT2022/analyses/05_annotation/prokka/RR4342133_Bacteria/bin_33.fa/RR4342133_Bacteria.ffn
[03:05:46] /home/tola2495/GenomeAnalysisVT2022/analyses/05_annotation/prokka/RR4342133_Bacteria/bin_33.fa/RR4342133_Bacteria.tbl
[03:05:46] /home/tola2495/GenomeAnalysisVT2022/analyses/05_annotation/prokka/RR4342133_Bacteria/bin_33.fa/RR4342133_Bacteria.fsa
[03:05:46] /home/tola2495/GenomeAnalysisVT2022/analyses/05_annotation/prokka/RR4342133_Bacteria/bin_33.fa/RR4342133_Bacteria.tsv
[03:05:46] /home/tola2495/GenomeAnalysisVT2022/analyses/05_annotation/prokka/RR4342133_Bacteria/bin_33.fa/RR4342133_Bacteria.txt
[03:05:46] /home/tola2495/GenomeAnalysisVT2022/analyses/05_annotation/prokka/RR4342133_Bacteria/bin_33.fa/RR4342133_Bacteria.gbk
[03:05:46] /home/tola2495/GenomeAnalysisVT2022/analyses/05_annotation/prokka/RR4342133_Bacteria/bin_33.fa/RR4342133_Bacteria.sqn
[03:05:46] /home/tola2495/GenomeAnalysisVT2022/analyses/05_annotation/prokka/RR4342133_Bacteria/bin_33.fa/RR4342133_Bacteria.err
[03:05:46] Annotation finished successfully.
[03:05:46] Walltime used: 1.68 minutes
[03:05:46] If you use this result please cite the Prokka paper:
[03:05:46] Seemann T (2014) Prokka: rapid prokaryotic genome annotation. Bioinformatics. 30(14):2068-9.
[03:05:46] Type 'prokka --citation' for more details.
[03:05:46] Share and enjoy!
