[2022-04-27 15:11:06] INFO: CheckM v1.1.3
[2022-04-27 15:11:06] INFO: checkm lineage_wf -t 4 -x fa --reduced_tree /home/tola2495/GenomeAnalysisVT2022/analyses/03_binning/01_metabat/220422_metabat_RR4342133/final.contigs.fa.metabat-bins--unbinned /home/tola2495/GenomeAnalysisVT2022/analyses/03_binning/02_checkm/220426_checkm_RR4342133
[2022-04-27 15:11:06] INFO: [CheckM - tree] Placing bins in reference genome tree.
[2022-04-27 15:11:07] INFO: Identifying marker genes in 34 bins with 4 threads:
[2022-04-27 15:13:11] INFO: Saving HMM info to file.
[2022-04-27 15:13:11] INFO: Calculating genome statistics for 34 bins with 4 threads:
[2022-04-27 15:13:13] INFO: Extracting marker genes to align.
[2022-04-27 15:13:13] INFO: Parsing HMM hits to marker genes:
[2022-04-27 15:13:15] INFO: Extracting 43 HMMs with 4 threads:
[2022-04-27 15:13:15] INFO: Aligning 43 marker genes with 4 threads:
[2022-04-27 15:13:17] INFO: Reading marker alignment files.
[2022-04-27 15:13:17] INFO: Concatenating alignments.
[2022-04-27 15:13:17] INFO: Placing 34 bins into the genome tree with pplacer (be patient).
[2022-04-27 15:18:12] INFO: { Current stage: 0:07:05.581 || Total: 0:07:05.581 }
[2022-04-27 15:18:12] INFO: [CheckM - lineage_set] Inferring lineage-specific marker sets.
[2022-04-27 15:18:12] INFO: Reading HMM info from file.
[2022-04-27 15:18:12] INFO: Parsing HMM hits to marker genes:
[2022-04-27 15:18:14] INFO: Determining marker sets for each genome bin.
[2022-04-27 15:18:20] INFO: Marker set written to: /home/tola2495/GenomeAnalysisVT2022/analyses/03_binning/02_checkm/220426_checkm_RR4342133/lineage.ms
[2022-04-27 15:18:20] INFO: { Current stage: 0:00:07.786 || Total: 0:07:13.368 }
[2022-04-27 15:18:20] INFO: [CheckM - analyze] Identifying marker genes in bins.
[2022-04-27 15:18:20] INFO: Identifying marker genes in 34 bins with 4 threads:
[2022-04-27 15:24:41] INFO: Saving HMM info to file.
[2022-04-27 15:24:42] INFO: { Current stage: 0:06:22.848 || Total: 0:13:36.217 }
[2022-04-27 15:24:42] INFO: Parsing HMM hits to marker genes:
[2022-04-27 15:24:48] INFO: Aligning marker genes with multiple hits in a single bin:
[2022-04-27 15:25:01] INFO: { Current stage: 0:00:18.552 || Total: 0:13:54.770 }
[2022-04-27 15:25:01] INFO: Calculating genome statistics for 34 bins with 4 threads:
[2022-04-27 15:25:02] INFO: { Current stage: 0:00:01.457 || Total: 0:13:56.227 }
[2022-04-27 15:25:02] INFO: [CheckM - qa] Tabulating genome statistics.
[2022-04-27 15:25:02] INFO: Calculating AAI between multi-copy marker genes.
[2022-04-27 15:25:03] INFO: Reading HMM info from file.
[2022-04-27 15:25:03] INFO: Parsing HMM hits to marker genes:
[2022-04-27 15:25:09] INFO: { Current stage: 0:00:07.090 || Total: 0:14:03.317 }
