[04:06:51] This is prokka 1.14.6
[04:06:51] Written by Torsten Seemann <torsten.seemann@gmail.com>
[04:06:51] Homepage is https://github.com/tseemann/prokka
[04:06:51] Local time is Thu May 12 04:06:51 2022
[04:06:51] You are tola2495
[04:06:51] Operating system is linux
[04:06:51] You have BioPerl 1.007001
[04:06:51] System has 16 cores.
[04:06:51] Will use maximum of 2 cores.
[04:06:51] Annotating as >>> Archaea <<<
[04:06:51] Generating locus_tag from 'bin_1.fa' contents.
[04:06:51] Setting --locustag EJDFIKED from MD5 e3df24edea9814409ac378d2f87c3654
[04:06:51] Creating new output folder: /home/tola2495/GenomeAnalysisVT2022/analyses/05_annotation/prokka/RR4342133_Archaea/bin_1.fa
[04:06:51] Running: mkdir -p \/home\/tola2495\/GenomeAnalysisVT2022\/analyses\/05_annotation\/prokka\/RR4342133_Archaea\/bin_1\.fa
[04:06:51] Using filename prefix: RR4342133_Archaea.XXX
[04:06:51] Setting HMMER_NCPU=1
[04:06:51] Writing log to: /home/tola2495/GenomeAnalysisVT2022/analyses/05_annotation/prokka/RR4342133_Archaea/bin_1.fa/RR4342133_Archaea.log
[04:06:51] Command: /sw/bioinfo/prokka/1.45-5b58020/snowy/bin/prokka --metagenome --cpus 2 --kingdom Archaea --prefix RR4342133_Archaea --outdir /home/tola2495/GenomeAnalysisVT2022/analyses/05_annotation/prokka/RR4342133_Archaea/bin_1.fa bin_1.fa
[04:06:51] Appending to PATH: /sw/bioinfo/prokka/1.45-5b58020/rackham/bin/../binaries/linux
[04:06:51] Appending to PATH: /sw/bioinfo/prokka/1.45-5b58020/rackham/bin/../binaries/linux/../common
[04:06:51] Appending to PATH: /sw/bioinfo/prokka/1.45-5b58020/rackham/bin
[04:06:51] Looking for 'aragorn' - found /sw/bioinfo/prokka/1.45-5b58020/rackham/bin/../binaries/linux/aragorn
[04:06:51] Determined aragorn version is 001002 from 'ARAGORN v1.2.38 Dean Laslett'
[04:06:51] Looking for 'barrnap' - found /sw/bioinfo/barrnap/0.8/snowy/bin/barrnap
[04:06:51] Determined barrnap version is 000008 from 'barrnap 0.8'
[04:06:51] Looking for 'blastp' - found /sw/bioinfo/blast/2.11.0+/snowy/bin/blastp
[04:06:52] Determined blastp version is 002011 from 'blastp: 2.11.0+'
[04:06:52] Looking for 'cmpress' - found /sw/bioinfo/prokka/1.45-5b58020/rackham/bin/../binaries/linux/cmpress
[04:06:52] Determined cmpress version is 001001 from '# INFERNAL 1.1.2 (July 2016)'
[04:06:52] Looking for 'cmscan' - found /sw/bioinfo/prokka/1.45-5b58020/rackham/bin/../binaries/linux/cmscan
[04:06:52] Determined cmscan version is 001001 from '# INFERNAL 1.1.2 (July 2016)'
[04:06:52] Looking for 'egrep' - found /usr/bin/egrep
[04:06:52] Looking for 'find' - found /usr/bin/find
[04:06:52] Looking for 'grep' - found /usr/bin/grep
[04:06:52] Looking for 'hmmpress' - found /sw/apps/bioinfo/hmmer/3.1b2/snowy/bin/hmmpress
[04:06:52] Determined hmmpress version is 003001 from '# HMMER 3.1b2 (February 2015); http://hmmer.org/'
[04:06:52] Looking for 'hmmscan' - found /sw/apps/bioinfo/hmmer/3.1b2/snowy/bin/hmmscan
[04:06:52] Determined hmmscan version is 003001 from '# HMMER 3.1b2 (February 2015); http://hmmer.org/'
[04:06:52] Looking for 'java' - found /usr/bin/java
[04:06:52] Looking for 'makeblastdb' - found /sw/bioinfo/blast/2.11.0+/snowy/bin/makeblastdb
[04:06:53] Determined makeblastdb version is 002011 from 'makeblastdb: 2.11.0+'
[04:06:53] Looking for 'minced' - found /sw/apps/bioinfo/minced/0.2.0/snowy/minced
[04:06:53] Determined minced version is 002000 from 'minced 0.2.0'
[04:06:53] Looking for 'parallel' - found /sw/parallel/gnuparallel/20170122/snowy/bin/parallel
[04:06:53] Determined parallel version is 20170122 from 'GNU parallel 20170122'
[04:06:53] Looking for 'prodigal' - found /sw/apps/bioinfo/prodigal/2.6.3/snowy/bin/prodigal
[04:06:53] Determined prodigal version is 002006 from 'Prodigal V2.6.3: February, 2016'
[04:06:53] Looking for 'prokka-genbank_to_fasta_db' - found /sw/bioinfo/prokka/1.45-5b58020/snowy/bin/prokka-genbank_to_fasta_db
[04:06:53] Looking for 'sed' - found /usr/bin/sed
[04:06:53] Looking for 'signalp' - found /sw/bioinfo/SignalP/4.1f/snowy/signalp
[04:06:53] Determined signalp version is 004001 from '4.1 6204265'
[04:06:53] Looking for 'tbl2asn' - found /sw/bioinfo/tbl2asn/25.8/snowy/tbl2asn
[04:06:53] Determined tbl2asn version is 025008 from 'tbl2asn 25.8   arguments:'
[04:06:53] Using genetic code table 11.
[04:06:53] Loading and checking input file: bin_1.fa
[04:06:53] Wrote 638 contigs totalling 2105849 bp.
[04:06:53] Predicting tRNAs and tmRNAs
[04:06:53] Running: aragorn -l -gc11  -w \/home\/tola2495\/GenomeAnalysisVT2022\/analyses\/05_annotation\/prokka\/RR4342133_Archaea\/bin_1\.fa\/RR4342133_Archaea\.fna
[04:06:54] 1 tRNA-Cys c[323,397] 34 (gca)
[04:06:54] 1 tRNA-SeC [2414,2507] 36 (tca)
[04:06:54] 1 tRNA-Val [1462,1537] 35 (gac)
[04:06:54] 1 tRNA-Glu c[299,372] 35 (ctc)
[04:06:54] 2 tRNA-Gln c[452,526] 34 (ctg)
[04:06:54] 1 tRNA-Trp c[3193,3267] 35 (cca)
[04:06:54] 1 tRNA-Lys [630,702] 33 (ttt)
[04:06:54] 1 tRNA-Asn [4183,4258] 34 (gtt)
[04:06:54] 2 tRNA-Met [4301,4375] 35 (cat)
[04:06:54] 1 tRNA-Met [3569,3643] 35 (cat)
[04:06:54] 1 tRNA-Met c[146,220] 35 (cat)
[04:06:54] 2 tRNA-Thr c[274,347] 34 (ggt)
[04:06:54] 3 tRNA-Tyr c[2522,2607] 35 (gta)
[04:06:54] 1 tRNA-Pro c[2729,2804] 36 (cgg)
[04:06:54] 1 tRNA-Val [1364,1438] 35 (tac)
[04:06:54] 1 tRNA-Arg [3666,3740] 34 (ccg)
[04:06:54] 1 tRNA-Gly c[1302,1376] 34 (tcc)
[04:06:54] 1 tRNA-Leu [4490,4574] 35 (cag)
[04:06:54] 1 tRNA-Pro [156,233] 36 (tgg)
[04:06:54] 1 tRNA-Gln c[916,987] 33 (ttg)
[04:06:54] 1 tRNA-Leu [6359,6433] 35 (caa)
[04:06:54] 1 tRNA-Phe [100,173] 34 (gaa)
[04:06:54] 1 tRNA-His [429,502] 34 (gtg)
[04:06:54] 2 tRNA-Lys [573,646] 34 (ctt)
[04:06:54] 1 tRNA-Ala [31,107] 35 (tgc)
[04:06:54] 1 tRNA-Leu c[1824,1900] 35 (tag)
[04:06:55] 1 tRNA-Gly [327,402] 34 (gcc)
[04:06:55] tRNA c[4129,4205] is a pseudo/wacky gene - skipping.
[04:06:55] 1 tmRNA [435,818] 89,118 ADEQFALAA*
[04:06:55] 1 tRNA-Val [4578,4652] 35 (cac)
[04:06:55] 1 tRNA-Ala c[1603,1676] 34 (cgc)
[04:06:55] 1 tRNA-Arg [1268,1342] 35 (cct)
[04:06:55] 1 tRNA-Leu c[2242,2329] 35 (taa)
[04:06:55] 1 tRNA-Ile c[1100,1176] 35 (gat)
[04:06:55] Found 33 tRNAs
[04:06:55] Predicting Ribosomal RNAs
[04:06:55] Running Barrnap with 2 threads
[04:06:57] 1 k105_131822 2966 16S ribosomal RNA (partial)
[04:06:57] Found 1 rRNAs
[04:06:57] Skipping ncRNA search, enable with --rfam if desired.
[04:06:57] Total of 33 tRNA + rRNA features
[04:06:57] Searching for CRISPR repeats
[04:06:57] Found 0 CRISPRs
[04:06:57] Predicting coding sequences
[04:06:57] Contigs total 2105849 bp, so using meta mode
[04:06:57] Running: prodigal -i \/home\/tola2495\/GenomeAnalysisVT2022\/analyses\/05_annotation\/prokka\/RR4342133_Archaea\/bin_1\.fa\/RR4342133_Archaea\.fna -c -m -g 11 -p meta -f sco -q
[04:07:00] Excluding CDS which overlaps existing RNA (tRNA) at k105_22408:1481..2155 on - strand
[04:07:01] Excluding CDS which overlaps existing RNA (tRNA) at k105_37831:78..569 on - strand
[04:07:03] Excluding CDS which overlaps existing RNA (tRNA) at k105_50862:799..1035 on + strand
[04:07:06] Excluding CDS which overlaps existing RNA (tRNA) at k105_156791:1262..1495 on - strand
[04:07:09] Found 2199 CDS
[04:07:09] Connecting features back to sequences
[04:07:09] Not using genus-specific database. Try --usegenus to enable it.
[04:07:09] Annotating CDS, please be patient.
[04:07:09] Will use 2 CPUs for similarity searching.
[04:07:10] There are still 2199 unannotated CDS left (started with 2199)
[04:07:10] Will use blast to search against /sw/bioinfo/prokka/1.45-5b58020/rackham/db/kingdom/Archaea/sprot with 2 CPUs
[04:07:10] Running: cat \/home\/tola2495\/GenomeAnalysisVT2022\/analyses\/05_annotation\/prokka\/RR4342133_Archaea\/bin_1\.fa\/RR4342133_Archaea\.sprot\.tmp\.12643\.faa | parallel --gnu --plain -j 2 --block 142766 --recstart '>' --pipe blastp -query - -db /sw/bioinfo/prokka/1.45-5b58020/rackham/db/kingdom/Archaea/sprot -evalue 1e-09 -qcov_hsp_perc 80 -num_threads 1 -num_descriptions 1 -num_alignments 1 -seg no > \/home\/tola2495\/GenomeAnalysisVT2022\/analyses\/05_annotation\/prokka\/RR4342133_Archaea\/bin_1\.fa\/RR4342133_Archaea\.sprot\.tmp\.12643\.blast 2> /dev/null
[04:07:23] Modify product: Zinc metalloprotease MJ0392 => Zinc metalloprotease
[04:07:23] Modify product: Uncharacterized ABC transporter ATP-binding protein MJ0796 => putative ABC transporter ATP-binding protein
[04:07:23] Modify product: Zinc metalloprotease TldD homolog => Zinc metalloprotease TldD 
[04:07:23] Modify product: Probable aspartokinase => putative aspartokinase
[04:07:23] Modify product: Putative ammonium transporter MJ1343 => Putative ammonium transporter
[04:07:23] Modify product: Uncharacterized nitrogen regulatory PII-like protein MJ0059 => putative nitrogen regulatory PII-like protein
[04:07:23] Modify product: Probable branched-chain amino acid transport ATP-binding protein LivG => putative branched-chain amino acid transport ATP-binding protein LivG
[04:07:23] Modify product: Probable branched-chain amino acid transport ATP-binding protein LivG => putative branched-chain amino acid transport ATP-binding protein LivG
[04:07:23] Modify product: Uncharacterized HTH-type transcriptional regulator PH1519 => putative HTH-type transcriptional regulator
[04:07:23] Modify product: Chlorinase MJ1651 => Chlorinase
[04:07:23] Modify product: Uncharacterized HTH-type transcriptional regulator PH1519 => putative HTH-type transcriptional regulator
[04:07:23] Modify product: Probable L-aspartate dehydrogenase => putative L-aspartate dehydrogenase
[04:07:23] Modify product: Membrane-bound protease PH1510 => Membrane-bound protease
[04:07:23] Modify product: Putative ammonium transporter MJ1343 => Putative ammonium transporter
[04:07:23] Modify product: Uncharacterized nitrogen regulatory PII-like protein MJ0059 => putative nitrogen regulatory PII-like protein
[04:07:23] Modify product: Uncharacterized ABC transporter ATP-binding protein MJ0796 => putative ABC transporter ATP-binding protein
[04:07:23] Modify product: Bifunctional protein FolD => Bifunctional protein FolD protein
[04:07:23] Modify product: Probable copper-exporting P-type ATPase => putative copper-exporting P-type ATPase
[04:07:23] Modify product: Probable S-adenosylmethionine-dependent methyltransferase MJ0882 => putative S-adenosylmethionine-dependent methyltransferase
[04:07:23] Modify product: Probable ATP-dependent RNA helicase MJ0669 => putative ATP-dependent RNA helicase
[04:07:24] Modify product: Probable branched-chain amino acid transport ATP-binding protein LivG => putative branched-chain amino acid transport ATP-binding protein LivG
[04:07:24] Modify product: Probable branched-chain amino acid transport ATP-binding protein LivG => putative branched-chain amino acid transport ATP-binding protein LivG
[04:07:24] Modify product: Probable tRNA pseudouridine synthase B => putative tRNA pseudouridine synthase B
[04:07:24] Cleaned 23 /product names
[04:07:24] Deleting unwanted file: /home/tola2495/GenomeAnalysisVT2022/analyses/05_annotation/prokka/RR4342133_Archaea/bin_1.fa/RR4342133_Archaea.sprot.tmp.12643.faa
[04:07:24] Deleting unwanted file: /home/tola2495/GenomeAnalysisVT2022/analyses/05_annotation/prokka/RR4342133_Archaea/bin_1.fa/RR4342133_Archaea.sprot.tmp.12643.blast
[04:07:25] There are still 1941 unannotated CDS left (started with 2199)
[04:07:25] Will use hmmer3 to search against /sw/bioinfo/prokka/1.45-5b58020/rackham/db/hmm/HAMAP.hmm with 2 CPUs
[04:07:25] Running: cat \/home\/tola2495\/GenomeAnalysisVT2022\/analyses\/05_annotation\/prokka\/RR4342133_Archaea\/bin_1\.fa\/RR4342133_Archaea\.HAMAP\.hmm\.tmp\.12643\.faa | parallel --gnu --plain -j 2 --block 121687 --recstart '>' --pipe hmmscan --noali --notextw --acc -E 1e-09 --cpu 1 /sw/bioinfo/prokka/1.45-5b58020/rackham/db/hmm/HAMAP.hmm /dev/stdin > \/home\/tola2495\/GenomeAnalysisVT2022\/analyses\/05_annotation\/prokka\/RR4342133_Archaea\/bin_1\.fa\/RR4342133_Archaea\.HAMAP\.hmm\.tmp\.12643\.hmmer3 2> /dev/null
[04:08:57] Modify product: Uncharacterized Nudix hydrolase NudL => putative Nudix hydrolase NudL
[04:08:58] Modify product: Uncharacterized MFS-type transporter YhhS => putative MFS-type transporter YhhS
[04:08:58] Modify product: Uncharacterized Nudix hydrolase NudL => putative Nudix hydrolase NudL
[04:08:58] Cleaned 3 /product names
[04:08:58] Deleting unwanted file: /home/tola2495/GenomeAnalysisVT2022/analyses/05_annotation/prokka/RR4342133_Archaea/bin_1.fa/RR4342133_Archaea.HAMAP.hmm.tmp.12643.faa
[04:08:58] Deleting unwanted file: /home/tola2495/GenomeAnalysisVT2022/analyses/05_annotation/prokka/RR4342133_Archaea/bin_1.fa/RR4342133_Archaea.HAMAP.hmm.tmp.12643.hmmer3
[04:08:58] Labelling remaining 1412 proteins as 'hypothetical protein'
[04:08:58] Possible /pseudo 'D-inositol-3-phosphate glycosyltransferase' at k105_91512 position 1362
[04:08:58] Possible /pseudo 'putative branched-chain amino acid transport ATP-binding protein LivG' at k105_24213 position 1297
[04:08:58] Possible /pseudo 'Vitamin B12 import ATP-binding protein BtuD' at k105_37683 position 3165
[04:08:58] Possible /pseudo 'ATP synthase subunit b' at k105_58411 position 1890
[04:08:58] Found 499 unique /gene codes.
[04:08:58] Fixed 4 duplicate /gene - mutM_1 mutM_2 mutM_3 mutM_4
[04:08:58] Fixed 2 duplicate /gene - mntR_1 mntR_2
[04:08:58] Fixed 2 duplicate /gene - mhpD_1 mhpD_2
[04:08:58] Fixed 2 duplicate /gene - noc_1 noc_2
[04:08:58] Fixed 3 duplicate /gene - htpX_1 htpX_2 htpX_3
[04:08:58] Fixed 2 duplicate /gene - pgsA_1 pgsA_2
[04:08:58] Fixed 2 duplicate /gene - dinB_1 dinB_2
[04:08:58] Fixed 9 duplicate /gene - fgd_1 fgd_2 fgd_3 fgd_4 fgd_5 fgd_6 fgd_7 fgd_8 fgd_9
[04:08:58] Fixed 2 duplicate /gene - clpP_1 clpP_2
[04:08:58] Fixed 2 duplicate /gene - uppS_1 uppS_2
[04:08:58] Fixed 6 duplicate /gene - mshA_1 mshA_2 mshA_3 mshA_4 mshA_5 mshA_6
[04:08:58] Fixed 3 duplicate /gene - purR_1 purR_2 purR_3
[04:08:58] Fixed 3 duplicate /gene - COQ5_1 COQ5_2 COQ5_3
[04:08:58] Fixed 2 duplicate /gene - argH_1 argH_2
[04:08:58] Fixed 2 duplicate /gene - dnaE2_1 dnaE2_2
[04:08:58] Fixed 2 duplicate /gene - guaB_1 guaB_2
[04:08:58] Fixed 2 duplicate /gene - dhmA_1 dhmA_2
[04:08:58] Fixed 3 duplicate /gene - lysJ_1 lysJ_2 lysJ_3
[04:08:58] Fixed 2 duplicate /gene - acpP_1 acpP_2
[04:08:58] Fixed 2 duplicate /gene - filI_1 filI_2
[04:08:58] Fixed 4 duplicate /gene - icmF_1 icmF_2 icmF_3 icmF_4
[04:08:58] Fixed 2 duplicate /gene - atpF_1 atpF_2
[04:08:58] Fixed 5 duplicate /gene - whiB_1 whiB_2 whiB_3 whiB_4 whiB_5
[04:08:58] Fixed 2 duplicate /gene - lpdA_1 lpdA_2
[04:08:58] Fixed 2 duplicate /gene - fbiB_1 fbiB_2
[04:08:58] Fixed 2 duplicate /gene - nadE_1 nadE_2
[04:08:58] Fixed 5 duplicate /gene - iolG_1 iolG_2 iolG_3 iolG_4 iolG_5
[04:08:58] Fixed 2 duplicate /gene - gph_1 gph_2
[04:08:58] Fixed 2 duplicate /gene - ubiB_1 ubiB_2
[04:08:58] Fixed 4 duplicate /gene - fadJ_1 fadJ_2 fadJ_3 fadJ_4
[04:08:58] Fixed 2 duplicate /gene - ghrB_1 ghrB_2
[04:08:58] Fixed 3 duplicate /gene - murE_1 murE_2 murE_3
[04:08:58] Fixed 2 duplicate /gene - gyaR_1 gyaR_2
[04:08:58] Fixed 4 duplicate /gene - mer_1 mer_2 mer_3 mer_4
[04:08:58] Fixed 4 duplicate /gene - cutA_1 cutA_2 cutA_3 cutA_4
[04:08:58] Fixed 2 duplicate /gene - trpB1_1 trpB1_2
[04:08:58] Fixed 4 duplicate /gene - cheB_1 cheB_2 cheB_3 cheB_4
[04:08:58] Fixed 4 duplicate /gene - livG_1 livG_2 livG_3 livG_4
[04:08:58] Fixed 2 duplicate /gene - mdtD_1 mdtD_2
[04:08:58] Fixed 3 duplicate /gene - ndhI_1 ndhI_2 ndhI_3
[04:08:58] Fixed 2 duplicate /gene - hcaB_1 hcaB_2
[04:08:58] Fixed 2 duplicate /gene - mfnC_1 mfnC_2
[04:08:58] Fixed 3 duplicate /gene - metZ_1 metZ_2 metZ_3
[04:08:58] Fixed 3 duplicate /gene - rpoD_1 rpoD_2 rpoD_3
[04:08:58] Fixed 2 duplicate /gene - lacZ_1 lacZ_2
[04:08:58] Fixed 2 duplicate /gene - pknD_1 pknD_2
[04:08:58] Fixed 4 duplicate /gene - fcl_1 fcl_2 fcl_3 fcl_4
[04:08:58] Fixed 2 duplicate /gene - nudL_1 nudL_2
[04:08:58] Fixed 2 duplicate /gene - btuF_1 btuF_2
[04:08:58] Fixed 2 duplicate /gene - atpB_1 atpB_2
[04:08:58] Fixed 5 duplicate /gene - frc_1 frc_2 frc_3 frc_4 frc_5
[04:08:58] Fixed 2 duplicate /gene - cysQ_1 cysQ_2
[04:08:58] Fixed 2 duplicate /gene - tagU_1 tagU_2
[04:08:58] Fixed 11 duplicate /gene - caiA_1 caiA_2 caiA_3 caiA_4 caiA_5 caiA_6 caiA_7 caiA_8 caiA_9 caiA_10 caiA_11
[04:08:58] Fixed 2 duplicate /gene - glpE_1 glpE_2
[04:08:58] Fixed 2 duplicate /gene - betA_1 betA_2
[04:08:58] Fixed 2 duplicate /gene - clpX_1 clpX_2
[04:08:58] Fixed 2 duplicate /gene - nth_1 nth_2
[04:08:58] Fixed 2 duplicate /gene - ssuD_1 ssuD_2
[04:08:58] Fixed 2 duplicate /gene - aspC_1 aspC_2
[04:08:58] Fixed 2 duplicate /gene - gpmA_1 gpmA_2
[04:08:58] Fixed 2 duplicate /gene - cutC_1 cutC_2
[04:08:58] Fixed 2 duplicate /gene - napA_1 napA_2
[04:08:58] Fixed 2 duplicate /gene - ileS_1 ileS_2
[04:08:58] Fixed 2 duplicate /gene - iscR_1 iscR_2
[04:08:58] Fixed 14 duplicate /gene - rhaD_1 rhaD_2 rhaD_3 rhaD_4 rhaD_5 rhaD_6 rhaD_7 rhaD_8 rhaD_9 rhaD_10 rhaD_11 rhaD_12 rhaD_13 rhaD_14
[04:08:58] Fixed 2 duplicate /gene - dadA_1 dadA_2
[04:08:58] Fixed 2 duplicate /gene - hdrD_1 hdrD_2
[04:08:58] Fixed 3 duplicate /gene - gloB_1 gloB_2 gloB_3
[04:08:58] Fixed 2 duplicate /gene - nhaP2_1 nhaP2_2
[04:08:58] Fixed 5 duplicate /gene - malK_1 malK_2 malK_3 malK_4 malK_5
[04:08:58] Fixed 2 duplicate /gene - fpoD_1 fpoD_2
[04:08:58] Fixed 2 duplicate /gene - mdtL_1 mdtL_2
[04:08:58] Fixed 4 duplicate /gene - fadA_1 fadA_2 fadA_3 fadA_4
[04:08:58] Fixed 2 duplicate /gene - gpmB_1 gpmB_2
[04:08:58] Fixed 2 duplicate /gene - mreB_1 mreB_2
[04:08:58] Fixed 2 duplicate /gene - nfuA_1 nfuA_2
[04:08:58] Fixed 2 duplicate /gene - rlmB_1 rlmB_2
[04:08:58] Fixed 2 duplicate /gene - fixA_1 fixA_2
[04:08:58] Fixed 2 duplicate /gene - mrdA_1 mrdA_2
[04:08:58] Fixed 2 duplicate /gene - rep_1 rep_2
[04:08:58] Fixed 4 duplicate /gene - rcsC_1 rcsC_2 rcsC_3 rcsC_4
[04:08:58] Fixed 2 duplicate /gene - crtD_1 crtD_2
[04:08:58] Fixed 2 duplicate /gene - pccB_1 pccB_2
[04:08:58] Fixed 2 duplicate /gene - atpD_1 atpD_2
[04:08:58] Fixed 7 duplicate /gene - menH_1 menH_2 menH_3 menH_4 menH_5 menH_6 menH_7
[04:08:58] Fixed 4 duplicate /gene - menE_1 menE_2 menE_3 menE_4
[04:08:58] Fixed 3 duplicate /gene - acsA_1 acsA_2 acsA_3
[04:08:58] Fixed 2 duplicate /gene - sasA_1 sasA_2
[04:08:58] Fixed 2 duplicate /gene - fusA_1 fusA_2
[04:08:58] Fixed 3 duplicate /gene - dadD_1 dadD_2 dadD_3
[04:08:58] Fixed 3 duplicate /gene - nanK_1 nanK_2 nanK_3
[04:08:58] Fixed 2 duplicate /gene - gluQ_1 gluQ_2
[04:08:58] Fixed 2 duplicate /gene - plsY_1 plsY_2
[04:08:58] Fixed 24 duplicate /gene - btuD_1 btuD_2 btuD_3 btuD_4 btuD_5 btuD_6 btuD_7 btuD_8 btuD_9 btuD_10 btuD_11 btuD_12 btuD_13 btuD_14 btuD_15 btuD_16 btuD_17 btuD_18 btuD_19 btuD_20 btuD_21 btuD_22 btuD_23 btuD_24
[04:08:58] Fixed 2 duplicate /gene - allB_1 allB_2
[04:08:58] Fixed 2 duplicate /gene - lldD_1 lldD_2
[04:08:58] Fixed 2 duplicate /gene - cutB_1 cutB_2
[04:08:58] Fixed 98 colliding /gene names.
[04:08:58] Adding /locus_tag identifiers
[04:08:58] Assigned 2233 locus_tags to CDS and RNA features.
[04:08:58] Writing outputs to /home/tola2495/GenomeAnalysisVT2022/analyses/05_annotation/prokka/RR4342133_Archaea/bin_1.fa/
[04:09:00] Generating annotation statistics file
[04:09:00] Generating Genbank and Sequin files
[04:09:00] Running: tbl2asn -V b -a r10k -l paired-ends -M n -N 1 -y 'Annotated using prokka 1.14.6 from https://github.com/tseemann/prokka' -Z \/home\/tola2495\/GenomeAnalysisVT2022\/analyses\/05_annotation\/prokka\/RR4342133_Archaea\/bin_1\.fa\/RR4342133_Archaea\.err -i \/home\/tola2495\/GenomeAnalysisVT2022\/analyses\/05_annotation\/prokka\/RR4342133_Archaea\/bin_1\.fa\/RR4342133_Archaea\.fsa 2> /dev/null
[04:09:05] Deleting unwanted file: /home/tola2495/GenomeAnalysisVT2022/analyses/05_annotation/prokka/RR4342133_Archaea/bin_1.fa/errorsummary.val
[04:09:05] Deleting unwanted file: /home/tola2495/GenomeAnalysisVT2022/analyses/05_annotation/prokka/RR4342133_Archaea/bin_1.fa/RR4342133_Archaea.dr
[04:09:05] Deleting unwanted file: /home/tola2495/GenomeAnalysisVT2022/analyses/05_annotation/prokka/RR4342133_Archaea/bin_1.fa/RR4342133_Archaea.fixedproducts
[04:09:05] Deleting unwanted file: /home/tola2495/GenomeAnalysisVT2022/analyses/05_annotation/prokka/RR4342133_Archaea/bin_1.fa/RR4342133_Archaea.ecn
[04:09:05] Deleting unwanted file: /home/tola2495/GenomeAnalysisVT2022/analyses/05_annotation/prokka/RR4342133_Archaea/bin_1.fa/RR4342133_Archaea.val
[04:09:05] Repairing broken .GBK output that tbl2asn produces...
[04:09:05] Running: sed 's/COORDINATES: profile/COORDINATES:profile/' < \/home\/tola2495\/GenomeAnalysisVT2022\/analyses\/05_annotation\/prokka\/RR4342133_Archaea\/bin_1\.fa\/RR4342133_Archaea\.gbf > \/home\/tola2495\/GenomeAnalysisVT2022\/analyses\/05_annotation\/prokka\/RR4342133_Archaea\/bin_1\.fa\/RR4342133_Archaea\.gbk
[04:09:05] Deleting unwanted file: /home/tola2495/GenomeAnalysisVT2022/analyses/05_annotation/prokka/RR4342133_Archaea/bin_1.fa/RR4342133_Archaea.gbf
[04:09:05] Output files:
[04:09:05] /home/tola2495/GenomeAnalysisVT2022/analyses/05_annotation/prokka/RR4342133_Archaea/bin_1.fa/RR4342133_Archaea.log
[04:09:05] /home/tola2495/GenomeAnalysisVT2022/analyses/05_annotation/prokka/RR4342133_Archaea/bin_1.fa/RR4342133_Archaea.fna
[04:09:05] /home/tola2495/GenomeAnalysisVT2022/analyses/05_annotation/prokka/RR4342133_Archaea/bin_1.fa/RR4342133_Archaea.gff
[04:09:05] /home/tola2495/GenomeAnalysisVT2022/analyses/05_annotation/prokka/RR4342133_Archaea/bin_1.fa/RR4342133_Archaea.faa
[04:09:05] /home/tola2495/GenomeAnalysisVT2022/analyses/05_annotation/prokka/RR4342133_Archaea/bin_1.fa/RR4342133_Archaea.ffn
[04:09:05] /home/tola2495/GenomeAnalysisVT2022/analyses/05_annotation/prokka/RR4342133_Archaea/bin_1.fa/RR4342133_Archaea.tbl
[04:09:05] /home/tola2495/GenomeAnalysisVT2022/analyses/05_annotation/prokka/RR4342133_Archaea/bin_1.fa/RR4342133_Archaea.fsa
[04:09:05] /home/tola2495/GenomeAnalysisVT2022/analyses/05_annotation/prokka/RR4342133_Archaea/bin_1.fa/RR4342133_Archaea.tsv
[04:09:05] /home/tola2495/GenomeAnalysisVT2022/analyses/05_annotation/prokka/RR4342133_Archaea/bin_1.fa/RR4342133_Archaea.txt
[04:09:05] /home/tola2495/GenomeAnalysisVT2022/analyses/05_annotation/prokka/RR4342133_Archaea/bin_1.fa/RR4342133_Archaea.sqn
[04:09:05] /home/tola2495/GenomeAnalysisVT2022/analyses/05_annotation/prokka/RR4342133_Archaea/bin_1.fa/RR4342133_Archaea.gbk
[04:09:05] /home/tola2495/GenomeAnalysisVT2022/analyses/05_annotation/prokka/RR4342133_Archaea/bin_1.fa/RR4342133_Archaea.err
[04:09:05] Annotation finished successfully.
[04:09:05] Walltime used: 2.23 minutes
[04:09:05] If you use this result please cite the Prokka paper:
[04:09:05] Seemann T (2014) Prokka: rapid prokaryotic genome annotation. Bioinformatics. 30(14):2068-9.
[04:09:05] Type 'prokka --citation' for more details.
[04:09:05] Thank you, come again.
