[11:36:50] This is prokka 1.14.6
[11:36:50] Written by Torsten Seemann <torsten.seemann@gmail.com>
[11:36:50] Homepage is https://github.com/tseemann/prokka
[11:36:50] Local time is Tue May  3 11:36:50 2022
[11:36:50] You are tola2495
[11:36:50] Operating system is linux
[11:36:50] You have BioPerl 1.007001
[11:36:50] System has 16 cores.
[11:36:50] Will use maximum of 2 cores.
[11:36:50] Annotating as >>> Bacteria <<<
[11:36:50] Generating locus_tag from 'bin_12.fa' contents.
[11:36:50] Setting --locustag BADAPBHC from MD5 bada9b1c13e259122b31933ad59d1466
[11:36:50] Creating new output folder: /home/tola2495/GenomeAnalysisVT2022/analyses/05_annotation/prokka/RR4342129_Bacteria/bin_12.fa
[11:36:50] Running: mkdir -p \/home\/tola2495\/GenomeAnalysisVT2022\/analyses\/05_annotation\/prokka\/RR4342129_Bacteria\/bin_12\.fa
[11:36:50] Using filename prefix: RR4342129_Bacteria.XXX
[11:36:50] Setting HMMER_NCPU=1
[11:36:50] Writing log to: /home/tola2495/GenomeAnalysisVT2022/analyses/05_annotation/prokka/RR4342129_Bacteria/bin_12.fa/RR4342129_Bacteria.log
[11:36:50] Command: /sw/bioinfo/prokka/1.45-5b58020/snowy/bin/prokka --metagenome --cpus 2 --prefix RR4342129_Bacteria --outdir /home/tola2495/GenomeAnalysisVT2022/analyses/05_annotation/prokka/RR4342129_Bacteria/bin_12.fa bin_12.fa
[11:36:50] Appending to PATH: /sw/bioinfo/prokka/1.45-5b58020/rackham/bin/../binaries/linux
[11:36:50] Appending to PATH: /sw/bioinfo/prokka/1.45-5b58020/rackham/bin/../binaries/linux/../common
[11:36:50] Appending to PATH: /sw/bioinfo/prokka/1.45-5b58020/rackham/bin
[11:36:50] Looking for 'aragorn' - found /sw/bioinfo/prokka/1.45-5b58020/rackham/bin/../binaries/linux/aragorn
[11:36:50] Determined aragorn version is 001002 from 'ARAGORN v1.2.38 Dean Laslett'
[11:36:50] Looking for 'barrnap' - found /sw/bioinfo/barrnap/0.8/snowy/bin/barrnap
[11:36:50] Determined barrnap version is 000008 from 'barrnap 0.8'
[11:36:50] Looking for 'blastp' - found /sw/bioinfo/blast/2.11.0+/snowy/bin/blastp
[11:36:51] Determined blastp version is 002011 from 'blastp: 2.11.0+'
[11:36:51] Looking for 'cmpress' - found /sw/bioinfo/prokka/1.45-5b58020/rackham/bin/../binaries/linux/cmpress
[11:36:51] Determined cmpress version is 001001 from '# INFERNAL 1.1.2 (July 2016)'
[11:36:51] Looking for 'cmscan' - found /sw/bioinfo/prokka/1.45-5b58020/rackham/bin/../binaries/linux/cmscan
[11:36:51] Determined cmscan version is 001001 from '# INFERNAL 1.1.2 (July 2016)'
[11:36:51] Looking for 'egrep' - found /usr/bin/egrep
[11:36:51] Looking for 'find' - found /usr/bin/find
[11:36:51] Looking for 'grep' - found /usr/bin/grep
[11:36:51] Looking for 'hmmpress' - found /sw/apps/bioinfo/hmmer/3.1b2/snowy/bin/hmmpress
[11:36:51] Determined hmmpress version is 003001 from '# HMMER 3.1b2 (February 2015); http://hmmer.org/'
[11:36:51] Looking for 'hmmscan' - found /sw/apps/bioinfo/hmmer/3.1b2/snowy/bin/hmmscan
[11:36:51] Determined hmmscan version is 003001 from '# HMMER 3.1b2 (February 2015); http://hmmer.org/'
[11:36:51] Looking for 'java' - found /usr/bin/java
[11:36:51] Looking for 'makeblastdb' - found /sw/bioinfo/blast/2.11.0+/snowy/bin/makeblastdb
[11:36:52] Determined makeblastdb version is 002011 from 'makeblastdb: 2.11.0+'
[11:36:52] Looking for 'minced' - found /sw/apps/bioinfo/minced/0.2.0/snowy/minced
[11:36:52] Determined minced version is 002000 from 'minced 0.2.0'
[11:36:52] Looking for 'parallel' - found /sw/parallel/gnuparallel/20170122/snowy/bin/parallel
[11:36:52] Determined parallel version is 20170122 from 'GNU parallel 20170122'
[11:36:52] Looking for 'prodigal' - found /sw/apps/bioinfo/prodigal/2.6.3/snowy/bin/prodigal
[11:36:52] Determined prodigal version is 002006 from 'Prodigal V2.6.3: February, 2016'
[11:36:52] Looking for 'prokka-genbank_to_fasta_db' - found /sw/bioinfo/prokka/1.45-5b58020/snowy/bin/prokka-genbank_to_fasta_db
[11:36:52] Looking for 'sed' - found /usr/bin/sed
[11:36:52] Looking for 'signalp' - found /sw/bioinfo/SignalP/4.1f/snowy/signalp
[11:36:52] Determined signalp version is 004001 from '4.1 6180816'
[11:36:52] Looking for 'tbl2asn' - found /sw/bioinfo/tbl2asn/25.8/snowy/tbl2asn
[11:36:52] Determined tbl2asn version is 025008 from 'tbl2asn 25.8   arguments:'
[11:36:52] Using genetic code table 11.
[11:36:52] Loading and checking input file: bin_12.fa
[11:36:52] Wrote 393 contigs totalling 1143487 bp.
[11:36:52] Predicting tRNAs and tmRNAs
[11:36:52] Running: aragorn -l -gc11  -w \/home\/tola2495\/GenomeAnalysisVT2022\/analyses\/05_annotation\/prokka\/RR4342129_Bacteria\/bin_12\.fa\/RR4342129_Bacteria\.fna
[11:36:52] 1 tRNA-Gly [1198,1269] 33 (ccc)
[11:36:52] 1 tRNA-Thr c[2121,2193] 33 (cgt)
[11:36:52] 1 tRNA-Lys c[684,757] 34 (ctt)
[11:36:52] 2 tRNA-His c[1105,1181] 35 (gtg)
[11:36:52] 1 tRNA-Ala c[196,270] 35 (tgc)
[11:36:52] 2 tRNA-Ile c[5470,5544] 35 (gat)
[11:36:53] 1 tRNA-Arg [4247,4321] 34 (ccg)
[11:36:53] 1 tRNA-Pro [2133,2209] 35 (cgg)
[11:36:53] 1 tRNA-Trp c[800,874] 35 (cca)
[11:36:53] 2 tRNA-Met c[1996,2072] 35 (cat)
[11:36:53] 3 tRNA-Thr c[2087,2160] 34 (ggt)
[11:36:53] 1 tRNA-Leu [974,1058] 35 (tag)
[11:36:53] 1 tRNA-Leu [86,170] 35 (cag)
[11:36:53] 1 tRNA-SeC [1286,1381] 36 (tca)
[11:36:53] 1 tRNA-Glu [613,688] 35 (ttc)
[11:36:53] 1 tRNA-Lys c[5214,5287] 34 (ttt)
[11:36:53] 1 tRNA-Arg [362,435] 34 (cct)
[11:36:53] 1 tRNA-Cys [1453,1526] 33 (gca)
[11:36:53] 2 tRNA-Val [1577,1653] 35 (gac)
[11:36:53] 1 tRNA-Ser [539,629] 35 (gga)
[11:36:53] 2 tRNA-Ser c[1104,1193] 35 (cga)
[11:36:53] Found 21 tRNAs
[11:36:53] Predicting Ribosomal RNAs
[11:36:53] Running Barrnap with 2 threads
[11:36:54] Found 0 rRNAs
[11:36:54] Skipping ncRNA search, enable with --rfam if desired.
[11:36:54] Total of 21 tRNA + rRNA features
[11:36:54] Searching for CRISPR repeats
[11:36:54] Found 0 CRISPRs
[11:36:54] Predicting coding sequences
[11:36:54] Contigs total 1143487 bp, so using meta mode
[11:36:54] Running: prodigal -i \/home\/tola2495\/GenomeAnalysisVT2022\/analyses\/05_annotation\/prokka\/RR4342129_Bacteria\/bin_12\.fa\/RR4342129_Bacteria\.fna -c -m -g 11 -p meta -f sco -q
[11:36:57] Excluding CDS which overlaps existing RNA (tRNA) at k105_39010:2088..2549 on - strand
[11:36:59] Excluding CDS which overlaps existing RNA (tRNA) at k105_156688:629..1075 on + strand
[11:37:00] Found 1114 CDS
[11:37:00] Connecting features back to sequences
[11:37:00] Not using genus-specific database. Try --usegenus to enable it.
[11:37:00] Annotating CDS, please be patient.
[11:37:00] Will use 2 CPUs for similarity searching.
[11:37:00] There are still 1114 unannotated CDS left (started with 1114)
[11:37:00] Will use blast to search against /sw/bioinfo/prokka/1.45-5b58020/rackham/db/kingdom/Bacteria/IS with 2 CPUs
[11:37:00] Running: cat \/home\/tola2495\/GenomeAnalysisVT2022\/analyses\/05_annotation\/prokka\/RR4342129_Bacteria\/bin_12\.fa\/RR4342129_Bacteria\.IS\.tmp\.44036\.faa | parallel --gnu --plain -j 2 --block 71388 --recstart '>' --pipe blastp -query - -db /sw/bioinfo/prokka/1.45-5b58020/rackham/db/kingdom/Bacteria/IS -evalue 1e-30 -qcov_hsp_perc 90 -num_threads 1 -num_descriptions 1 -num_alignments 1 -seg no > \/home\/tola2495\/GenomeAnalysisVT2022\/analyses\/05_annotation\/prokka\/RR4342129_Bacteria\/bin_12\.fa\/RR4342129_Bacteria\.IS\.tmp\.44036\.blast 2> /dev/null
[11:37:14] Deleting unwanted file: /home/tola2495/GenomeAnalysisVT2022/analyses/05_annotation/prokka/RR4342129_Bacteria/bin_12.fa/RR4342129_Bacteria.IS.tmp.44036.faa
[11:37:14] Deleting unwanted file: /home/tola2495/GenomeAnalysisVT2022/analyses/05_annotation/prokka/RR4342129_Bacteria/bin_12.fa/RR4342129_Bacteria.IS.tmp.44036.blast
[11:37:14] There are still 1114 unannotated CDS left (started with 1114)
[11:37:14] Will use blast to search against /sw/bioinfo/prokka/1.45-5b58020/rackham/db/kingdom/Bacteria/AMR with 2 CPUs
[11:37:14] Running: cat \/home\/tola2495\/GenomeAnalysisVT2022\/analyses\/05_annotation\/prokka\/RR4342129_Bacteria\/bin_12\.fa\/RR4342129_Bacteria\.AMR\.tmp\.44036\.faa | parallel --gnu --plain -j 2 --block 71388 --recstart '>' --pipe blastp -query - -db /sw/bioinfo/prokka/1.45-5b58020/rackham/db/kingdom/Bacteria/AMR -evalue 9.99999999999999e-301 -qcov_hsp_perc 90 -num_threads 1 -num_descriptions 1 -num_alignments 1 -seg no > \/home\/tola2495\/GenomeAnalysisVT2022\/analyses\/05_annotation\/prokka\/RR4342129_Bacteria\/bin_12\.fa\/RR4342129_Bacteria\.AMR\.tmp\.44036\.blast 2> /dev/null
[11:37:26] Deleting unwanted file: /home/tola2495/GenomeAnalysisVT2022/analyses/05_annotation/prokka/RR4342129_Bacteria/bin_12.fa/RR4342129_Bacteria.AMR.tmp.44036.faa
[11:37:26] Deleting unwanted file: /home/tola2495/GenomeAnalysisVT2022/analyses/05_annotation/prokka/RR4342129_Bacteria/bin_12.fa/RR4342129_Bacteria.AMR.tmp.44036.blast
[11:37:26] There are still 1114 unannotated CDS left (started with 1114)
[11:37:26] Will use blast to search against /sw/bioinfo/prokka/1.45-5b58020/rackham/db/kingdom/Bacteria/sprot with 2 CPUs
[11:37:26] Running: cat \/home\/tola2495\/GenomeAnalysisVT2022\/analyses\/05_annotation\/prokka\/RR4342129_Bacteria\/bin_12\.fa\/RR4342129_Bacteria\.sprot\.tmp\.44036\.faa | parallel --gnu --plain -j 2 --block 71388 --recstart '>' --pipe blastp -query - -db /sw/bioinfo/prokka/1.45-5b58020/rackham/db/kingdom/Bacteria/sprot -evalue 1e-09 -qcov_hsp_perc 80 -num_threads 1 -num_descriptions 1 -num_alignments 1 -seg no > \/home\/tola2495\/GenomeAnalysisVT2022\/analyses\/05_annotation\/prokka\/RR4342129_Bacteria\/bin_12\.fa\/RR4342129_Bacteria\.sprot\.tmp\.44036\.blast 2> /dev/null
[11:38:16] Modify product: Putative short-chain type dehydrogenase/reductase Rv0148 => Putative short-chain type dehydrogenase/reductase
[11:38:16] Modify product: Phosphorylated carbohydrates phosphatase TM_1254 => Phosphorylated carbohydrates phosphatase
[11:38:16] Modify product: Acetyltransferase PA3944 => Acetyltransferase
[11:38:17] Modify product: Putative coenzyme F420-dependent oxidoreductase Rv3520c => Putative coenzyme F420-dependent oxidoreductase
[11:38:17] Modify product: Putative coenzyme F420-dependent oxidoreductase Rv3520c => Putative coenzyme F420-dependent oxidoreductase
[11:38:17] Modify product: Putative coenzyme F420-dependent oxidoreductase Rv3520c => Putative coenzyme F420-dependent oxidoreductase
[11:38:17] Modify product: Purine-binding protein BAB2_0673 => Purine-binding protein
[11:38:17] Modify product: Phosphatase Rv3376 => Phosphatase
[11:38:17] Modify product: Uncharacterized protein Rv0953c => putative protein
[11:38:17] Modify product: Probable enoyl-CoA hydratase echA8 => putative enoyl-CoA hydratase echA8
[11:38:17] Modify product: Serine protease Rv3671c => Serine protease
[11:38:17] Modify product: Putative multidrug export ATP-binding/permease protein SAV1866 => Putative multidrug export ATP-binding/permease protein
[11:38:17] Modify product: Putative cystathionine beta-synthase Rv1077 => Putative cystathionine beta-synthase
[11:38:17] Modify product: Probable enoyl-CoA hydratase echA8 => putative enoyl-CoA hydratase echA8
[11:38:17] Modify product: Uncharacterized oxidoreductase Rv1144 => putative oxidoreductase
[11:38:17] Modify product: UPF0053 protein Rv2366c => hypothetical protein
[11:38:17] Modify product: UPF0324 inner membrane protein YeiH => hypothetical protein
[11:38:17] Modify product: Uncharacterized protein Rv1360 => putative protein
[11:38:17] Modify product: Putative short-chain type dehydrogenase/reductase Rv0148 => Putative short-chain type dehydrogenase/reductase
[11:38:17] Modify product: Putative coenzyme F420-dependent oxidoreductase Rv3520c => Putative coenzyme F420-dependent oxidoreductase
[11:38:17] Modify product: Uncharacterized protein Rv1360 => putative protein
[11:38:17] Modify product: Probable cystine transporter YijE => putative cystine transporter YijE
[11:38:17] Modify product: Uncharacterized protein Rv2913c => putative protein
[11:38:17] Modify product: Uncharacterized ABC transporter ATP-binding protein YheS => putative ABC transporter ATP-binding protein YheS
[11:38:17] Modify product: F420H(2)-dependent reductase Rv1155 => F420H(2)-dependent reductase
[11:38:17] Modify product: Multifunctional alkaline phosphatase superfamily protein pRL90232 => Multifunctional alkaline phosphatase superfamily protein
[11:38:17] Modify product: Uncharacterized HTH-type transcriptional regulator Rv3095 => putative HTH-type transcriptional regulator
[11:38:17] Modify product: Uncharacterized protein Rv0940c => putative protein
[11:38:17] Modify product: Uncharacterized metal-dependent hydrolase YcfH => putative metal-dependent hydrolase YcfH
[11:38:17] Modify product: Uncharacterized protein Rv0036c => putative protein
[11:38:17] Modify product: Uncharacterized oxidoreductase YjmC => putative oxidoreductase YjmC
[11:38:17] Modify product: Uncharacterized ABC transporter ATP-binding protein Rv0986 => putative ABC transporter ATP-binding protein
[11:38:17] Modify product: Probable xanthine dehydrogenase subunit D => putative xanthine dehydrogenase subunit D
[11:38:17] Modify product: Probable enoyl-CoA hydratase echA8 => putative enoyl-CoA hydratase echA8
[11:38:17] Modify product: UPF0053 protein Rv1842c => hypothetical protein
[11:38:17] Modify product: Uncharacterized protein Rv1841c => putative protein
[11:38:17] Modify product: Probable multidrug resistance protein EmrY => putative multidrug resistance protein EmrY
[11:38:17] Modify product: Putative coenzyme F420-dependent oxidoreductase Rv3520c => Putative coenzyme F420-dependent oxidoreductase
[11:38:17] Modify product: Uncharacterized protein Rv2000 => putative protein
[11:38:17] Modify product: Uncharacterized protein Rv2913c => putative protein
[11:38:17] Modify product: Probable enoyl-CoA hydratase echA8 => putative enoyl-CoA hydratase echA8
[11:38:17] Modify product: Probable cytosol aminopeptidase => putative cytosol aminopeptidase
[11:38:17] Modify product: Uncharacterized protein SA1069 => putative protein
[11:38:17] Modify product: Probable methylmalonyl-CoA mutase large subunit => putative methylmalonyl-CoA mutase large subunit
[11:38:17] Modify product: Probable GTPase Rv1496 => putative GTPase
[11:38:17] Modify product: Epimerase family protein Rv2216 => Epimerase family protein
[11:38:17] Modify product: Thioredoxin-like reductase Rv2466c => Thioredoxin-like reductase
[11:38:17] Modify product: Uncharacterized protein Rv1360 => putative protein
[11:38:17] Modify product: Uncharacterized protein YqeY => putative protein YqeY
[11:38:17] Modify product: Uncharacterized protein Rv0953c => putative protein
[11:38:17] Modify product: Probable 3-hydroxyacyl-CoA dehydrogenase => putative 3-hydroxyacyl-CoA dehydrogenase
[11:38:17] Modify product: Putative coenzyme F420-dependent oxidoreductase Rv3520c => Putative coenzyme F420-dependent oxidoreductase
[11:38:17] Modify product: Uncharacterized protein Rv0940c => putative protein
[11:38:17] Modify product: Uncharacterized protein Rv0953c => putative protein
[11:38:17] Modify product: Uncharacterized protein Rv0959 => putative protein
[11:38:17] Modify product: Probable tRNA-dihydrouridine synthase => putative tRNA-dihydrouridine synthase
[11:38:17] Modify product: Uncharacterized protein Rv2913c => putative protein
[11:38:17] Modify product: Probable N-succinyldiaminopimelate aminotransferase DapC => putative N-succinyldiaminopimelate aminotransferase DapC
[11:38:17] Modify product: Uncharacterized zinc-type alcohol dehydrogenase-like protein YdjJ => putative zinc-type alcohol dehydrogenase-like protein YdjJ
[11:38:17] Modify product: Nucleotide-binding protein SA0720 => Nucleotide-binding protein
[11:38:17] Modify product: Probable acetyl-CoA acetyltransferase => putative acetyl-CoA acetyltransferase
[11:38:18] Modify product: Probable GTPase Rv1496 => putative GTPase
[11:38:18] Modify product: Uncharacterized protein Rv0953c => putative protein
[11:38:18] Modify product: UPF0051 protein SA0778 => hypothetical protein
[11:38:18] Modify product: Probable enoyl-CoA hydratase echA8 => putative enoyl-CoA hydratase echA8
[11:38:18] Modify product: Probable sensor histidine kinase pdtaS => putative sensor histidine kinase pdtaS
[11:38:18] Modify product: Putative multidrug export ATP-binding/permease protein SAV1866 => Putative multidrug export ATP-binding/permease protein
[11:38:18] Cleaned 67 /product names
[11:38:18] Deleting unwanted file: /home/tola2495/GenomeAnalysisVT2022/analyses/05_annotation/prokka/RR4342129_Bacteria/bin_12.fa/RR4342129_Bacteria.sprot.tmp.44036.faa
[11:38:18] Deleting unwanted file: /home/tola2495/GenomeAnalysisVT2022/analyses/05_annotation/prokka/RR4342129_Bacteria/bin_12.fa/RR4342129_Bacteria.sprot.tmp.44036.blast
[11:38:18] There are still 571 unannotated CDS left (started with 1114)
[11:38:18] Will use hmmer3 to search against /sw/bioinfo/prokka/1.45-5b58020/rackham/db/hmm/HAMAP.hmm with 2 CPUs
[11:38:18] Running: cat \/home\/tola2495\/GenomeAnalysisVT2022\/analyses\/05_annotation\/prokka\/RR4342129_Bacteria\/bin_12\.fa\/RR4342129_Bacteria\.HAMAP\.hmm\.tmp\.44036\.faa | parallel --gnu --plain -j 2 --block 30557 --recstart '>' --pipe hmmscan --noali --notextw --acc -E 1e-09 --cpu 1 /sw/bioinfo/prokka/1.45-5b58020/rackham/db/hmm/HAMAP.hmm /dev/stdin > \/home\/tola2495\/GenomeAnalysisVT2022\/analyses\/05_annotation\/prokka\/RR4342129_Bacteria\/bin_12\.fa\/RR4342129_Bacteria\.HAMAP\.hmm\.tmp\.44036\.hmmer3 2> /dev/null
[11:38:46] Deleting unwanted file: /home/tola2495/GenomeAnalysisVT2022/analyses/05_annotation/prokka/RR4342129_Bacteria/bin_12.fa/RR4342129_Bacteria.HAMAP.hmm.tmp.44036.faa
[11:38:46] Deleting unwanted file: /home/tola2495/GenomeAnalysisVT2022/analyses/05_annotation/prokka/RR4342129_Bacteria/bin_12.fa/RR4342129_Bacteria.HAMAP.hmm.tmp.44036.hmmer3
[11:38:46] Labelling remaining 481 proteins as 'hypothetical protein'
[11:38:46] Possible /pseudo '2-succinyl-6-hydroxy-2,4-cyclohexadiene-1-carboxylate synthase' at k105_90569 position 2718
[11:38:46] Possible /pseudo 'Putative fluoride ion transporter CrcB' at k105_130603 position 519
[11:38:46] Possible /pseudo 'D-inositol-3-phosphate glycosyltransferase' at k105_151032 position 1502
[11:38:46] Found 454 unique /gene codes.
[11:38:46] Fixed 2 duplicate /gene - fabG_1 fabG_2
[11:38:46] Fixed 2 duplicate /gene - ilvI_1 ilvI_2
[11:38:46] Fixed 2 duplicate /gene - ndhC_1 ndhC_2
[11:38:46] Fixed 5 duplicate /gene - frc_1 frc_2 frc_3 frc_4 frc_5
[11:38:46] Fixed 2 duplicate /gene - cutL_1 cutL_2
[11:38:46] Fixed 5 duplicate /gene - menH_1 menH_2 menH_3 menH_4 menH_5
[11:38:46] Fixed 2 duplicate /gene - fadA5_1 fadA5_2
[11:38:46] Fixed 2 duplicate /gene - gpmA_1 gpmA_2
[11:38:46] Fixed 2 duplicate /gene - menB_1 menB_2
[11:38:46] Fixed 2 duplicate /gene - bbsE_1 bbsE_2
[11:38:46] Fixed 2 duplicate /gene - nuoL_1 nuoL_2
[11:38:46] Fixed 2 duplicate /gene - ilvD_1 ilvD_2
[11:38:46] Fixed 2 duplicate /gene - mmgC_1 mmgC_2
[11:38:46] Fixed 2 duplicate /gene - crcB_1 crcB_2
[11:38:46] Fixed 2 duplicate /gene - ctaD_1 ctaD_2
[11:38:46] Fixed 2 duplicate /gene - bbsG_1 bbsG_2
[11:38:46] Fixed 2 duplicate /gene - flhA_1 flhA_2
[11:38:46] Fixed 4 duplicate /gene - smtB_1 smtB_2 smtB_3 smtB_4
[11:38:46] Fixed 2 duplicate /gene - yhaI_1 yhaI_2
[11:38:46] Fixed 2 duplicate /gene - tfdA_1 tfdA_2
[11:38:46] Fixed 7 duplicate /gene - fgd_1 fgd_2 fgd_3 fgd_4 fgd_5 fgd_6 fgd_7
[11:38:46] Fixed 2 duplicate /gene - sdpA_1 sdpA_2
[11:38:46] Fixed 3 duplicate /gene - arnC_1 arnC_2 arnC_3
[11:38:46] Fixed 2 duplicate /gene - gnl_1 gnl_2
[11:38:46] Fixed 2 duplicate /gene - dpgD_1 dpgD_2
[11:38:46] Fixed 2 duplicate /gene - nuoJ_1 nuoJ_2
[11:38:46] Fixed 2 duplicate /gene - sufC_1 sufC_2
[11:38:46] Fixed 2 duplicate /gene - ephA_1 ephA_2
[11:38:46] Fixed 2 duplicate /gene - rhlE_1 rhlE_2
[11:38:46] Fixed 2 duplicate /gene - gyrA_1 gyrA_2
[11:38:46] Fixed 2 duplicate /gene - atpH_1 atpH_2
[11:38:46] Fixed 2 duplicate /gene - regX3_1 regX3_2
[11:38:46] Fixed 3 duplicate /gene - caiD_1 caiD_2 caiD_3
[11:38:46] Fixed 6 duplicate /gene - yfdE_1 yfdE_2 yfdE_3 yfdE_4 yfdE_5 yfdE_6
[11:38:46] Fixed 2 duplicate /gene - ndhI_1 ndhI_2
[11:38:46] Fixed 2 duplicate /gene - gloB_1 gloB_2
[11:38:46] Fixed 2 duplicate /gene - sgaA_1 sgaA_2
[11:38:46] Fixed 2 duplicate /gene - whiB_1 whiB_2
[11:38:46] Fixed 5 duplicate /gene - echA8_1 echA8_2 echA8_3 echA8_4 echA8_5
[11:38:46] Fixed 2 duplicate /gene - livH_1 livH_2
[11:38:46] Fixed 2 duplicate /gene - mhpD_1 mhpD_2
[11:38:46] Fixed 5 duplicate /gene - mshA_1 mshA_2 mshA_3 mshA_4 mshA_5
[11:38:46] Fixed 3 duplicate /gene - linX_1 linX_2 linX_3
[11:38:46] Fixed 2 duplicate /gene - davT_1 davT_2
[11:38:46] Fixed 2 duplicate /gene - glnB_1 glnB_2
[11:38:46] Fixed 2 duplicate /gene - caiA_1 caiA_2
[11:38:46] Fixed 6 duplicate /gene - bbsF_1 bbsF_2 bbsF_3 bbsF_4 bbsF_5 bbsF_6
[11:38:46] Fixed 2 duplicate /gene - lcfB_1 lcfB_2
[11:38:46] Fixed 2 duplicate /gene - paaG_1 paaG_2
[11:38:46] Fixed 2 duplicate /gene - kduD_1 kduD_2
[11:38:46] Fixed 2 duplicate /gene - mcm_1 mcm_2
[11:38:46] Fixed 4 duplicate /gene - luxA_1 luxA_2 luxA_3 luxA_4
[11:38:46] Fixed 2 duplicate /gene - pccB_1 pccB_2
[11:38:46] Fixed 2 duplicate /gene - pamO_1 pamO_2
[11:38:46] Fixed 4 duplicate /gene - crt_1 crt_2 crt_3 crt_4
[11:38:46] Fixed 2 duplicate /gene - tesB_1 tesB_2
[11:38:46] Fixed 56 colliding /gene names.
[11:38:46] Adding /locus_tag identifiers
[11:38:46] Assigned 1135 locus_tags to CDS and RNA features.
[11:38:46] Writing outputs to /home/tola2495/GenomeAnalysisVT2022/analyses/05_annotation/prokka/RR4342129_Bacteria/bin_12.fa/
[11:38:46] Generating annotation statistics file
[11:38:46] Generating Genbank and Sequin files
[11:38:46] Running: tbl2asn -V b -a r10k -l paired-ends -M n -N 1 -y 'Annotated using prokka 1.14.6 from https://github.com/tseemann/prokka' -Z \/home\/tola2495\/GenomeAnalysisVT2022\/analyses\/05_annotation\/prokka\/RR4342129_Bacteria\/bin_12\.fa\/RR4342129_Bacteria\.err -i \/home\/tola2495\/GenomeAnalysisVT2022\/analyses\/05_annotation\/prokka\/RR4342129_Bacteria\/bin_12\.fa\/RR4342129_Bacteria\.fsa 2> /dev/null
[11:38:49] Deleting unwanted file: /home/tola2495/GenomeAnalysisVT2022/analyses/05_annotation/prokka/RR4342129_Bacteria/bin_12.fa/errorsummary.val
[11:38:49] Deleting unwanted file: /home/tola2495/GenomeAnalysisVT2022/analyses/05_annotation/prokka/RR4342129_Bacteria/bin_12.fa/RR4342129_Bacteria.dr
[11:38:49] Deleting unwanted file: /home/tola2495/GenomeAnalysisVT2022/analyses/05_annotation/prokka/RR4342129_Bacteria/bin_12.fa/RR4342129_Bacteria.fixedproducts
[11:38:49] Deleting unwanted file: /home/tola2495/GenomeAnalysisVT2022/analyses/05_annotation/prokka/RR4342129_Bacteria/bin_12.fa/RR4342129_Bacteria.ecn
[11:38:49] Deleting unwanted file: /home/tola2495/GenomeAnalysisVT2022/analyses/05_annotation/prokka/RR4342129_Bacteria/bin_12.fa/RR4342129_Bacteria.val
[11:38:49] Repairing broken .GBK output that tbl2asn produces...
[11:38:49] Running: sed 's/COORDINATES: profile/COORDINATES:profile/' < \/home\/tola2495\/GenomeAnalysisVT2022\/analyses\/05_annotation\/prokka\/RR4342129_Bacteria\/bin_12\.fa\/RR4342129_Bacteria\.gbf > \/home\/tola2495\/GenomeAnalysisVT2022\/analyses\/05_annotation\/prokka\/RR4342129_Bacteria\/bin_12\.fa\/RR4342129_Bacteria\.gbk
[11:38:49] Deleting unwanted file: /home/tola2495/GenomeAnalysisVT2022/analyses/05_annotation/prokka/RR4342129_Bacteria/bin_12.fa/RR4342129_Bacteria.gbf
[11:38:49] Output files:
[11:38:49] /home/tola2495/GenomeAnalysisVT2022/analyses/05_annotation/prokka/RR4342129_Bacteria/bin_12.fa/RR4342129_Bacteria.log
[11:38:49] /home/tola2495/GenomeAnalysisVT2022/analyses/05_annotation/prokka/RR4342129_Bacteria/bin_12.fa/RR4342129_Bacteria.fna
[11:38:49] /home/tola2495/GenomeAnalysisVT2022/analyses/05_annotation/prokka/RR4342129_Bacteria/bin_12.fa/RR4342129_Bacteria.gff
[11:38:49] /home/tola2495/GenomeAnalysisVT2022/analyses/05_annotation/prokka/RR4342129_Bacteria/bin_12.fa/RR4342129_Bacteria.faa
[11:38:49] /home/tola2495/GenomeAnalysisVT2022/analyses/05_annotation/prokka/RR4342129_Bacteria/bin_12.fa/RR4342129_Bacteria.ffn
[11:38:49] /home/tola2495/GenomeAnalysisVT2022/analyses/05_annotation/prokka/RR4342129_Bacteria/bin_12.fa/RR4342129_Bacteria.tbl
[11:38:49] /home/tola2495/GenomeAnalysisVT2022/analyses/05_annotation/prokka/RR4342129_Bacteria/bin_12.fa/RR4342129_Bacteria.fsa
[11:38:49] /home/tola2495/GenomeAnalysisVT2022/analyses/05_annotation/prokka/RR4342129_Bacteria/bin_12.fa/RR4342129_Bacteria.tsv
[11:38:49] /home/tola2495/GenomeAnalysisVT2022/analyses/05_annotation/prokka/RR4342129_Bacteria/bin_12.fa/RR4342129_Bacteria.txt
[11:38:49] /home/tola2495/GenomeAnalysisVT2022/analyses/05_annotation/prokka/RR4342129_Bacteria/bin_12.fa/RR4342129_Bacteria.gbk
[11:38:49] /home/tola2495/GenomeAnalysisVT2022/analyses/05_annotation/prokka/RR4342129_Bacteria/bin_12.fa/RR4342129_Bacteria.sqn
[11:38:49] /home/tola2495/GenomeAnalysisVT2022/analyses/05_annotation/prokka/RR4342129_Bacteria/bin_12.fa/RR4342129_Bacteria.err
[11:38:49] Annotation finished successfully.
[11:38:49] Walltime used: 1.98 minutes
[11:38:49] If you use this result please cite the Prokka paper:
[11:38:49] Seemann T (2014) Prokka: rapid prokaryotic genome annotation. Bioinformatics. 30(14):2068-9.
[11:38:49] Type 'prokka --citation' for more details.
[11:38:49] Share and enjoy!
