[01:19:09] This is prokka 1.14.6
[01:19:09] Written by Torsten Seemann <torsten.seemann@gmail.com>
[01:19:09] Homepage is https://github.com/tseemann/prokka
[01:19:09] Local time is Thu May 12 01:19:09 2022
[01:19:09] You are tola2495
[01:19:09] Operating system is linux
[01:19:09] You have BioPerl 1.007001
[01:19:09] System has 16 cores.
[01:19:09] Will use maximum of 2 cores.
[01:19:09] Annotating as >>> Archaea <<<
[01:19:09] Generating locus_tag from 'bin_17.fa' contents.
[01:19:09] Setting --locustag IMNPCLEO from MD5 2679c5e83ec3768234c99efe8ab67779
[01:19:09] Creating new output folder: /home/tola2495/GenomeAnalysisVT2022/analyses/05_annotation/prokka/RR4342129_Archaea/bin_17.fa
[01:19:09] Running: mkdir -p \/home\/tola2495\/GenomeAnalysisVT2022\/analyses\/05_annotation\/prokka\/RR4342129_Archaea\/bin_17\.fa
[01:19:09] Using filename prefix: RR4342129_Archaea.XXX
[01:19:09] Setting HMMER_NCPU=1
[01:19:09] Writing log to: /home/tola2495/GenomeAnalysisVT2022/analyses/05_annotation/prokka/RR4342129_Archaea/bin_17.fa/RR4342129_Archaea.log
[01:19:09] Command: /sw/bioinfo/prokka/1.45-5b58020/snowy/bin/prokka --metagenome --cpus 2 --kingdom Archaea --prefix RR4342129_Archaea --outdir /home/tola2495/GenomeAnalysisVT2022/analyses/05_annotation/prokka/RR4342129_Archaea/bin_17.fa bin_17.fa
[01:19:09] Appending to PATH: /sw/bioinfo/prokka/1.45-5b58020/rackham/bin/../binaries/linux
[01:19:09] Appending to PATH: /sw/bioinfo/prokka/1.45-5b58020/rackham/bin/../binaries/linux/../common
[01:19:09] Appending to PATH: /sw/bioinfo/prokka/1.45-5b58020/rackham/bin
[01:19:09] Looking for 'aragorn' - found /sw/bioinfo/prokka/1.45-5b58020/rackham/bin/../binaries/linux/aragorn
[01:19:09] Determined aragorn version is 001002 from 'ARAGORN v1.2.38 Dean Laslett'
[01:19:09] Looking for 'barrnap' - found /sw/bioinfo/barrnap/0.8/snowy/bin/barrnap
[01:19:10] Determined barrnap version is 000008 from 'barrnap 0.8'
[01:19:10] Looking for 'blastp' - found /sw/bioinfo/blast/2.11.0+/snowy/bin/blastp
[01:19:10] Determined blastp version is 002011 from 'blastp: 2.11.0+'
[01:19:10] Looking for 'cmpress' - found /sw/bioinfo/prokka/1.45-5b58020/rackham/bin/../binaries/linux/cmpress
[01:19:10] Determined cmpress version is 001001 from '# INFERNAL 1.1.2 (July 2016)'
[01:19:10] Looking for 'cmscan' - found /sw/bioinfo/prokka/1.45-5b58020/rackham/bin/../binaries/linux/cmscan
[01:19:10] Determined cmscan version is 001001 from '# INFERNAL 1.1.2 (July 2016)'
[01:19:10] Looking for 'egrep' - found /usr/bin/egrep
[01:19:10] Looking for 'find' - found /usr/bin/find
[01:19:10] Looking for 'grep' - found /usr/bin/grep
[01:19:10] Looking for 'hmmpress' - found /sw/apps/bioinfo/hmmer/3.1b2/snowy/bin/hmmpress
[01:19:10] Determined hmmpress version is 003001 from '# HMMER 3.1b2 (February 2015); http://hmmer.org/'
[01:19:10] Looking for 'hmmscan' - found /sw/apps/bioinfo/hmmer/3.1b2/snowy/bin/hmmscan
[01:19:10] Determined hmmscan version is 003001 from '# HMMER 3.1b2 (February 2015); http://hmmer.org/'
[01:19:10] Looking for 'java' - found /usr/bin/java
[01:19:10] Looking for 'makeblastdb' - found /sw/bioinfo/blast/2.11.0+/snowy/bin/makeblastdb
[01:19:11] Determined makeblastdb version is 002011 from 'makeblastdb: 2.11.0+'
[01:19:11] Looking for 'minced' - found /sw/apps/bioinfo/minced/0.2.0/snowy/minced
[01:19:11] Determined minced version is 002000 from 'minced 0.2.0'
[01:19:11] Looking for 'parallel' - found /sw/parallel/gnuparallel/20170122/snowy/bin/parallel
[01:19:11] Determined parallel version is 20170122 from 'GNU parallel 20170122'
[01:19:11] Looking for 'prodigal' - found /sw/apps/bioinfo/prodigal/2.6.3/snowy/bin/prodigal
[01:19:12] Determined prodigal version is 002006 from 'Prodigal V2.6.3: February, 2016'
[01:19:12] Looking for 'prokka-genbank_to_fasta_db' - found /sw/bioinfo/prokka/1.45-5b58020/snowy/bin/prokka-genbank_to_fasta_db
[01:19:12] Looking for 'sed' - found /usr/bin/sed
[01:19:12] Looking for 'signalp' - found /sw/bioinfo/SignalP/4.1f/snowy/signalp
[01:19:12] Determined signalp version is 004001 from '4.1 6204265'
[01:19:12] Looking for 'tbl2asn' - found /sw/bioinfo/tbl2asn/25.8/snowy/tbl2asn
[01:19:12] Determined tbl2asn version is 025008 from 'tbl2asn 25.8   arguments:'
[01:19:12] Using genetic code table 11.
[01:19:12] Loading and checking input file: bin_17.fa
[01:19:12] Wrote 274 contigs totalling 985079 bp.
[01:19:12] Predicting tRNAs and tmRNAs
[01:19:12] Running: aragorn -l -gc11  -w \/home\/tola2495\/GenomeAnalysisVT2022\/analyses\/05_annotation\/prokka\/RR4342129_Archaea\/bin_17\.fa\/RR4342129_Archaea\.fna
[01:19:12] 1 tRNA-Ser c[2470,2555] 35 (cga)
[01:19:12] 1 tRNA-Ile c[2619,2696] 36 (gat)
[01:19:12] 1 tRNA-Leu c[444,528] 35 (tag)
[01:19:12] 1 tRNA-Met [7081,7157] 35 (cat)
[01:19:12] 1 tRNA-Gly c[5153,5227] 34 (gcc)
[01:19:12] 1 tRNA-Pro [4964,5041] 37 (ggg)
[01:19:12] 1 tRNA-Arg c[1252,1328] 36 (gcg)
[01:19:12] 1 tRNA-Thr c[1192,1268] 35 (tgt)
[01:19:12] 1 tRNA-Gln [3137,3212] 35 (ttg)
[01:19:12] 1 tRNA-Arg [6814,6891] 36 (cct)
[01:19:12] 2 tRNA-Asp [9138,9213] 35 (gtc)
[01:19:12] 1 tRNA-Leu [264,348] 35 (gag)
[01:19:12] 1 tRNA-Asn [3136,3211] 34 (gtt)
[01:19:12] 1 tRNA-Arg [833,909] 36 (tct)
[01:19:12] 1 tRNA-Phe [5921,5996] 34 (gaa)
[01:19:12] 1 tRNA-Gly [6510,6583] 33 (tcc)
[01:19:12] 1 tRNA-Leu [1160,1244] 35 (taa)
[01:19:12] 1 tRNA-Glu [3454,3531] 37 (ctc)
[01:19:12] 1 tRNA-Glu c[2949,3026] 37 (ttc)
[01:19:12] 2 tRNA-Glu [3155,3232] 37 (ttc)
[01:19:12] 1 tRNA-Val [3941,4016] 34 (tac)
[01:19:12] 1 tRNA-Thr c[780,854] 33 (ggt)
[01:19:12] 2 tRNA-Ser [981,1066] 35 (gga)
[01:19:12] 1 tRNA-Ser [2642,2728] 36 (gct)
[01:19:12] 1 tRNA-Lys [26,101] 35 (ttt)
[01:19:12] 1 tRNA-Ser [1744,1829] 35 (tga)
[01:19:12] Found 26 tRNAs
[01:19:12] Predicting Ribosomal RNAs
[01:19:12] Running Barrnap with 2 threads
[01:19:13] Found 0 rRNAs
[01:19:13] Skipping ncRNA search, enable with --rfam if desired.
[01:19:13] Total of 26 tRNA + rRNA features
[01:19:13] Searching for CRISPR repeats
[01:19:13] Found 0 CRISPRs
[01:19:13] Predicting coding sequences
[01:19:13] Contigs total 985079 bp, so using meta mode
[01:19:13] Running: prodigal -i \/home\/tola2495\/GenomeAnalysisVT2022\/analyses\/05_annotation\/prokka\/RR4342129_Archaea\/bin_17\.fa\/RR4342129_Archaea\.fna -c -m -g 11 -p meta -f sco -q
[01:19:14] Excluding CDS which overlaps existing RNA (tRNA) at k105_89939:2682..2780 on - strand
[01:19:15] Excluding CDS which overlaps existing RNA (tRNA) at k105_31341:182..352 on - strand
[01:19:17] Found 897 CDS
[01:19:17] Connecting features back to sequences
[01:19:17] Not using genus-specific database. Try --usegenus to enable it.
[01:19:17] Annotating CDS, please be patient.
[01:19:17] Will use 2 CPUs for similarity searching.
[01:19:17] There are still 897 unannotated CDS left (started with 897)
[01:19:17] Will use blast to search against /sw/bioinfo/prokka/1.45-5b58020/rackham/db/kingdom/Archaea/sprot with 2 CPUs
[01:19:17] Running: cat \/home\/tola2495\/GenomeAnalysisVT2022\/analyses\/05_annotation\/prokka\/RR4342129_Archaea\/bin_17\.fa\/RR4342129_Archaea\.sprot\.tmp\.28970\.faa | parallel --gnu --plain -j 2 --block 64218 --recstart '>' --pipe blastp -query - -db /sw/bioinfo/prokka/1.45-5b58020/rackham/db/kingdom/Archaea/sprot -evalue 1e-09 -qcov_hsp_perc 80 -num_threads 1 -num_descriptions 1 -num_alignments 1 -seg no > \/home\/tola2495\/GenomeAnalysisVT2022\/analyses\/05_annotation\/prokka\/RR4342129_Archaea\/bin_17\.fa\/RR4342129_Archaea\.sprot\.tmp\.28970\.blast 2> /dev/null
[01:19:24] Modify product: Probable 6-oxopurine nucleoside phosphorylase => putative 6-oxopurine nucleoside phosphorylase
[01:19:25] Modify product: UPF0200/UPF0201 protein AF_1395 => hypothetical protein
[01:19:25] Modify product: Probable cyclic pyranopterin monophosphate synthase => putative cyclic pyranopterin monophosphate synthase
[01:19:25] Modify product: Probable tRNA pseudouridine synthase D => putative tRNA pseudouridine synthase D
[01:19:25] Modify product: Uncharacterized HTH-type transcriptional regulator PH1519 => putative HTH-type transcriptional regulator
[01:19:25] Modify product: Bifunctional protein FolD => Bifunctional protein FolD protein
[01:19:25] Modify product: Uncharacterized ABC transporter ATP-binding protein MJ0796 => putative ABC transporter ATP-binding protein
[01:19:25] Modify product: Uncharacterized ABC transporter ATP-binding protein MJ0796 => putative ABC transporter ATP-binding protein
[01:19:25] Modify product: Uncharacterized ABC transporter ATP-binding protein MJ0796 => putative ABC transporter ATP-binding protein
[01:19:25] Modify product: Protein pelota homolog => Protein pelota 
[01:19:25] Modify product: Probable aminomethyltransferase => putative aminomethyltransferase
[01:19:25] Modify product: GPN-loop GTPase PAB0955 => GPN-loop GTPase
[01:19:25] Modify product: Probable tRNA pseudouridine synthase B => putative tRNA pseudouridine synthase B
[01:19:25] Modify product: Uncharacterized HTH-type transcriptional regulator PH0140 => putative HTH-type transcriptional regulator
[01:19:25] Modify product: Probable deoxyhypusine synthase => putative deoxyhypusine synthase
[01:19:25] Modify product: Protein translation factor SUI1 homolog => Protein translation factor SUI1 
[01:19:25] Modify product: ATP-dependent DNA helicase Ta0057 => ATP-dependent DNA helicase
[01:19:25] Cleaned 17 /product names
[01:19:25] Deleting unwanted file: /home/tola2495/GenomeAnalysisVT2022/analyses/05_annotation/prokka/RR4342129_Archaea/bin_17.fa/RR4342129_Archaea.sprot.tmp.28970.faa
[01:19:25] Deleting unwanted file: /home/tola2495/GenomeAnalysisVT2022/analyses/05_annotation/prokka/RR4342129_Archaea/bin_17.fa/RR4342129_Archaea.sprot.tmp.28970.blast
[01:19:25] There are still 711 unannotated CDS left (started with 897)
[01:19:25] Will use hmmer3 to search against /sw/bioinfo/prokka/1.45-5b58020/rackham/db/hmm/HAMAP.hmm with 2 CPUs
[01:19:25] Running: cat \/home\/tola2495\/GenomeAnalysisVT2022\/analyses\/05_annotation\/prokka\/RR4342129_Archaea\/bin_17\.fa\/RR4342129_Archaea\.HAMAP\.hmm\.tmp\.28970\.faa | parallel --gnu --plain -j 2 --block 50289 --recstart '>' --pipe hmmscan --noali --notextw --acc -E 1e-09 --cpu 1 /sw/bioinfo/prokka/1.45-5b58020/rackham/db/hmm/HAMAP.hmm /dev/stdin > \/home\/tola2495\/GenomeAnalysisVT2022\/analyses\/05_annotation\/prokka\/RR4342129_Archaea\/bin_17\.fa\/RR4342129_Archaea\.HAMAP\.hmm\.tmp\.28970\.hmmer3 2> /dev/null
[01:20:01] Deleting unwanted file: /home/tola2495/GenomeAnalysisVT2022/analyses/05_annotation/prokka/RR4342129_Archaea/bin_17.fa/RR4342129_Archaea.HAMAP.hmm.tmp.28970.faa
[01:20:01] Deleting unwanted file: /home/tola2495/GenomeAnalysisVT2022/analyses/05_annotation/prokka/RR4342129_Archaea/bin_17.fa/RR4342129_Archaea.HAMAP.hmm.tmp.28970.hmmer3
[01:20:01] Labelling remaining 560 proteins as 'hypothetical protein'
[01:20:01] Possible /pseudo 'DNA-directed RNA polymerase subunit beta'' at k105_23622 position 2469
[01:20:01] Possible /pseudo 'Vitamin B12 import ATP-binding protein BtuD' at k105_41183 position 1840
[01:20:01] Found 232 unique /gene codes.
[01:20:01] Fixed 2 duplicate /gene - pyrE_1 pyrE_2
[01:20:01] Fixed 2 duplicate /gene - mdtG_1 mdtG_2
[01:20:01] Fixed 2 duplicate /gene - nfuA_1 nfuA_2
[01:20:01] Fixed 2 duplicate /gene - rsxB_1 rsxB_2
[01:20:01] Fixed 3 duplicate /gene - gpsA_1 gpsA_2 gpsA_3
[01:20:01] Fixed 8 duplicate /gene - btuD_1 btuD_2 btuD_3 btuD_4 btuD_5 btuD_6 btuD_7 btuD_8
[01:20:01] Fixed 3 duplicate /gene - fadA_1 fadA_2 fadA_3
[01:20:01] Fixed 2 duplicate /gene - rfcS_1 rfcS_2
[01:20:01] Fixed 2 duplicate /gene - sufS_1 sufS_2
[01:20:01] Fixed 2 duplicate /gene - fadB_1 fadB_2
[01:20:01] Fixed 2 duplicate /gene - menH_1 menH_2
[01:20:01] Fixed 2 duplicate /gene - FDC1_1 FDC1_2
[01:20:01] Fixed 2 duplicate /gene - tuf_1 tuf_2
[01:20:01] Fixed 2 duplicate /gene - obg_1 obg_2
[01:20:01] Fixed 2 duplicate /gene - purC_1 purC_2
[01:20:01] Fixed 2 duplicate /gene - rpoC_1 rpoC_2
[01:20:01] Fixed 2 duplicate /gene - rps7_1 rps7_2
[01:20:01] Fixed 2 duplicate /gene - cct1_1 cct1_2
[01:20:01] Fixed 2 duplicate /gene - hldD_1 hldD_2
[01:20:01] Fixed 2 duplicate /gene - tfb_1 tfb_2
[01:20:01] Fixed 2 duplicate /gene - eif2g_1 eif2g_2
[01:20:01] Fixed 2 duplicate /gene - rhaD_1 rhaD_2
[01:20:01] Fixed 3 duplicate /gene - tfrA_1 tfrA_2 tfrA_3
[01:20:01] Fixed 2 duplicate /gene - thyA_1 thyA_2
[01:20:01] Fixed 4 duplicate /gene - caiA_1 caiA_2 caiA_3 caiA_4
[01:20:01] Fixed 2 duplicate /gene - trmJ_1 trmJ_2
[01:20:01] Fixed 2 duplicate /gene - lysJ_1 lysJ_2
[01:20:01] Fixed 2 duplicate /gene - cutA_1 cutA_2
[01:20:01] Fixed 2 duplicate /gene - trm1_1 trm1_2
[01:20:01] Fixed 2 duplicate /gene - dnaJ_1 dnaJ_2
[01:20:01] Fixed 30 colliding /gene names.
[01:20:01] Adding /locus_tag identifiers
[01:20:01] Assigned 923 locus_tags to CDS and RNA features.
[01:20:01] Writing outputs to /home/tola2495/GenomeAnalysisVT2022/analyses/05_annotation/prokka/RR4342129_Archaea/bin_17.fa/
[01:20:02] Generating annotation statistics file
[01:20:02] Generating Genbank and Sequin files
[01:20:02] Running: tbl2asn -V b -a r10k -l paired-ends -M n -N 1 -y 'Annotated using prokka 1.14.6 from https://github.com/tseemann/prokka' -Z \/home\/tola2495\/GenomeAnalysisVT2022\/analyses\/05_annotation\/prokka\/RR4342129_Archaea\/bin_17\.fa\/RR4342129_Archaea\.err -i \/home\/tola2495\/GenomeAnalysisVT2022\/analyses\/05_annotation\/prokka\/RR4342129_Archaea\/bin_17\.fa\/RR4342129_Archaea\.fsa 2> /dev/null
[01:20:04] Deleting unwanted file: /home/tola2495/GenomeAnalysisVT2022/analyses/05_annotation/prokka/RR4342129_Archaea/bin_17.fa/errorsummary.val
[01:20:04] Deleting unwanted file: /home/tola2495/GenomeAnalysisVT2022/analyses/05_annotation/prokka/RR4342129_Archaea/bin_17.fa/RR4342129_Archaea.dr
[01:20:04] Deleting unwanted file: /home/tola2495/GenomeAnalysisVT2022/analyses/05_annotation/prokka/RR4342129_Archaea/bin_17.fa/RR4342129_Archaea.fixedproducts
[01:20:04] Deleting unwanted file: /home/tola2495/GenomeAnalysisVT2022/analyses/05_annotation/prokka/RR4342129_Archaea/bin_17.fa/RR4342129_Archaea.ecn
[01:20:04] Deleting unwanted file: /home/tola2495/GenomeAnalysisVT2022/analyses/05_annotation/prokka/RR4342129_Archaea/bin_17.fa/RR4342129_Archaea.val
[01:20:04] Repairing broken .GBK output that tbl2asn produces...
[01:20:04] Running: sed 's/COORDINATES: profile/COORDINATES:profile/' < \/home\/tola2495\/GenomeAnalysisVT2022\/analyses\/05_annotation\/prokka\/RR4342129_Archaea\/bin_17\.fa\/RR4342129_Archaea\.gbf > \/home\/tola2495\/GenomeAnalysisVT2022\/analyses\/05_annotation\/prokka\/RR4342129_Archaea\/bin_17\.fa\/RR4342129_Archaea\.gbk
[01:20:04] Deleting unwanted file: /home/tola2495/GenomeAnalysisVT2022/analyses/05_annotation/prokka/RR4342129_Archaea/bin_17.fa/RR4342129_Archaea.gbf
[01:20:04] Output files:
[01:20:04] /home/tola2495/GenomeAnalysisVT2022/analyses/05_annotation/prokka/RR4342129_Archaea/bin_17.fa/RR4342129_Archaea.log
[01:20:04] /home/tola2495/GenomeAnalysisVT2022/analyses/05_annotation/prokka/RR4342129_Archaea/bin_17.fa/RR4342129_Archaea.fna
[01:20:04] /home/tola2495/GenomeAnalysisVT2022/analyses/05_annotation/prokka/RR4342129_Archaea/bin_17.fa/RR4342129_Archaea.gff
[01:20:04] /home/tola2495/GenomeAnalysisVT2022/analyses/05_annotation/prokka/RR4342129_Archaea/bin_17.fa/RR4342129_Archaea.faa
[01:20:04] /home/tola2495/GenomeAnalysisVT2022/analyses/05_annotation/prokka/RR4342129_Archaea/bin_17.fa/RR4342129_Archaea.ffn
[01:20:04] /home/tola2495/GenomeAnalysisVT2022/analyses/05_annotation/prokka/RR4342129_Archaea/bin_17.fa/RR4342129_Archaea.tbl
[01:20:04] /home/tola2495/GenomeAnalysisVT2022/analyses/05_annotation/prokka/RR4342129_Archaea/bin_17.fa/RR4342129_Archaea.fsa
[01:20:04] /home/tola2495/GenomeAnalysisVT2022/analyses/05_annotation/prokka/RR4342129_Archaea/bin_17.fa/RR4342129_Archaea.tsv
[01:20:04] /home/tola2495/GenomeAnalysisVT2022/analyses/05_annotation/prokka/RR4342129_Archaea/bin_17.fa/RR4342129_Archaea.txt
[01:20:04] /home/tola2495/GenomeAnalysisVT2022/analyses/05_annotation/prokka/RR4342129_Archaea/bin_17.fa/RR4342129_Archaea.sqn
[01:20:04] /home/tola2495/GenomeAnalysisVT2022/analyses/05_annotation/prokka/RR4342129_Archaea/bin_17.fa/RR4342129_Archaea.gbk
[01:20:04] /home/tola2495/GenomeAnalysisVT2022/analyses/05_annotation/prokka/RR4342129_Archaea/bin_17.fa/RR4342129_Archaea.err
[01:20:04] Annotation finished successfully.
[01:20:04] Walltime used: 0.92 minutes
[01:20:04] If you use this result please cite the Prokka paper:
[01:20:04] Seemann T (2014) Prokka: rapid prokaryotic genome annotation. Bioinformatics. 30(14):2068-9.
[01:20:04] Type 'prokka --citation' for more details.
[01:20:04] Share and enjoy!
