[18:05:33] This is prokka 1.14.6
[18:05:33] Written by Torsten Seemann <torsten.seemann@gmail.com>
[18:05:33] Homepage is https://github.com/tseemann/prokka
[18:05:33] Local time is Tue May  3 18:05:33 2022
[18:05:33] You are tola2495
[18:05:33] Operating system is linux
[18:05:33] You have BioPerl 1.007001
[18:05:33] System has 16 cores.
[18:05:33] Will use maximum of 2 cores.
[18:05:33] Annotating as >>> Archaea <<<
[18:05:33] Generating locus_tag from 'bin_9.fa' contents.
[18:05:33] Setting --locustag HFJMLBNO from MD5 1f365b7854075b7d0d153775ebed4a85
[18:05:33] Creating new output folder: /home/tola2495/GenomeAnalysisVT2022/analyses/05_annotation/prokka/RR4342133_Archaea/bin_9.fa
[18:05:33] Running: mkdir -p \/home\/tola2495\/GenomeAnalysisVT2022\/analyses\/05_annotation\/prokka\/RR4342133_Archaea\/bin_9\.fa
[18:05:33] Using filename prefix: RR4342133_Archaea.XXX
[18:05:33] Setting HMMER_NCPU=1
[18:05:33] Writing log to: /home/tola2495/GenomeAnalysisVT2022/analyses/05_annotation/prokka/RR4342133_Archaea/bin_9.fa/RR4342133_Archaea.log
[18:05:33] Command: /sw/bioinfo/prokka/1.45-5b58020/snowy/bin/prokka --metagenome --cpus 2 --kingdom Archaea --prefix RR4342133_Archaea --outdir /home/tola2495/GenomeAnalysisVT2022/analyses/05_annotation/prokka/RR4342133_Archaea/bin_9.fa bin_9.fa
[18:05:33] Appending to PATH: /sw/bioinfo/prokka/1.45-5b58020/rackham/bin/../binaries/linux
[18:05:33] Appending to PATH: /sw/bioinfo/prokka/1.45-5b58020/rackham/bin/../binaries/linux/../common
[18:05:33] Appending to PATH: /sw/bioinfo/prokka/1.45-5b58020/rackham/bin
[18:05:33] Looking for 'aragorn' - found /sw/bioinfo/prokka/1.45-5b58020/rackham/bin/../binaries/linux/aragorn
[18:05:33] Determined aragorn version is 001002 from 'ARAGORN v1.2.38 Dean Laslett'
[18:05:33] Looking for 'barrnap' - found /sw/bioinfo/barrnap/0.8/snowy/bin/barrnap
[18:05:33] Determined barrnap version is 000008 from 'barrnap 0.8'
[18:05:33] Looking for 'blastp' - found /sw/bioinfo/blast/2.11.0+/snowy/bin/blastp
[18:05:34] Determined blastp version is 002011 from 'blastp: 2.11.0+'
[18:05:34] Looking for 'cmpress' - found /sw/bioinfo/prokka/1.45-5b58020/rackham/bin/../binaries/linux/cmpress
[18:05:34] Determined cmpress version is 001001 from '# INFERNAL 1.1.2 (July 2016)'
[18:05:34] Looking for 'cmscan' - found /sw/bioinfo/prokka/1.45-5b58020/rackham/bin/../binaries/linux/cmscan
[18:05:34] Determined cmscan version is 001001 from '# INFERNAL 1.1.2 (July 2016)'
[18:05:34] Looking for 'egrep' - found /usr/bin/egrep
[18:05:34] Looking for 'find' - found /usr/bin/find
[18:05:34] Looking for 'grep' - found /usr/bin/grep
[18:05:34] Looking for 'hmmpress' - found /sw/apps/bioinfo/hmmer/3.1b2/snowy/bin/hmmpress
[18:05:34] Determined hmmpress version is 003001 from '# HMMER 3.1b2 (February 2015); http://hmmer.org/'
[18:05:34] Looking for 'hmmscan' - found /sw/apps/bioinfo/hmmer/3.1b2/snowy/bin/hmmscan
[18:05:34] Determined hmmscan version is 003001 from '# HMMER 3.1b2 (February 2015); http://hmmer.org/'
[18:05:34] Looking for 'java' - found /usr/bin/java
[18:05:34] Looking for 'makeblastdb' - found /sw/bioinfo/blast/2.11.0+/snowy/bin/makeblastdb
[18:05:34] Determined makeblastdb version is 002011 from 'makeblastdb: 2.11.0+'
[18:05:34] Looking for 'minced' - found /sw/apps/bioinfo/minced/0.2.0/snowy/minced
[18:05:35] Determined minced version is 002000 from 'minced 0.2.0'
[18:05:35] Looking for 'parallel' - found /sw/parallel/gnuparallel/20170122/snowy/bin/parallel
[18:05:35] Determined parallel version is 20170122 from 'GNU parallel 20170122'
[18:05:35] Looking for 'prodigal' - found /sw/apps/bioinfo/prodigal/2.6.3/snowy/bin/prodigal
[18:05:35] Determined prodigal version is 002006 from 'Prodigal V2.6.3: February, 2016'
[18:05:35] Looking for 'prokka-genbank_to_fasta_db' - found /sw/bioinfo/prokka/1.45-5b58020/snowy/bin/prokka-genbank_to_fasta_db
[18:05:35] Looking for 'sed' - found /usr/bin/sed
[18:05:35] Looking for 'signalp' - found /sw/bioinfo/SignalP/4.1f/snowy/signalp
[18:05:35] Determined signalp version is 004001 from '4.1 6184308'
[18:05:35] Looking for 'tbl2asn' - found /sw/bioinfo/tbl2asn/25.8/snowy/tbl2asn
[18:05:35] Determined tbl2asn version is 025008 from 'tbl2asn 25.8   arguments:'
[18:05:35] Using genetic code table 11.
[18:05:35] Loading and checking input file: bin_9.fa
[18:05:35] Wrote 100 contigs totalling 308282 bp.
[18:05:35] Predicting tRNAs and tmRNAs
[18:05:35] Running: aragorn -l -gc11  -w \/home\/tola2495\/GenomeAnalysisVT2022\/analyses\/05_annotation\/prokka\/RR4342133_Archaea\/bin_9\.fa\/RR4342133_Archaea\.fna
[18:05:35] 1 tRNA-Ser [1867,1956] 37 (gga)
[18:05:35] 2 tRNA-Ser [1970,2056] 35 (tga)
[18:05:35] 1 tRNA-Val c[10002,10076] 35 (tac)
[18:05:35] 1 tRNA-Arg c[20171,20245] 35 (acg)
[18:05:35] 1 tRNA-Met c[1106,1180] 35 (cat)
[18:05:35] 2 tRNA-Thr c[1202,1275] 34 (ggt)
[18:05:35] 3 tRNA-Tyr c[1279,1361] 35 (gta)
[18:05:35] 1 tRNA-Glu c[1592,1665] 35 (ctc)
[18:05:35] Found 8 tRNAs
[18:05:35] Predicting Ribosomal RNAs
[18:05:35] Running Barrnap with 2 threads
[18:05:35] Found 0 rRNAs
[18:05:35] Skipping ncRNA search, enable with --rfam if desired.
[18:05:35] Total of 8 tRNA + rRNA features
[18:05:35] Searching for CRISPR repeats
[18:05:36] Found 0 CRISPRs
[18:05:36] Predicting coding sequences
[18:05:36] Contigs total 308282 bp, so using meta mode
[18:05:36] Running: prodigal -i \/home\/tola2495\/GenomeAnalysisVT2022\/analyses\/05_annotation\/prokka\/RR4342133_Archaea\/bin_9\.fa\/RR4342133_Archaea\.fna -c -m -g 11 -p meta -f sco -q
[18:05:36] Excluding CDS which overlaps existing RNA (tRNA) at k105_80510:987..1592 on + strand
[18:05:36] Found 305 CDS
[18:05:36] Connecting features back to sequences
[18:05:36] Not using genus-specific database. Try --usegenus to enable it.
[18:05:36] Annotating CDS, please be patient.
[18:05:36] Will use 2 CPUs for similarity searching.
[18:05:36] There are still 305 unannotated CDS left (started with 305)
[18:05:36] Will use blast to search against /sw/bioinfo/prokka/1.45-5b58020/rackham/db/kingdom/Archaea/sprot with 2 CPUs
[18:05:36] Running: cat \/home\/tola2495\/GenomeAnalysisVT2022\/analyses\/05_annotation\/prokka\/RR4342133_Archaea\/bin_9\.fa\/RR4342133_Archaea\.sprot\.tmp\.64160\.faa | parallel --gnu --plain -j 2 --block 20103 --recstart '>' --pipe blastp -query - -db /sw/bioinfo/prokka/1.45-5b58020/rackham/db/kingdom/Archaea/sprot -evalue 1e-09 -qcov_hsp_perc 80 -num_threads 1 -num_descriptions 1 -num_alignments 1 -seg no > \/home\/tola2495\/GenomeAnalysisVT2022\/analyses\/05_annotation\/prokka\/RR4342133_Archaea\/bin_9\.fa\/RR4342133_Archaea\.sprot\.tmp\.64160\.blast 2> /dev/null
[18:05:40] Modify product: Uncharacterized ABC transporter ATP-binding protein MJ0796 => putative ABC transporter ATP-binding protein
[18:05:40] Modify product: Probable aminomethyltransferase => putative aminomethyltransferase
[18:05:40] Modify product: Uncharacterized ABC transporter ATP-binding protein MJ0796 => putative ABC transporter ATP-binding protein
[18:05:40] Modify product: Probable branched-chain amino acid transport ATP-binding protein LivG => putative branched-chain amino acid transport ATP-binding protein LivG
[18:05:40] Modify product: Uncharacterized ABC transporter ATP-binding protein MJ0796 => putative ABC transporter ATP-binding protein
[18:05:40] Modify product: Chlorinase MJ1651 => Chlorinase
[18:05:40] Modify product: Probable 6-oxopurine nucleoside phosphorylase => putative 6-oxopurine nucleoside phosphorylase
[18:05:40] Modify product: Probable copper-exporting P-type ATPase => putative copper-exporting P-type ATPase
[18:05:40] Modify product: Probable aspartokinase => putative aspartokinase
[18:05:40] Cleaned 9 /product names
[18:05:40] Deleting unwanted file: /home/tola2495/GenomeAnalysisVT2022/analyses/05_annotation/prokka/RR4342133_Archaea/bin_9.fa/RR4342133_Archaea.sprot.tmp.64160.faa
[18:05:40] Deleting unwanted file: /home/tola2495/GenomeAnalysisVT2022/analyses/05_annotation/prokka/RR4342133_Archaea/bin_9.fa/RR4342133_Archaea.sprot.tmp.64160.blast
[18:05:41] There are still 256 unannotated CDS left (started with 305)
[18:05:41] Will use hmmer3 to search against /sw/bioinfo/prokka/1.45-5b58020/rackham/db/hmm/HAMAP.hmm with 2 CPUs
[18:05:41] Running: cat \/home\/tola2495\/GenomeAnalysisVT2022\/analyses\/05_annotation\/prokka\/RR4342133_Archaea\/bin_9\.fa\/RR4342133_Archaea\.HAMAP\.hmm\.tmp\.64160\.faa | parallel --gnu --plain -j 2 --block 16274 --recstart '>' --pipe hmmscan --noali --notextw --acc -E 1e-09 --cpu 1 /sw/bioinfo/prokka/1.45-5b58020/rackham/db/hmm/HAMAP.hmm /dev/stdin > \/home\/tola2495\/GenomeAnalysisVT2022\/analyses\/05_annotation\/prokka\/RR4342133_Archaea\/bin_9\.fa\/RR4342133_Archaea\.HAMAP\.hmm\.tmp\.64160\.hmmer3 2> /dev/null
[18:05:53] Deleting unwanted file: /home/tola2495/GenomeAnalysisVT2022/analyses/05_annotation/prokka/RR4342133_Archaea/bin_9.fa/RR4342133_Archaea.HAMAP.hmm.tmp.64160.faa
[18:05:53] Deleting unwanted file: /home/tola2495/GenomeAnalysisVT2022/analyses/05_annotation/prokka/RR4342133_Archaea/bin_9.fa/RR4342133_Archaea.HAMAP.hmm.tmp.64160.hmmer3
[18:05:53] Labelling remaining 176 proteins as 'hypothetical protein'
[18:05:53] Found 92 unique /gene codes.
[18:05:53] Fixed 2 duplicate /gene - hcaC_1 hcaC_2
[18:05:53] Fixed 2 duplicate /gene - RBKS_1 RBKS_2
[18:05:53] Fixed 2 duplicate /gene - trmD_1 trmD_2
[18:05:53] Fixed 2 duplicate /gene - hacA_1 hacA_2
[18:05:53] Fixed 2 duplicate /gene - grpE_1 grpE_2
[18:05:53] Fixed 2 duplicate /gene - hldD_1 hldD_2
[18:05:53] Fixed 2 duplicate /gene - dnaK_1 dnaK_2
[18:05:53] Fixed 2 duplicate /gene - lysJ_1 lysJ_2
[18:05:53] Fixed 2 duplicate /gene - ald_1 ald_2
[18:05:53] Fixed 4 duplicate /gene - dnaJ_1 dnaJ_2 dnaJ_3 dnaJ_4
[18:05:53] Fixed 2 duplicate /gene - leuD_1 leuD_2
[18:05:53] Fixed 2 duplicate /gene - ruvB_1 ruvB_2
[18:05:53] Fixed 12 colliding /gene names.
[18:05:53] Adding /locus_tag identifiers
[18:05:53] Assigned 313 locus_tags to CDS and RNA features.
[18:05:53] Writing outputs to /home/tola2495/GenomeAnalysisVT2022/analyses/05_annotation/prokka/RR4342133_Archaea/bin_9.fa/
[18:05:54] Generating annotation statistics file
[18:05:54] Generating Genbank and Sequin files
[18:05:54] Running: tbl2asn -V b -a r10k -l paired-ends -M n -N 1 -y 'Annotated using prokka 1.14.6 from https://github.com/tseemann/prokka' -Z \/home\/tola2495\/GenomeAnalysisVT2022\/analyses\/05_annotation\/prokka\/RR4342133_Archaea\/bin_9\.fa\/RR4342133_Archaea\.err -i \/home\/tola2495\/GenomeAnalysisVT2022\/analyses\/05_annotation\/prokka\/RR4342133_Archaea\/bin_9\.fa\/RR4342133_Archaea\.fsa 2> /dev/null
[18:05:55] Deleting unwanted file: /home/tola2495/GenomeAnalysisVT2022/analyses/05_annotation/prokka/RR4342133_Archaea/bin_9.fa/errorsummary.val
[18:05:55] Deleting unwanted file: /home/tola2495/GenomeAnalysisVT2022/analyses/05_annotation/prokka/RR4342133_Archaea/bin_9.fa/RR4342133_Archaea.dr
[18:05:55] Deleting unwanted file: /home/tola2495/GenomeAnalysisVT2022/analyses/05_annotation/prokka/RR4342133_Archaea/bin_9.fa/RR4342133_Archaea.fixedproducts
[18:05:55] Deleting unwanted file: /home/tola2495/GenomeAnalysisVT2022/analyses/05_annotation/prokka/RR4342133_Archaea/bin_9.fa/RR4342133_Archaea.ecn
[18:05:55] Deleting unwanted file: /home/tola2495/GenomeAnalysisVT2022/analyses/05_annotation/prokka/RR4342133_Archaea/bin_9.fa/RR4342133_Archaea.val
[18:05:55] Repairing broken .GBK output that tbl2asn produces...
[18:05:55] Running: sed 's/COORDINATES: profile/COORDINATES:profile/' < \/home\/tola2495\/GenomeAnalysisVT2022\/analyses\/05_annotation\/prokka\/RR4342133_Archaea\/bin_9\.fa\/RR4342133_Archaea\.gbf > \/home\/tola2495\/GenomeAnalysisVT2022\/analyses\/05_annotation\/prokka\/RR4342133_Archaea\/bin_9\.fa\/RR4342133_Archaea\.gbk
[18:05:55] Deleting unwanted file: /home/tola2495/GenomeAnalysisVT2022/analyses/05_annotation/prokka/RR4342133_Archaea/bin_9.fa/RR4342133_Archaea.gbf
[18:05:55] Output files:
[18:05:55] /home/tola2495/GenomeAnalysisVT2022/analyses/05_annotation/prokka/RR4342133_Archaea/bin_9.fa/RR4342133_Archaea.log
[18:05:55] /home/tola2495/GenomeAnalysisVT2022/analyses/05_annotation/prokka/RR4342133_Archaea/bin_9.fa/RR4342133_Archaea.fna
[18:05:55] /home/tola2495/GenomeAnalysisVT2022/analyses/05_annotation/prokka/RR4342133_Archaea/bin_9.fa/RR4342133_Archaea.gff
[18:05:55] /home/tola2495/GenomeAnalysisVT2022/analyses/05_annotation/prokka/RR4342133_Archaea/bin_9.fa/RR4342133_Archaea.faa
[18:05:55] /home/tola2495/GenomeAnalysisVT2022/analyses/05_annotation/prokka/RR4342133_Archaea/bin_9.fa/RR4342133_Archaea.ffn
[18:05:55] /home/tola2495/GenomeAnalysisVT2022/analyses/05_annotation/prokka/RR4342133_Archaea/bin_9.fa/RR4342133_Archaea.tbl
[18:05:55] /home/tola2495/GenomeAnalysisVT2022/analyses/05_annotation/prokka/RR4342133_Archaea/bin_9.fa/RR4342133_Archaea.fsa
[18:05:55] /home/tola2495/GenomeAnalysisVT2022/analyses/05_annotation/prokka/RR4342133_Archaea/bin_9.fa/RR4342133_Archaea.tsv
[18:05:55] /home/tola2495/GenomeAnalysisVT2022/analyses/05_annotation/prokka/RR4342133_Archaea/bin_9.fa/RR4342133_Archaea.txt
[18:05:55] /home/tola2495/GenomeAnalysisVT2022/analyses/05_annotation/prokka/RR4342133_Archaea/bin_9.fa/RR4342133_Archaea.sqn
[18:05:55] /home/tola2495/GenomeAnalysisVT2022/analyses/05_annotation/prokka/RR4342133_Archaea/bin_9.fa/RR4342133_Archaea.gbk
[18:05:55] /home/tola2495/GenomeAnalysisVT2022/analyses/05_annotation/prokka/RR4342133_Archaea/bin_9.fa/RR4342133_Archaea.err
[18:05:55] Annotation finished successfully.
[18:05:55] Walltime used: 0.37 minutes
[18:05:55] If you use this result please cite the Prokka paper:
[18:05:55] Seemann T (2014) Prokka: rapid prokaryotic genome annotation. Bioinformatics. 30(14):2068-9.
[18:05:55] Type 'prokka --citation' for more details.
[18:05:55] Thank you, come again.
