[01:30:25] This is prokka 1.14.6
[01:30:25] Written by Torsten Seemann <torsten.seemann@gmail.com>
[01:30:25] Homepage is https://github.com/tseemann/prokka
[01:30:25] Local time is Thu May 12 01:30:25 2022
[01:30:25] You are tola2495
[01:30:25] Operating system is linux
[01:30:25] You have BioPerl 1.007001
[01:30:25] System has 16 cores.
[01:30:25] Will use maximum of 2 cores.
[01:30:25] Annotating as >>> Archaea <<<
[01:30:25] Generating locus_tag from 'bin_2.fa' contents.
[01:30:25] Setting --locustag MMNBELJE from MD5 667be53e4de0faeb3307d9b56a425ce1
[01:30:25] Creating new output folder: /home/tola2495/GenomeAnalysisVT2022/analyses/05_annotation/prokka/RR4342129_Archaea/bin_2.fa
[01:30:25] Running: mkdir -p \/home\/tola2495\/GenomeAnalysisVT2022\/analyses\/05_annotation\/prokka\/RR4342129_Archaea\/bin_2\.fa
[01:30:25] Using filename prefix: RR4342129_Archaea.XXX
[01:30:25] Setting HMMER_NCPU=1
[01:30:25] Writing log to: /home/tola2495/GenomeAnalysisVT2022/analyses/05_annotation/prokka/RR4342129_Archaea/bin_2.fa/RR4342129_Archaea.log
[01:30:25] Command: /sw/bioinfo/prokka/1.45-5b58020/snowy/bin/prokka --metagenome --cpus 2 --kingdom Archaea --prefix RR4342129_Archaea --outdir /home/tola2495/GenomeAnalysisVT2022/analyses/05_annotation/prokka/RR4342129_Archaea/bin_2.fa bin_2.fa
[01:30:25] Appending to PATH: /sw/bioinfo/prokka/1.45-5b58020/rackham/bin/../binaries/linux
[01:30:25] Appending to PATH: /sw/bioinfo/prokka/1.45-5b58020/rackham/bin/../binaries/linux/../common
[01:30:25] Appending to PATH: /sw/bioinfo/prokka/1.45-5b58020/rackham/bin
[01:30:25] Looking for 'aragorn' - found /sw/bioinfo/prokka/1.45-5b58020/rackham/bin/../binaries/linux/aragorn
[01:30:25] Determined aragorn version is 001002 from 'ARAGORN v1.2.38 Dean Laslett'
[01:30:25] Looking for 'barrnap' - found /sw/bioinfo/barrnap/0.8/snowy/bin/barrnap
[01:30:25] Determined barrnap version is 000008 from 'barrnap 0.8'
[01:30:25] Looking for 'blastp' - found /sw/bioinfo/blast/2.11.0+/snowy/bin/blastp
[01:30:26] Determined blastp version is 002011 from 'blastp: 2.11.0+'
[01:30:26] Looking for 'cmpress' - found /sw/bioinfo/prokka/1.45-5b58020/rackham/bin/../binaries/linux/cmpress
[01:30:26] Determined cmpress version is 001001 from '# INFERNAL 1.1.2 (July 2016)'
[01:30:26] Looking for 'cmscan' - found /sw/bioinfo/prokka/1.45-5b58020/rackham/bin/../binaries/linux/cmscan
[01:30:26] Determined cmscan version is 001001 from '# INFERNAL 1.1.2 (July 2016)'
[01:30:26] Looking for 'egrep' - found /usr/bin/egrep
[01:30:26] Looking for 'find' - found /usr/bin/find
[01:30:26] Looking for 'grep' - found /usr/bin/grep
[01:30:26] Looking for 'hmmpress' - found /sw/apps/bioinfo/hmmer/3.1b2/snowy/bin/hmmpress
[01:30:26] Determined hmmpress version is 003001 from '# HMMER 3.1b2 (February 2015); http://hmmer.org/'
[01:30:26] Looking for 'hmmscan' - found /sw/apps/bioinfo/hmmer/3.1b2/snowy/bin/hmmscan
[01:30:26] Determined hmmscan version is 003001 from '# HMMER 3.1b2 (February 2015); http://hmmer.org/'
[01:30:26] Looking for 'java' - found /usr/bin/java
[01:30:26] Looking for 'makeblastdb' - found /sw/bioinfo/blast/2.11.0+/snowy/bin/makeblastdb
[01:30:26] Determined makeblastdb version is 002011 from 'makeblastdb: 2.11.0+'
[01:30:26] Looking for 'minced' - found /sw/apps/bioinfo/minced/0.2.0/snowy/minced
[01:30:27] Determined minced version is 002000 from 'minced 0.2.0'
[01:30:27] Looking for 'parallel' - found /sw/parallel/gnuparallel/20170122/snowy/bin/parallel
[01:30:27] Determined parallel version is 20170122 from 'GNU parallel 20170122'
[01:30:27] Looking for 'prodigal' - found /sw/apps/bioinfo/prodigal/2.6.3/snowy/bin/prodigal
[01:30:27] Determined prodigal version is 002006 from 'Prodigal V2.6.3: February, 2016'
[01:30:27] Looking for 'prokka-genbank_to_fasta_db' - found /sw/bioinfo/prokka/1.45-5b58020/snowy/bin/prokka-genbank_to_fasta_db
[01:30:27] Looking for 'sed' - found /usr/bin/sed
[01:30:27] Looking for 'signalp' - found /sw/bioinfo/SignalP/4.1f/snowy/signalp
[01:30:27] Determined signalp version is 004001 from '4.1 6204265'
[01:30:27] Looking for 'tbl2asn' - found /sw/bioinfo/tbl2asn/25.8/snowy/tbl2asn
[01:30:27] Determined tbl2asn version is 025008 from 'tbl2asn 25.8   arguments:'
[01:30:27] Using genetic code table 11.
[01:30:27] Loading and checking input file: bin_2.fa
[01:30:27] Wrote 190 contigs totalling 674290 bp.
[01:30:27] Predicting tRNAs and tmRNAs
[01:30:27] Running: aragorn -l -gc11  -w \/home\/tola2495\/GenomeAnalysisVT2022\/analyses\/05_annotation\/prokka\/RR4342129_Archaea\/bin_2\.fa\/RR4342129_Archaea\.fna
[01:30:27] 1 tRNA-Val c[4010,4085] 36 (tac)
[01:30:27] 1 tRNA-Pro [1877,1953] 35 (tgg)
[01:30:27] 1 tRNA-Cys c[875,946] 33 (gca)
[01:30:27] 1 tRNA-Ser c[760,846] 35 (gct)
[01:30:27] 1 tRNA-Gly c[2236,2312] 36 (gcc)
[01:30:27] 1 tRNA-Asn [2513,2587] 35 (gtt)
[01:30:27] 1 tRNA-Gln c[3599,3672] 35 (ttg)
[01:30:27] 1 tRNA-Leu [10163,10248] 37 (gag)
[01:30:27] 1 tRNA-Thr [1366,1439] 35 (cgt)
[01:30:27] 1 tRNA-Arg c[1916,1991] 36 (tct)
[01:30:27] 1 tRNA-Gln c[1628,1716] 28 (ctg)
[01:30:27] 1 tRNA-Glu [1274,1349] 37 (ctc)
[01:30:27] 1 tRNA-Ala c[1952,2026] 35 (ggc)
[01:30:27] 1 tRNA-His [4155,4227] 34 (gtg)
[01:30:27] 1 tRNA-Pro c[2497,2570] 35 (ggg)
[01:30:27] Found 15 tRNAs
[01:30:27] Predicting Ribosomal RNAs
[01:30:27] Running Barrnap with 2 threads
[01:30:28] Found 0 rRNAs
[01:30:28] Skipping ncRNA search, enable with --rfam if desired.
[01:30:28] Total of 15 tRNA + rRNA features
[01:30:28] Searching for CRISPR repeats
[01:30:28] Found 0 CRISPRs
[01:30:28] Predicting coding sequences
[01:30:28] Contigs total 674290 bp, so using meta mode
[01:30:28] Running: prodigal -i \/home\/tola2495\/GenomeAnalysisVT2022\/analyses\/05_annotation\/prokka\/RR4342129_Archaea\/bin_2\.fa\/RR4342129_Archaea\.fna -c -m -g 11 -p meta -f sco -q
[01:30:28] Excluding CDS which overlaps existing RNA (tRNA) at k105_3927:905..1954 on - strand
[01:30:29] Found 858 CDS
[01:30:29] Connecting features back to sequences
[01:30:29] Not using genus-specific database. Try --usegenus to enable it.
[01:30:29] Annotating CDS, please be patient.
[01:30:29] Will use 2 CPUs for similarity searching.
[01:30:30] There are still 858 unannotated CDS left (started with 858)
[01:30:30] Will use blast to search against /sw/bioinfo/prokka/1.45-5b58020/rackham/db/kingdom/Archaea/sprot with 2 CPUs
[01:30:30] Running: cat \/home\/tola2495\/GenomeAnalysisVT2022\/analyses\/05_annotation\/prokka\/RR4342129_Archaea\/bin_2\.fa\/RR4342129_Archaea\.sprot\.tmp\.41856\.faa | parallel --gnu --plain -j 2 --block 45736 --recstart '>' --pipe blastp -query - -db /sw/bioinfo/prokka/1.45-5b58020/rackham/db/kingdom/Archaea/sprot -evalue 1e-09 -qcov_hsp_perc 80 -num_threads 1 -num_descriptions 1 -num_alignments 1 -seg no > \/home\/tola2495\/GenomeAnalysisVT2022\/analyses\/05_annotation\/prokka\/RR4342129_Archaea\/bin_2\.fa\/RR4342129_Archaea\.sprot\.tmp\.41856\.blast 2> /dev/null
[01:30:36] Modify product: Bifunctional protein FolD => Bifunctional protein FolD protein
[01:30:36] Modify product: Uncharacterized KH and PIN-domain containing protein MJ1533 => putative KH and PIN-domain containing protein
[01:30:36] Modify product: Zinc metalloprotease TldD homolog => Zinc metalloprotease TldD 
[01:30:36] Modify product: Iron-sulfur flavoprotein MJ1083 => Iron-sulfur flavoprotein
[01:30:36] Modify product: UPF0045 protein MTH_1187 => hypothetical protein
[01:30:36] Modify product: Uncharacterized HTH-type transcriptional regulator PH0140 => putative HTH-type transcriptional regulator
[01:30:36] Modify product: Uncharacterized HTH-type transcriptional regulator PH0140 => putative HTH-type transcriptional regulator
[01:30:36] Modify product: Uncharacterized ABC transporter ATP-binding protein MJ0796 => putative ABC transporter ATP-binding protein
[01:30:36] Modify product: Probable tRNA pseudouridine synthase B => putative tRNA pseudouridine synthase B
[01:30:36] Modify product: Putative FKBP-type peptidyl-prolyl cis-trans isomerase MJ0825 => Putative FKBP-type peptidyl-prolyl cis-trans isomerase
[01:30:36] Modify product: Probable metalloprotease HVO_1016 => putative metalloprotease
[01:30:36] Modify product: Probable L-aspartate dehydrogenase => putative L-aspartate dehydrogenase
[01:30:36] Modify product: Probable cobalt-precorrin-6B C(15)-methyltransferase (decarboxylating) => putative cobalt-precorrin-6B C(15)-methyltransferase (decarboxylating)
[01:30:36] Modify product: Probable aquaporin AqpM => putative aquaporin AqpM
[01:30:36] Modify product: UPF0284 protein PH0034 => hypothetical protein
[01:30:36] Modify product: Protein pelota homolog => Protein pelota 
[01:30:36] Modify product: Putative sulfur carrier protein Ta1170/Ta1414 => Putative sulfur carrier protein/Ta1414
[01:30:36] Modify product: Glutamate transporter homolog => Glutamate transporter 
[01:30:36] Modify product: Uncharacterized HTH-type transcriptional regulator PH1519 => putative HTH-type transcriptional regulator
[01:30:36] Modify product: UPF0200/UPF0201 protein AF_1395 => hypothetical protein
[01:30:36] Modify product: UPF0201 protein SSO1042 => hypothetical protein
[01:30:36] Modify product: Probable transaldolase => putative transaldolase
[01:30:36] Modify product: UPF0107 protein AF_0055 => hypothetical protein
[01:30:36] Cleaned 23 /product names
[01:30:36] Deleting unwanted file: /home/tola2495/GenomeAnalysisVT2022/analyses/05_annotation/prokka/RR4342129_Archaea/bin_2.fa/RR4342129_Archaea.sprot.tmp.41856.faa
[01:30:36] Deleting unwanted file: /home/tola2495/GenomeAnalysisVT2022/analyses/05_annotation/prokka/RR4342129_Archaea/bin_2.fa/RR4342129_Archaea.sprot.tmp.41856.blast
[01:30:37] There are still 638 unannotated CDS left (started with 858)
[01:30:37] Will use hmmer3 to search against /sw/bioinfo/prokka/1.45-5b58020/rackham/db/hmm/HAMAP.hmm with 2 CPUs
[01:30:37] Running: cat \/home\/tola2495\/GenomeAnalysisVT2022\/analyses\/05_annotation\/prokka\/RR4342129_Archaea\/bin_2\.fa\/RR4342129_Archaea\.HAMAP\.hmm\.tmp\.41856\.faa | parallel --gnu --plain -j 2 --block 30136 --recstart '>' --pipe hmmscan --noali --notextw --acc -E 1e-09 --cpu 1 /sw/bioinfo/prokka/1.45-5b58020/rackham/db/hmm/HAMAP.hmm /dev/stdin > \/home\/tola2495\/GenomeAnalysisVT2022\/analyses\/05_annotation\/prokka\/RR4342129_Archaea\/bin_2\.fa\/RR4342129_Archaea\.HAMAP\.hmm\.tmp\.41856\.hmmer3 2> /dev/null
[01:31:08] Modify product: Uncharacterized Nudix hydrolase NudL => putative Nudix hydrolase NudL
[01:31:08] Cleaned 1 /product names
[01:31:08] Deleting unwanted file: /home/tola2495/GenomeAnalysisVT2022/analyses/05_annotation/prokka/RR4342129_Archaea/bin_2.fa/RR4342129_Archaea.HAMAP.hmm.tmp.41856.faa
[01:31:08] Deleting unwanted file: /home/tola2495/GenomeAnalysisVT2022/analyses/05_annotation/prokka/RR4342129_Archaea/bin_2.fa/RR4342129_Archaea.HAMAP.hmm.tmp.41856.hmmer3
[01:31:08] Labelling remaining 521 proteins as 'hypothetical protein'
[01:31:08] Possible /pseudo 'Fused isobutyryl-CoA mutase' at k105_24525 position 2414
[01:31:08] Found 245 unique /gene codes.
[01:31:08] Fixed 2 duplicate /gene - cysG_1 cysG_2
[01:31:08] Fixed 2 duplicate /gene - petE_1 petE_2
[01:31:08] Fixed 2 duplicate /gene - psmB_1 psmB_2
[01:31:08] Fixed 2 duplicate /gene - hcaC_1 hcaC_2
[01:31:08] Fixed 2 duplicate /gene - dbpA_1 dbpA_2
[01:31:08] Fixed 2 duplicate /gene - carB_1 carB_2
[01:31:08] Fixed 6 duplicate /gene - btuD_1 btuD_2 btuD_3 btuD_4 btuD_5 btuD_6
[01:31:08] Fixed 2 duplicate /gene - nadE_1 nadE_2
[01:31:08] Fixed 2 duplicate /gene - aroA'_1 aroA'_2
[01:31:08] Fixed 2 duplicate /gene - kefB_1 kefB_2
[01:31:08] Fixed 2 duplicate /gene - pyrF_1 pyrF_2
[01:31:08] Fixed 3 duplicate /gene - icmF_1 icmF_2 icmF_3
[01:31:08] Fixed 2 duplicate /gene - adh_1 adh_2
[01:31:08] Fixed 3 duplicate /gene - tfb_1 tfb_2 tfb_3
[01:31:08] Fixed 2 duplicate /gene - psmA_1 psmA_2
[01:31:08] Fixed 2 duplicate /gene - dnaJ_1 dnaJ_2
[01:31:08] Fixed 2 duplicate /gene - smc_1 smc_2
[01:31:08] Fixed 2 duplicate /gene - cofE_1 cofE_2
[01:31:08] Fixed 2 duplicate /gene - vat_1 vat_2
[01:31:08] Fixed 2 duplicate /gene - mer_1 mer_2
[01:31:08] Fixed 2 duplicate /gene - endA_1 endA_2
[01:31:08] Fixed 2 duplicate /gene - sufS_1 sufS_2
[01:31:08] Fixed 3 duplicate /gene - cofH_1 cofH_2 cofH_3
[01:31:08] Fixed 2 duplicate /gene - hemA_1 hemA_2
[01:31:08] Fixed 3 duplicate /gene - albA2_1 albA2_2 albA2_3
[01:31:08] Fixed 25 colliding /gene names.
[01:31:08] Adding /locus_tag identifiers
[01:31:08] Assigned 873 locus_tags to CDS and RNA features.
[01:31:08] Writing outputs to /home/tola2495/GenomeAnalysisVT2022/analyses/05_annotation/prokka/RR4342129_Archaea/bin_2.fa/
[01:31:09] Generating annotation statistics file
[01:31:09] Generating Genbank and Sequin files
[01:31:09] Running: tbl2asn -V b -a r10k -l paired-ends -M n -N 1 -y 'Annotated using prokka 1.14.6 from https://github.com/tseemann/prokka' -Z \/home\/tola2495\/GenomeAnalysisVT2022\/analyses\/05_annotation\/prokka\/RR4342129_Archaea\/bin_2\.fa\/RR4342129_Archaea\.err -i \/home\/tola2495\/GenomeAnalysisVT2022\/analyses\/05_annotation\/prokka\/RR4342129_Archaea\/bin_2\.fa\/RR4342129_Archaea\.fsa 2> /dev/null
[01:31:10] Deleting unwanted file: /home/tola2495/GenomeAnalysisVT2022/analyses/05_annotation/prokka/RR4342129_Archaea/bin_2.fa/errorsummary.val
[01:31:10] Deleting unwanted file: /home/tola2495/GenomeAnalysisVT2022/analyses/05_annotation/prokka/RR4342129_Archaea/bin_2.fa/RR4342129_Archaea.dr
[01:31:10] Deleting unwanted file: /home/tola2495/GenomeAnalysisVT2022/analyses/05_annotation/prokka/RR4342129_Archaea/bin_2.fa/RR4342129_Archaea.fixedproducts
[01:31:10] Deleting unwanted file: /home/tola2495/GenomeAnalysisVT2022/analyses/05_annotation/prokka/RR4342129_Archaea/bin_2.fa/RR4342129_Archaea.ecn
[01:31:10] Deleting unwanted file: /home/tola2495/GenomeAnalysisVT2022/analyses/05_annotation/prokka/RR4342129_Archaea/bin_2.fa/RR4342129_Archaea.val
[01:31:10] Repairing broken .GBK output that tbl2asn produces...
[01:31:10] Running: sed 's/COORDINATES: profile/COORDINATES:profile/' < \/home\/tola2495\/GenomeAnalysisVT2022\/analyses\/05_annotation\/prokka\/RR4342129_Archaea\/bin_2\.fa\/RR4342129_Archaea\.gbf > \/home\/tola2495\/GenomeAnalysisVT2022\/analyses\/05_annotation\/prokka\/RR4342129_Archaea\/bin_2\.fa\/RR4342129_Archaea\.gbk
[01:31:11] Deleting unwanted file: /home/tola2495/GenomeAnalysisVT2022/analyses/05_annotation/prokka/RR4342129_Archaea/bin_2.fa/RR4342129_Archaea.gbf
[01:31:11] Output files:
[01:31:11] /home/tola2495/GenomeAnalysisVT2022/analyses/05_annotation/prokka/RR4342129_Archaea/bin_2.fa/RR4342129_Archaea.log
[01:31:11] /home/tola2495/GenomeAnalysisVT2022/analyses/05_annotation/prokka/RR4342129_Archaea/bin_2.fa/RR4342129_Archaea.fna
[01:31:11] /home/tola2495/GenomeAnalysisVT2022/analyses/05_annotation/prokka/RR4342129_Archaea/bin_2.fa/RR4342129_Archaea.gff
[01:31:11] /home/tola2495/GenomeAnalysisVT2022/analyses/05_annotation/prokka/RR4342129_Archaea/bin_2.fa/RR4342129_Archaea.faa
[01:31:11] /home/tola2495/GenomeAnalysisVT2022/analyses/05_annotation/prokka/RR4342129_Archaea/bin_2.fa/RR4342129_Archaea.ffn
[01:31:11] /home/tola2495/GenomeAnalysisVT2022/analyses/05_annotation/prokka/RR4342129_Archaea/bin_2.fa/RR4342129_Archaea.tbl
[01:31:11] /home/tola2495/GenomeAnalysisVT2022/analyses/05_annotation/prokka/RR4342129_Archaea/bin_2.fa/RR4342129_Archaea.fsa
[01:31:11] /home/tola2495/GenomeAnalysisVT2022/analyses/05_annotation/prokka/RR4342129_Archaea/bin_2.fa/RR4342129_Archaea.tsv
[01:31:11] /home/tola2495/GenomeAnalysisVT2022/analyses/05_annotation/prokka/RR4342129_Archaea/bin_2.fa/RR4342129_Archaea.txt
[01:31:11] /home/tola2495/GenomeAnalysisVT2022/analyses/05_annotation/prokka/RR4342129_Archaea/bin_2.fa/RR4342129_Archaea.sqn
[01:31:11] /home/tola2495/GenomeAnalysisVT2022/analyses/05_annotation/prokka/RR4342129_Archaea/bin_2.fa/RR4342129_Archaea.gbk
[01:31:11] /home/tola2495/GenomeAnalysisVT2022/analyses/05_annotation/prokka/RR4342129_Archaea/bin_2.fa/RR4342129_Archaea.err
[01:31:11] Annotation finished successfully.
[01:31:11] Walltime used: 0.77 minutes
[01:31:11] If you use this result please cite the Prokka paper:
[01:31:11] Seemann T (2014) Prokka: rapid prokaryotic genome annotation. Bioinformatics. 30(14):2068-9.
[01:31:11] Type 'prokka --citation' for more details.
[01:31:11] Thank you, come again.
