[17:23:50] This is prokka 1.14.6
[17:23:50] Written by Torsten Seemann <torsten.seemann@gmail.com>
[17:23:50] Homepage is https://github.com/tseemann/prokka
[17:23:50] Local time is Tue May  3 17:23:50 2022
[17:23:50] You are tola2495
[17:23:50] Operating system is linux
[17:23:50] You have BioPerl 1.007001
[17:23:50] System has 16 cores.
[17:23:50] Will use maximum of 2 cores.
[17:23:50] Annotating as >>> Archaea <<<
[17:23:50] Generating locus_tag from 'bin_17.fa' contents.
[17:23:50] Setting --locustag MBOOJHAG from MD5 6b8831a072b548f37cf95c401b88e428
[17:23:50] Creating new output folder: /home/tola2495/GenomeAnalysisVT2022/analyses/05_annotation/prokka/RR4342133_Archaea/bin_17.fa
[17:23:50] Running: mkdir -p \/home\/tola2495\/GenomeAnalysisVT2022\/analyses\/05_annotation\/prokka\/RR4342133_Archaea\/bin_17\.fa
[17:23:50] Using filename prefix: RR4342133_Archaea.XXX
[17:23:50] Setting HMMER_NCPU=1
[17:23:50] Writing log to: /home/tola2495/GenomeAnalysisVT2022/analyses/05_annotation/prokka/RR4342133_Archaea/bin_17.fa/RR4342133_Archaea.log
[17:23:50] Command: /sw/bioinfo/prokka/1.45-5b58020/snowy/bin/prokka --metagenome --cpus 2 --kingdom Archaea --prefix RR4342133_Archaea --outdir /home/tola2495/GenomeAnalysisVT2022/analyses/05_annotation/prokka/RR4342133_Archaea/bin_17.fa bin_17.fa
[17:23:50] Appending to PATH: /sw/bioinfo/prokka/1.45-5b58020/rackham/bin/../binaries/linux
[17:23:50] Appending to PATH: /sw/bioinfo/prokka/1.45-5b58020/rackham/bin/../binaries/linux/../common
[17:23:50] Appending to PATH: /sw/bioinfo/prokka/1.45-5b58020/rackham/bin
[17:23:50] Looking for 'aragorn' - found /sw/bioinfo/prokka/1.45-5b58020/rackham/bin/../binaries/linux/aragorn
[17:23:50] Determined aragorn version is 001002 from 'ARAGORN v1.2.38 Dean Laslett'
[17:23:50] Looking for 'barrnap' - found /sw/bioinfo/barrnap/0.8/snowy/bin/barrnap
[17:23:50] Determined barrnap version is 000008 from 'barrnap 0.8'
[17:23:50] Looking for 'blastp' - found /sw/bioinfo/blast/2.11.0+/snowy/bin/blastp
[17:23:51] Determined blastp version is 002011 from 'blastp: 2.11.0+'
[17:23:51] Looking for 'cmpress' - found /sw/bioinfo/prokka/1.45-5b58020/rackham/bin/../binaries/linux/cmpress
[17:23:51] Determined cmpress version is 001001 from '# INFERNAL 1.1.2 (July 2016)'
[17:23:51] Looking for 'cmscan' - found /sw/bioinfo/prokka/1.45-5b58020/rackham/bin/../binaries/linux/cmscan
[17:23:51] Determined cmscan version is 001001 from '# INFERNAL 1.1.2 (July 2016)'
[17:23:51] Looking for 'egrep' - found /usr/bin/egrep
[17:23:51] Looking for 'find' - found /usr/bin/find
[17:23:51] Looking for 'grep' - found /usr/bin/grep
[17:23:51] Looking for 'hmmpress' - found /sw/apps/bioinfo/hmmer/3.1b2/snowy/bin/hmmpress
[17:23:51] Determined hmmpress version is 003001 from '# HMMER 3.1b2 (February 2015); http://hmmer.org/'
[17:23:51] Looking for 'hmmscan' - found /sw/apps/bioinfo/hmmer/3.1b2/snowy/bin/hmmscan
[17:23:51] Determined hmmscan version is 003001 from '# HMMER 3.1b2 (February 2015); http://hmmer.org/'
[17:23:51] Looking for 'java' - found /usr/bin/java
[17:23:51] Looking for 'makeblastdb' - found /sw/bioinfo/blast/2.11.0+/snowy/bin/makeblastdb
[17:23:52] Determined makeblastdb version is 002011 from 'makeblastdb: 2.11.0+'
[17:23:52] Looking for 'minced' - found /sw/apps/bioinfo/minced/0.2.0/snowy/minced
[17:23:52] Determined minced version is 002000 from 'minced 0.2.0'
[17:23:52] Looking for 'parallel' - found /sw/parallel/gnuparallel/20170122/snowy/bin/parallel
[17:23:52] Determined parallel version is 20170122 from 'GNU parallel 20170122'
[17:23:52] Looking for 'prodigal' - found /sw/apps/bioinfo/prodigal/2.6.3/snowy/bin/prodigal
[17:23:52] Determined prodigal version is 002006 from 'Prodigal V2.6.3: February, 2016'
[17:23:52] Looking for 'prokka-genbank_to_fasta_db' - found /sw/bioinfo/prokka/1.45-5b58020/snowy/bin/prokka-genbank_to_fasta_db
[17:23:52] Looking for 'sed' - found /usr/bin/sed
[17:23:52] Looking for 'signalp' - found /sw/bioinfo/SignalP/4.1f/snowy/signalp
[17:23:52] Determined signalp version is 004001 from '4.1 6184308'
[17:23:52] Looking for 'tbl2asn' - found /sw/bioinfo/tbl2asn/25.8/snowy/tbl2asn
[17:23:52] Determined tbl2asn version is 025008 from 'tbl2asn 25.8   arguments:'
[17:23:52] Using genetic code table 11.
[17:23:52] Loading and checking input file: bin_17.fa
[17:23:52] Wrote 33 contigs totalling 280307 bp.
[17:23:52] Predicting tRNAs and tmRNAs
[17:23:52] Running: aragorn -l -gc11  -w \/home\/tola2495\/GenomeAnalysisVT2022\/analyses\/05_annotation\/prokka\/RR4342133_Archaea\/bin_17\.fa\/RR4342133_Archaea\.fna
[17:23:52] 1 tRNA-Phe c[35668,35743] 36 (gaa)
[17:23:52] Found 1 tRNAs
[17:23:52] Predicting Ribosomal RNAs
[17:23:52] Running Barrnap with 2 threads
[17:23:53] Found 0 rRNAs
[17:23:53] Skipping ncRNA search, enable with --rfam if desired.
[17:23:53] Total of 1 tRNA + rRNA features
[17:23:53] Searching for CRISPR repeats
[17:23:53] Found 0 CRISPRs
[17:23:53] Predicting coding sequences
[17:23:53] Contigs total 280307 bp, so using meta mode
[17:23:53] Running: prodigal -i \/home\/tola2495\/GenomeAnalysisVT2022\/analyses\/05_annotation\/prokka\/RR4342133_Archaea\/bin_17\.fa\/RR4342133_Archaea\.fna -c -m -g 11 -p meta -f sco -q
[17:23:54] Found 360 CDS
[17:23:54] Connecting features back to sequences
[17:23:54] Not using genus-specific database. Try --usegenus to enable it.
[17:23:54] Annotating CDS, please be patient.
[17:23:54] Will use 2 CPUs for similarity searching.
[17:23:54] There are still 360 unannotated CDS left (started with 360)
[17:23:54] Will use blast to search against /sw/bioinfo/prokka/1.45-5b58020/rackham/db/kingdom/Archaea/sprot with 2 CPUs
[17:23:54] Running: cat \/home\/tola2495\/GenomeAnalysisVT2022\/analyses\/05_annotation\/prokka\/RR4342133_Archaea\/bin_17\.fa\/RR4342133_Archaea\.sprot\.tmp\.20260\.faa | parallel --gnu --plain -j 2 --block 20441 --recstart '>' --pipe blastp -query - -db /sw/bioinfo/prokka/1.45-5b58020/rackham/db/kingdom/Archaea/sprot -evalue 1e-09 -qcov_hsp_perc 80 -num_threads 1 -num_descriptions 1 -num_alignments 1 -seg no > \/home\/tola2495\/GenomeAnalysisVT2022\/analyses\/05_annotation\/prokka\/RR4342133_Archaea\/bin_17\.fa\/RR4342133_Archaea\.sprot\.tmp\.20260\.blast 2> /dev/null
[17:23:58] Modify product: Probable deoxyhypusine synthase => putative deoxyhypusine synthase
[17:23:58] Modify product: Uncharacterized protein MJ1480 => putative protein
[17:23:58] Modify product: Uncharacterized ABC transporter ATP-binding protein MJ0796 => putative ABC transporter ATP-binding protein
[17:23:58] Modify product: Uncharacterized HTH-type transcriptional regulator PH1519 => putative HTH-type transcriptional regulator
[17:23:58] Modify product: UPF0045 protein MTH_1187 => hypothetical protein
[17:23:58] Modify product: Probable ribosome biogenesis protein SSO0551 => putative ribosome biogenesis protein
[17:23:58] Modify product: Probable ribosomal RNA small subunit methyltransferase A => putative ribosomal RNA small subunit methyltransferase A
[17:23:58] Modify product: Uncharacterized protein MJ0922 => putative protein
[17:23:58] Modify product: Uncharacterized protein MJ1225 => putative protein
[17:23:58] Cleaned 9 /product names
[17:23:58] Deleting unwanted file: /home/tola2495/GenomeAnalysisVT2022/analyses/05_annotation/prokka/RR4342133_Archaea/bin_17.fa/RR4342133_Archaea.sprot.tmp.20260.faa
[17:23:58] Deleting unwanted file: /home/tola2495/GenomeAnalysisVT2022/analyses/05_annotation/prokka/RR4342133_Archaea/bin_17.fa/RR4342133_Archaea.sprot.tmp.20260.blast
[17:23:58] There are still 292 unannotated CDS left (started with 360)
[17:23:58] Will use hmmer3 to search against /sw/bioinfo/prokka/1.45-5b58020/rackham/db/hmm/HAMAP.hmm with 2 CPUs
[17:23:58] Running: cat \/home\/tola2495\/GenomeAnalysisVT2022\/analyses\/05_annotation\/prokka\/RR4342133_Archaea\/bin_17\.fa\/RR4342133_Archaea\.HAMAP\.hmm\.tmp\.20260\.faa | parallel --gnu --plain -j 2 --block 14382 --recstart '>' --pipe hmmscan --noali --notextw --acc -E 1e-09 --cpu 1 /sw/bioinfo/prokka/1.45-5b58020/rackham/db/hmm/HAMAP.hmm /dev/stdin > \/home\/tola2495\/GenomeAnalysisVT2022\/analyses\/05_annotation\/prokka\/RR4342133_Archaea\/bin_17\.fa\/RR4342133_Archaea\.HAMAP\.hmm\.tmp\.20260\.hmmer3 2> /dev/null
[17:24:13] Deleting unwanted file: /home/tola2495/GenomeAnalysisVT2022/analyses/05_annotation/prokka/RR4342133_Archaea/bin_17.fa/RR4342133_Archaea.HAMAP.hmm.tmp.20260.faa
[17:24:13] Deleting unwanted file: /home/tola2495/GenomeAnalysisVT2022/analyses/05_annotation/prokka/RR4342133_Archaea/bin_17.fa/RR4342133_Archaea.HAMAP.hmm.tmp.20260.hmmer3
[17:24:13] Labelling remaining 247 proteins as 'hypothetical protein'
[17:24:13] Possible /pseudo 'Adaptive-response sensory-kinase SasA' at k105_8241 position 33526
[17:24:13] Found 83 unique /gene codes.
[17:24:13] Fixed 2 duplicate /gene - filI_1 filI_2
[17:24:13] Fixed 4 duplicate /gene - sasA_1 sasA_2 sasA_3 sasA_4
[17:24:13] Fixed 3 duplicate /gene - rssB_1 rssB_2 rssB_3
[17:24:13] Fixed 2 duplicate /gene - dnaJ_1 dnaJ_2
[17:24:13] Fixed 2 duplicate /gene - rcsC_1 rcsC_2
[17:24:13] Fixed 2 duplicate /gene - acsA_1 acsA_2
[17:24:13] Fixed 2 duplicate /gene - thrC_1 thrC_2
[17:24:13] Fixed 2 duplicate /gene - purP_1 purP_2
[17:24:13] Fixed 2 duplicate /gene - IMPDH_1 IMPDH_2
[17:24:13] Fixed 2 duplicate /gene - metG_1 metG_2
[17:24:13] Fixed 10 colliding /gene names.
[17:24:13] Adding /locus_tag identifiers
[17:24:13] Assigned 361 locus_tags to CDS and RNA features.
[17:24:13] Writing outputs to /home/tola2495/GenomeAnalysisVT2022/analyses/05_annotation/prokka/RR4342133_Archaea/bin_17.fa/
[17:24:13] Generating annotation statistics file
[17:24:13] Generating Genbank and Sequin files
[17:24:13] Running: tbl2asn -V b -a r10k -l paired-ends -M n -N 1 -y 'Annotated using prokka 1.14.6 from https://github.com/tseemann/prokka' -Z \/home\/tola2495\/GenomeAnalysisVT2022\/analyses\/05_annotation\/prokka\/RR4342133_Archaea\/bin_17\.fa\/RR4342133_Archaea\.err -i \/home\/tola2495\/GenomeAnalysisVT2022\/analyses\/05_annotation\/prokka\/RR4342133_Archaea\/bin_17\.fa\/RR4342133_Archaea\.fsa 2> /dev/null
[17:24:14] Deleting unwanted file: /home/tola2495/GenomeAnalysisVT2022/analyses/05_annotation/prokka/RR4342133_Archaea/bin_17.fa/errorsummary.val
[17:24:14] Deleting unwanted file: /home/tola2495/GenomeAnalysisVT2022/analyses/05_annotation/prokka/RR4342133_Archaea/bin_17.fa/RR4342133_Archaea.dr
[17:24:14] Deleting unwanted file: /home/tola2495/GenomeAnalysisVT2022/analyses/05_annotation/prokka/RR4342133_Archaea/bin_17.fa/RR4342133_Archaea.fixedproducts
[17:24:14] Deleting unwanted file: /home/tola2495/GenomeAnalysisVT2022/analyses/05_annotation/prokka/RR4342133_Archaea/bin_17.fa/RR4342133_Archaea.ecn
[17:24:14] Deleting unwanted file: /home/tola2495/GenomeAnalysisVT2022/analyses/05_annotation/prokka/RR4342133_Archaea/bin_17.fa/RR4342133_Archaea.val
[17:24:14] Repairing broken .GBK output that tbl2asn produces...
[17:24:14] Running: sed 's/COORDINATES: profile/COORDINATES:profile/' < \/home\/tola2495\/GenomeAnalysisVT2022\/analyses\/05_annotation\/prokka\/RR4342133_Archaea\/bin_17\.fa\/RR4342133_Archaea\.gbf > \/home\/tola2495\/GenomeAnalysisVT2022\/analyses\/05_annotation\/prokka\/RR4342133_Archaea\/bin_17\.fa\/RR4342133_Archaea\.gbk
[17:24:14] Deleting unwanted file: /home/tola2495/GenomeAnalysisVT2022/analyses/05_annotation/prokka/RR4342133_Archaea/bin_17.fa/RR4342133_Archaea.gbf
[17:24:14] Output files:
[17:24:14] /home/tola2495/GenomeAnalysisVT2022/analyses/05_annotation/prokka/RR4342133_Archaea/bin_17.fa/RR4342133_Archaea.log
[17:24:14] /home/tola2495/GenomeAnalysisVT2022/analyses/05_annotation/prokka/RR4342133_Archaea/bin_17.fa/RR4342133_Archaea.fna
[17:24:14] /home/tola2495/GenomeAnalysisVT2022/analyses/05_annotation/prokka/RR4342133_Archaea/bin_17.fa/RR4342133_Archaea.gff
[17:24:14] /home/tola2495/GenomeAnalysisVT2022/analyses/05_annotation/prokka/RR4342133_Archaea/bin_17.fa/RR4342133_Archaea.faa
[17:24:14] /home/tola2495/GenomeAnalysisVT2022/analyses/05_annotation/prokka/RR4342133_Archaea/bin_17.fa/RR4342133_Archaea.ffn
[17:24:14] /home/tola2495/GenomeAnalysisVT2022/analyses/05_annotation/prokka/RR4342133_Archaea/bin_17.fa/RR4342133_Archaea.tbl
[17:24:14] /home/tola2495/GenomeAnalysisVT2022/analyses/05_annotation/prokka/RR4342133_Archaea/bin_17.fa/RR4342133_Archaea.fsa
[17:24:14] /home/tola2495/GenomeAnalysisVT2022/analyses/05_annotation/prokka/RR4342133_Archaea/bin_17.fa/RR4342133_Archaea.tsv
[17:24:14] /home/tola2495/GenomeAnalysisVT2022/analyses/05_annotation/prokka/RR4342133_Archaea/bin_17.fa/RR4342133_Archaea.txt
[17:24:14] /home/tola2495/GenomeAnalysisVT2022/analyses/05_annotation/prokka/RR4342133_Archaea/bin_17.fa/RR4342133_Archaea.gbk
[17:24:14] /home/tola2495/GenomeAnalysisVT2022/analyses/05_annotation/prokka/RR4342133_Archaea/bin_17.fa/RR4342133_Archaea.sqn
[17:24:14] /home/tola2495/GenomeAnalysisVT2022/analyses/05_annotation/prokka/RR4342133_Archaea/bin_17.fa/RR4342133_Archaea.err
[17:24:14] Annotation finished successfully.
[17:24:14] Walltime used: 0.40 minutes
[17:24:14] If you use this result please cite the Prokka paper:
[17:24:14] Seemann T (2014) Prokka: rapid prokaryotic genome annotation. Bioinformatics. 30(14):2068-9.
[17:24:14] Type 'prokka --citation' for more details.
[17:24:14] Thank you, come again.
