[03:26:37] This is prokka 1.14.6
[03:26:37] Written by Torsten Seemann <torsten.seemann@gmail.com>
[03:26:37] Homepage is https://github.com/tseemann/prokka
[03:26:37] Local time is Thu May 12 03:26:37 2022
[03:26:37] You are tola2495
[03:26:37] Operating system is linux
[03:26:37] You have BioPerl 1.007001
[03:26:37] System has 16 cores.
[03:26:37] Will use maximum of 2 cores.
[03:26:37] Annotating as >>> Bacteria <<<
[03:26:37] Generating locus_tag from 'bin_9.fa' contents.
[03:26:37] Setting --locustag HFJMLBNO from MD5 1f365b7854075b7d0d153775ebed4a85
[03:26:37] Creating new output folder: /home/tola2495/GenomeAnalysisVT2022/analyses/05_annotation/prokka/RR4342133_Bacteria/bin_9.fa
[03:26:37] Running: mkdir -p \/home\/tola2495\/GenomeAnalysisVT2022\/analyses\/05_annotation\/prokka\/RR4342133_Bacteria\/bin_9\.fa
[03:26:37] Using filename prefix: RR4342133_Bacteria.XXX
[03:26:37] Setting HMMER_NCPU=1
[03:26:37] Writing log to: /home/tola2495/GenomeAnalysisVT2022/analyses/05_annotation/prokka/RR4342133_Bacteria/bin_9.fa/RR4342133_Bacteria.log
[03:26:37] Command: /sw/bioinfo/prokka/1.45-5b58020/snowy/bin/prokka --metagenome --cpus 2 --prefix RR4342133_Bacteria --outdir /home/tola2495/GenomeAnalysisVT2022/analyses/05_annotation/prokka/RR4342133_Bacteria/bin_9.fa bin_9.fa
[03:26:37] Appending to PATH: /sw/bioinfo/prokka/1.45-5b58020/rackham/bin/../binaries/linux
[03:26:37] Appending to PATH: /sw/bioinfo/prokka/1.45-5b58020/rackham/bin/../binaries/linux/../common
[03:26:37] Appending to PATH: /sw/bioinfo/prokka/1.45-5b58020/rackham/bin
[03:26:37] Looking for 'aragorn' - found /sw/bioinfo/prokka/1.45-5b58020/rackham/bin/../binaries/linux/aragorn
[03:26:37] Determined aragorn version is 001002 from 'ARAGORN v1.2.38 Dean Laslett'
[03:26:37] Looking for 'barrnap' - found /sw/bioinfo/barrnap/0.8/snowy/bin/barrnap
[03:26:37] Determined barrnap version is 000008 from 'barrnap 0.8'
[03:26:37] Looking for 'blastp' - found /sw/bioinfo/blast/2.11.0+/snowy/bin/blastp
[03:26:37] Determined blastp version is 002011 from 'blastp: 2.11.0+'
[03:26:37] Looking for 'cmpress' - found /sw/bioinfo/prokka/1.45-5b58020/rackham/bin/../binaries/linux/cmpress
[03:26:37] Determined cmpress version is 001001 from '# INFERNAL 1.1.2 (July 2016)'
[03:26:37] Looking for 'cmscan' - found /sw/bioinfo/prokka/1.45-5b58020/rackham/bin/../binaries/linux/cmscan
[03:26:37] Determined cmscan version is 001001 from '# INFERNAL 1.1.2 (July 2016)'
[03:26:37] Looking for 'egrep' - found /usr/bin/egrep
[03:26:37] Looking for 'find' - found /usr/bin/find
[03:26:37] Looking for 'grep' - found /usr/bin/grep
[03:26:37] Looking for 'hmmpress' - found /sw/apps/bioinfo/hmmer/3.1b2/snowy/bin/hmmpress
[03:26:37] Determined hmmpress version is 003001 from '# HMMER 3.1b2 (February 2015); http://hmmer.org/'
[03:26:37] Looking for 'hmmscan' - found /sw/apps/bioinfo/hmmer/3.1b2/snowy/bin/hmmscan
[03:26:37] Determined hmmscan version is 003001 from '# HMMER 3.1b2 (February 2015); http://hmmer.org/'
[03:26:37] Looking for 'java' - found /usr/bin/java
[03:26:37] Looking for 'makeblastdb' - found /sw/bioinfo/blast/2.11.0+/snowy/bin/makeblastdb
[03:26:41] Determined makeblastdb version is 002011 from 'makeblastdb: 2.11.0+'
[03:26:41] Looking for 'minced' - found /sw/apps/bioinfo/minced/0.2.0/snowy/minced
[03:26:41] Determined minced version is 002000 from 'minced 0.2.0'
[03:26:41] Looking for 'parallel' - found /sw/parallel/gnuparallel/20170122/snowy/bin/parallel
[03:26:41] Determined parallel version is 20170122 from 'GNU parallel 20170122'
[03:26:41] Looking for 'prodigal' - found /sw/apps/bioinfo/prodigal/2.6.3/snowy/bin/prodigal
[03:26:42] Determined prodigal version is 002006 from 'Prodigal V2.6.3: February, 2016'
[03:26:42] Looking for 'prokka-genbank_to_fasta_db' - found /sw/bioinfo/prokka/1.45-5b58020/snowy/bin/prokka-genbank_to_fasta_db
[03:26:42] Looking for 'sed' - found /usr/bin/sed
[03:26:42] Looking for 'signalp' - found /sw/bioinfo/SignalP/4.1f/snowy/signalp
[03:26:42] Determined signalp version is 004001 from '4.1 6204265'
[03:26:42] Looking for 'tbl2asn' - found /sw/bioinfo/tbl2asn/25.8/snowy/tbl2asn
[03:26:42] Determined tbl2asn version is 025008 from 'tbl2asn 25.8   arguments:'
[03:26:42] Using genetic code table 11.
[03:26:42] Loading and checking input file: bin_9.fa
[03:26:42] Wrote 100 contigs totalling 308282 bp.
[03:26:42] Predicting tRNAs and tmRNAs
[03:26:42] Running: aragorn -l -gc11  -w \/home\/tola2495\/GenomeAnalysisVT2022\/analyses\/05_annotation\/prokka\/RR4342133_Bacteria\/bin_9\.fa\/RR4342133_Bacteria\.fna
[03:26:42] 1 tRNA-Ser [1867,1956] 37 (gga)
[03:26:42] 2 tRNA-Ser [1970,2056] 35 (tga)
[03:26:42] 1 tRNA-Val c[10002,10076] 35 (tac)
[03:26:42] 1 tRNA-Arg c[20171,20245] 35 (acg)
[03:26:42] 1 tRNA-Met c[1106,1180] 35 (cat)
[03:26:42] 2 tRNA-Thr c[1202,1275] 34 (ggt)
[03:26:42] 3 tRNA-Tyr c[1279,1361] 35 (gta)
[03:26:42] 1 tRNA-Glu c[1592,1665] 35 (ctc)
[03:26:42] Found 8 tRNAs
[03:26:42] Predicting Ribosomal RNAs
[03:26:42] Running Barrnap with 2 threads
[03:26:42] Found 0 rRNAs
[03:26:42] Skipping ncRNA search, enable with --rfam if desired.
[03:26:42] Total of 8 tRNA + rRNA features
[03:26:42] Searching for CRISPR repeats
[03:26:42] Found 0 CRISPRs
[03:26:42] Predicting coding sequences
[03:26:42] Contigs total 308282 bp, so using meta mode
[03:26:42] Running: prodigal -i \/home\/tola2495\/GenomeAnalysisVT2022\/analyses\/05_annotation\/prokka\/RR4342133_Bacteria\/bin_9\.fa\/RR4342133_Bacteria\.fna -c -m -g 11 -p meta -f sco -q
[03:26:43] Excluding CDS which overlaps existing RNA (tRNA) at k105_80510:987..1592 on + strand
[03:26:43] Found 305 CDS
[03:26:43] Connecting features back to sequences
[03:26:43] Not using genus-specific database. Try --usegenus to enable it.
[03:26:43] Annotating CDS, please be patient.
[03:26:43] Will use 2 CPUs for similarity searching.
[03:26:43] There are still 305 unannotated CDS left (started with 305)
[03:26:43] Will use blast to search against /sw/bioinfo/prokka/1.45-5b58020/rackham/db/kingdom/Bacteria/IS with 2 CPUs
[03:26:43] Running: cat \/home\/tola2495\/GenomeAnalysisVT2022\/analyses\/05_annotation\/prokka\/RR4342133_Bacteria\/bin_9\.fa\/RR4342133_Bacteria\.IS\.tmp\.45560\.faa | parallel --gnu --plain -j 2 --block 20103 --recstart '>' --pipe blastp -query - -db /sw/bioinfo/prokka/1.45-5b58020/rackham/db/kingdom/Bacteria/IS -evalue 1e-30 -qcov_hsp_perc 90 -num_threads 1 -num_descriptions 1 -num_alignments 1 -seg no > \/home\/tola2495\/GenomeAnalysisVT2022\/analyses\/05_annotation\/prokka\/RR4342133_Bacteria\/bin_9\.fa\/RR4342133_Bacteria\.IS\.tmp\.45560\.blast 2> /dev/null
[03:26:49] Deleting unwanted file: /home/tola2495/GenomeAnalysisVT2022/analyses/05_annotation/prokka/RR4342133_Bacteria/bin_9.fa/RR4342133_Bacteria.IS.tmp.45560.faa
[03:26:49] Deleting unwanted file: /home/tola2495/GenomeAnalysisVT2022/analyses/05_annotation/prokka/RR4342133_Bacteria/bin_9.fa/RR4342133_Bacteria.IS.tmp.45560.blast
[03:26:49] There are still 305 unannotated CDS left (started with 305)
[03:26:49] Will use blast to search against /sw/bioinfo/prokka/1.45-5b58020/rackham/db/kingdom/Bacteria/AMR with 2 CPUs
[03:26:49] Running: cat \/home\/tola2495\/GenomeAnalysisVT2022\/analyses\/05_annotation\/prokka\/RR4342133_Bacteria\/bin_9\.fa\/RR4342133_Bacteria\.AMR\.tmp\.45560\.faa | parallel --gnu --plain -j 2 --block 20103 --recstart '>' --pipe blastp -query - -db /sw/bioinfo/prokka/1.45-5b58020/rackham/db/kingdom/Bacteria/AMR -evalue 9.99999999999999e-301 -qcov_hsp_perc 90 -num_threads 1 -num_descriptions 1 -num_alignments 1 -seg no > \/home\/tola2495\/GenomeAnalysisVT2022\/analyses\/05_annotation\/prokka\/RR4342133_Bacteria\/bin_9\.fa\/RR4342133_Bacteria\.AMR\.tmp\.45560\.blast 2> /dev/null
[03:26:54] Deleting unwanted file: /home/tola2495/GenomeAnalysisVT2022/analyses/05_annotation/prokka/RR4342133_Bacteria/bin_9.fa/RR4342133_Bacteria.AMR.tmp.45560.faa
[03:26:54] Deleting unwanted file: /home/tola2495/GenomeAnalysisVT2022/analyses/05_annotation/prokka/RR4342133_Bacteria/bin_9.fa/RR4342133_Bacteria.AMR.tmp.45560.blast
[03:26:54] There are still 305 unannotated CDS left (started with 305)
[03:26:54] Will use blast to search against /sw/bioinfo/prokka/1.45-5b58020/rackham/db/kingdom/Bacteria/sprot with 2 CPUs
[03:26:54] Running: cat \/home\/tola2495\/GenomeAnalysisVT2022\/analyses\/05_annotation\/prokka\/RR4342133_Bacteria\/bin_9\.fa\/RR4342133_Bacteria\.sprot\.tmp\.45560\.faa | parallel --gnu --plain -j 2 --block 20103 --recstart '>' --pipe blastp -query - -db /sw/bioinfo/prokka/1.45-5b58020/rackham/db/kingdom/Bacteria/sprot -evalue 1e-09 -qcov_hsp_perc 80 -num_threads 1 -num_descriptions 1 -num_alignments 1 -seg no > \/home\/tola2495\/GenomeAnalysisVT2022\/analyses\/05_annotation\/prokka\/RR4342133_Bacteria\/bin_9\.fa\/RR4342133_Bacteria\.sprot\.tmp\.45560\.blast 2> /dev/null
[03:27:11] Modify product: UPF0316 protein SA1727 => hypothetical protein
[03:27:11] Modify product: Phosphate-specific transport system accessory protein PhoU homolog => Phosphate-specific transport system accessory protein PhoU 
[03:27:11] Modify product: Putative O-methyltransferase Rv1220c => Putative O-methyltransferase
[03:27:11] Modify product: Uncharacterized membrane protein YdfK => putative membrane protein YdfK
[03:27:11] Modify product: Probable enoyl-CoA hydratase echA8 => putative enoyl-CoA hydratase echA8
[03:27:11] Modify product: Uncharacterized GMC-type oxidoreductase Rv0492c => putative GMC-type oxidoreductase
[03:27:11] Modify product: Probable ATP-dependent transporter SufC => putative ATP-dependent transporter SufC
[03:27:11] Modify product: Epimerase family protein Rv2216 => Epimerase family protein
[03:27:11] Modify product: Probable intracellular septation protein A => putative intracellular septation protein A
[03:27:11] Cleaned 9 /product names
[03:27:11] Deleting unwanted file: /home/tola2495/GenomeAnalysisVT2022/analyses/05_annotation/prokka/RR4342133_Bacteria/bin_9.fa/RR4342133_Bacteria.sprot.tmp.45560.faa
[03:27:11] Deleting unwanted file: /home/tola2495/GenomeAnalysisVT2022/analyses/05_annotation/prokka/RR4342133_Bacteria/bin_9.fa/RR4342133_Bacteria.sprot.tmp.45560.blast
[03:27:11] There are still 166 unannotated CDS left (started with 305)
[03:27:11] Will use hmmer3 to search against /sw/bioinfo/prokka/1.45-5b58020/rackham/db/hmm/HAMAP.hmm with 2 CPUs
[03:27:11] Running: cat \/home\/tola2495\/GenomeAnalysisVT2022\/analyses\/05_annotation\/prokka\/RR4342133_Bacteria\/bin_9\.fa\/RR4342133_Bacteria\.HAMAP\.hmm\.tmp\.45560\.faa | parallel --gnu --plain -j 2 --block 9774 --recstart '>' --pipe hmmscan --noali --notextw --acc -E 1e-09 --cpu 1 /sw/bioinfo/prokka/1.45-5b58020/rackham/db/hmm/HAMAP.hmm /dev/stdin > \/home\/tola2495\/GenomeAnalysisVT2022\/analyses\/05_annotation\/prokka\/RR4342133_Bacteria\/bin_9\.fa\/RR4342133_Bacteria\.HAMAP\.hmm\.tmp\.45560\.hmmer3 2> /dev/null
[03:27:19] Deleting unwanted file: /home/tola2495/GenomeAnalysisVT2022/analyses/05_annotation/prokka/RR4342133_Bacteria/bin_9.fa/RR4342133_Bacteria.HAMAP.hmm.tmp.45560.faa
[03:27:19] Deleting unwanted file: /home/tola2495/GenomeAnalysisVT2022/analyses/05_annotation/prokka/RR4342133_Bacteria/bin_9.fa/RR4342133_Bacteria.HAMAP.hmm.tmp.45560.hmmer3
[03:27:19] Labelling remaining 136 proteins as 'hypothetical protein'
[03:27:19] Found 135 unique /gene codes.
[03:27:19] Fixed 2 duplicate /gene - pyk_1 pyk_2
[03:27:19] Fixed 2 duplicate /gene - purA_1 purA_2
[03:27:19] Fixed 2 duplicate /gene - leuD1_1 leuD1_2
[03:27:19] Fixed 4 duplicate /gene - hspR_1 hspR_2 hspR_3 hspR_4
[03:27:19] Fixed 2 duplicate /gene - dnaK_1 dnaK_2
[03:27:19] Fixed 2 duplicate /gene - hcaC_1 hcaC_2
[03:27:19] Fixed 2 duplicate /gene - ctaE_1 ctaE_2
[03:27:19] Fixed 2 duplicate /gene - leuC_1 leuC_2
[03:27:19] Fixed 2 duplicate /gene - ruvB_1 ruvB_2
[03:27:19] Fixed 2 duplicate /gene - grpE_1 grpE_2
[03:27:19] Fixed 2 duplicate /gene - ald_1 ald_2
[03:27:19] Fixed 2 duplicate /gene - ctaD_1 ctaD_2
[03:27:19] Fixed 4 duplicate /gene - dnaJ_1 dnaJ_2 dnaJ_3 dnaJ_4
[03:27:19] Fixed 2 duplicate /gene - trmD_1 trmD_2
[03:27:19] Fixed 2 duplicate /gene - RBKS_1 RBKS_2
[03:27:19] Fixed 15 colliding /gene names.
[03:27:19] Adding /locus_tag identifiers
[03:27:19] Assigned 313 locus_tags to CDS and RNA features.
[03:27:19] Writing outputs to /home/tola2495/GenomeAnalysisVT2022/analyses/05_annotation/prokka/RR4342133_Bacteria/bin_9.fa/
[03:27:19] Generating annotation statistics file
[03:27:19] Generating Genbank and Sequin files
[03:27:19] Running: tbl2asn -V b -a r10k -l paired-ends -M n -N 1 -y 'Annotated using prokka 1.14.6 from https://github.com/tseemann/prokka' -Z \/home\/tola2495\/GenomeAnalysisVT2022\/analyses\/05_annotation\/prokka\/RR4342133_Bacteria\/bin_9\.fa\/RR4342133_Bacteria\.err -i \/home\/tola2495\/GenomeAnalysisVT2022\/analyses\/05_annotation\/prokka\/RR4342133_Bacteria\/bin_9\.fa\/RR4342133_Bacteria\.fsa 2> /dev/null
[03:27:20] Deleting unwanted file: /home/tola2495/GenomeAnalysisVT2022/analyses/05_annotation/prokka/RR4342133_Bacteria/bin_9.fa/errorsummary.val
[03:27:20] Deleting unwanted file: /home/tola2495/GenomeAnalysisVT2022/analyses/05_annotation/prokka/RR4342133_Bacteria/bin_9.fa/RR4342133_Bacteria.dr
[03:27:20] Deleting unwanted file: /home/tola2495/GenomeAnalysisVT2022/analyses/05_annotation/prokka/RR4342133_Bacteria/bin_9.fa/RR4342133_Bacteria.fixedproducts
[03:27:20] Deleting unwanted file: /home/tola2495/GenomeAnalysisVT2022/analyses/05_annotation/prokka/RR4342133_Bacteria/bin_9.fa/RR4342133_Bacteria.ecn
[03:27:20] Deleting unwanted file: /home/tola2495/GenomeAnalysisVT2022/analyses/05_annotation/prokka/RR4342133_Bacteria/bin_9.fa/RR4342133_Bacteria.val
[03:27:20] Repairing broken .GBK output that tbl2asn produces...
[03:27:20] Running: sed 's/COORDINATES: profile/COORDINATES:profile/' < \/home\/tola2495\/GenomeAnalysisVT2022\/analyses\/05_annotation\/prokka\/RR4342133_Bacteria\/bin_9\.fa\/RR4342133_Bacteria\.gbf > \/home\/tola2495\/GenomeAnalysisVT2022\/analyses\/05_annotation\/prokka\/RR4342133_Bacteria\/bin_9\.fa\/RR4342133_Bacteria\.gbk
[03:27:20] Deleting unwanted file: /home/tola2495/GenomeAnalysisVT2022/analyses/05_annotation/prokka/RR4342133_Bacteria/bin_9.fa/RR4342133_Bacteria.gbf
[03:27:20] Output files:
[03:27:20] /home/tola2495/GenomeAnalysisVT2022/analyses/05_annotation/prokka/RR4342133_Bacteria/bin_9.fa/RR4342133_Bacteria.log
[03:27:20] /home/tola2495/GenomeAnalysisVT2022/analyses/05_annotation/prokka/RR4342133_Bacteria/bin_9.fa/RR4342133_Bacteria.fna
[03:27:20] /home/tola2495/GenomeAnalysisVT2022/analyses/05_annotation/prokka/RR4342133_Bacteria/bin_9.fa/RR4342133_Bacteria.gff
[03:27:20] /home/tola2495/GenomeAnalysisVT2022/analyses/05_annotation/prokka/RR4342133_Bacteria/bin_9.fa/RR4342133_Bacteria.faa
[03:27:20] /home/tola2495/GenomeAnalysisVT2022/analyses/05_annotation/prokka/RR4342133_Bacteria/bin_9.fa/RR4342133_Bacteria.ffn
[03:27:20] /home/tola2495/GenomeAnalysisVT2022/analyses/05_annotation/prokka/RR4342133_Bacteria/bin_9.fa/RR4342133_Bacteria.tbl
[03:27:20] /home/tola2495/GenomeAnalysisVT2022/analyses/05_annotation/prokka/RR4342133_Bacteria/bin_9.fa/RR4342133_Bacteria.fsa
[03:27:20] /home/tola2495/GenomeAnalysisVT2022/analyses/05_annotation/prokka/RR4342133_Bacteria/bin_9.fa/RR4342133_Bacteria.tsv
[03:27:20] /home/tola2495/GenomeAnalysisVT2022/analyses/05_annotation/prokka/RR4342133_Bacteria/bin_9.fa/RR4342133_Bacteria.txt
[03:27:20] /home/tola2495/GenomeAnalysisVT2022/analyses/05_annotation/prokka/RR4342133_Bacteria/bin_9.fa/RR4342133_Bacteria.sqn
[03:27:20] /home/tola2495/GenomeAnalysisVT2022/analyses/05_annotation/prokka/RR4342133_Bacteria/bin_9.fa/RR4342133_Bacteria.gbk
[03:27:20] /home/tola2495/GenomeAnalysisVT2022/analyses/05_annotation/prokka/RR4342133_Bacteria/bin_9.fa/RR4342133_Bacteria.err
[03:27:20] Annotation finished successfully.
[03:27:20] Walltime used: 0.72 minutes
[03:27:20] If you use this result please cite the Prokka paper:
[03:27:20] Seemann T (2014) Prokka: rapid prokaryotic genome annotation. Bioinformatics. 30(14):2068-9.
[03:27:20] Type 'prokka --citation' for more details.
[03:27:20] Share and enjoy!
