[04:20:09] This is prokka 1.14.6
[04:20:09] Written by Torsten Seemann <torsten.seemann@gmail.com>
[04:20:09] Homepage is https://github.com/tseemann/prokka
[04:20:09] Local time is Thu May 12 04:20:09 2022
[04:20:09] You are tola2495
[04:20:09] Operating system is linux
[04:20:09] You have BioPerl 1.007001
[04:20:09] System has 16 cores.
[04:20:09] Will use maximum of 2 cores.
[04:20:09] Annotating as >>> Archaea <<<
[04:20:09] Generating locus_tag from 'bin_28.fa' contents.
[04:20:09] Setting --locustag FFOELJHP from MD5 ff8e53197e5699862fbe4dfa74cbf498
[04:20:09] Creating new output folder: /home/tola2495/GenomeAnalysisVT2022/analyses/05_annotation/prokka/RR4342133_Archaea/bin_28.fa
[04:20:09] Running: mkdir -p \/home\/tola2495\/GenomeAnalysisVT2022\/analyses\/05_annotation\/prokka\/RR4342133_Archaea\/bin_28\.fa
[04:20:09] Using filename prefix: RR4342133_Archaea.XXX
[04:20:09] Setting HMMER_NCPU=1
[04:20:09] Writing log to: /home/tola2495/GenomeAnalysisVT2022/analyses/05_annotation/prokka/RR4342133_Archaea/bin_28.fa/RR4342133_Archaea.log
[04:20:09] Command: /sw/bioinfo/prokka/1.45-5b58020/snowy/bin/prokka --metagenome --cpus 2 --kingdom Archaea --prefix RR4342133_Archaea --outdir /home/tola2495/GenomeAnalysisVT2022/analyses/05_annotation/prokka/RR4342133_Archaea/bin_28.fa bin_28.fa
[04:20:09] Appending to PATH: /sw/bioinfo/prokka/1.45-5b58020/rackham/bin/../binaries/linux
[04:20:09] Appending to PATH: /sw/bioinfo/prokka/1.45-5b58020/rackham/bin/../binaries/linux/../common
[04:20:09] Appending to PATH: /sw/bioinfo/prokka/1.45-5b58020/rackham/bin
[04:20:09] Looking for 'aragorn' - found /sw/bioinfo/prokka/1.45-5b58020/rackham/bin/../binaries/linux/aragorn
[04:20:09] Determined aragorn version is 001002 from 'ARAGORN v1.2.38 Dean Laslett'
[04:20:09] Looking for 'barrnap' - found /sw/bioinfo/barrnap/0.8/snowy/bin/barrnap
[04:20:09] Determined barrnap version is 000008 from 'barrnap 0.8'
[04:20:09] Looking for 'blastp' - found /sw/bioinfo/blast/2.11.0+/snowy/bin/blastp
[04:20:10] Determined blastp version is 002011 from 'blastp: 2.11.0+'
[04:20:10] Looking for 'cmpress' - found /sw/bioinfo/prokka/1.45-5b58020/rackham/bin/../binaries/linux/cmpress
[04:20:10] Determined cmpress version is 001001 from '# INFERNAL 1.1.2 (July 2016)'
[04:20:10] Looking for 'cmscan' - found /sw/bioinfo/prokka/1.45-5b58020/rackham/bin/../binaries/linux/cmscan
[04:20:10] Determined cmscan version is 001001 from '# INFERNAL 1.1.2 (July 2016)'
[04:20:10] Looking for 'egrep' - found /usr/bin/egrep
[04:20:10] Looking for 'find' - found /usr/bin/find
[04:20:10] Looking for 'grep' - found /usr/bin/grep
[04:20:10] Looking for 'hmmpress' - found /sw/apps/bioinfo/hmmer/3.1b2/snowy/bin/hmmpress
[04:20:10] Determined hmmpress version is 003001 from '# HMMER 3.1b2 (February 2015); http://hmmer.org/'
[04:20:10] Looking for 'hmmscan' - found /sw/apps/bioinfo/hmmer/3.1b2/snowy/bin/hmmscan
[04:20:10] Determined hmmscan version is 003001 from '# HMMER 3.1b2 (February 2015); http://hmmer.org/'
[04:20:10] Looking for 'java' - found /usr/bin/java
[04:20:10] Looking for 'makeblastdb' - found /sw/bioinfo/blast/2.11.0+/snowy/bin/makeblastdb
[04:20:11] Determined makeblastdb version is 002011 from 'makeblastdb: 2.11.0+'
[04:20:11] Looking for 'minced' - found /sw/apps/bioinfo/minced/0.2.0/snowy/minced
[04:20:11] Determined minced version is 002000 from 'minced 0.2.0'
[04:20:11] Looking for 'parallel' - found /sw/parallel/gnuparallel/20170122/snowy/bin/parallel
[04:20:11] Determined parallel version is 20170122 from 'GNU parallel 20170122'
[04:20:11] Looking for 'prodigal' - found /sw/apps/bioinfo/prodigal/2.6.3/snowy/bin/prodigal
[04:20:11] Determined prodigal version is 002006 from 'Prodigal V2.6.3: February, 2016'
[04:20:11] Looking for 'prokka-genbank_to_fasta_db' - found /sw/bioinfo/prokka/1.45-5b58020/snowy/bin/prokka-genbank_to_fasta_db
[04:20:11] Looking for 'sed' - found /usr/bin/sed
[04:20:11] Looking for 'signalp' - found /sw/bioinfo/SignalP/4.1f/snowy/signalp
[04:20:11] Determined signalp version is 004001 from '4.1 6204265'
[04:20:11] Looking for 'tbl2asn' - found /sw/bioinfo/tbl2asn/25.8/snowy/tbl2asn
[04:20:11] Determined tbl2asn version is 025008 from 'tbl2asn 25.8   arguments:'
[04:20:11] Using genetic code table 11.
[04:20:11] Loading and checking input file: bin_28.fa
[04:20:12] Wrote 249 contigs totalling 3555069 bp.
[04:20:12] Predicting tRNAs and tmRNAs
[04:20:12] Running: aragorn -l -gc11  -w \/home\/tola2495\/GenomeAnalysisVT2022\/analyses\/05_annotation\/prokka\/RR4342133_Archaea\/bin_28\.fa\/RR4342133_Archaea\.fna
[04:20:14] 1 tRNA-Leu [1203,1288] 36 (cag)
[04:20:14] 2 tRNA-Lys [1398,1473] 36 (ttt)
[04:20:14] 1 tRNA-Leu [1133,1218] 35 (taa)
[04:20:14] 1 tRNA-Gln [3133,3205] 34 (ttg)
[04:20:14] 1 tRNA-Arg c[1409,1482] 35 (acg)
[04:20:14] 1 tRNA-Met c[417,492] 36 (cat)
[04:20:14] 1 tRNA-Pro [28905,28980] 36 (cgg)
[04:20:14] 1 tmRNA [6773,7127] 94,123 AEAQFSLAA*
[04:20:14] 1 tRNA-Val [13354,13427] 35 (tac)
[04:20:14] 1 tRNA-Gly [18445,18519] 34 (gcc)
[04:20:14] tRNA c[22172,22260] is a pseudo/wacky gene - skipping.
[04:20:14] 1 tRNA-Pro c[417,492] 36 (ggg)
[04:20:14] 1 tRNA-Leu c[54087,54169] 34 (caa)
[04:20:14] 1 tRNA-Thr [42932,43006] 35 (cgt)
[04:20:14] 1 tRNA-Ala c[4603,4675] 34 (cgc)
[04:20:14] 1 tRNA-Gly c[19811,19883] 34 (ccc)
[04:20:14] 1 tRNA-Gln c[2479,2551] 34 (ctg)
[04:20:14] 2 tRNA-Ala c[16944,17016] 34 (tgc)
[04:20:14] 3 tRNA-Ile c[17027,17100] 35 (gat)
[04:20:15] 1 tRNA-Asp [19671,19745] 35 (gtc)
[04:20:15] 2 tRNA-Glu c[26853,26926] 35 (ctc)
[04:20:15] 1 tRNA-Pro c[1258,1332] 36 (tgg)
[04:20:15] 2 tRNA-Ser c[6451,6541] 35 (gct)
[04:20:15] 1 tRNA-Lys [254,328] 35 (ctt)
[04:20:15] 1 tRNA-Val [3704,3777] 35 (cac)
[04:20:15] 1 tRNA-Ser c[31066,31154] 35 (tga)
[04:20:15] 1 tRNA-Gly [5586,5656] 34 (gcc)
[04:20:15] 1 tRNA-Ser c[5367,5450] 33 (gga)
[04:20:15] 1 tRNA-Asp [9799,9875] 33 (gtc)
[04:20:15] 1 tRNA-Cys c[10402,10474] 34 (gca)
[04:20:15] 1 tRNA-Trp c[15952,16025] 34 (cca)
[04:20:15] 2 tRNA-Thr c[17473,17545] 34 (ggt)
[04:20:15] 3 tRNA-Gly c[17617,17687] 33 (tcc)
[04:20:15] 4 tRNA-Tyr c[17772,17854] 35 (gta)
[04:20:15] 5 tRNA-Thr c[18061,18134] 34 (tgt)
[04:20:15] 1 tRNA-Leu c[10652,10733] 35 (tag)
[04:20:15] 2 tRNA-Arg c[27912,27985] 35 (tct)
[04:20:15] 1 tRNA-Val [20418,20491] 35 (gac)
[04:20:15] 1 tRNA-Gly [3126,3205] 37 (gcc)
[04:20:15] 1 tRNA-Glu c[3670,3742] 35 (ttc)
[04:20:15] 1 tRNA-His c[19048,19122] 35 (gtg)
[04:20:15] 2 tRNA-Arg [46660,46733] 35 (ccg)
[04:20:15] 1 tRNA-Leu [1451,1534] 35 (gag)
[04:20:15] 1 tRNA-Ala [6659,6732] 34 (ggc)
[04:20:15] 1 tRNA-Met c[550,623] 35 (cat)
[04:20:15] 1 tRNA-Arg c[213,287] 34 (cct)
[04:20:15] 1 tRNA-Asn [24212,24284] 33 (gtt)
[04:20:15] 1 tRNA-Ser [18650,18732] 32 (cga)
[04:20:15] 1 tRNA-Phe [14988,15061] 34 (gaa)
[04:20:15] Found 48 tRNAs
[04:20:15] Predicting Ribosomal RNAs
[04:20:15] Running Barrnap with 2 threads
[04:20:18] 1 k105_82740 311 5S ribosomal RNA (partial)
[04:20:18] Found 1 rRNAs
[04:20:18] Skipping ncRNA search, enable with --rfam if desired.
[04:20:18] Total of 48 tRNA + rRNA features
[04:20:18] Searching for CRISPR repeats
[04:20:19] Found 0 CRISPRs
[04:20:19] Predicting coding sequences
[04:20:19] Contigs total 3555069 bp, so using meta mode
[04:20:19] Running: prodigal -i \/home\/tola2495\/GenomeAnalysisVT2022\/analyses\/05_annotation\/prokka\/RR4342133_Archaea\/bin_28\.fa\/RR4342133_Archaea\.fna -c -m -g 11 -p meta -f sco -q
[04:20:23] Excluding CDS which overlaps existing RNA (tRNA) at k105_27330:52..825 on + strand
[04:20:26] Excluding CDS which overlaps existing RNA (tRNA) at k105_51689:30803..31237 on + strand
[04:20:26] Excluding CDS which overlaps existing RNA (tRNA) at k105_141770:4539..6002 on + strand
[04:20:27] Excluding CDS which overlaps existing RNA (tRNA) at k105_143111:9570..10643 on - strand
[04:20:28] Excluding CDS which overlaps existing RNA (tRNA) at k105_152140:1572..3572 on - strand
[04:20:32] Found 2790 CDS
[04:20:32] Connecting features back to sequences
[04:20:32] Not using genus-specific database. Try --usegenus to enable it.
[04:20:32] Annotating CDS, please be patient.
[04:20:32] Will use 2 CPUs for similarity searching.
[04:20:33] There are still 2790 unannotated CDS left (started with 2790)
[04:20:33] Will use blast to search against /sw/bioinfo/prokka/1.45-5b58020/rackham/db/kingdom/Archaea/sprot with 2 CPUs
[04:20:33] Running: cat \/home\/tola2495\/GenomeAnalysisVT2022\/analyses\/05_annotation\/prokka\/RR4342133_Archaea\/bin_28\.fa\/RR4342133_Archaea\.sprot\.tmp\.26325\.faa | parallel --gnu --plain -j 2 --block 263690 --recstart '>' --pipe blastp -query - -db /sw/bioinfo/prokka/1.45-5b58020/rackham/db/kingdom/Archaea/sprot -evalue 1e-09 -qcov_hsp_perc 80 -num_threads 1 -num_descriptions 1 -num_alignments 1 -seg no > \/home\/tola2495\/GenomeAnalysisVT2022\/analyses\/05_annotation\/prokka\/RR4342133_Archaea\/bin_28\.fa\/RR4342133_Archaea\.sprot\.tmp\.26325\.blast 2> /dev/null
[04:20:53] Modify product: Uncharacterized ABC transporter ATP-binding protein MJ0796 => putative ABC transporter ATP-binding protein
[04:20:53] Modify product: Uncharacterized nitrogen regulatory PII-like protein MJ0059 => putative nitrogen regulatory PII-like protein
[04:20:53] Modify product: Uncharacterized nitrogen regulatory PII-like protein MJ0059 => putative nitrogen regulatory PII-like protein
[04:20:53] Modify product: Glutamate transporter homolog => Glutamate transporter 
[04:20:53] Modify product: Probable tRNA pseudouridine synthase B => putative tRNA pseudouridine synthase B
[04:20:53] Modify product: Uncharacterized ABC transporter ATP-binding protein MJ0796 => putative ABC transporter ATP-binding protein
[04:20:53] Modify product: Putative ammonium transporter MJ1343 => Putative ammonium transporter
[04:20:53] Modify product: Probable cyclic pyranopterin monophosphate synthase => putative cyclic pyranopterin monophosphate synthase
[04:20:53] Modify product: Probable hydrogenase maturation factor HypB => putative hydrogenase maturation factor HypB
[04:20:53] Modify product: Uncharacterized ABC transporter ATP-binding protein MJ0796 => putative ABC transporter ATP-binding protein
[04:20:53] Modify product: Uncharacterized nitrogen regulatory PII-like protein MJ0059 => putative nitrogen regulatory PII-like protein
[04:20:53] Modify product: Probable branched-chain amino acid transport ATP-binding protein LivG => putative branched-chain amino acid transport ATP-binding protein LivG
[04:20:53] Modify product: Uncharacterized ABC transporter ATP-binding protein MJ0796 => putative ABC transporter ATP-binding protein
[04:20:53] Modify product: Bifunctional protein FolD => Bifunctional protein FolD protein
[04:20:54] Modify product: Putative ammonium transporter MJ1343 => Putative ammonium transporter
[04:20:54] Modify product: Deglycase PH1704 => Deglycase
[04:20:54] Modify product: Probable copper-exporting P-type ATPase => putative copper-exporting P-type ATPase
[04:20:54] Modify product: Uncharacterized ABC transporter ATP-binding protein MJ0796 => putative ABC transporter ATP-binding protein
[04:20:54] Modify product: Universal stress protein MJ0577 => Universal stress protein
[04:20:54] Modify product: Probable aminomethyltransferase => putative aminomethyltransferase
[04:20:54] Cleaned 20 /product names
[04:20:54] Deleting unwanted file: /home/tola2495/GenomeAnalysisVT2022/analyses/05_annotation/prokka/RR4342133_Archaea/bin_28.fa/RR4342133_Archaea.sprot.tmp.26325.faa
[04:20:54] Deleting unwanted file: /home/tola2495/GenomeAnalysisVT2022/analyses/05_annotation/prokka/RR4342133_Archaea/bin_28.fa/RR4342133_Archaea.sprot.tmp.26325.blast
[04:20:55] There are still 2510 unannotated CDS left (started with 2790)
[04:20:55] Will use hmmer3 to search against /sw/bioinfo/prokka/1.45-5b58020/rackham/db/hmm/HAMAP.hmm with 2 CPUs
[04:20:55] Running: cat \/home\/tola2495\/GenomeAnalysisVT2022\/analyses\/05_annotation\/prokka\/RR4342133_Archaea\/bin_28\.fa\/RR4342133_Archaea\.HAMAP\.hmm\.tmp\.26325\.faa | parallel --gnu --plain -j 2 --block 236975 --recstart '>' --pipe hmmscan --noali --notextw --acc -E 1e-09 --cpu 1 /sw/bioinfo/prokka/1.45-5b58020/rackham/db/hmm/HAMAP.hmm /dev/stdin > \/home\/tola2495\/GenomeAnalysisVT2022\/analyses\/05_annotation\/prokka\/RR4342133_Archaea\/bin_28\.fa\/RR4342133_Archaea\.HAMAP\.hmm\.tmp\.26325\.hmmer3 2> /dev/null
[04:23:05] Deleting unwanted file: /home/tola2495/GenomeAnalysisVT2022/analyses/05_annotation/prokka/RR4342133_Archaea/bin_28.fa/RR4342133_Archaea.HAMAP.hmm.tmp.26325.faa
[04:23:05] Deleting unwanted file: /home/tola2495/GenomeAnalysisVT2022/analyses/05_annotation/prokka/RR4342133_Archaea/bin_28.fa/RR4342133_Archaea.HAMAP.hmm.tmp.26325.hmmer3
[04:23:05] Labelling remaining 1822 proteins as 'hypothetical protein'
[04:23:05] Possible /pseudo 'Carotenoid 3,4-desaturase' at k105_94486 position 6874
[04:23:05] Possible /pseudo 'Coenzyme A biosynthesis bifunctional protein CoaBC' at k105_13096 position 13873
[04:23:05] Possible /pseudo 'ATP-dependent Clp protease proteolytic subunit' at k105_101800 position 20777
[04:23:05] Possible /pseudo 'GDP-mannose 4,6-dehydratase' at k105_106789 position 10879
[04:23:05] Possible /pseudo 'Undecaprenyl phosphate-alpha-4-amino-4-deoxy-L-arabinose arabinosyl transferase' at k105_109339 position 45925
[04:23:05] Possible /pseudo 'Multidrug resistance protein MdtB' at k105_53166 position 13249
[04:23:05] Possible /pseudo 'Vitamin B12 import ATP-binding protein BtuD' at k105_55301 position 5250
[04:23:05] Possible /pseudo 'Outer membrane protein assembly factor BamB' at k105_58721 position 3492
[04:23:05] Possible /pseudo 'Vitamin B12 import ATP-binding protein BtuD' at k105_167379 position 4830
[04:23:05] Found 628 unique /gene codes.
[04:23:05] Fixed 2 duplicate /gene - allB_1 allB_2
[04:23:05] Fixed 2 duplicate /gene - glpK_1 glpK_2
[04:23:05] Fixed 2 duplicate /gene - xerA_1 xerA_2
[04:23:05] Fixed 2 duplicate /gene - menH_1 menH_2
[04:23:05] Fixed 5 duplicate /gene - bepA_1 bepA_2 bepA_3 bepA_4 bepA_5
[04:23:05] Fixed 8 duplicate /gene - sasA_1 sasA_2 sasA_3 sasA_4 sasA_5 sasA_6 sasA_7 sasA_8
[04:23:05] Fixed 2 duplicate /gene - ycf3_1 ycf3_2
[04:23:05] Fixed 2 duplicate /gene - nanT_1 nanT_2
[04:23:05] Fixed 2 duplicate /gene - rho_1 rho_2
[04:23:05] Fixed 5 duplicate /gene - lysJ_1 lysJ_2 lysJ_3 lysJ_4 lysJ_5
[04:23:05] Fixed 2 duplicate /gene - murE_1 murE_2
[04:23:05] Fixed 10 duplicate /gene - cheB_1 cheB_2 cheB_3 cheB_4 cheB_5 cheB_6 cheB_7 cheB_8 cheB_9 cheB_10
[04:23:05] Fixed 2 duplicate /gene - clcA_1 clcA_2
[04:23:05] Fixed 3 duplicate /gene - ruvB_1 ruvB_2 ruvB_3
[04:23:05] Fixed 3 duplicate /gene - clpX_1 clpX_2 clpX_3
[04:23:05] Fixed 3 duplicate /gene - acpP_1 acpP_2 acpP_3
[04:23:05] Fixed 2 duplicate /gene - clpP_1 clpP_2
[04:23:05] Fixed 2 duplicate /gene - glpE_1 glpE_2
[04:23:05] Fixed 2 duplicate /gene - dnaA_1 dnaA_2
[04:23:05] Fixed 2 duplicate /gene - ackA_1 ackA_2
[04:23:05] Fixed 2 duplicate /gene - COQ3_1 COQ3_2
[04:23:05] Fixed 2 duplicate /gene - dnaE2_1 dnaE2_2
[04:23:05] Fixed 2 duplicate /gene - fpoM_1 fpoM_2
[04:23:05] Fixed 2 duplicate /gene - copB_1 copB_2
[04:23:05] Fixed 16 duplicate /gene - pknD_1 pknD_2 pknD_3 pknD_4 pknD_5 pknD_6 pknD_7 pknD_8 pknD_9 pknD_10 pknD_11 pknD_12 pknD_13 pknD_14 pknD_15 pknD_16
[04:23:05] Fixed 2 duplicate /gene - hcaC_1 hcaC_2
[04:23:05] Fixed 2 duplicate /gene - ileS_1 ileS_2
[04:23:05] Fixed 2 duplicate /gene - thiL_1 thiL_2
[04:23:05] Fixed 3 duplicate /gene - tadA_1 tadA_2 tadA_3
[04:23:05] Fixed 3 duplicate /gene - gph_1 gph_2 gph_3
[04:23:05] Fixed 2 duplicate /gene - fumC_1 fumC_2
[04:23:05] Fixed 3 duplicate /gene - mdh_1 mdh_2 mdh_3
[04:23:05] Fixed 2 duplicate /gene - dusB_1 dusB_2
[04:23:05] Fixed 3 duplicate /gene - aspS_1 aspS_2 aspS_3
[04:23:05] Fixed 2 duplicate /gene - ftsH_1 ftsH_2
[04:23:05] Fixed 2 duplicate /gene - cyoE_1 cyoE_2
[04:23:05] Fixed 3 duplicate /gene - dapA_1 dapA_2 dapA_3
[04:23:05] Fixed 2 duplicate /gene - glgC_1 glgC_2
[04:23:05] Fixed 2 duplicate /gene - cutA_1 cutA_2
[04:23:05] Fixed 4 duplicate /gene - gmd_1 gmd_2 gmd_3 gmd_4
[04:23:05] Fixed 2 duplicate /gene - ald_1 ald_2
[04:23:05] Fixed 14 duplicate /gene - iolG_1 iolG_2 iolG_3 iolG_4 iolG_5 iolG_6 iolG_7 iolG_8 iolG_9 iolG_10 iolG_11 iolG_12 iolG_13 iolG_14
[04:23:05] Fixed 3 duplicate /gene - tolQ_1 tolQ_2 tolQ_3
[04:23:05] Fixed 4 duplicate /gene - pnp_1 pnp_2 pnp_3 pnp_4
[04:23:05] Fixed 2 duplicate /gene - arnB_1 arnB_2
[04:23:05] Fixed 2 duplicate /gene - lpdA_1 lpdA_2
[04:23:05] Fixed 2 duplicate /gene - sod_1 sod_2
[04:23:05] Fixed 2 duplicate /gene - surA_1 surA_2
[04:23:05] Fixed 2 duplicate /gene - rlmB_1 rlmB_2
[04:23:05] Fixed 2 duplicate /gene - lysA_1 lysA_2
[04:23:05] Fixed 6 duplicate /gene - resA_1 resA_2 resA_3 resA_4 resA_5 resA_6
[04:23:05] Fixed 2 duplicate /gene - nagK_1 nagK_2
[04:23:05] Fixed 2 duplicate /gene - iscS2_1 iscS2_2
[04:23:05] Fixed 2 duplicate /gene - cofH_1 cofH_2
[04:23:05] Fixed 2 duplicate /gene - purR_1 purR_2
[04:23:05] Fixed 2 duplicate /gene - carB_1 carB_2
[04:23:05] Fixed 3 duplicate /gene - aldhT_1 aldhT_2 aldhT_3
[04:23:05] Fixed 2 duplicate /gene - hisF_1 hisF_2
[04:23:05] Fixed 2 duplicate /gene - lacZ_1 lacZ_2
[04:23:05] Fixed 2 duplicate /gene - xylA_1 xylA_2
[04:23:05] Fixed 3 duplicate /gene - mdtA_1 mdtA_2 mdtA_3
[04:23:05] Fixed 7 duplicate /gene - rssB_1 rssB_2 rssB_3 rssB_4 rssB_5 rssB_6 rssB_7
[04:23:05] Fixed 3 duplicate /gene - fusA_1 fusA_2 fusA_3
[04:23:05] Fixed 2 duplicate /gene - ghrB_1 ghrB_2
[04:23:05] Fixed 3 duplicate /gene - pfp_1 pfp_2 pfp_3
[04:23:05] Fixed 2 duplicate /gene - petB_1 petB_2
[04:23:05] Fixed 2 duplicate /gene - cpoB_1 cpoB_2
[04:23:05] Fixed 2 duplicate /gene - coaBC_1 coaBC_2
[04:23:05] Fixed 2 duplicate /gene - xerC_1 xerC_2
[04:23:05] Fixed 2 duplicate /gene - carA_1 carA_2
[04:23:05] Fixed 3 duplicate /gene - egtB_1 egtB_2 egtB_3
[04:23:05] Fixed 2 duplicate /gene - trpG_1 trpG_2
[04:23:05] Fixed 2 duplicate /gene - rhaS_1 rhaS_2
[04:23:05] Fixed 2 duplicate /gene - ilvC_1 ilvC_2
[04:23:05] Fixed 2 duplicate /gene - prfB_1 prfB_2
[04:23:05] Fixed 2 duplicate /gene - dxs_1 dxs_2
[04:23:05] Fixed 3 duplicate /gene - glcV_1 glcV_2 glcV_3
[04:23:05] Fixed 2 duplicate /gene - gshB_1 gshB_2
[04:23:05] Fixed 23 duplicate /gene - btuD_1 btuD_2 btuD_3 btuD_4 btuD_5 btuD_6 btuD_7 btuD_8 btuD_9 btuD_10 btuD_11 btuD_12 btuD_13 btuD_14 btuD_15 btuD_16 btuD_17 btuD_18 btuD_19 btuD_20 btuD_21 btuD_22 btuD_23
[04:23:05] Fixed 2 duplicate /gene - rapA_1 rapA_2
[04:23:05] Fixed 2 duplicate /gene - fpoL_1 fpoL_2
[04:23:05] Fixed 2 duplicate /gene - tfrB_1 tfrB_2
[04:23:05] Fixed 2 duplicate /gene - mqnB_1 mqnB_2
[04:23:05] Fixed 3 duplicate /gene - ths_1 ths_2 ths_3
[04:23:05] Fixed 2 duplicate /gene - smc_1 smc_2
[04:23:05] Fixed 2 duplicate /gene - secA_1 secA_2
[04:23:05] Fixed 3 duplicate /gene - crtD_1 crtD_2 crtD_3
[04:23:05] Fixed 10 duplicate /gene - norR_1 norR_2 norR_3 norR_4 norR_5 norR_6 norR_7 norR_8 norR_9 norR_10
[04:23:05] Fixed 2 duplicate /gene - kdgK_1 kdgK_2
[04:23:05] Fixed 2 duplicate /gene - dnaJ_1 dnaJ_2
[04:23:05] Fixed 2 duplicate /gene - rep_1 rep_2
[04:23:05] Fixed 2 duplicate /gene - mdtC_1 mdtC_2
[04:23:05] Fixed 3 duplicate /gene - atpB_1 atpB_2 atpB_3
[04:23:05] Fixed 2 duplicate /gene - mtnP_1 mtnP_2
[04:23:05] Fixed 2 duplicate /gene - glnA_1 glnA_2
[04:23:05] Fixed 2 duplicate /gene - ndhK_1 ndhK_2
[04:23:05] Fixed 2 duplicate /gene - petC_1 petC_2
[04:23:05] Fixed 4 duplicate /gene - COQ5_1 COQ5_2 COQ5_3 COQ5_4
[04:23:05] Fixed 2 duplicate /gene - miaB_1 miaB_2
[04:23:05] Fixed 3 duplicate /gene - gloB_1 gloB_2 gloB_3
[04:23:05] Fixed 4 duplicate /gene - rcsC_1 rcsC_2 rcsC_3 rcsC_4
[04:23:05] Fixed 3 duplicate /gene - tolR_1 tolR_2 tolR_3
[04:23:05] Fixed 2 duplicate /gene - ilvE_1 ilvE_2
[04:23:05] Fixed 2 duplicate /gene - kdpB_1 kdpB_2
[04:23:05] Fixed 4 duplicate /gene - lpxD_1 lpxD_2 lpxD_3 lpxD_4
[04:23:05] Fixed 3 duplicate /gene - csrA_1 csrA_2 csrA_3
[04:23:05] Fixed 2 duplicate /gene - rbn_1 rbn_2
[04:23:05] Fixed 2 duplicate /gene - menE_1 menE_2
[04:23:05] Fixed 3 duplicate /gene - rpoA_1 rpoA_2 rpoA_3
[04:23:05] Fixed 2 duplicate /gene - lnt_1 lnt_2
[04:23:05] Fixed 12 duplicate /gene - bamB_1 bamB_2 bamB_3 bamB_4 bamB_5 bamB_6 bamB_7 bamB_8 bamB_9 bamB_10 bamB_11 bamB_12
[04:23:05] Fixed 2 duplicate /gene - glmS_1 glmS_2
[04:23:05] Fixed 2 duplicate /gene - fcl_1 fcl_2
[04:23:05] Fixed 3 duplicate /gene - bioF_1 bioF_2 bioF_3
[04:23:05] Fixed 5 duplicate /gene - rpoD_1 rpoD_2 rpoD_3 rpoD_4 rpoD_5
[04:23:05] Fixed 2 duplicate /gene - sudA_1 sudA_2
[04:23:05] Fixed 2 duplicate /gene - scpB_1 scpB_2
[04:23:05] Fixed 4 duplicate /gene - arnC_1 arnC_2 arnC_3 arnC_4
[04:23:05] Fixed 2 duplicate /gene - aroE_1 aroE_2
[04:23:05] Fixed 2 duplicate /gene - dksA_1 dksA_2
[04:23:05] Fixed 2 duplicate /gene - menF_1 menF_2
[04:23:05] Fixed 7 duplicate /gene - mshA_1 mshA_2 mshA_3 mshA_4 mshA_5 mshA_6 mshA_7
[04:23:05] Fixed 2 duplicate /gene - tdh_1 tdh_2
[04:23:05] Fixed 4 duplicate /gene - malK_1 malK_2 malK_3 malK_4
[04:23:05] Fixed 6 duplicate /gene - rhaD_1 rhaD_2 rhaD_3 rhaD_4 rhaD_5 rhaD_6
[04:23:05] Fixed 2 duplicate /gene - mshD_1 mshD_2
[04:23:05] Fixed 2 duplicate /gene - arnT_1 arnT_2
[04:23:05] Fixed 4 duplicate /gene - mdtB_1 mdtB_2 mdtB_3 mdtB_4
[04:23:05] Fixed 3 duplicate /gene - gyaR_1 gyaR_2 gyaR_3
[04:23:05] Fixed 2 duplicate /gene - lipM_1 lipM_2
[04:23:05] Fixed 2 duplicate /gene - gcvT_1 gcvT_2
[04:23:05] Fixed 4 duplicate /gene - aas_1 aas_2 aas_3 aas_4
[04:23:05] Fixed 3 duplicate /gene - groS_1 groS_2 groS_3
[04:23:05] Fixed 133 colliding /gene names.
[04:23:05] Adding /locus_tag identifiers
[04:23:05] Assigned 2839 locus_tags to CDS and RNA features.
[04:23:05] Writing outputs to /home/tola2495/GenomeAnalysisVT2022/analyses/05_annotation/prokka/RR4342133_Archaea/bin_28.fa/
[04:23:07] Generating annotation statistics file
[04:23:07] Generating Genbank and Sequin files
[04:23:07] Running: tbl2asn -V b -a r10k -l paired-ends -M n -N 1 -y 'Annotated using prokka 1.14.6 from https://github.com/tseemann/prokka' -Z \/home\/tola2495\/GenomeAnalysisVT2022\/analyses\/05_annotation\/prokka\/RR4342133_Archaea\/bin_28\.fa\/RR4342133_Archaea\.err -i \/home\/tola2495\/GenomeAnalysisVT2022\/analyses\/05_annotation\/prokka\/RR4342133_Archaea\/bin_28\.fa\/RR4342133_Archaea\.fsa 2> /dev/null
[04:23:13] Deleting unwanted file: /home/tola2495/GenomeAnalysisVT2022/analyses/05_annotation/prokka/RR4342133_Archaea/bin_28.fa/errorsummary.val
[04:23:13] Deleting unwanted file: /home/tola2495/GenomeAnalysisVT2022/analyses/05_annotation/prokka/RR4342133_Archaea/bin_28.fa/RR4342133_Archaea.dr
[04:23:13] Deleting unwanted file: /home/tola2495/GenomeAnalysisVT2022/analyses/05_annotation/prokka/RR4342133_Archaea/bin_28.fa/RR4342133_Archaea.fixedproducts
[04:23:13] Deleting unwanted file: /home/tola2495/GenomeAnalysisVT2022/analyses/05_annotation/prokka/RR4342133_Archaea/bin_28.fa/RR4342133_Archaea.ecn
[04:23:13] Deleting unwanted file: /home/tola2495/GenomeAnalysisVT2022/analyses/05_annotation/prokka/RR4342133_Archaea/bin_28.fa/RR4342133_Archaea.val
[04:23:13] Repairing broken .GBK output that tbl2asn produces...
[04:23:13] Running: sed 's/COORDINATES: profile/COORDINATES:profile/' < \/home\/tola2495\/GenomeAnalysisVT2022\/analyses\/05_annotation\/prokka\/RR4342133_Archaea\/bin_28\.fa\/RR4342133_Archaea\.gbf > \/home\/tola2495\/GenomeAnalysisVT2022\/analyses\/05_annotation\/prokka\/RR4342133_Archaea\/bin_28\.fa\/RR4342133_Archaea\.gbk
[04:23:13] Deleting unwanted file: /home/tola2495/GenomeAnalysisVT2022/analyses/05_annotation/prokka/RR4342133_Archaea/bin_28.fa/RR4342133_Archaea.gbf
[04:23:13] Output files:
[04:23:13] /home/tola2495/GenomeAnalysisVT2022/analyses/05_annotation/prokka/RR4342133_Archaea/bin_28.fa/RR4342133_Archaea.log
[04:23:13] /home/tola2495/GenomeAnalysisVT2022/analyses/05_annotation/prokka/RR4342133_Archaea/bin_28.fa/RR4342133_Archaea.fna
[04:23:13] /home/tola2495/GenomeAnalysisVT2022/analyses/05_annotation/prokka/RR4342133_Archaea/bin_28.fa/RR4342133_Archaea.gff
[04:23:13] /home/tola2495/GenomeAnalysisVT2022/analyses/05_annotation/prokka/RR4342133_Archaea/bin_28.fa/RR4342133_Archaea.faa
[04:23:13] /home/tola2495/GenomeAnalysisVT2022/analyses/05_annotation/prokka/RR4342133_Archaea/bin_28.fa/RR4342133_Archaea.ffn
[04:23:13] /home/tola2495/GenomeAnalysisVT2022/analyses/05_annotation/prokka/RR4342133_Archaea/bin_28.fa/RR4342133_Archaea.tbl
[04:23:13] /home/tola2495/GenomeAnalysisVT2022/analyses/05_annotation/prokka/RR4342133_Archaea/bin_28.fa/RR4342133_Archaea.fsa
[04:23:13] /home/tola2495/GenomeAnalysisVT2022/analyses/05_annotation/prokka/RR4342133_Archaea/bin_28.fa/RR4342133_Archaea.tsv
[04:23:13] /home/tola2495/GenomeAnalysisVT2022/analyses/05_annotation/prokka/RR4342133_Archaea/bin_28.fa/RR4342133_Archaea.txt
[04:23:13] /home/tola2495/GenomeAnalysisVT2022/analyses/05_annotation/prokka/RR4342133_Archaea/bin_28.fa/RR4342133_Archaea.sqn
[04:23:13] /home/tola2495/GenomeAnalysisVT2022/analyses/05_annotation/prokka/RR4342133_Archaea/bin_28.fa/RR4342133_Archaea.gbk
[04:23:13] /home/tola2495/GenomeAnalysisVT2022/analyses/05_annotation/prokka/RR4342133_Archaea/bin_28.fa/RR4342133_Archaea.err
[04:23:13] Annotation finished successfully.
[04:23:13] Walltime used: 3.07 minutes
[04:23:13] If you use this result please cite the Prokka paper:
[04:23:13] Seemann T (2014) Prokka: rapid prokaryotic genome annotation. Bioinformatics. 30(14):2068-9.
[04:23:13] Type 'prokka --citation' for more details.
[04:23:13] Thank you, come again.
