[02:51:25] This is prokka 1.14.6
[02:51:25] Written by Torsten Seemann <torsten.seemann@gmail.com>
[02:51:25] Homepage is https://github.com/tseemann/prokka
[02:51:26] Local time is Thu May 12 02:51:25 2022
[02:51:26] You are tola2495
[02:51:26] Operating system is linux
[02:51:26] You have BioPerl 1.007001
[02:51:26] System has 16 cores.
[02:51:26] Will use maximum of 2 cores.
[02:51:26] Annotating as >>> Bacteria <<<
[02:51:26] Generating locus_tag from 'bin_29.fa' contents.
[02:51:26] Setting --locustag CMPMCBPK from MD5 c696cb94d66ef4a7b106dc560b2c7f87
[02:51:26] Creating new output folder: /home/tola2495/GenomeAnalysisVT2022/analyses/05_annotation/prokka/RR4342133_Bacteria/bin_29.fa
[02:51:26] Running: mkdir -p \/home\/tola2495\/GenomeAnalysisVT2022\/analyses\/05_annotation\/prokka\/RR4342133_Bacteria\/bin_29\.fa
[02:51:26] Using filename prefix: RR4342133_Bacteria.XXX
[02:51:26] Setting HMMER_NCPU=1
[02:51:26] Writing log to: /home/tola2495/GenomeAnalysisVT2022/analyses/05_annotation/prokka/RR4342133_Bacteria/bin_29.fa/RR4342133_Bacteria.log
[02:51:26] Command: /sw/bioinfo/prokka/1.45-5b58020/snowy/bin/prokka --metagenome --cpus 2 --prefix RR4342133_Bacteria --outdir /home/tola2495/GenomeAnalysisVT2022/analyses/05_annotation/prokka/RR4342133_Bacteria/bin_29.fa bin_29.fa
[02:51:26] Appending to PATH: /sw/bioinfo/prokka/1.45-5b58020/rackham/bin/../binaries/linux
[02:51:26] Appending to PATH: /sw/bioinfo/prokka/1.45-5b58020/rackham/bin/../binaries/linux/../common
[02:51:26] Appending to PATH: /sw/bioinfo/prokka/1.45-5b58020/rackham/bin
[02:51:26] Looking for 'aragorn' - found /sw/bioinfo/prokka/1.45-5b58020/rackham/bin/../binaries/linux/aragorn
[02:51:26] Determined aragorn version is 001002 from 'ARAGORN v1.2.38 Dean Laslett'
[02:51:26] Looking for 'barrnap' - found /sw/bioinfo/barrnap/0.8/snowy/bin/barrnap
[02:51:26] Determined barrnap version is 000008 from 'barrnap 0.8'
[02:51:26] Looking for 'blastp' - found /sw/bioinfo/blast/2.11.0+/snowy/bin/blastp
[02:51:26] Determined blastp version is 002011 from 'blastp: 2.11.0+'
[02:51:26] Looking for 'cmpress' - found /sw/bioinfo/prokka/1.45-5b58020/rackham/bin/../binaries/linux/cmpress
[02:51:26] Determined cmpress version is 001001 from '# INFERNAL 1.1.2 (July 2016)'
[02:51:26] Looking for 'cmscan' - found /sw/bioinfo/prokka/1.45-5b58020/rackham/bin/../binaries/linux/cmscan
[02:51:26] Determined cmscan version is 001001 from '# INFERNAL 1.1.2 (July 2016)'
[02:51:26] Looking for 'egrep' - found /usr/bin/egrep
[02:51:26] Looking for 'find' - found /usr/bin/find
[02:51:26] Looking for 'grep' - found /usr/bin/grep
[02:51:26] Looking for 'hmmpress' - found /sw/apps/bioinfo/hmmer/3.1b2/snowy/bin/hmmpress
[02:51:26] Determined hmmpress version is 003001 from '# HMMER 3.1b2 (February 2015); http://hmmer.org/'
[02:51:26] Looking for 'hmmscan' - found /sw/apps/bioinfo/hmmer/3.1b2/snowy/bin/hmmscan
[02:51:26] Determined hmmscan version is 003001 from '# HMMER 3.1b2 (February 2015); http://hmmer.org/'
[02:51:26] Looking for 'java' - found /usr/bin/java
[02:51:26] Looking for 'makeblastdb' - found /sw/bioinfo/blast/2.11.0+/snowy/bin/makeblastdb
[02:51:27] Determined makeblastdb version is 002011 from 'makeblastdb: 2.11.0+'
[02:51:27] Looking for 'minced' - found /sw/apps/bioinfo/minced/0.2.0/snowy/minced
[02:51:27] Determined minced version is 002000 from 'minced 0.2.0'
[02:51:27] Looking for 'parallel' - found /sw/parallel/gnuparallel/20170122/snowy/bin/parallel
[02:51:27] Determined parallel version is 20170122 from 'GNU parallel 20170122'
[02:51:27] Looking for 'prodigal' - found /sw/apps/bioinfo/prodigal/2.6.3/snowy/bin/prodigal
[02:51:27] Determined prodigal version is 002006 from 'Prodigal V2.6.3: February, 2016'
[02:51:27] Looking for 'prokka-genbank_to_fasta_db' - found /sw/bioinfo/prokka/1.45-5b58020/snowy/bin/prokka-genbank_to_fasta_db
[02:51:27] Looking for 'sed' - found /usr/bin/sed
[02:51:27] Looking for 'signalp' - found /sw/bioinfo/SignalP/4.1f/snowy/signalp
[02:51:27] Determined signalp version is 004001 from '4.1 6204265'
[02:51:27] Looking for 'tbl2asn' - found /sw/bioinfo/tbl2asn/25.8/snowy/tbl2asn
[02:51:27] Determined tbl2asn version is 025008 from 'tbl2asn 25.8   arguments:'
[02:51:27] Using genetic code table 11.
[02:51:27] Loading and checking input file: bin_29.fa
[02:51:28] Wrote 262 contigs totalling 627468 bp.
[02:51:28] Predicting tRNAs and tmRNAs
[02:51:28] Running: aragorn -l -gc11  -w \/home\/tola2495\/GenomeAnalysisVT2022\/analyses\/05_annotation\/prokka\/RR4342133_Bacteria\/bin_29\.fa\/RR4342133_Bacteria\.fna
[02:51:28] 1 tRNA-Gly c[1128,1200] 34 (gcc)
[02:51:28] 1 tRNA-Ser c[2620,2704] 35 (tga)
[02:51:28] 1 tRNA-Phe c[853,927] 34 (gaa)
[02:51:28] 1 tRNA-Gln [1285,1358] 35 (ctg)
[02:51:28] 1 tRNA-Ala c[614,686] 34 (cgc)
[02:51:28] 1 tRNA-Asp c[14,89] 35 (gtc)
[02:51:28] 2 tRNA-Arg c[3279,3355] 35 (cct)
[02:51:28] 1 tRNA-Val [137,211] 34 (tac)
[02:51:28] 1 tRNA-Thr [542,616] 34 (cgt)
[02:51:28] 1 tRNA-Leu [1547,1630] 37 (gag)
[02:51:28] 1 tRNA-Arg [1951,2026] 36 (tcg)
[02:51:28] 1 tRNA-Gln c[696,768] 35 (ttg)
[02:51:28] 1 tRNA-Leu [2782,2868] 37 (tag)
[02:51:28] Found 13 tRNAs
[02:51:28] Predicting Ribosomal RNAs
[02:51:28] Running Barrnap with 2 threads
[02:51:28] Found 0 rRNAs
[02:51:28] Skipping ncRNA search, enable with --rfam if desired.
[02:51:28] Total of 13 tRNA + rRNA features
[02:51:28] Searching for CRISPR repeats
[02:51:29] Found 0 CRISPRs
[02:51:29] Predicting coding sequences
[02:51:29] Contigs total 627468 bp, so using meta mode
[02:51:29] Running: prodigal -i \/home\/tola2495\/GenomeAnalysisVT2022\/analyses\/05_annotation\/prokka\/RR4342133_Bacteria\/bin_29\.fa\/RR4342133_Bacteria\.fna -c -m -g 11 -p meta -f sco -q
[02:51:30] Excluding CDS which overlaps existing RNA (tRNA) at k105_32738:799..936 on + strand
[02:51:31] Excluding CDS which overlaps existing RNA (tRNA) at k105_57732:3265..3858 on - strand
[02:51:32] Excluding CDS which overlaps existing RNA (tRNA) at k105_158340:270..698 on + strand
[02:51:32] Excluding CDS which overlaps existing RNA (tRNA) at k105_165891:1686..2795 on - strand
[02:51:32] Excluding CDS which overlaps existing RNA (tRNA) at k105_165891:2839..3294 on - strand
[02:51:32] Found 680 CDS
[02:51:32] Connecting features back to sequences
[02:51:32] Not using genus-specific database. Try --usegenus to enable it.
[02:51:32] Annotating CDS, please be patient.
[02:51:32] Will use 2 CPUs for similarity searching.
[02:51:33] There are still 680 unannotated CDS left (started with 680)
[02:51:33] Will use blast to search against /sw/bioinfo/prokka/1.45-5b58020/rackham/db/kingdom/Bacteria/IS with 2 CPUs
[02:51:33] Running: cat \/home\/tola2495\/GenomeAnalysisVT2022\/analyses\/05_annotation\/prokka\/RR4342133_Bacteria\/bin_29\.fa\/RR4342133_Bacteria\.IS\.tmp\.28278\.faa | parallel --gnu --plain -j 2 --block 42258 --recstart '>' --pipe blastp -query - -db /sw/bioinfo/prokka/1.45-5b58020/rackham/db/kingdom/Bacteria/IS -evalue 1e-30 -qcov_hsp_perc 90 -num_threads 1 -num_descriptions 1 -num_alignments 1 -seg no > \/home\/tola2495\/GenomeAnalysisVT2022\/analyses\/05_annotation\/prokka\/RR4342133_Bacteria\/bin_29\.fa\/RR4342133_Bacteria\.IS\.tmp\.28278\.blast 2> /dev/null
[02:51:42] Deleting unwanted file: /home/tola2495/GenomeAnalysisVT2022/analyses/05_annotation/prokka/RR4342133_Bacteria/bin_29.fa/RR4342133_Bacteria.IS.tmp.28278.faa
[02:51:42] Deleting unwanted file: /home/tola2495/GenomeAnalysisVT2022/analyses/05_annotation/prokka/RR4342133_Bacteria/bin_29.fa/RR4342133_Bacteria.IS.tmp.28278.blast
[02:51:42] There are still 680 unannotated CDS left (started with 680)
[02:51:42] Will use blast to search against /sw/bioinfo/prokka/1.45-5b58020/rackham/db/kingdom/Bacteria/AMR with 2 CPUs
[02:51:42] Running: cat \/home\/tola2495\/GenomeAnalysisVT2022\/analyses\/05_annotation\/prokka\/RR4342133_Bacteria\/bin_29\.fa\/RR4342133_Bacteria\.AMR\.tmp\.28278\.faa | parallel --gnu --plain -j 2 --block 42258 --recstart '>' --pipe blastp -query - -db /sw/bioinfo/prokka/1.45-5b58020/rackham/db/kingdom/Bacteria/AMR -evalue 9.99999999999999e-301 -qcov_hsp_perc 90 -num_threads 1 -num_descriptions 1 -num_alignments 1 -seg no > \/home\/tola2495\/GenomeAnalysisVT2022\/analyses\/05_annotation\/prokka\/RR4342133_Bacteria\/bin_29\.fa\/RR4342133_Bacteria\.AMR\.tmp\.28278\.blast 2> /dev/null
[02:51:50] Deleting unwanted file: /home/tola2495/GenomeAnalysisVT2022/analyses/05_annotation/prokka/RR4342133_Bacteria/bin_29.fa/RR4342133_Bacteria.AMR.tmp.28278.faa
[02:51:50] Deleting unwanted file: /home/tola2495/GenomeAnalysisVT2022/analyses/05_annotation/prokka/RR4342133_Bacteria/bin_29.fa/RR4342133_Bacteria.AMR.tmp.28278.blast
[02:51:50] There are still 680 unannotated CDS left (started with 680)
[02:51:50] Will use blast to search against /sw/bioinfo/prokka/1.45-5b58020/rackham/db/kingdom/Bacteria/sprot with 2 CPUs
[02:51:50] Running: cat \/home\/tola2495\/GenomeAnalysisVT2022\/analyses\/05_annotation\/prokka\/RR4342133_Bacteria\/bin_29\.fa\/RR4342133_Bacteria\.sprot\.tmp\.28278\.faa | parallel --gnu --plain -j 2 --block 42258 --recstart '>' --pipe blastp -query - -db /sw/bioinfo/prokka/1.45-5b58020/rackham/db/kingdom/Bacteria/sprot -evalue 1e-09 -qcov_hsp_perc 80 -num_threads 1 -num_descriptions 1 -num_alignments 1 -seg no > \/home\/tola2495\/GenomeAnalysisVT2022\/analyses\/05_annotation\/prokka\/RR4342133_Bacteria\/bin_29\.fa\/RR4342133_Bacteria\.sprot\.tmp\.28278\.blast 2> /dev/null
[02:52:20] Modify product: Uncharacterized protein M6_Spy0233 => putative protein
[02:52:20] Modify product: Probable adenylyltransferase/sulfurtransferase MoeZ => putative adenylyltransferase/sulfurtransferase MoeZ
[02:52:20] Modify product: Uncharacterized ABC transporter ATP-binding protein YknY => putative ABC transporter ATP-binding protein YknY
[02:52:20] Modify product: Uncharacterized epimerase/dehydratase SA0511 => putative epimerase/dehydratase
[02:52:20] Modify product: Uncharacterized oxidoreductase MSMEG_2407/MSMEI_2346 => putative oxidoreductase/MSMEI_2346
[02:52:20] Modify product: GTP cyclohydrolase 1 type 2 homolog => GTP cyclohydrolase 1 type 2 
[02:52:20] Modify product: Probable multidrug ABC transporter ATP-binding protein YbhF => putative multidrug ABC transporter ATP-binding protein YbhF
[02:52:20] Modify product: UPF0051 protein SA0778 => hypothetical protein
[02:52:20] Modify product: UPF0051 protein Rv1462 => hypothetical protein
[02:52:20] Modify product: Probable cysteine desulfurase => putative cysteine desulfurase
[02:52:20] Modify product: Transcriptional regulator Rv3488 => Transcriptional regulator
[02:52:21] Modify product: Probable xanthine dehydrogenase subunit A => putative xanthine dehydrogenase subunit A
[02:52:21] Modify product: Uncharacterized glycosyltransferase Rv0539 => putative glycosyltransferase
[02:52:21] Cleaned 13 /product names
[02:52:21] Deleting unwanted file: /home/tola2495/GenomeAnalysisVT2022/analyses/05_annotation/prokka/RR4342133_Bacteria/bin_29.fa/RR4342133_Bacteria.sprot.tmp.28278.faa
[02:52:21] Deleting unwanted file: /home/tola2495/GenomeAnalysisVT2022/analyses/05_annotation/prokka/RR4342133_Bacteria/bin_29.fa/RR4342133_Bacteria.sprot.tmp.28278.blast
[02:52:21] There are still 553 unannotated CDS left (started with 680)
[02:52:21] Will use hmmer3 to search against /sw/bioinfo/prokka/1.45-5b58020/rackham/db/hmm/HAMAP.hmm with 2 CPUs
[02:52:21] Running: cat \/home\/tola2495\/GenomeAnalysisVT2022\/analyses\/05_annotation\/prokka\/RR4342133_Bacteria\/bin_29\.fa\/RR4342133_Bacteria\.HAMAP\.hmm\.tmp\.28278\.faa | parallel --gnu --plain -j 2 --block 32995 --recstart '>' --pipe hmmscan --noali --notextw --acc -E 1e-09 --cpu 1 /sw/bioinfo/prokka/1.45-5b58020/rackham/db/hmm/HAMAP.hmm /dev/stdin > \/home\/tola2495\/GenomeAnalysisVT2022\/analyses\/05_annotation\/prokka\/RR4342133_Bacteria\/bin_29\.fa\/RR4342133_Bacteria\.HAMAP\.hmm\.tmp\.28278\.hmmer3 2> /dev/null
[02:52:47] Deleting unwanted file: /home/tola2495/GenomeAnalysisVT2022/analyses/05_annotation/prokka/RR4342133_Bacteria/bin_29.fa/RR4342133_Bacteria.HAMAP.hmm.tmp.28278.faa
[02:52:47] Deleting unwanted file: /home/tola2495/GenomeAnalysisVT2022/analyses/05_annotation/prokka/RR4342133_Bacteria/bin_29.fa/RR4342133_Bacteria.HAMAP.hmm.tmp.28278.hmmer3
[02:52:47] Labelling remaining 514 proteins as 'hypothetical protein'
[02:52:47] Found 144 unique /gene codes.
[02:52:47] Fixed 2 duplicate /gene - purL_1 purL_2
[02:52:47] Fixed 2 duplicate /gene - cfiA_1 cfiA_2
[02:52:47] Fixed 2 duplicate /gene - ftsZ_1 ftsZ_2
[02:52:47] Fixed 2 duplicate /gene - btuD_1 btuD_2
[02:52:47] Fixed 2 duplicate /gene - soj_1 soj_2
[02:52:47] Fixed 2 duplicate /gene - groL_1 groL_2
[02:52:47] Fixed 6 colliding /gene names.
[02:52:47] Adding /locus_tag identifiers
[02:52:47] Assigned 693 locus_tags to CDS and RNA features.
[02:52:47] Writing outputs to /home/tola2495/GenomeAnalysisVT2022/analyses/05_annotation/prokka/RR4342133_Bacteria/bin_29.fa/
[02:52:47] Generating annotation statistics file
[02:52:47] Generating Genbank and Sequin files
[02:52:47] Running: tbl2asn -V b -a r10k -l paired-ends -M n -N 1 -y 'Annotated using prokka 1.14.6 from https://github.com/tseemann/prokka' -Z \/home\/tola2495\/GenomeAnalysisVT2022\/analyses\/05_annotation\/prokka\/RR4342133_Bacteria\/bin_29\.fa\/RR4342133_Bacteria\.err -i \/home\/tola2495\/GenomeAnalysisVT2022\/analyses\/05_annotation\/prokka\/RR4342133_Bacteria\/bin_29\.fa\/RR4342133_Bacteria\.fsa 2> /dev/null
[02:52:49] Deleting unwanted file: /home/tola2495/GenomeAnalysisVT2022/analyses/05_annotation/prokka/RR4342133_Bacteria/bin_29.fa/errorsummary.val
[02:52:49] Deleting unwanted file: /home/tola2495/GenomeAnalysisVT2022/analyses/05_annotation/prokka/RR4342133_Bacteria/bin_29.fa/RR4342133_Bacteria.dr
[02:52:49] Deleting unwanted file: /home/tola2495/GenomeAnalysisVT2022/analyses/05_annotation/prokka/RR4342133_Bacteria/bin_29.fa/RR4342133_Bacteria.fixedproducts
[02:52:49] Deleting unwanted file: /home/tola2495/GenomeAnalysisVT2022/analyses/05_annotation/prokka/RR4342133_Bacteria/bin_29.fa/RR4342133_Bacteria.ecn
[02:52:49] Deleting unwanted file: /home/tola2495/GenomeAnalysisVT2022/analyses/05_annotation/prokka/RR4342133_Bacteria/bin_29.fa/RR4342133_Bacteria.val
[02:52:49] Repairing broken .GBK output that tbl2asn produces...
[02:52:49] Running: sed 's/COORDINATES: profile/COORDINATES:profile/' < \/home\/tola2495\/GenomeAnalysisVT2022\/analyses\/05_annotation\/prokka\/RR4342133_Bacteria\/bin_29\.fa\/RR4342133_Bacteria\.gbf > \/home\/tola2495\/GenomeAnalysisVT2022\/analyses\/05_annotation\/prokka\/RR4342133_Bacteria\/bin_29\.fa\/RR4342133_Bacteria\.gbk
[02:52:49] Deleting unwanted file: /home/tola2495/GenomeAnalysisVT2022/analyses/05_annotation/prokka/RR4342133_Bacteria/bin_29.fa/RR4342133_Bacteria.gbf
[02:52:49] Output files:
[02:52:49] /home/tola2495/GenomeAnalysisVT2022/analyses/05_annotation/prokka/RR4342133_Bacteria/bin_29.fa/RR4342133_Bacteria.log
[02:52:49] /home/tola2495/GenomeAnalysisVT2022/analyses/05_annotation/prokka/RR4342133_Bacteria/bin_29.fa/RR4342133_Bacteria.fna
[02:52:49] /home/tola2495/GenomeAnalysisVT2022/analyses/05_annotation/prokka/RR4342133_Bacteria/bin_29.fa/RR4342133_Bacteria.gff
[02:52:49] /home/tola2495/GenomeAnalysisVT2022/analyses/05_annotation/prokka/RR4342133_Bacteria/bin_29.fa/RR4342133_Bacteria.faa
[02:52:49] /home/tola2495/GenomeAnalysisVT2022/analyses/05_annotation/prokka/RR4342133_Bacteria/bin_29.fa/RR4342133_Bacteria.ffn
[02:52:49] /home/tola2495/GenomeAnalysisVT2022/analyses/05_annotation/prokka/RR4342133_Bacteria/bin_29.fa/RR4342133_Bacteria.tbl
[02:52:49] /home/tola2495/GenomeAnalysisVT2022/analyses/05_annotation/prokka/RR4342133_Bacteria/bin_29.fa/RR4342133_Bacteria.fsa
[02:52:49] /home/tola2495/GenomeAnalysisVT2022/analyses/05_annotation/prokka/RR4342133_Bacteria/bin_29.fa/RR4342133_Bacteria.tsv
[02:52:49] /home/tola2495/GenomeAnalysisVT2022/analyses/05_annotation/prokka/RR4342133_Bacteria/bin_29.fa/RR4342133_Bacteria.txt
[02:52:49] /home/tola2495/GenomeAnalysisVT2022/analyses/05_annotation/prokka/RR4342133_Bacteria/bin_29.fa/RR4342133_Bacteria.gbk
[02:52:49] /home/tola2495/GenomeAnalysisVT2022/analyses/05_annotation/prokka/RR4342133_Bacteria/bin_29.fa/RR4342133_Bacteria.sqn
[02:52:49] /home/tola2495/GenomeAnalysisVT2022/analyses/05_annotation/prokka/RR4342133_Bacteria/bin_29.fa/RR4342133_Bacteria.err
[02:52:49] Annotation finished successfully.
[02:52:49] Walltime used: 1.40 minutes
[02:52:49] If you use this result please cite the Prokka paper:
[02:52:49] Seemann T (2014) Prokka: rapid prokaryotic genome annotation. Bioinformatics. 30(14):2068-9.
[02:52:49] Type 'prokka --citation' for more details.
[02:52:49] Thank you, come again.
