[04:23:13] This is prokka 1.14.6
[04:23:13] Written by Torsten Seemann <torsten.seemann@gmail.com>
[04:23:13] Homepage is https://github.com/tseemann/prokka
[04:23:13] Local time is Thu May 12 04:23:13 2022
[04:23:13] You are tola2495
[04:23:13] Operating system is linux
[04:23:13] You have BioPerl 1.007001
[04:23:13] System has 16 cores.
[04:23:13] Will use maximum of 2 cores.
[04:23:13] Annotating as >>> Archaea <<<
[04:23:13] Generating locus_tag from 'bin_29.fa' contents.
[04:23:13] Setting --locustag CMPMCBPK from MD5 c696cb94d66ef4a7b106dc560b2c7f87
[04:23:13] Creating new output folder: /home/tola2495/GenomeAnalysisVT2022/analyses/05_annotation/prokka/RR4342133_Archaea/bin_29.fa
[04:23:13] Running: mkdir -p \/home\/tola2495\/GenomeAnalysisVT2022\/analyses\/05_annotation\/prokka\/RR4342133_Archaea\/bin_29\.fa
[04:23:13] Using filename prefix: RR4342133_Archaea.XXX
[04:23:13] Setting HMMER_NCPU=1
[04:23:13] Writing log to: /home/tola2495/GenomeAnalysisVT2022/analyses/05_annotation/prokka/RR4342133_Archaea/bin_29.fa/RR4342133_Archaea.log
[04:23:13] Command: /sw/bioinfo/prokka/1.45-5b58020/snowy/bin/prokka --metagenome --cpus 2 --kingdom Archaea --prefix RR4342133_Archaea --outdir /home/tola2495/GenomeAnalysisVT2022/analyses/05_annotation/prokka/RR4342133_Archaea/bin_29.fa bin_29.fa
[04:23:13] Appending to PATH: /sw/bioinfo/prokka/1.45-5b58020/rackham/bin/../binaries/linux
[04:23:13] Appending to PATH: /sw/bioinfo/prokka/1.45-5b58020/rackham/bin/../binaries/linux/../common
[04:23:13] Appending to PATH: /sw/bioinfo/prokka/1.45-5b58020/rackham/bin
[04:23:13] Looking for 'aragorn' - found /sw/bioinfo/prokka/1.45-5b58020/rackham/bin/../binaries/linux/aragorn
[04:23:13] Determined aragorn version is 001002 from 'ARAGORN v1.2.38 Dean Laslett'
[04:23:13] Looking for 'barrnap' - found /sw/bioinfo/barrnap/0.8/snowy/bin/barrnap
[04:23:13] Determined barrnap version is 000008 from 'barrnap 0.8'
[04:23:13] Looking for 'blastp' - found /sw/bioinfo/blast/2.11.0+/snowy/bin/blastp
[04:23:14] Determined blastp version is 002011 from 'blastp: 2.11.0+'
[04:23:14] Looking for 'cmpress' - found /sw/bioinfo/prokka/1.45-5b58020/rackham/bin/../binaries/linux/cmpress
[04:23:14] Determined cmpress version is 001001 from '# INFERNAL 1.1.2 (July 2016)'
[04:23:14] Looking for 'cmscan' - found /sw/bioinfo/prokka/1.45-5b58020/rackham/bin/../binaries/linux/cmscan
[04:23:14] Determined cmscan version is 001001 from '# INFERNAL 1.1.2 (July 2016)'
[04:23:14] Looking for 'egrep' - found /usr/bin/egrep
[04:23:14] Looking for 'find' - found /usr/bin/find
[04:23:14] Looking for 'grep' - found /usr/bin/grep
[04:23:14] Looking for 'hmmpress' - found /sw/apps/bioinfo/hmmer/3.1b2/snowy/bin/hmmpress
[04:23:14] Determined hmmpress version is 003001 from '# HMMER 3.1b2 (February 2015); http://hmmer.org/'
[04:23:14] Looking for 'hmmscan' - found /sw/apps/bioinfo/hmmer/3.1b2/snowy/bin/hmmscan
[04:23:14] Determined hmmscan version is 003001 from '# HMMER 3.1b2 (February 2015); http://hmmer.org/'
[04:23:14] Looking for 'java' - found /usr/bin/java
[04:23:14] Looking for 'makeblastdb' - found /sw/bioinfo/blast/2.11.0+/snowy/bin/makeblastdb
[04:23:15] Determined makeblastdb version is 002011 from 'makeblastdb: 2.11.0+'
[04:23:15] Looking for 'minced' - found /sw/apps/bioinfo/minced/0.2.0/snowy/minced
[04:23:15] Determined minced version is 002000 from 'minced 0.2.0'
[04:23:15] Looking for 'parallel' - found /sw/parallel/gnuparallel/20170122/snowy/bin/parallel
[04:23:15] Determined parallel version is 20170122 from 'GNU parallel 20170122'
[04:23:15] Looking for 'prodigal' - found /sw/apps/bioinfo/prodigal/2.6.3/snowy/bin/prodigal
[04:23:15] Determined prodigal version is 002006 from 'Prodigal V2.6.3: February, 2016'
[04:23:15] Looking for 'prokka-genbank_to_fasta_db' - found /sw/bioinfo/prokka/1.45-5b58020/snowy/bin/prokka-genbank_to_fasta_db
[04:23:15] Looking for 'sed' - found /usr/bin/sed
[04:23:15] Looking for 'signalp' - found /sw/bioinfo/SignalP/4.1f/snowy/signalp
[04:23:15] Determined signalp version is 004001 from '4.1 6204265'
[04:23:15] Looking for 'tbl2asn' - found /sw/bioinfo/tbl2asn/25.8/snowy/tbl2asn
[04:23:15] Determined tbl2asn version is 025008 from 'tbl2asn 25.8   arguments:'
[04:23:15] Using genetic code table 11.
[04:23:15] Loading and checking input file: bin_29.fa
[04:23:15] Wrote 262 contigs totalling 627468 bp.
[04:23:15] Predicting tRNAs and tmRNAs
[04:23:15] Running: aragorn -l -gc11  -w \/home\/tola2495\/GenomeAnalysisVT2022\/analyses\/05_annotation\/prokka\/RR4342133_Archaea\/bin_29\.fa\/RR4342133_Archaea\.fna
[04:23:16] 1 tRNA-Gly c[1128,1200] 34 (gcc)
[04:23:16] 1 tRNA-Ser c[2620,2704] 35 (tga)
[04:23:16] 1 tRNA-Phe c[853,927] 34 (gaa)
[04:23:16] 1 tRNA-Gln [1285,1358] 35 (ctg)
[04:23:16] 1 tRNA-Ala c[614,686] 34 (cgc)
[04:23:16] 1 tRNA-Asp c[14,89] 35 (gtc)
[04:23:16] 2 tRNA-Arg c[3279,3355] 35 (cct)
[04:23:16] 1 tRNA-Val [137,211] 34 (tac)
[04:23:16] 1 tRNA-Thr [542,616] 34 (cgt)
[04:23:16] 1 tRNA-Leu [1547,1630] 37 (gag)
[04:23:16] 1 tRNA-Arg [1951,2026] 36 (tcg)
[04:23:16] 1 tRNA-Gln c[696,768] 35 (ttg)
[04:23:16] 1 tRNA-Leu [2782,2868] 37 (tag)
[04:23:16] Found 13 tRNAs
[04:23:16] Predicting Ribosomal RNAs
[04:23:16] Running Barrnap with 2 threads
[04:23:16] Found 0 rRNAs
[04:23:16] Skipping ncRNA search, enable with --rfam if desired.
[04:23:16] Total of 13 tRNA + rRNA features
[04:23:16] Searching for CRISPR repeats
[04:23:17] Found 0 CRISPRs
[04:23:17] Predicting coding sequences
[04:23:17] Contigs total 627468 bp, so using meta mode
[04:23:17] Running: prodigal -i \/home\/tola2495\/GenomeAnalysisVT2022\/analyses\/05_annotation\/prokka\/RR4342133_Archaea\/bin_29\.fa\/RR4342133_Archaea\.fna -c -m -g 11 -p meta -f sco -q
[04:23:18] Excluding CDS which overlaps existing RNA (tRNA) at k105_32738:799..936 on + strand
[04:23:19] Excluding CDS which overlaps existing RNA (tRNA) at k105_57732:3265..3858 on - strand
[04:23:20] Excluding CDS which overlaps existing RNA (tRNA) at k105_158340:270..698 on + strand
[04:23:20] Excluding CDS which overlaps existing RNA (tRNA) at k105_165891:1686..2795 on - strand
[04:23:20] Excluding CDS which overlaps existing RNA (tRNA) at k105_165891:2839..3294 on - strand
[04:23:20] Found 680 CDS
[04:23:20] Connecting features back to sequences
[04:23:20] Not using genus-specific database. Try --usegenus to enable it.
[04:23:20] Annotating CDS, please be patient.
[04:23:20] Will use 2 CPUs for similarity searching.
[04:23:21] There are still 680 unannotated CDS left (started with 680)
[04:23:21] Will use blast to search against /sw/bioinfo/prokka/1.45-5b58020/rackham/db/kingdom/Archaea/sprot with 2 CPUs
[04:23:21] Running: cat \/home\/tola2495\/GenomeAnalysisVT2022\/analyses\/05_annotation\/prokka\/RR4342133_Archaea\/bin_29\.fa\/RR4342133_Archaea\.sprot\.tmp\.29352\.faa | parallel --gnu --plain -j 2 --block 42258 --recstart '>' --pipe blastp -query - -db /sw/bioinfo/prokka/1.45-5b58020/rackham/db/kingdom/Archaea/sprot -evalue 1e-09 -qcov_hsp_perc 80 -num_threads 1 -num_descriptions 1 -num_alignments 1 -seg no > \/home\/tola2495\/GenomeAnalysisVT2022\/analyses\/05_annotation\/prokka\/RR4342133_Archaea\/bin_29\.fa\/RR4342133_Archaea\.sprot\.tmp\.29352\.blast 2> /dev/null
[04:23:26] Modify product: Probable aminomethyltransferase => putative aminomethyltransferase
[04:23:26] Modify product: Stomatin homolog PH1511 => Stomatin
[04:23:26] Modify product: Probable cyclic pyranopterin monophosphate synthase => putative cyclic pyranopterin monophosphate synthase
[04:23:26] Modify product: UPF0273 protein PH0284 => hypothetical protein
[04:23:26] Modify product: Uncharacterized protein MJ0922 => putative protein
[04:23:26] Modify product: Uncharacterized ABC transporter ATP-binding protein MJ0796 => putative ABC transporter ATP-binding protein
[04:23:26] Modify product: Probable deoxyhypusine synthase => putative deoxyhypusine synthase
[04:23:26] Modify product: UPF0200/UPF0201 protein AF_1395 => hypothetical protein
[04:23:27] Modify product: Uncharacterized KH and PIN-domain containing protein MJ1533 => putative KH and PIN-domain containing protein
[04:23:27] Modify product: Uncharacterized HTH-type transcriptional regulator PH1519 => putative HTH-type transcriptional regulator
[04:23:27] Modify product: Probable ribosomal RNA small subunit methyltransferase A => putative ribosomal RNA small subunit methyltransferase A
[04:23:27] Modify product: Probable tRNA pseudouridine synthase D => putative tRNA pseudouridine synthase D
[04:23:27] Cleaned 12 /product names
[04:23:27] Deleting unwanted file: /home/tola2495/GenomeAnalysisVT2022/analyses/05_annotation/prokka/RR4342133_Archaea/bin_29.fa/RR4342133_Archaea.sprot.tmp.29352.faa
[04:23:27] Deleting unwanted file: /home/tola2495/GenomeAnalysisVT2022/analyses/05_annotation/prokka/RR4342133_Archaea/bin_29.fa/RR4342133_Archaea.sprot.tmp.29352.blast
[04:23:27] There are still 601 unannotated CDS left (started with 680)
[04:23:27] Will use hmmer3 to search against /sw/bioinfo/prokka/1.45-5b58020/rackham/db/hmm/HAMAP.hmm with 2 CPUs
[04:23:27] Running: cat \/home\/tola2495\/GenomeAnalysisVT2022\/analyses\/05_annotation\/prokka\/RR4342133_Archaea\/bin_29\.fa\/RR4342133_Archaea\.HAMAP\.hmm\.tmp\.29352\.faa | parallel --gnu --plain -j 2 --block 36947 --recstart '>' --pipe hmmscan --noali --notextw --acc -E 1e-09 --cpu 1 /sw/bioinfo/prokka/1.45-5b58020/rackham/db/hmm/HAMAP.hmm /dev/stdin > \/home\/tola2495\/GenomeAnalysisVT2022\/analyses\/05_annotation\/prokka\/RR4342133_Archaea\/bin_29\.fa\/RR4342133_Archaea\.HAMAP\.hmm\.tmp\.29352\.hmmer3 2> /dev/null
[04:23:56] Deleting unwanted file: /home/tola2495/GenomeAnalysisVT2022/analyses/05_annotation/prokka/RR4342133_Archaea/bin_29.fa/RR4342133_Archaea.HAMAP.hmm.tmp.29352.faa
[04:23:56] Deleting unwanted file: /home/tola2495/GenomeAnalysisVT2022/analyses/05_annotation/prokka/RR4342133_Archaea/bin_29.fa/RR4342133_Archaea.HAMAP.hmm.tmp.29352.hmmer3
[04:23:56] Labelling remaining 529 proteins as 'hypothetical protein'
[04:23:56] Possible /pseudo 'Fused isobutyryl-CoA mutase' at k105_129518 position 1559
[04:23:56] Found 119 unique /gene codes.
[04:23:56] Fixed 2 duplicate /gene - dxs_1 dxs_2
[04:23:56] Fixed 2 duplicate /gene - icmF_1 icmF_2
[04:23:56] Fixed 2 duplicate /gene - btuD_1 btuD_2
[04:23:56] Fixed 2 duplicate /gene - thsA_1 thsA_2
[04:23:56] Fixed 2 duplicate /gene - caiA_1 caiA_2
[04:23:56] Fixed 2 duplicate /gene - rfcS_1 rfcS_2
[04:23:56] Fixed 6 colliding /gene names.
[04:23:56] Adding /locus_tag identifiers
[04:23:56] Assigned 693 locus_tags to CDS and RNA features.
[04:23:56] Writing outputs to /home/tola2495/GenomeAnalysisVT2022/analyses/05_annotation/prokka/RR4342133_Archaea/bin_29.fa/
[04:23:56] Generating annotation statistics file
[04:23:56] Generating Genbank and Sequin files
[04:23:56] Running: tbl2asn -V b -a r10k -l paired-ends -M n -N 1 -y 'Annotated using prokka 1.14.6 from https://github.com/tseemann/prokka' -Z \/home\/tola2495\/GenomeAnalysisVT2022\/analyses\/05_annotation\/prokka\/RR4342133_Archaea\/bin_29\.fa\/RR4342133_Archaea\.err -i \/home\/tola2495\/GenomeAnalysisVT2022\/analyses\/05_annotation\/prokka\/RR4342133_Archaea\/bin_29\.fa\/RR4342133_Archaea\.fsa 2> /dev/null
[04:23:58] Deleting unwanted file: /home/tola2495/GenomeAnalysisVT2022/analyses/05_annotation/prokka/RR4342133_Archaea/bin_29.fa/errorsummary.val
[04:23:58] Deleting unwanted file: /home/tola2495/GenomeAnalysisVT2022/analyses/05_annotation/prokka/RR4342133_Archaea/bin_29.fa/RR4342133_Archaea.dr
[04:23:58] Deleting unwanted file: /home/tola2495/GenomeAnalysisVT2022/analyses/05_annotation/prokka/RR4342133_Archaea/bin_29.fa/RR4342133_Archaea.fixedproducts
[04:23:58] Deleting unwanted file: /home/tola2495/GenomeAnalysisVT2022/analyses/05_annotation/prokka/RR4342133_Archaea/bin_29.fa/RR4342133_Archaea.ecn
[04:23:58] Deleting unwanted file: /home/tola2495/GenomeAnalysisVT2022/analyses/05_annotation/prokka/RR4342133_Archaea/bin_29.fa/RR4342133_Archaea.val
[04:23:58] Repairing broken .GBK output that tbl2asn produces...
[04:23:58] Running: sed 's/COORDINATES: profile/COORDINATES:profile/' < \/home\/tola2495\/GenomeAnalysisVT2022\/analyses\/05_annotation\/prokka\/RR4342133_Archaea\/bin_29\.fa\/RR4342133_Archaea\.gbf > \/home\/tola2495\/GenomeAnalysisVT2022\/analyses\/05_annotation\/prokka\/RR4342133_Archaea\/bin_29\.fa\/RR4342133_Archaea\.gbk
[04:23:58] Deleting unwanted file: /home/tola2495/GenomeAnalysisVT2022/analyses/05_annotation/prokka/RR4342133_Archaea/bin_29.fa/RR4342133_Archaea.gbf
[04:23:58] Output files:
[04:23:58] /home/tola2495/GenomeAnalysisVT2022/analyses/05_annotation/prokka/RR4342133_Archaea/bin_29.fa/RR4342133_Archaea.log
[04:23:58] /home/tola2495/GenomeAnalysisVT2022/analyses/05_annotation/prokka/RR4342133_Archaea/bin_29.fa/RR4342133_Archaea.fna
[04:23:58] /home/tola2495/GenomeAnalysisVT2022/analyses/05_annotation/prokka/RR4342133_Archaea/bin_29.fa/RR4342133_Archaea.gff
[04:23:58] /home/tola2495/GenomeAnalysisVT2022/analyses/05_annotation/prokka/RR4342133_Archaea/bin_29.fa/RR4342133_Archaea.faa
[04:23:58] /home/tola2495/GenomeAnalysisVT2022/analyses/05_annotation/prokka/RR4342133_Archaea/bin_29.fa/RR4342133_Archaea.ffn
[04:23:58] /home/tola2495/GenomeAnalysisVT2022/analyses/05_annotation/prokka/RR4342133_Archaea/bin_29.fa/RR4342133_Archaea.tbl
[04:23:58] /home/tola2495/GenomeAnalysisVT2022/analyses/05_annotation/prokka/RR4342133_Archaea/bin_29.fa/RR4342133_Archaea.fsa
[04:23:58] /home/tola2495/GenomeAnalysisVT2022/analyses/05_annotation/prokka/RR4342133_Archaea/bin_29.fa/RR4342133_Archaea.tsv
[04:23:58] /home/tola2495/GenomeAnalysisVT2022/analyses/05_annotation/prokka/RR4342133_Archaea/bin_29.fa/RR4342133_Archaea.txt
[04:23:58] /home/tola2495/GenomeAnalysisVT2022/analyses/05_annotation/prokka/RR4342133_Archaea/bin_29.fa/RR4342133_Archaea.gbk
[04:23:58] /home/tola2495/GenomeAnalysisVT2022/analyses/05_annotation/prokka/RR4342133_Archaea/bin_29.fa/RR4342133_Archaea.sqn
[04:23:58] /home/tola2495/GenomeAnalysisVT2022/analyses/05_annotation/prokka/RR4342133_Archaea/bin_29.fa/RR4342133_Archaea.err
[04:23:58] Annotation finished successfully.
[04:23:58] Walltime used: 0.75 minutes
[04:23:58] If you use this result please cite the Prokka paper:
[04:23:58] Seemann T (2014) Prokka: rapid prokaryotic genome annotation. Bioinformatics. 30(14):2068-9.
[04:23:58] Type 'prokka --citation' for more details.
[04:23:58] Share and enjoy!
