[03:05:47] This is prokka 1.14.6
[03:05:47] Written by Torsten Seemann <torsten.seemann@gmail.com>
[03:05:47] Homepage is https://github.com/tseemann/prokka
[03:05:47] Local time is Thu May 12 03:05:47 2022
[03:05:47] You are tola2495
[03:05:47] Operating system is linux
[03:05:47] You have BioPerl 1.007001
[03:05:47] System has 16 cores.
[03:05:47] Will use maximum of 2 cores.
[03:05:47] Annotating as >>> Bacteria <<<
[03:05:47] Generating locus_tag from 'bin_3.fa' contents.
[03:05:47] Setting --locustag MEJIJMNM from MD5 6e32367678d04e3751b3210312b02725
[03:05:47] Creating new output folder: /home/tola2495/GenomeAnalysisVT2022/analyses/05_annotation/prokka/RR4342133_Bacteria/bin_3.fa
[03:05:47] Running: mkdir -p \/home\/tola2495\/GenomeAnalysisVT2022\/analyses\/05_annotation\/prokka\/RR4342133_Bacteria\/bin_3\.fa
[03:05:47] Using filename prefix: RR4342133_Bacteria.XXX
[03:05:47] Setting HMMER_NCPU=1
[03:05:47] Writing log to: /home/tola2495/GenomeAnalysisVT2022/analyses/05_annotation/prokka/RR4342133_Bacteria/bin_3.fa/RR4342133_Bacteria.log
[03:05:47] Command: /sw/bioinfo/prokka/1.45-5b58020/snowy/bin/prokka --metagenome --cpus 2 --prefix RR4342133_Bacteria --outdir /home/tola2495/GenomeAnalysisVT2022/analyses/05_annotation/prokka/RR4342133_Bacteria/bin_3.fa bin_3.fa
[03:05:47] Appending to PATH: /sw/bioinfo/prokka/1.45-5b58020/rackham/bin/../binaries/linux
[03:05:47] Appending to PATH: /sw/bioinfo/prokka/1.45-5b58020/rackham/bin/../binaries/linux/../common
[03:05:47] Appending to PATH: /sw/bioinfo/prokka/1.45-5b58020/rackham/bin
[03:05:47] Looking for 'aragorn' - found /sw/bioinfo/prokka/1.45-5b58020/rackham/bin/../binaries/linux/aragorn
[03:05:47] Determined aragorn version is 001002 from 'ARAGORN v1.2.38 Dean Laslett'
[03:05:47] Looking for 'barrnap' - found /sw/bioinfo/barrnap/0.8/snowy/bin/barrnap
[03:05:47] Determined barrnap version is 000008 from 'barrnap 0.8'
[03:05:47] Looking for 'blastp' - found /sw/bioinfo/blast/2.11.0+/snowy/bin/blastp
[03:05:48] Determined blastp version is 002011 from 'blastp: 2.11.0+'
[03:05:48] Looking for 'cmpress' - found /sw/bioinfo/prokka/1.45-5b58020/rackham/bin/../binaries/linux/cmpress
[03:05:48] Determined cmpress version is 001001 from '# INFERNAL 1.1.2 (July 2016)'
[03:05:48] Looking for 'cmscan' - found /sw/bioinfo/prokka/1.45-5b58020/rackham/bin/../binaries/linux/cmscan
[03:05:48] Determined cmscan version is 001001 from '# INFERNAL 1.1.2 (July 2016)'
[03:05:48] Looking for 'egrep' - found /usr/bin/egrep
[03:05:48] Looking for 'find' - found /usr/bin/find
[03:05:48] Looking for 'grep' - found /usr/bin/grep
[03:05:48] Looking for 'hmmpress' - found /sw/apps/bioinfo/hmmer/3.1b2/snowy/bin/hmmpress
[03:05:48] Determined hmmpress version is 003001 from '# HMMER 3.1b2 (February 2015); http://hmmer.org/'
[03:05:48] Looking for 'hmmscan' - found /sw/apps/bioinfo/hmmer/3.1b2/snowy/bin/hmmscan
[03:05:48] Determined hmmscan version is 003001 from '# HMMER 3.1b2 (February 2015); http://hmmer.org/'
[03:05:48] Looking for 'java' - found /usr/bin/java
[03:05:48] Looking for 'makeblastdb' - found /sw/bioinfo/blast/2.11.0+/snowy/bin/makeblastdb
[03:05:48] Determined makeblastdb version is 002011 from 'makeblastdb: 2.11.0+'
[03:05:48] Looking for 'minced' - found /sw/apps/bioinfo/minced/0.2.0/snowy/minced
[03:05:48] Determined minced version is 002000 from 'minced 0.2.0'
[03:05:48] Looking for 'parallel' - found /sw/parallel/gnuparallel/20170122/snowy/bin/parallel
[03:05:49] Determined parallel version is 20170122 from 'GNU parallel 20170122'
[03:05:49] Looking for 'prodigal' - found /sw/apps/bioinfo/prodigal/2.6.3/snowy/bin/prodigal
[03:05:49] Determined prodigal version is 002006 from 'Prodigal V2.6.3: February, 2016'
[03:05:49] Looking for 'prokka-genbank_to_fasta_db' - found /sw/bioinfo/prokka/1.45-5b58020/snowy/bin/prokka-genbank_to_fasta_db
[03:05:49] Looking for 'sed' - found /usr/bin/sed
[03:05:49] Looking for 'signalp' - found /sw/bioinfo/SignalP/4.1f/snowy/signalp
[03:05:49] Determined signalp version is 004001 from '4.1 6204265'
[03:05:49] Looking for 'tbl2asn' - found /sw/bioinfo/tbl2asn/25.8/snowy/tbl2asn
[03:05:49] Determined tbl2asn version is 025008 from 'tbl2asn 25.8   arguments:'
[03:05:49] Using genetic code table 11.
[03:05:49] Loading and checking input file: bin_3.fa
[03:05:49] Wrote 449 contigs totalling 1441981 bp.
[03:05:49] Predicting tRNAs and tmRNAs
[03:05:49] Running: aragorn -l -gc11  -w \/home\/tola2495\/GenomeAnalysisVT2022\/analyses\/05_annotation\/prokka\/RR4342133_Bacteria\/bin_3\.fa\/RR4342133_Bacteria\.fna
[03:05:49] 1 tRNA-His c[131,206] 34 (gtg)
[03:05:49] 2 tRNA-Pro c[286,362] 35 (tgg)
[03:05:49] 1 tRNA-Met c[10,86] 35 (cat)
[03:05:49] 2 tRNA-Leu c[2834,2919] 35 (gag)
[03:05:49] 1 tRNA-Leu c[2645,2736] 31 (cag)
[03:05:49] 1 tRNA-Lys [2320,2395] 34 (ttt)
[03:05:49] 1 tRNA-Met c[4290,4366] 35 (cat)
[03:05:49] 1 tRNA-Thr [187,262] 34 (cgt)
[03:05:49] 1 tRNA-Leu [3842,3928] 35 (cag)
[03:05:49] 1 tRNA-Pro c[3570,3646] 35 (cgg)
[03:05:49] 1 tRNA-Arg [3083,3159] 35 (tct)
[03:05:49] 1 tRNA-Met [1809,1883] 35 (cat)
[03:05:50] 1 tRNA-Gln [4625,4699] 33 (ttg)
[03:05:50] 1 tRNA-Arg c[1690,1766] 35 (acg)
[03:05:50] Found 14 tRNAs
[03:05:50] Predicting Ribosomal RNAs
[03:05:50] Running Barrnap with 2 threads
[03:05:51] Found 0 rRNAs
[03:05:51] Skipping ncRNA search, enable with --rfam if desired.
[03:05:51] Total of 14 tRNA + rRNA features
[03:05:51] Searching for CRISPR repeats
[03:05:51] Found 0 CRISPRs
[03:05:51] Predicting coding sequences
[03:05:51] Contigs total 1441981 bp, so using meta mode
[03:05:51] Running: prodigal -i \/home\/tola2495\/GenomeAnalysisVT2022\/analyses\/05_annotation\/prokka\/RR4342133_Bacteria\/bin_3\.fa\/RR4342133_Bacteria\.fna -c -m -g 11 -p meta -f sco -q
[03:05:54] Excluding CDS which overlaps existing RNA (tRNA) at k105_108612:1907..2707 on + strand
[03:06:01] Found 1481 CDS
[03:06:01] Connecting features back to sequences
[03:06:01] Not using genus-specific database. Try --usegenus to enable it.
[03:06:01] Annotating CDS, please be patient.
[03:06:01] Will use 2 CPUs for similarity searching.
[03:06:02] There are still 1481 unannotated CDS left (started with 1481)
[03:06:02] Will use blast to search against /sw/bioinfo/prokka/1.45-5b58020/rackham/db/kingdom/Bacteria/IS with 2 CPUs
[03:06:02] Running: cat \/home\/tola2495\/GenomeAnalysisVT2022\/analyses\/05_annotation\/prokka\/RR4342133_Bacteria\/bin_3\.fa\/RR4342133_Bacteria\.IS\.tmp\.34988\.faa | parallel --gnu --plain -j 2 --block 97204 --recstart '>' --pipe blastp -query - -db /sw/bioinfo/prokka/1.45-5b58020/rackham/db/kingdom/Bacteria/IS -evalue 1e-30 -qcov_hsp_perc 90 -num_threads 1 -num_descriptions 1 -num_alignments 1 -seg no > \/home\/tola2495\/GenomeAnalysisVT2022\/analyses\/05_annotation\/prokka\/RR4342133_Bacteria\/bin_3\.fa\/RR4342133_Bacteria\.IS\.tmp\.34988\.blast 2> /dev/null
[03:06:20] Deleting unwanted file: /home/tola2495/GenomeAnalysisVT2022/analyses/05_annotation/prokka/RR4342133_Bacteria/bin_3.fa/RR4342133_Bacteria.IS.tmp.34988.faa
[03:06:20] Deleting unwanted file: /home/tola2495/GenomeAnalysisVT2022/analyses/05_annotation/prokka/RR4342133_Bacteria/bin_3.fa/RR4342133_Bacteria.IS.tmp.34988.blast
[03:06:20] There are still 1481 unannotated CDS left (started with 1481)
[03:06:20] Will use blast to search against /sw/bioinfo/prokka/1.45-5b58020/rackham/db/kingdom/Bacteria/AMR with 2 CPUs
[03:06:20] Running: cat \/home\/tola2495\/GenomeAnalysisVT2022\/analyses\/05_annotation\/prokka\/RR4342133_Bacteria\/bin_3\.fa\/RR4342133_Bacteria\.AMR\.tmp\.34988\.faa | parallel --gnu --plain -j 2 --block 97204 --recstart '>' --pipe blastp -query - -db /sw/bioinfo/prokka/1.45-5b58020/rackham/db/kingdom/Bacteria/AMR -evalue 9.99999999999999e-301 -qcov_hsp_perc 90 -num_threads 1 -num_descriptions 1 -num_alignments 1 -seg no > \/home\/tola2495\/GenomeAnalysisVT2022\/analyses\/05_annotation\/prokka\/RR4342133_Bacteria\/bin_3\.fa\/RR4342133_Bacteria\.AMR\.tmp\.34988\.blast 2> /dev/null
[03:06:35] Deleting unwanted file: /home/tola2495/GenomeAnalysisVT2022/analyses/05_annotation/prokka/RR4342133_Bacteria/bin_3.fa/RR4342133_Bacteria.AMR.tmp.34988.faa
[03:06:35] Deleting unwanted file: /home/tola2495/GenomeAnalysisVT2022/analyses/05_annotation/prokka/RR4342133_Bacteria/bin_3.fa/RR4342133_Bacteria.AMR.tmp.34988.blast
[03:06:36] There are still 1481 unannotated CDS left (started with 1481)
[03:06:36] Will use blast to search against /sw/bioinfo/prokka/1.45-5b58020/rackham/db/kingdom/Bacteria/sprot with 2 CPUs
[03:06:36] Running: cat \/home\/tola2495\/GenomeAnalysisVT2022\/analyses\/05_annotation\/prokka\/RR4342133_Bacteria\/bin_3\.fa\/RR4342133_Bacteria\.sprot\.tmp\.34988\.faa | parallel --gnu --plain -j 2 --block 97204 --recstart '>' --pipe blastp -query - -db /sw/bioinfo/prokka/1.45-5b58020/rackham/db/kingdom/Bacteria/sprot -evalue 1e-09 -qcov_hsp_perc 80 -num_threads 1 -num_descriptions 1 -num_alignments 1 -seg no > \/home\/tola2495\/GenomeAnalysisVT2022\/analyses\/05_annotation\/prokka\/RR4342133_Bacteria\/bin_3\.fa\/RR4342133_Bacteria\.sprot\.tmp\.34988\.blast 2> /dev/null
[03:07:45] Modify product: Probable chromosome-partitioning protein ParB => putative chromosome-partitioning protein ParB
[03:07:45] Modify product: Probable protease SohB => putative protease SohB
[03:07:45] Modify product: Probable sulfate transporter Rv1739c => putative sulfate transporter
[03:07:45] Modify product: Probable metallo-hydrolase BURPS1710b_2304 => putative metallo-hydrolase
[03:07:45] Modify product: Probable FKBP-type peptidyl-prolyl cis-trans isomerase FkpA => putative FKBP-type peptidyl-prolyl cis-trans isomerase FkpA
[03:07:45] Modify product: UPF0213 protein BH0048 => hypothetical protein
[03:07:45] Modify product: RNA-binding protein HI_1333 => RNA-binding protein
[03:07:45] Modify product: Uncharacterized protein YibN => putative protein YibN
[03:07:45] Modify product: UPF0434 protein PFL_1779 => hypothetical protein
[03:07:45] Modify product: Probable Fe(2+)-trafficking protein => putative Fe(2+)-trafficking protein
[03:07:45] Modify product: UPF0053 protein Rv2366c => hypothetical protein
[03:07:45] Modify product: Monocarboxylate 2-oxoacid-binding periplasmic protein all3028 => Monocarboxylate 2-oxoacid-binding periplasmic protein
[03:07:45] Modify product: Uncharacterized acyl-CoA thioester hydrolase HI_0827 => putative acyl-CoA thioester hydrolase
[03:07:45] Modify product: Uncharacterized oxidoreductase Rv0769 => putative oxidoreductase
[03:07:45] Modify product: UPF0701 protein HI_0467 => hypothetical protein
[03:07:45] Modify product: Dihydroorotate dehydrogenase B (NAD(+)), electron transfer subunit homolog => Dihydroorotate dehydrogenase B (NAD(+)), electron transfer subunit 
[03:07:45] Modify product: Uncharacterized MFS-type transporter YcaD => putative MFS-type transporter YcaD
[03:07:45] Modify product: Bifunctional protein FolD => Bifunctional protein FolD protein
[03:07:45] Modify product: Uncharacterized isomerase YddE => putative isomerase YddE
[03:07:45] Modify product: Probable L-galactonate transporter => putative L-galactonate transporter
[03:07:45] Modify product: Probable chromosome-partitioning protein ParB => putative chromosome-partitioning protein ParB
[03:07:45] Modify product: Uncharacterized oxidoreductase Rv1144 => putative oxidoreductase
[03:07:45] Modify product: Putative coenzyme F420-dependent oxidoreductase Rv3520c => Putative coenzyme F420-dependent oxidoreductase
[03:07:45] Modify product: Putative short-chain type dehydrogenase/reductase Rv0148 => Putative short-chain type dehydrogenase/reductase
[03:07:45] Modify product: Putative trans-acting enoyl reductase Rv2449c => Putative trans-acting enoyl reductase
[03:07:45] Modify product: Probable propionyl-CoA carboxylase beta chain 6 => putative propionyl-CoA carboxylase beta chain 6
[03:07:45] Modify product: UPF0153 protein YeiW => hypothetical protein
[03:07:45] Modify product: Putative hydro-lyase PSPTO_5379 => Putative hydro-lyase
[03:07:46] Modify product: Probable protein kinase UbiB => putative protein kinase UbiB
[03:07:46] Modify product: Uncharacterized protein Rv2913c => putative protein
[03:07:46] Modify product: UPF0102 protein RPA0323 => hypothetical protein
[03:07:46] Modify product: Epimerase family protein SA0724 => Epimerase family protein
[03:07:46] Modify product: Putative low molecular weight protein-tyrosine-phosphatase slr0328 => Putative low molecular weight protein-tyrosine-phosphatase
[03:07:46] Modify product: Probable peptidoglycan glycosyltransferase FtsW => putative peptidoglycan glycosyltransferase FtsW
[03:07:46] Modify product: Putative trans-acting enoyl reductase Rv2449c => Putative trans-acting enoyl reductase
[03:07:46] Modify product: Probable GTP-binding protein EngB => putative GTP-binding protein EngB
[03:07:46] Modify product: Probable acyl-CoA dehydrogenase fadE25 => putative acyl-CoA dehydrogenase fadE25
[03:07:46] Modify product: UPF0307 protein YjgA => hypothetical protein
[03:07:46] Modify product: Uncharacterized metal-dependent hydrolase YcfH => putative metal-dependent hydrolase YcfH
[03:07:46] Modify product: Probable intracellular septation protein A => putative intracellular septation protein A
[03:07:46] Modify product: Uncharacterized protein YciO => putative protein YciO
[03:07:46] Modify product: UPF0070 protein HI_0370 => hypothetical protein
[03:07:46] Modify product: Probable enoyl-CoA hydratase 1 => putative enoyl-CoA hydratase 1
[03:07:46] Modify product: Probable glycerol-3-phosphate dehydrogenase 2 [NAD(P)+] => putative glycerol-3-phosphate dehydrogenase 2 [NAD(P)+]
[03:07:46] Modify product: GTP-binding protein TypA/BipA homolog => GTP-binding protein TypA/BipA 
[03:07:46] Modify product: Uncharacterized ABC transporter ATP-binding protein YadG => putative ABC transporter ATP-binding protein YadG
[03:07:46] Modify product: Peroxiredoxin sll1621 => Peroxiredoxin
[03:07:46] Modify product: Uncharacterized protein YfgD => putative protein YfgD
[03:07:46] Modify product: UPF0125 protein HI_0395 => hypothetical protein
[03:07:46] Modify product: Uncharacterized oxidoreductase Rv0927c => putative oxidoreductase
[03:07:46] Cleaned 50 /product names
[03:07:46] Deleting unwanted file: /home/tola2495/GenomeAnalysisVT2022/analyses/05_annotation/prokka/RR4342133_Bacteria/bin_3.fa/RR4342133_Bacteria.sprot.tmp.34988.faa
[03:07:46] Deleting unwanted file: /home/tola2495/GenomeAnalysisVT2022/analyses/05_annotation/prokka/RR4342133_Bacteria/bin_3.fa/RR4342133_Bacteria.sprot.tmp.34988.blast
[03:07:47] There are still 766 unannotated CDS left (started with 1481)
[03:07:47] Will use hmmer3 to search against /sw/bioinfo/prokka/1.45-5b58020/rackham/db/hmm/HAMAP.hmm with 2 CPUs
[03:07:47] Running: cat \/home\/tola2495\/GenomeAnalysisVT2022\/analyses\/05_annotation\/prokka\/RR4342133_Bacteria\/bin_3\.fa\/RR4342133_Bacteria\.HAMAP\.hmm\.tmp\.34988\.faa | parallel --gnu --plain -j 2 --block 41154 --recstart '>' --pipe hmmscan --noali --notextw --acc -E 1e-09 --cpu 1 /sw/bioinfo/prokka/1.45-5b58020/rackham/db/hmm/HAMAP.hmm /dev/stdin > \/home\/tola2495\/GenomeAnalysisVT2022\/analyses\/05_annotation\/prokka\/RR4342133_Bacteria\/bin_3\.fa\/RR4342133_Bacteria\.HAMAP\.hmm\.tmp\.34988\.hmmer3 2> /dev/null
[03:08:22] Modify product: Uncharacterized MFS-type transporter YcaD => putative MFS-type transporter YcaD
[03:08:22] Cleaned 1 /product names
[03:08:22] Deleting unwanted file: /home/tola2495/GenomeAnalysisVT2022/analyses/05_annotation/prokka/RR4342133_Bacteria/bin_3.fa/RR4342133_Bacteria.HAMAP.hmm.tmp.34988.faa
[03:08:22] Deleting unwanted file: /home/tola2495/GenomeAnalysisVT2022/analyses/05_annotation/prokka/RR4342133_Bacteria/bin_3.fa/RR4342133_Bacteria.HAMAP.hmm.tmp.34988.hmmer3
[03:08:22] Labelling remaining 685 proteins as 'hypothetical protein'
[03:08:22] Possible /pseudo 'Tol-Pal system protein TolR' at k105_69023 position 1806
[03:08:22] Found 681 unique /gene codes.
[03:08:22] Fixed 2 duplicate /gene - trpB_1 trpB_2
[03:08:22] Fixed 4 duplicate /gene - bepA_1 bepA_2 bepA_3 bepA_4
[03:08:22] Fixed 2 duplicate /gene - leuS_1 leuS_2
[03:08:22] Fixed 2 duplicate /gene - pamO_1 pamO_2
[03:08:22] Fixed 2 duplicate /gene - aroB_1 aroB_2
[03:08:22] Fixed 2 duplicate /gene - dmg_1 dmg_2
[03:08:22] Fixed 3 duplicate /gene - btuB_1 btuB_2 btuB_3
[03:08:22] Fixed 2 duplicate /gene - yfmJ_1 yfmJ_2
[03:08:22] Fixed 2 duplicate /gene - fadD3_1 fadD3_2
[03:08:22] Fixed 2 duplicate /gene - rsmH_1 rsmH_2
[03:08:22] Fixed 2 duplicate /gene - exuT_1 exuT_2
[03:08:22] Fixed 2 duplicate /gene - ftsL_1 ftsL_2
[03:08:22] Fixed 2 duplicate /gene - mshA_1 mshA_2
[03:08:22] Fixed 2 duplicate /gene - crt_1 crt_2
[03:08:22] Fixed 2 duplicate /gene - mraZ_1 mraZ_2
[03:08:22] Fixed 2 duplicate /gene - mdh_1 mdh_2
[03:08:22] Fixed 2 duplicate /gene - acdA_1 acdA_2
[03:08:22] Fixed 2 duplicate /gene - rsmG_1 rsmG_2
[03:08:22] Fixed 2 duplicate /gene - lon_1 lon_2
[03:08:22] Fixed 2 duplicate /gene - nicF_1 nicF_2
[03:08:22] Fixed 2 duplicate /gene - ald_1 ald_2
[03:08:22] Fixed 2 duplicate /gene - cdhR_1 cdhR_2
[03:08:22] Fixed 2 duplicate /gene - gltB_1 gltB_2
[03:08:22] Fixed 2 duplicate /gene - dhmA_1 dhmA_2
[03:08:22] Fixed 3 duplicate /gene - linC_1 linC_2 linC_3
[03:08:22] Fixed 2 duplicate /gene - mnmE_1 mnmE_2
[03:08:22] Fixed 2 duplicate /gene - ribBA_1 ribBA_2
[03:08:22] Fixed 3 duplicate /gene - fabG_1 fabG_2 fabG_3
[03:08:22] Fixed 2 duplicate /gene - rmlD_1 rmlD_2
[03:08:22] Fixed 3 duplicate /gene - mmgC_1 mmgC_2 mmgC_3
[03:08:22] Fixed 3 duplicate /gene - tolR_1 tolR_2 tolR_3
[03:08:22] Fixed 2 duplicate /gene - mnmG_1 mnmG_2
[03:08:22] Fixed 2 duplicate /gene - yciB_1 yciB_2
[03:08:22] Fixed 2 duplicate /gene - tolQ_1 tolQ_2
[03:08:22] Fixed 2 duplicate /gene - bacC_1 bacC_2
[03:08:22] Fixed 2 duplicate /gene - parB_1 parB_2
[03:08:22] Fixed 2 duplicate /gene - bicA_1 bicA_2
[03:08:22] Fixed 2 duplicate /gene - menE_1 menE_2
[03:08:22] Fixed 2 duplicate /gene - rutC_1 rutC_2
[03:08:22] Fixed 2 duplicate /gene - tusA_1 tusA_2
[03:08:22] Fixed 2 duplicate /gene - yfdE_1 yfdE_2
[03:08:22] Fixed 2 duplicate /gene - alsT_1 alsT_2
[03:08:22] Fixed 2 duplicate /gene - oxyR_1 oxyR_2
[03:08:22] Fixed 2 duplicate /gene - syrM1_1 syrM1_2
[03:08:22] Fixed 2 duplicate /gene - ctaE_1 ctaE_2
[03:08:22] Fixed 2 duplicate /gene - ycaD_1 ycaD_2
[03:08:22] Fixed 46 colliding /gene names.
[03:08:22] Adding /locus_tag identifiers
[03:08:22] Assigned 1495 locus_tags to CDS and RNA features.
[03:08:22] Writing outputs to /home/tola2495/GenomeAnalysisVT2022/analyses/05_annotation/prokka/RR4342133_Bacteria/bin_3.fa/
[03:08:23] Generating annotation statistics file
[03:08:23] Generating Genbank and Sequin files
[03:08:23] Running: tbl2asn -V b -a r10k -l paired-ends -M n -N 1 -y 'Annotated using prokka 1.14.6 from https://github.com/tseemann/prokka' -Z \/home\/tola2495\/GenomeAnalysisVT2022\/analyses\/05_annotation\/prokka\/RR4342133_Bacteria\/bin_3\.fa\/RR4342133_Bacteria\.err -i \/home\/tola2495\/GenomeAnalysisVT2022\/analyses\/05_annotation\/prokka\/RR4342133_Bacteria\/bin_3\.fa\/RR4342133_Bacteria\.fsa 2> /dev/null
[03:08:27] Deleting unwanted file: /home/tola2495/GenomeAnalysisVT2022/analyses/05_annotation/prokka/RR4342133_Bacteria/bin_3.fa/errorsummary.val
[03:08:27] Deleting unwanted file: /home/tola2495/GenomeAnalysisVT2022/analyses/05_annotation/prokka/RR4342133_Bacteria/bin_3.fa/RR4342133_Bacteria.dr
[03:08:27] Deleting unwanted file: /home/tola2495/GenomeAnalysisVT2022/analyses/05_annotation/prokka/RR4342133_Bacteria/bin_3.fa/RR4342133_Bacteria.fixedproducts
[03:08:27] Deleting unwanted file: /home/tola2495/GenomeAnalysisVT2022/analyses/05_annotation/prokka/RR4342133_Bacteria/bin_3.fa/RR4342133_Bacteria.ecn
[03:08:27] Deleting unwanted file: /home/tola2495/GenomeAnalysisVT2022/analyses/05_annotation/prokka/RR4342133_Bacteria/bin_3.fa/RR4342133_Bacteria.val
[03:08:27] Repairing broken .GBK output that tbl2asn produces...
[03:08:27] Running: sed 's/COORDINATES: profile/COORDINATES:profile/' < \/home\/tola2495\/GenomeAnalysisVT2022\/analyses\/05_annotation\/prokka\/RR4342133_Bacteria\/bin_3\.fa\/RR4342133_Bacteria\.gbf > \/home\/tola2495\/GenomeAnalysisVT2022\/analyses\/05_annotation\/prokka\/RR4342133_Bacteria\/bin_3\.fa\/RR4342133_Bacteria\.gbk
[03:08:27] Deleting unwanted file: /home/tola2495/GenomeAnalysisVT2022/analyses/05_annotation/prokka/RR4342133_Bacteria/bin_3.fa/RR4342133_Bacteria.gbf
[03:08:27] Output files:
[03:08:27] /home/tola2495/GenomeAnalysisVT2022/analyses/05_annotation/prokka/RR4342133_Bacteria/bin_3.fa/RR4342133_Bacteria.log
[03:08:27] /home/tola2495/GenomeAnalysisVT2022/analyses/05_annotation/prokka/RR4342133_Bacteria/bin_3.fa/RR4342133_Bacteria.fna
[03:08:27] /home/tola2495/GenomeAnalysisVT2022/analyses/05_annotation/prokka/RR4342133_Bacteria/bin_3.fa/RR4342133_Bacteria.gff
[03:08:27] /home/tola2495/GenomeAnalysisVT2022/analyses/05_annotation/prokka/RR4342133_Bacteria/bin_3.fa/RR4342133_Bacteria.faa
[03:08:27] /home/tola2495/GenomeAnalysisVT2022/analyses/05_annotation/prokka/RR4342133_Bacteria/bin_3.fa/RR4342133_Bacteria.ffn
[03:08:27] /home/tola2495/GenomeAnalysisVT2022/analyses/05_annotation/prokka/RR4342133_Bacteria/bin_3.fa/RR4342133_Bacteria.tbl
[03:08:27] /home/tola2495/GenomeAnalysisVT2022/analyses/05_annotation/prokka/RR4342133_Bacteria/bin_3.fa/RR4342133_Bacteria.fsa
[03:08:27] /home/tola2495/GenomeAnalysisVT2022/analyses/05_annotation/prokka/RR4342133_Bacteria/bin_3.fa/RR4342133_Bacteria.tsv
[03:08:27] /home/tola2495/GenomeAnalysisVT2022/analyses/05_annotation/prokka/RR4342133_Bacteria/bin_3.fa/RR4342133_Bacteria.txt
[03:08:27] /home/tola2495/GenomeAnalysisVT2022/analyses/05_annotation/prokka/RR4342133_Bacteria/bin_3.fa/RR4342133_Bacteria.gbk
[03:08:27] /home/tola2495/GenomeAnalysisVT2022/analyses/05_annotation/prokka/RR4342133_Bacteria/bin_3.fa/RR4342133_Bacteria.sqn
[03:08:27] /home/tola2495/GenomeAnalysisVT2022/analyses/05_annotation/prokka/RR4342133_Bacteria/bin_3.fa/RR4342133_Bacteria.err
[03:08:27] Annotation finished successfully.
[03:08:27] Walltime used: 2.67 minutes
[03:08:27] If you use this result please cite the Prokka paper:
[03:08:27] Seemann T (2014) Prokka: rapid prokaryotic genome annotation. Bioinformatics. 30(14):2068-9.
[03:08:27] Type 'prokka --citation' for more details.
[03:08:27] Thank you, come again.
