[01:20:04] This is prokka 1.14.6
[01:20:04] Written by Torsten Seemann <torsten.seemann@gmail.com>
[01:20:04] Homepage is https://github.com/tseemann/prokka
[01:20:04] Local time is Thu May 12 01:20:04 2022
[01:20:04] You are tola2495
[01:20:04] Operating system is linux
[01:20:04] You have BioPerl 1.007001
[01:20:04] System has 16 cores.
[01:20:04] Will use maximum of 2 cores.
[01:20:04] Annotating as >>> Archaea <<<
[01:20:04] Generating locus_tag from 'bin_18.fa' contents.
[01:20:04] Setting --locustag GLLPHMDP from MD5 055916d94f0abeadfbeda60bc019bfd1
[01:20:04] Creating new output folder: /home/tola2495/GenomeAnalysisVT2022/analyses/05_annotation/prokka/RR4342129_Archaea/bin_18.fa
[01:20:04] Running: mkdir -p \/home\/tola2495\/GenomeAnalysisVT2022\/analyses\/05_annotation\/prokka\/RR4342129_Archaea\/bin_18\.fa
[01:20:04] Using filename prefix: RR4342129_Archaea.XXX
[01:20:04] Setting HMMER_NCPU=1
[01:20:04] Writing log to: /home/tola2495/GenomeAnalysisVT2022/analyses/05_annotation/prokka/RR4342129_Archaea/bin_18.fa/RR4342129_Archaea.log
[01:20:04] Command: /sw/bioinfo/prokka/1.45-5b58020/snowy/bin/prokka --metagenome --cpus 2 --kingdom Archaea --prefix RR4342129_Archaea --outdir /home/tola2495/GenomeAnalysisVT2022/analyses/05_annotation/prokka/RR4342129_Archaea/bin_18.fa bin_18.fa
[01:20:04] Appending to PATH: /sw/bioinfo/prokka/1.45-5b58020/rackham/bin/../binaries/linux
[01:20:04] Appending to PATH: /sw/bioinfo/prokka/1.45-5b58020/rackham/bin/../binaries/linux/../common
[01:20:04] Appending to PATH: /sw/bioinfo/prokka/1.45-5b58020/rackham/bin
[01:20:04] Looking for 'aragorn' - found /sw/bioinfo/prokka/1.45-5b58020/rackham/bin/../binaries/linux/aragorn
[01:20:04] Determined aragorn version is 001002 from 'ARAGORN v1.2.38 Dean Laslett'
[01:20:04] Looking for 'barrnap' - found /sw/bioinfo/barrnap/0.8/snowy/bin/barrnap
[01:20:04] Determined barrnap version is 000008 from 'barrnap 0.8'
[01:20:04] Looking for 'blastp' - found /sw/bioinfo/blast/2.11.0+/snowy/bin/blastp
[01:20:05] Determined blastp version is 002011 from 'blastp: 2.11.0+'
[01:20:05] Looking for 'cmpress' - found /sw/bioinfo/prokka/1.45-5b58020/rackham/bin/../binaries/linux/cmpress
[01:20:05] Determined cmpress version is 001001 from '# INFERNAL 1.1.2 (July 2016)'
[01:20:05] Looking for 'cmscan' - found /sw/bioinfo/prokka/1.45-5b58020/rackham/bin/../binaries/linux/cmscan
[01:20:05] Determined cmscan version is 001001 from '# INFERNAL 1.1.2 (July 2016)'
[01:20:05] Looking for 'egrep' - found /usr/bin/egrep
[01:20:05] Looking for 'find' - found /usr/bin/find
[01:20:05] Looking for 'grep' - found /usr/bin/grep
[01:20:05] Looking for 'hmmpress' - found /sw/apps/bioinfo/hmmer/3.1b2/snowy/bin/hmmpress
[01:20:05] Determined hmmpress version is 003001 from '# HMMER 3.1b2 (February 2015); http://hmmer.org/'
[01:20:05] Looking for 'hmmscan' - found /sw/apps/bioinfo/hmmer/3.1b2/snowy/bin/hmmscan
[01:20:05] Determined hmmscan version is 003001 from '# HMMER 3.1b2 (February 2015); http://hmmer.org/'
[01:20:05] Looking for 'java' - found /usr/bin/java
[01:20:05] Looking for 'makeblastdb' - found /sw/bioinfo/blast/2.11.0+/snowy/bin/makeblastdb
[01:20:06] Determined makeblastdb version is 002011 from 'makeblastdb: 2.11.0+'
[01:20:06] Looking for 'minced' - found /sw/apps/bioinfo/minced/0.2.0/snowy/minced
[01:20:06] Determined minced version is 002000 from 'minced 0.2.0'
[01:20:06] Looking for 'parallel' - found /sw/parallel/gnuparallel/20170122/snowy/bin/parallel
[01:20:06] Determined parallel version is 20170122 from 'GNU parallel 20170122'
[01:20:06] Looking for 'prodigal' - found /sw/apps/bioinfo/prodigal/2.6.3/snowy/bin/prodigal
[01:20:06] Determined prodigal version is 002006 from 'Prodigal V2.6.3: February, 2016'
[01:20:06] Looking for 'prokka-genbank_to_fasta_db' - found /sw/bioinfo/prokka/1.45-5b58020/snowy/bin/prokka-genbank_to_fasta_db
[01:20:06] Looking for 'sed' - found /usr/bin/sed
[01:20:06] Looking for 'signalp' - found /sw/bioinfo/SignalP/4.1f/snowy/signalp
[01:20:07] Determined signalp version is 004001 from '4.1 6204265'
[01:20:07] Looking for 'tbl2asn' - found /sw/bioinfo/tbl2asn/25.8/snowy/tbl2asn
[01:20:07] Determined tbl2asn version is 025008 from 'tbl2asn 25.8   arguments:'
[01:20:07] Using genetic code table 11.
[01:20:07] Loading and checking input file: bin_18.fa
[01:20:07] Wrote 12 contigs totalling 464223 bp.
[01:20:07] Predicting tRNAs and tmRNAs
[01:20:07] Running: aragorn -l -gc11  -w \/home\/tola2495\/GenomeAnalysisVT2022\/analyses\/05_annotation\/prokka\/RR4342129_Archaea\/bin_18\.fa\/RR4342129_Archaea\.fna
[01:20:07] 1 tRNA-Pro c[24256,24333] 37 (tgg)
[01:20:07] 1 tRNA-Ala [2957,3033] 35 (tgc)
[01:20:07] 2 tRNA-Asn [13870,13945] 34 (gtt)
[01:20:07] 3 tRNA-Met [37592,37668] 35 (cat)
[01:20:07] 1 tRNA-Lys c[23401,23476] 35 (ttt)
[01:20:07] 1 tRNA-Val c[72046,72121] 34 (gac)
[01:20:07] 1 tRNA-His c[18761,18835] 34 (gtg)
[01:20:07] 2 tRNA-Glu [30561,30638] 37 (ctc)
[01:20:07] 3 tRNA-Thr c[56959,57033] 33 (ggt)
[01:20:07] 4 tRNA-Ser [57162,57247] 35 (gga)
[01:20:07] 5 tRNA-Leu [99262,99347] 36 (taa)
[01:20:07] 1 tRNA-Lys [107,183] 35 (ctt)
[01:20:07] 2 tRNA-Gln c[2959,3034] 35 (ttg)
[01:20:07] Found 13 tRNAs
[01:20:07] Predicting Ribosomal RNAs
[01:20:07] Running Barrnap with 2 threads
[01:20:07] 1 k105_118946 181 5S ribosomal RNA
[01:20:07] Found 1 rRNAs
[01:20:07] Skipping ncRNA search, enable with --rfam if desired.
[01:20:07] Total of 14 tRNA + rRNA features
[01:20:07] Searching for CRISPR repeats
[01:20:08] Found 0 CRISPRs
[01:20:08] Predicting coding sequences
[01:20:08] Contigs total 464223 bp, so using meta mode
[01:20:08] Running: prodigal -i \/home\/tola2495\/GenomeAnalysisVT2022\/analyses\/05_annotation\/prokka\/RR4342129_Archaea\/bin_18\.fa\/RR4342129_Archaea\.fna -c -m -g 11 -p meta -f sco -q
[01:20:10] Excluding CDS which overlaps existing RNA (rRNA) at k105_118946:93..323 on - strand
[01:20:14] Found 365 CDS
[01:20:14] Connecting features back to sequences
[01:20:14] Not using genus-specific database. Try --usegenus to enable it.
[01:20:14] Annotating CDS, please be patient.
[01:20:14] Will use 2 CPUs for similarity searching.
[01:20:14] There are still 365 unannotated CDS left (started with 365)
[01:20:14] Will use blast to search against /sw/bioinfo/prokka/1.45-5b58020/rackham/db/kingdom/Archaea/sprot with 2 CPUs
[01:20:14] Running: cat \/home\/tola2495\/GenomeAnalysisVT2022\/analyses\/05_annotation\/prokka\/RR4342129_Archaea\/bin_18\.fa\/RR4342129_Archaea\.sprot\.tmp\.29937\.faa | parallel --gnu --plain -j 2 --block 36392 --recstart '>' --pipe blastp -query - -db /sw/bioinfo/prokka/1.45-5b58020/rackham/db/kingdom/Archaea/sprot -evalue 1e-09 -qcov_hsp_perc 80 -num_threads 1 -num_descriptions 1 -num_alignments 1 -seg no > \/home\/tola2495\/GenomeAnalysisVT2022\/analyses\/05_annotation\/prokka\/RR4342129_Archaea\/bin_18\.fa\/RR4342129_Archaea\.sprot\.tmp\.29937\.blast 2> /dev/null
[01:20:19] Modify product: Uncharacterized ABC transporter ATP-binding protein MJ0796 => putative ABC transporter ATP-binding protein
[01:20:19] Modify product: Probable 6-oxopurine nucleoside phosphorylase => putative 6-oxopurine nucleoside phosphorylase
[01:20:19] Modify product: Uncharacterized ABC transporter ATP-binding protein MJ0796 => putative ABC transporter ATP-binding protein
[01:20:19] Modify product: Probable aminomethyltransferase => putative aminomethyltransferase
[01:20:19] Modify product: Ribosome maturation protein SDO1 homolog => Ribosome maturation protein SDO1 
[01:20:19] Modify product: Probable RNA 2'-phosphotransferase => putative RNA 2'-phosphotransferase
[01:20:19] Modify product: Probable ribosome biogenesis protein SSO0551 => putative ribosome biogenesis protein
[01:20:19] Modify product: Probable tRNA pseudouridine synthase D => putative tRNA pseudouridine synthase D
[01:20:19] Modify product: Probable tRNA pseudouridine synthase B => putative tRNA pseudouridine synthase B
[01:20:19] Modify product: GPN-loop GTPase PAB0955 => GPN-loop GTPase
[01:20:19] Modify product: ATP-dependent DNA helicase Ta0057 => ATP-dependent DNA helicase
[01:20:19] Cleaned 11 /product names
[01:20:19] Deleting unwanted file: /home/tola2495/GenomeAnalysisVT2022/analyses/05_annotation/prokka/RR4342129_Archaea/bin_18.fa/RR4342129_Archaea.sprot.tmp.29937.faa
[01:20:19] Deleting unwanted file: /home/tola2495/GenomeAnalysisVT2022/analyses/05_annotation/prokka/RR4342129_Archaea/bin_18.fa/RR4342129_Archaea.sprot.tmp.29937.blast
[01:20:19] There are still 280 unannotated CDS left (started with 365)
[01:20:19] Will use hmmer3 to search against /sw/bioinfo/prokka/1.45-5b58020/rackham/db/hmm/HAMAP.hmm with 2 CPUs
[01:20:19] Running: cat \/home\/tola2495\/GenomeAnalysisVT2022\/analyses\/05_annotation\/prokka\/RR4342129_Archaea\/bin_18\.fa\/RR4342129_Archaea\.HAMAP\.hmm\.tmp\.29937\.faa | parallel --gnu --plain -j 2 --block 29116 --recstart '>' --pipe hmmscan --noali --notextw --acc -E 1e-09 --cpu 1 /sw/bioinfo/prokka/1.45-5b58020/rackham/db/hmm/HAMAP.hmm /dev/stdin > \/home\/tola2495\/GenomeAnalysisVT2022\/analyses\/05_annotation\/prokka\/RR4342129_Archaea\/bin_18\.fa\/RR4342129_Archaea\.HAMAP\.hmm\.tmp\.29937\.hmmer3 2> /dev/null
[01:20:35] Deleting unwanted file: /home/tola2495/GenomeAnalysisVT2022/analyses/05_annotation/prokka/RR4342129_Archaea/bin_18.fa/RR4342129_Archaea.HAMAP.hmm.tmp.29937.faa
[01:20:35] Deleting unwanted file: /home/tola2495/GenomeAnalysisVT2022/analyses/05_annotation/prokka/RR4342129_Archaea/bin_18.fa/RR4342129_Archaea.HAMAP.hmm.tmp.29937.hmmer3
[01:20:35] Labelling remaining 207 proteins as 'hypothetical protein'
[01:20:35] Possible /pseudo 'DNA-directed RNA polymerase subunit beta'' at k105_117003 position 15972
[01:20:35] Possible /pseudo 'Fused isobutyryl-CoA mutase' at k105_118946 position 5352
[01:20:35] Possible /pseudo '1-deoxy-D-xylulose-5-phosphate synthase' at k105_38066 position 52493
[01:20:35] Found 124 unique /gene codes.
[01:20:35] Fixed 2 duplicate /gene - cofH_1 cofH_2
[01:20:35] Fixed 2 duplicate /gene - rsxB_1 rsxB_2
[01:20:35] Fixed 2 duplicate /gene - rpoC_1 rpoC_2
[01:20:35] Fixed 2 duplicate /gene - icmF_1 icmF_2
[01:20:35] Fixed 5 duplicate /gene - btuD_1 btuD_2 btuD_3 btuD_4 btuD_5
[01:20:35] Fixed 3 duplicate /gene - dxs_1 dxs_2 dxs_3
[01:20:35] Fixed 6 colliding /gene names.
[01:20:35] Adding /locus_tag identifiers
[01:20:35] Assigned 379 locus_tags to CDS and RNA features.
[01:20:35] Writing outputs to /home/tola2495/GenomeAnalysisVT2022/analyses/05_annotation/prokka/RR4342129_Archaea/bin_18.fa/
[01:20:35] Generating annotation statistics file
[01:20:35] Generating Genbank and Sequin files
[01:20:35] Running: tbl2asn -V b -a r10k -l paired-ends -M n -N 1 -y 'Annotated using prokka 1.14.6 from https://github.com/tseemann/prokka' -Z \/home\/tola2495\/GenomeAnalysisVT2022\/analyses\/05_annotation\/prokka\/RR4342129_Archaea\/bin_18\.fa\/RR4342129_Archaea\.err -i \/home\/tola2495\/GenomeAnalysisVT2022\/analyses\/05_annotation\/prokka\/RR4342129_Archaea\/bin_18\.fa\/RR4342129_Archaea\.fsa 2> /dev/null
[01:20:36] Deleting unwanted file: /home/tola2495/GenomeAnalysisVT2022/analyses/05_annotation/prokka/RR4342129_Archaea/bin_18.fa/errorsummary.val
[01:20:36] Deleting unwanted file: /home/tola2495/GenomeAnalysisVT2022/analyses/05_annotation/prokka/RR4342129_Archaea/bin_18.fa/RR4342129_Archaea.dr
[01:20:36] Deleting unwanted file: /home/tola2495/GenomeAnalysisVT2022/analyses/05_annotation/prokka/RR4342129_Archaea/bin_18.fa/RR4342129_Archaea.fixedproducts
[01:20:36] Deleting unwanted file: /home/tola2495/GenomeAnalysisVT2022/analyses/05_annotation/prokka/RR4342129_Archaea/bin_18.fa/RR4342129_Archaea.ecn
[01:20:36] Deleting unwanted file: /home/tola2495/GenomeAnalysisVT2022/analyses/05_annotation/prokka/RR4342129_Archaea/bin_18.fa/RR4342129_Archaea.val
[01:20:36] Repairing broken .GBK output that tbl2asn produces...
[01:20:36] Running: sed 's/COORDINATES: profile/COORDINATES:profile/' < \/home\/tola2495\/GenomeAnalysisVT2022\/analyses\/05_annotation\/prokka\/RR4342129_Archaea\/bin_18\.fa\/RR4342129_Archaea\.gbf > \/home\/tola2495\/GenomeAnalysisVT2022\/analyses\/05_annotation\/prokka\/RR4342129_Archaea\/bin_18\.fa\/RR4342129_Archaea\.gbk
[01:20:36] Deleting unwanted file: /home/tola2495/GenomeAnalysisVT2022/analyses/05_annotation/prokka/RR4342129_Archaea/bin_18.fa/RR4342129_Archaea.gbf
[01:20:36] Output files:
[01:20:36] /home/tola2495/GenomeAnalysisVT2022/analyses/05_annotation/prokka/RR4342129_Archaea/bin_18.fa/RR4342129_Archaea.log
[01:20:36] /home/tola2495/GenomeAnalysisVT2022/analyses/05_annotation/prokka/RR4342129_Archaea/bin_18.fa/RR4342129_Archaea.fna
[01:20:36] /home/tola2495/GenomeAnalysisVT2022/analyses/05_annotation/prokka/RR4342129_Archaea/bin_18.fa/RR4342129_Archaea.gff
[01:20:36] /home/tola2495/GenomeAnalysisVT2022/analyses/05_annotation/prokka/RR4342129_Archaea/bin_18.fa/RR4342129_Archaea.faa
[01:20:36] /home/tola2495/GenomeAnalysisVT2022/analyses/05_annotation/prokka/RR4342129_Archaea/bin_18.fa/RR4342129_Archaea.ffn
[01:20:36] /home/tola2495/GenomeAnalysisVT2022/analyses/05_annotation/prokka/RR4342129_Archaea/bin_18.fa/RR4342129_Archaea.tbl
[01:20:36] /home/tola2495/GenomeAnalysisVT2022/analyses/05_annotation/prokka/RR4342129_Archaea/bin_18.fa/RR4342129_Archaea.fsa
[01:20:36] /home/tola2495/GenomeAnalysisVT2022/analyses/05_annotation/prokka/RR4342129_Archaea/bin_18.fa/RR4342129_Archaea.tsv
[01:20:36] /home/tola2495/GenomeAnalysisVT2022/analyses/05_annotation/prokka/RR4342129_Archaea/bin_18.fa/RR4342129_Archaea.txt
[01:20:36] /home/tola2495/GenomeAnalysisVT2022/analyses/05_annotation/prokka/RR4342129_Archaea/bin_18.fa/RR4342129_Archaea.sqn
[01:20:36] /home/tola2495/GenomeAnalysisVT2022/analyses/05_annotation/prokka/RR4342129_Archaea/bin_18.fa/RR4342129_Archaea.gbk
[01:20:36] /home/tola2495/GenomeAnalysisVT2022/analyses/05_annotation/prokka/RR4342129_Archaea/bin_18.fa/RR4342129_Archaea.err
[01:20:36] Annotation finished successfully.
[01:20:36] Walltime used: 0.53 minutes
[01:20:36] If you use this result please cite the Prokka paper:
[01:20:36] Seemann T (2014) Prokka: rapid prokaryotic genome annotation. Bioinformatics. 30(14):2068-9.
[01:20:36] Type 'prokka --citation' for more details.
[01:20:36] Thank you, come again.
