[02:06:49] This is prokka 1.14.6
[02:06:49] Written by Torsten Seemann <torsten.seemann@gmail.com>
[02:06:49] Homepage is https://github.com/tseemann/prokka
[02:06:49] Local time is Thu May 12 02:06:49 2022
[02:06:49] You are tola2495
[02:06:49] Operating system is linux
[02:06:49] You have BioPerl 1.007001
[02:06:49] System has 16 cores.
[02:06:49] Will use maximum of 2 cores.
[02:06:49] Annotating as >>> Bacteria <<<
[02:06:49] Generating locus_tag from 'bin_16.fa' contents.
[02:06:49] Setting --locustag LFJKNCDP from MD5 5f347cd9bbd987d4a801c5a517ba1bc1
[02:06:49] Creating new output folder: /home/tola2495/GenomeAnalysisVT2022/analyses/05_annotation/prokka/RR4342133_Bacteria/bin_16.fa
[02:06:49] Running: mkdir -p \/home\/tola2495\/GenomeAnalysisVT2022\/analyses\/05_annotation\/prokka\/RR4342133_Bacteria\/bin_16\.fa
[02:06:49] Using filename prefix: RR4342133_Bacteria.XXX
[02:06:49] Setting HMMER_NCPU=1
[02:06:49] Writing log to: /home/tola2495/GenomeAnalysisVT2022/analyses/05_annotation/prokka/RR4342133_Bacteria/bin_16.fa/RR4342133_Bacteria.log
[02:06:49] Command: /sw/bioinfo/prokka/1.45-5b58020/snowy/bin/prokka --metagenome --cpus 2 --prefix RR4342133_Bacteria --outdir /home/tola2495/GenomeAnalysisVT2022/analyses/05_annotation/prokka/RR4342133_Bacteria/bin_16.fa bin_16.fa
[02:06:49] Appending to PATH: /sw/bioinfo/prokka/1.45-5b58020/rackham/bin/../binaries/linux
[02:06:49] Appending to PATH: /sw/bioinfo/prokka/1.45-5b58020/rackham/bin/../binaries/linux/../common
[02:06:49] Appending to PATH: /sw/bioinfo/prokka/1.45-5b58020/rackham/bin
[02:06:49] Looking for 'aragorn' - found /sw/bioinfo/prokka/1.45-5b58020/rackham/bin/../binaries/linux/aragorn
[02:06:49] Determined aragorn version is 001002 from 'ARAGORN v1.2.38 Dean Laslett'
[02:06:49] Looking for 'barrnap' - found /sw/bioinfo/barrnap/0.8/snowy/bin/barrnap
[02:06:49] Determined barrnap version is 000008 from 'barrnap 0.8'
[02:06:49] Looking for 'blastp' - found /sw/bioinfo/blast/2.11.0+/snowy/bin/blastp
[02:06:50] Determined blastp version is 002011 from 'blastp: 2.11.0+'
[02:06:50] Looking for 'cmpress' - found /sw/bioinfo/prokka/1.45-5b58020/rackham/bin/../binaries/linux/cmpress
[02:06:50] Determined cmpress version is 001001 from '# INFERNAL 1.1.2 (July 2016)'
[02:06:50] Looking for 'cmscan' - found /sw/bioinfo/prokka/1.45-5b58020/rackham/bin/../binaries/linux/cmscan
[02:06:50] Determined cmscan version is 001001 from '# INFERNAL 1.1.2 (July 2016)'
[02:06:50] Looking for 'egrep' - found /usr/bin/egrep
[02:06:50] Looking for 'find' - found /usr/bin/find
[02:06:50] Looking for 'grep' - found /usr/bin/grep
[02:06:50] Looking for 'hmmpress' - found /sw/apps/bioinfo/hmmer/3.1b2/snowy/bin/hmmpress
[02:06:50] Determined hmmpress version is 003001 from '# HMMER 3.1b2 (February 2015); http://hmmer.org/'
[02:06:50] Looking for 'hmmscan' - found /sw/apps/bioinfo/hmmer/3.1b2/snowy/bin/hmmscan
[02:06:50] Determined hmmscan version is 003001 from '# HMMER 3.1b2 (February 2015); http://hmmer.org/'
[02:06:50] Looking for 'java' - found /usr/bin/java
[02:06:50] Looking for 'makeblastdb' - found /sw/bioinfo/blast/2.11.0+/snowy/bin/makeblastdb
[02:06:50] Determined makeblastdb version is 002011 from 'makeblastdb: 2.11.0+'
[02:06:50] Looking for 'minced' - found /sw/apps/bioinfo/minced/0.2.0/snowy/minced
[02:06:51] Determined minced version is 002000 from 'minced 0.2.0'
[02:06:51] Looking for 'parallel' - found /sw/parallel/gnuparallel/20170122/snowy/bin/parallel
[02:06:51] Determined parallel version is 20170122 from 'GNU parallel 20170122'
[02:06:51] Looking for 'prodigal' - found /sw/apps/bioinfo/prodigal/2.6.3/snowy/bin/prodigal
[02:06:51] Determined prodigal version is 002006 from 'Prodigal V2.6.3: February, 2016'
[02:06:51] Looking for 'prokka-genbank_to_fasta_db' - found /sw/bioinfo/prokka/1.45-5b58020/snowy/bin/prokka-genbank_to_fasta_db
[02:06:51] Looking for 'sed' - found /usr/bin/sed
[02:06:51] Looking for 'signalp' - found /sw/bioinfo/SignalP/4.1f/snowy/signalp
[02:06:51] Determined signalp version is 004001 from '4.1 6204265'
[02:06:51] Looking for 'tbl2asn' - found /sw/bioinfo/tbl2asn/25.8/snowy/tbl2asn
[02:06:51] Determined tbl2asn version is 025008 from 'tbl2asn 25.8   arguments:'
[02:06:51] Using genetic code table 11.
[02:06:51] Loading and checking input file: bin_16.fa
[02:06:51] Wrote 325 contigs totalling 729453 bp.
[02:06:51] Predicting tRNAs and tmRNAs
[02:06:51] Running: aragorn -l -gc11  -w \/home\/tola2495\/GenomeAnalysisVT2022\/analyses\/05_annotation\/prokka\/RR4342133_Bacteria\/bin_16\.fa\/RR4342133_Bacteria\.fna
[02:06:51] 1 tRNA-Ser c[8,97] 35 (cga)
[02:06:51] 2 tRNA-Ser [142,232] 35 (gga)
[02:06:51] 3 tRNA-Val [271,343] 33 (cac)
[02:06:51] 1 tRNA-Pro [759,832] 35 (tgg)
[02:06:51] 1 tRNA-Trp c[1754,1831] 35 (cca)
[02:06:52] 1 tRNA-Met c[1939,2013] 35 (cat)
[02:06:52] 1 tRNA-Pro [819,892] 35 (cgg)
[02:06:52] 1 tRNA-Gly [1445,1517] 34 (ccc)
[02:06:52] 1 tRNA-Gln c[859,932] 33 (ttg)
[02:06:52] 1 tRNA-Glu c[1856,1930] 35 (ctc)
[02:06:52] 2 tRNA-Gln c[2005,2076] 34 (ctg)
[02:06:52] 1 tRNA-Arg c[1101,1175] 35 (acg)
[02:06:52] 1 tRNA-Ala c[2570,2642] 34 (tgc)
[02:06:52] 1 tRNA-Arg [1383,1456] 34 (ccg)
[02:06:52] Found 14 tRNAs
[02:06:52] Predicting Ribosomal RNAs
[02:06:52] Running Barrnap with 2 threads
[02:06:52] 1 k105_15196 2 16S ribosomal RNA (partial)
[02:06:52] Found 1 rRNAs
[02:06:52] Skipping ncRNA search, enable with --rfam if desired.
[02:06:52] Total of 15 tRNA + rRNA features
[02:06:52] Searching for CRISPR repeats
[02:06:53] Found 0 CRISPRs
[02:06:53] Predicting coding sequences
[02:06:53] Contigs total 729453 bp, so using meta mode
[02:06:53] Running: prodigal -i \/home\/tola2495\/GenomeAnalysisVT2022\/analyses\/05_annotation\/prokka\/RR4342133_Bacteria\/bin_16\.fa\/RR4342133_Bacteria\.fna -c -m -g 11 -p meta -f sco -q
[02:06:54] Found 823 CDS
[02:06:54] Connecting features back to sequences
[02:06:54] Not using genus-specific database. Try --usegenus to enable it.
[02:06:54] Annotating CDS, please be patient.
[02:06:54] Will use 2 CPUs for similarity searching.
[02:06:55] There are still 823 unannotated CDS left (started with 823)
[02:06:55] Will use blast to search against /sw/bioinfo/prokka/1.45-5b58020/rackham/db/kingdom/Bacteria/IS with 2 CPUs
[02:06:55] Running: cat \/home\/tola2495\/GenomeAnalysisVT2022\/analyses\/05_annotation\/prokka\/RR4342133_Bacteria\/bin_16\.fa\/RR4342133_Bacteria\.IS\.tmp\.5394\.faa | parallel --gnu --plain -j 2 --block 47952 --recstart '>' --pipe blastp -query - -db /sw/bioinfo/prokka/1.45-5b58020/rackham/db/kingdom/Bacteria/IS -evalue 1e-30 -qcov_hsp_perc 90 -num_threads 1 -num_descriptions 1 -num_alignments 1 -seg no > \/home\/tola2495\/GenomeAnalysisVT2022\/analyses\/05_annotation\/prokka\/RR4342133_Bacteria\/bin_16\.fa\/RR4342133_Bacteria\.IS\.tmp\.5394\.blast 2> /dev/null
[02:07:05] Deleting unwanted file: /home/tola2495/GenomeAnalysisVT2022/analyses/05_annotation/prokka/RR4342133_Bacteria/bin_16.fa/RR4342133_Bacteria.IS.tmp.5394.faa
[02:07:05] Deleting unwanted file: /home/tola2495/GenomeAnalysisVT2022/analyses/05_annotation/prokka/RR4342133_Bacteria/bin_16.fa/RR4342133_Bacteria.IS.tmp.5394.blast
[02:07:05] There are still 823 unannotated CDS left (started with 823)
[02:07:05] Will use blast to search against /sw/bioinfo/prokka/1.45-5b58020/rackham/db/kingdom/Bacteria/AMR with 2 CPUs
[02:07:05] Running: cat \/home\/tola2495\/GenomeAnalysisVT2022\/analyses\/05_annotation\/prokka\/RR4342133_Bacteria\/bin_16\.fa\/RR4342133_Bacteria\.AMR\.tmp\.5394\.faa | parallel --gnu --plain -j 2 --block 47952 --recstart '>' --pipe blastp -query - -db /sw/bioinfo/prokka/1.45-5b58020/rackham/db/kingdom/Bacteria/AMR -evalue 9.99999999999999e-301 -qcov_hsp_perc 90 -num_threads 1 -num_descriptions 1 -num_alignments 1 -seg no > \/home\/tola2495\/GenomeAnalysisVT2022\/analyses\/05_annotation\/prokka\/RR4342133_Bacteria\/bin_16\.fa\/RR4342133_Bacteria\.AMR\.tmp\.5394\.blast 2> /dev/null
[02:07:14] Deleting unwanted file: /home/tola2495/GenomeAnalysisVT2022/analyses/05_annotation/prokka/RR4342133_Bacteria/bin_16.fa/RR4342133_Bacteria.AMR.tmp.5394.faa
[02:07:14] Deleting unwanted file: /home/tola2495/GenomeAnalysisVT2022/analyses/05_annotation/prokka/RR4342133_Bacteria/bin_16.fa/RR4342133_Bacteria.AMR.tmp.5394.blast
[02:07:14] There are still 823 unannotated CDS left (started with 823)
[02:07:14] Will use blast to search against /sw/bioinfo/prokka/1.45-5b58020/rackham/db/kingdom/Bacteria/sprot with 2 CPUs
[02:07:14] Running: cat \/home\/tola2495\/GenomeAnalysisVT2022\/analyses\/05_annotation\/prokka\/RR4342133_Bacteria\/bin_16\.fa\/RR4342133_Bacteria\.sprot\.tmp\.5394\.faa | parallel --gnu --plain -j 2 --block 47952 --recstart '>' --pipe blastp -query - -db /sw/bioinfo/prokka/1.45-5b58020/rackham/db/kingdom/Bacteria/sprot -evalue 1e-09 -qcov_hsp_perc 80 -num_threads 1 -num_descriptions 1 -num_alignments 1 -seg no > \/home\/tola2495\/GenomeAnalysisVT2022\/analyses\/05_annotation\/prokka\/RR4342133_Bacteria\/bin_16\.fa\/RR4342133_Bacteria\.sprot\.tmp\.5394\.blast 2> /dev/null
[02:07:51] Modify product: UPF0353 protein Rv1481 => hypothetical protein
[02:07:51] Modify product: Uncharacterized protein Rv1480 => putative protein
[02:07:51] Modify product: Uncharacterized HIT-like protein HP_0404 => putative HIT-like protein
[02:07:51] Modify product: Uncharacterized ABC transporter ATP-binding protein YknY => putative ABC transporter ATP-binding protein YknY
[02:07:51] Modify product: Uncharacterized HTH-type transcriptional regulator Rv0081 => putative HTH-type transcriptional regulator
[02:07:51] Modify product: Probable alcohol dehydrogenase AdhA => putative alcohol dehydrogenase AdhA
[02:07:51] Modify product: Probable copper-exporting P-type ATPase V => putative copper-exporting P-type ATPase V
[02:07:51] Modify product: Bifunctional protein FolD => Bifunctional protein FolD protein
[02:07:51] Modify product: Probable protein kinase UbiB => putative protein kinase UbiB
[02:07:51] Modify product: Uncharacterized transporter Rv1999c => putative transporter
[02:07:51] Modify product: Uncharacterized protein YetJ => putative protein YetJ
[02:07:51] Modify product: Probable ABC transporter ATP-binding protein NosF => putative ABC transporter ATP-binding protein NosF
[02:07:51] Modify product: Probable transcriptional regulatory protein DVU_2259 => putative transcriptional regulatory protein
[02:07:51] Modify product: Probable sulfoacetate--CoA ligase => putative sulfoacetate--CoA ligase
[02:07:51] Modify product: Probable cysteine desulfurase => putative cysteine desulfurase
[02:07:51] Modify product: Probable glycine dehydrogenase (decarboxylating) => putative glycine dehydrogenase (decarboxylating)
[02:07:51] Modify product: Uncharacterized protein YciH => putative protein YciH
[02:07:51] Modify product: Uncharacterized acyl-CoA thioester hydrolase HI_0827 => putative acyl-CoA thioester hydrolase
[02:07:51] Modify product: Uncharacterized oxidoreductase SA2266 => putative oxidoreductase
[02:07:51] Modify product: Uncharacterized protein YccU => putative protein YccU
[02:07:51] Modify product: Probable transaldolase => putative transaldolase
[02:07:51] Modify product: Uncharacterized FtsW-like protein => putative FtsW-like protein
[02:07:51] Modify product: Probable malonic semialdehyde reductase RutE => putative malonic semialdehyde reductase RutE
[02:07:52] Modify product: Uncharacterized ABC transporter ATP-binding protein TM_0288 => putative ABC transporter ATP-binding protein
[02:07:52] Modify product: Uncharacterized ABC transporter ATP-binding protein TM_0288 => putative ABC transporter ATP-binding protein
[02:07:52] Modify product: UPF0053 protein HI_0107 => hypothetical protein
[02:07:52] Modify product: UPF0051 protein SA0778 => hypothetical protein
[02:07:52] Modify product: Epimerase family protein Rv2216 => Epimerase family protein
[02:07:52] Modify product: Uncharacterized protein YqeY => putative protein YqeY
[02:07:52] Modify product: Uncharacterized FAD-linked oxidoreductase Rv2280 => putative FAD-linked oxidoreductase
[02:07:52] Modify product: Probable peptidoglycan glycosyltransferase FtsW => putative peptidoglycan glycosyltransferase FtsW
[02:07:52] Modify product: Uncharacterized aminopeptidase Rv1333 => putative aminopeptidase
[02:07:52] Cleaned 32 /product names
[02:07:52] Deleting unwanted file: /home/tola2495/GenomeAnalysisVT2022/analyses/05_annotation/prokka/RR4342133_Bacteria/bin_16.fa/RR4342133_Bacteria.sprot.tmp.5394.faa
[02:07:52] Deleting unwanted file: /home/tola2495/GenomeAnalysisVT2022/analyses/05_annotation/prokka/RR4342133_Bacteria/bin_16.fa/RR4342133_Bacteria.sprot.tmp.5394.blast
[02:07:52] There are still 493 unannotated CDS left (started with 823)
[02:07:52] Will use hmmer3 to search against /sw/bioinfo/prokka/1.45-5b58020/rackham/db/hmm/HAMAP.hmm with 2 CPUs
[02:07:52] Running: cat \/home\/tola2495\/GenomeAnalysisVT2022\/analyses\/05_annotation\/prokka\/RR4342133_Bacteria\/bin_16\.fa\/RR4342133_Bacteria\.HAMAP\.hmm\.tmp\.5394\.faa | parallel --gnu --plain -j 2 --block 25306 --recstart '>' --pipe hmmscan --noali --notextw --acc -E 1e-09 --cpu 1 /sw/bioinfo/prokka/1.45-5b58020/rackham/db/hmm/HAMAP.hmm /dev/stdin > \/home\/tola2495\/GenomeAnalysisVT2022\/analyses\/05_annotation\/prokka\/RR4342133_Bacteria\/bin_16\.fa\/RR4342133_Bacteria\.HAMAP\.hmm\.tmp\.5394\.hmmer3 2> /dev/null
[02:08:14] Modify product: Uncharacterized Nudix hydrolase NudL => putative Nudix hydrolase NudL
[02:08:14] Cleaned 1 /product names
[02:08:14] Deleting unwanted file: /home/tola2495/GenomeAnalysisVT2022/analyses/05_annotation/prokka/RR4342133_Bacteria/bin_16.fa/RR4342133_Bacteria.HAMAP.hmm.tmp.5394.faa
[02:08:14] Deleting unwanted file: /home/tola2495/GenomeAnalysisVT2022/analyses/05_annotation/prokka/RR4342133_Bacteria/bin_16.fa/RR4342133_Bacteria.HAMAP.hmm.tmp.5394.hmmer3
[02:08:14] Labelling remaining 441 proteins as 'hypothetical protein'
[02:08:14] Possible /pseudo 'putative ABC transporter ATP-binding protein' at k105_74496 position 3955
[02:08:14] Found 340 unique /gene codes.
[02:08:14] Fixed 2 duplicate /gene - mmgC_1 mmgC_2
[02:08:14] Fixed 2 duplicate /gene - trxA_1 trxA_2
[02:08:14] Fixed 2 duplicate /gene - fabG_1 fabG_2
[02:08:14] Fixed 2 duplicate /gene - lysN_1 lysN_2
[02:08:14] Fixed 2 duplicate /gene - gph_1 gph_2
[02:08:14] Fixed 2 duplicate /gene - tam_1 tam_2
[02:08:14] Fixed 2 duplicate /gene - crt_1 crt_2
[02:08:14] Fixed 2 duplicate /gene - entS_1 entS_2
[02:08:14] Fixed 2 duplicate /gene - xerC_1 xerC_2
[02:08:14] Fixed 2 duplicate /gene - cysG_1 cysG_2
[02:08:14] Fixed 2 duplicate /gene - mtcA1_1 mtcA1_2
[02:08:14] Fixed 11 colliding /gene names.
[02:08:14] Adding /locus_tag identifiers
[02:08:14] Assigned 838 locus_tags to CDS and RNA features.
[02:08:14] Writing outputs to /home/tola2495/GenomeAnalysisVT2022/analyses/05_annotation/prokka/RR4342133_Bacteria/bin_16.fa/
[02:08:15] Generating annotation statistics file
[02:08:15] Generating Genbank and Sequin files
[02:08:15] Running: tbl2asn -V b -a r10k -l paired-ends -M n -N 1 -y 'Annotated using prokka 1.14.6 from https://github.com/tseemann/prokka' -Z \/home\/tola2495\/GenomeAnalysisVT2022\/analyses\/05_annotation\/prokka\/RR4342133_Bacteria\/bin_16\.fa\/RR4342133_Bacteria\.err -i \/home\/tola2495\/GenomeAnalysisVT2022\/analyses\/05_annotation\/prokka\/RR4342133_Bacteria\/bin_16\.fa\/RR4342133_Bacteria\.fsa 2> /dev/null
[02:08:17] Deleting unwanted file: /home/tola2495/GenomeAnalysisVT2022/analyses/05_annotation/prokka/RR4342133_Bacteria/bin_16.fa/errorsummary.val
[02:08:17] Deleting unwanted file: /home/tola2495/GenomeAnalysisVT2022/analyses/05_annotation/prokka/RR4342133_Bacteria/bin_16.fa/RR4342133_Bacteria.dr
[02:08:17] Deleting unwanted file: /home/tola2495/GenomeAnalysisVT2022/analyses/05_annotation/prokka/RR4342133_Bacteria/bin_16.fa/RR4342133_Bacteria.fixedproducts
[02:08:17] Deleting unwanted file: /home/tola2495/GenomeAnalysisVT2022/analyses/05_annotation/prokka/RR4342133_Bacteria/bin_16.fa/RR4342133_Bacteria.ecn
[02:08:17] Deleting unwanted file: /home/tola2495/GenomeAnalysisVT2022/analyses/05_annotation/prokka/RR4342133_Bacteria/bin_16.fa/RR4342133_Bacteria.val
[02:08:17] Repairing broken .GBK output that tbl2asn produces...
[02:08:17] Running: sed 's/COORDINATES: profile/COORDINATES:profile/' < \/home\/tola2495\/GenomeAnalysisVT2022\/analyses\/05_annotation\/prokka\/RR4342133_Bacteria\/bin_16\.fa\/RR4342133_Bacteria\.gbf > \/home\/tola2495\/GenomeAnalysisVT2022\/analyses\/05_annotation\/prokka\/RR4342133_Bacteria\/bin_16\.fa\/RR4342133_Bacteria\.gbk
[02:08:17] Deleting unwanted file: /home/tola2495/GenomeAnalysisVT2022/analyses/05_annotation/prokka/RR4342133_Bacteria/bin_16.fa/RR4342133_Bacteria.gbf
[02:08:17] Output files:
[02:08:17] /home/tola2495/GenomeAnalysisVT2022/analyses/05_annotation/prokka/RR4342133_Bacteria/bin_16.fa/RR4342133_Bacteria.log
[02:08:17] /home/tola2495/GenomeAnalysisVT2022/analyses/05_annotation/prokka/RR4342133_Bacteria/bin_16.fa/RR4342133_Bacteria.fna
[02:08:17] /home/tola2495/GenomeAnalysisVT2022/analyses/05_annotation/prokka/RR4342133_Bacteria/bin_16.fa/RR4342133_Bacteria.gff
[02:08:17] /home/tola2495/GenomeAnalysisVT2022/analyses/05_annotation/prokka/RR4342133_Bacteria/bin_16.fa/RR4342133_Bacteria.faa
[02:08:17] /home/tola2495/GenomeAnalysisVT2022/analyses/05_annotation/prokka/RR4342133_Bacteria/bin_16.fa/RR4342133_Bacteria.ffn
[02:08:17] /home/tola2495/GenomeAnalysisVT2022/analyses/05_annotation/prokka/RR4342133_Bacteria/bin_16.fa/RR4342133_Bacteria.tbl
[02:08:17] /home/tola2495/GenomeAnalysisVT2022/analyses/05_annotation/prokka/RR4342133_Bacteria/bin_16.fa/RR4342133_Bacteria.fsa
[02:08:17] /home/tola2495/GenomeAnalysisVT2022/analyses/05_annotation/prokka/RR4342133_Bacteria/bin_16.fa/RR4342133_Bacteria.tsv
[02:08:17] /home/tola2495/GenomeAnalysisVT2022/analyses/05_annotation/prokka/RR4342133_Bacteria/bin_16.fa/RR4342133_Bacteria.txt
[02:08:17] /home/tola2495/GenomeAnalysisVT2022/analyses/05_annotation/prokka/RR4342133_Bacteria/bin_16.fa/RR4342133_Bacteria.gbk
[02:08:17] /home/tola2495/GenomeAnalysisVT2022/analyses/05_annotation/prokka/RR4342133_Bacteria/bin_16.fa/RR4342133_Bacteria.sqn
[02:08:17] /home/tola2495/GenomeAnalysisVT2022/analyses/05_annotation/prokka/RR4342133_Bacteria/bin_16.fa/RR4342133_Bacteria.err
[02:08:17] Annotation finished successfully.
[02:08:17] Walltime used: 1.47 minutes
[02:08:17] If you use this result please cite the Prokka paper:
[02:08:17] Seemann T (2014) Prokka: rapid prokaryotic genome annotation. Bioinformatics. 30(14):2068-9.
[02:08:17] Type 'prokka --citation' for more details.
[02:08:17] Thank you, come again.
