[00:52:30] This is prokka 1.14.6
[00:52:30] Written by Torsten Seemann <torsten.seemann@gmail.com>
[00:52:30] Homepage is https://github.com/tseemann/prokka
[00:52:30] Local time is Thu May 12 00:52:30 2022
[00:52:30] You are tola2495
[00:52:30] Operating system is linux
[00:52:30] You have BioPerl 1.007001
[00:52:30] System has 16 cores.
[00:52:30] Will use maximum of 2 cores.
[00:52:30] Annotating as >>> Bacteria <<<
[00:52:30] Generating locus_tag from 'bin_4.fa' contents.
[00:52:30] Setting --locustag PPHHFMIG from MD5 9911f620211c97a7659c10dabcd61e5f
[00:52:30] Creating new output folder: /home/tola2495/GenomeAnalysisVT2022/analyses/05_annotation/prokka/RR4342129_Bacteria/bin_4.fa
[00:52:30] Running: mkdir -p \/home\/tola2495\/GenomeAnalysisVT2022\/analyses\/05_annotation\/prokka\/RR4342129_Bacteria\/bin_4\.fa
[00:52:30] Using filename prefix: RR4342129_Bacteria.XXX
[00:52:30] Setting HMMER_NCPU=1
[00:52:30] Writing log to: /home/tola2495/GenomeAnalysisVT2022/analyses/05_annotation/prokka/RR4342129_Bacteria/bin_4.fa/RR4342129_Bacteria.log
[00:52:30] Command: /sw/bioinfo/prokka/1.45-5b58020/snowy/bin/prokka --metagenome --cpus 2 --prefix RR4342129_Bacteria --outdir /home/tola2495/GenomeAnalysisVT2022/analyses/05_annotation/prokka/RR4342129_Bacteria/bin_4.fa bin_4.fa
[00:52:30] Appending to PATH: /sw/bioinfo/prokka/1.45-5b58020/rackham/bin/../binaries/linux
[00:52:30] Appending to PATH: /sw/bioinfo/prokka/1.45-5b58020/rackham/bin/../binaries/linux/../common
[00:52:30] Appending to PATH: /sw/bioinfo/prokka/1.45-5b58020/rackham/bin
[00:52:30] Looking for 'aragorn' - found /sw/bioinfo/prokka/1.45-5b58020/rackham/bin/../binaries/linux/aragorn
[00:52:30] Determined aragorn version is 001002 from 'ARAGORN v1.2.38 Dean Laslett'
[00:52:30] Looking for 'barrnap' - found /sw/bioinfo/barrnap/0.8/snowy/bin/barrnap
[00:52:30] Determined barrnap version is 000008 from 'barrnap 0.8'
[00:52:30] Looking for 'blastp' - found /sw/bioinfo/blast/2.11.0+/snowy/bin/blastp
[00:52:31] Determined blastp version is 002011 from 'blastp: 2.11.0+'
[00:52:31] Looking for 'cmpress' - found /sw/bioinfo/prokka/1.45-5b58020/rackham/bin/../binaries/linux/cmpress
[00:52:31] Determined cmpress version is 001001 from '# INFERNAL 1.1.2 (July 2016)'
[00:52:31] Looking for 'cmscan' - found /sw/bioinfo/prokka/1.45-5b58020/rackham/bin/../binaries/linux/cmscan
[00:52:31] Determined cmscan version is 001001 from '# INFERNAL 1.1.2 (July 2016)'
[00:52:31] Looking for 'egrep' - found /usr/bin/egrep
[00:52:31] Looking for 'find' - found /usr/bin/find
[00:52:31] Looking for 'grep' - found /usr/bin/grep
[00:52:31] Looking for 'hmmpress' - found /sw/apps/bioinfo/hmmer/3.1b2/snowy/bin/hmmpress
[00:52:31] Determined hmmpress version is 003001 from '# HMMER 3.1b2 (February 2015); http://hmmer.org/'
[00:52:31] Looking for 'hmmscan' - found /sw/apps/bioinfo/hmmer/3.1b2/snowy/bin/hmmscan
[00:52:31] Determined hmmscan version is 003001 from '# HMMER 3.1b2 (February 2015); http://hmmer.org/'
[00:52:31] Looking for 'java' - found /usr/bin/java
[00:52:31] Looking for 'makeblastdb' - found /sw/bioinfo/blast/2.11.0+/snowy/bin/makeblastdb
[00:52:32] Determined makeblastdb version is 002011 from 'makeblastdb: 2.11.0+'
[00:52:32] Looking for 'minced' - found /sw/apps/bioinfo/minced/0.2.0/snowy/minced
[00:52:32] Determined minced version is 002000 from 'minced 0.2.0'
[00:52:32] Looking for 'parallel' - found /sw/parallel/gnuparallel/20170122/snowy/bin/parallel
[00:52:32] Determined parallel version is 20170122 from 'GNU parallel 20170122'
[00:52:32] Looking for 'prodigal' - found /sw/apps/bioinfo/prodigal/2.6.3/snowy/bin/prodigal
[00:52:32] Determined prodigal version is 002006 from 'Prodigal V2.6.3: February, 2016'
[00:52:32] Looking for 'prokka-genbank_to_fasta_db' - found /sw/bioinfo/prokka/1.45-5b58020/snowy/bin/prokka-genbank_to_fasta_db
[00:52:32] Looking for 'sed' - found /usr/bin/sed
[00:52:32] Looking for 'signalp' - found /sw/bioinfo/SignalP/4.1f/snowy/signalp
[00:52:32] Determined signalp version is 004001 from '4.1 6204265'
[00:52:32] Looking for 'tbl2asn' - found /sw/bioinfo/tbl2asn/25.8/snowy/tbl2asn
[00:52:32] Determined tbl2asn version is 025008 from 'tbl2asn 25.8   arguments:'
[00:52:32] Using genetic code table 11.
[00:52:32] Loading and checking input file: bin_4.fa
[00:52:32] Wrote 203 contigs totalling 1105621 bp.
[00:52:32] Predicting tRNAs and tmRNAs
[00:52:32] Running: aragorn -l -gc11  -w \/home\/tola2495\/GenomeAnalysisVT2022\/analyses\/05_annotation\/prokka\/RR4342129_Bacteria\/bin_4\.fa\/RR4342129_Bacteria\.fna
[00:52:33] 1 tRNA-Ser [7242,7327] 35 (cga)
[00:52:33] 1 tRNA-Gln [2242,2317] 35 (ttg)
[00:52:33] 1 tRNA-Thr c[1297,1373] 35 (tgt)
[00:52:33] 1 tRNA-Thr c[2389,2463] 33 (ggt)
[00:52:33] 2 tRNA-Ser [2590,2675] 35 (gga)
[00:52:33] 1 tRNA-Leu c[2006,2091] 36 (taa)
[00:52:33] 1 tRNA-Glu c[3126,3203] 37 (ttc)
[00:52:33] 1 tRNA-Ala c[8672,8748] 35 (ggc)
[00:52:33] 2 tRNA-Arg [10219,10295] 36 (tct)
[00:52:33] 1 tRNA-Val [3157,3232] 34 (gac)
[00:52:33] 1 tRNA-Gly c[2111,2185] 34 (gcc)
[00:52:33] 1 tRNA-Phe [1247,1327] 33 (aaa)
[00:52:33] 1 tRNA-Asp c[1504,1579] 35 (gtc)
[00:52:33] 1 tRNA-Met [3281,3357] 35 (cat)
[00:52:33] 1 tRNA-Phe [600,675] 34 (gaa)
[00:52:33] 1 tRNA-Arg [341,417] 36 (gcg)
[00:52:33] 1 tRNA-Val c[4515,4590] 34 (tac)
[00:52:33] 1 tRNA-Trp [5398,5473] 35 (cca)
[00:52:33] 1 tRNA-Ser c[3292,3377] 35 (tga)
[00:52:33] 1 tRNA-Lys [26,101] 35 (ttt)
[00:52:33] 1 tRNA-Pro c[20577,20654] 37 (tgg)
[00:52:33] 1 tRNA-Gly c[1440,1513] 33 (tcc)
[00:52:33] 1 tRNA-His [8108,8182] 34 (gtg)
[00:52:33] 1 tRNA-Ala [2952,3028] 35 (tgc)
[00:52:33] Found 24 tRNAs
[00:52:33] Predicting Ribosomal RNAs
[00:52:33] Running Barrnap with 2 threads
[00:52:34] 1 k105_48568 7 5S ribosomal RNA
[00:52:34] Found 1 rRNAs
[00:52:34] Skipping ncRNA search, enable with --rfam if desired.
[00:52:34] Total of 25 tRNA + rRNA features
[00:52:34] Searching for CRISPR repeats
[00:52:34] Found 0 CRISPRs
[00:52:34] Predicting coding sequences
[00:52:34] Contigs total 1105621 bp, so using meta mode
[00:52:34] Running: prodigal -i \/home\/tola2495\/GenomeAnalysisVT2022\/analyses\/05_annotation\/prokka\/RR4342129_Bacteria\/bin_4\.fa\/RR4342129_Bacteria\.fna -c -m -g 11 -p meta -f sco -q
[00:52:35] Excluding CDS which overlaps existing RNA (tRNA) at k105_96694:10136..10258 on + strand
[00:52:36] Excluding CDS which overlaps existing RNA (tRNA) at k105_111843:414..1316 on - strand
[00:52:37] Excluding CDS which overlaps existing RNA (tRNA) at k105_128400:5346..5651 on - strand
[00:52:38] Found 965 CDS
[00:52:38] Connecting features back to sequences
[00:52:38] Not using genus-specific database. Try --usegenus to enable it.
[00:52:38] Annotating CDS, please be patient.
[00:52:38] Will use 2 CPUs for similarity searching.
[00:52:39] There are still 965 unannotated CDS left (started with 965)
[00:52:39] Will use blast to search against /sw/bioinfo/prokka/1.45-5b58020/rackham/db/kingdom/Bacteria/IS with 2 CPUs
[00:52:39] Running: cat \/home\/tola2495\/GenomeAnalysisVT2022\/analyses\/05_annotation\/prokka\/RR4342129_Bacteria\/bin_4\.fa\/RR4342129_Bacteria\.IS\.tmp\.9677\.faa | parallel --gnu --plain -j 2 --block 75076 --recstart '>' --pipe blastp -query - -db /sw/bioinfo/prokka/1.45-5b58020/rackham/db/kingdom/Bacteria/IS -evalue 1e-30 -qcov_hsp_perc 90 -num_threads 1 -num_descriptions 1 -num_alignments 1 -seg no > \/home\/tola2495\/GenomeAnalysisVT2022\/analyses\/05_annotation\/prokka\/RR4342129_Bacteria\/bin_4\.fa\/RR4342129_Bacteria\.IS\.tmp\.9677\.blast 2> /dev/null
[00:52:53] Deleting unwanted file: /home/tola2495/GenomeAnalysisVT2022/analyses/05_annotation/prokka/RR4342129_Bacteria/bin_4.fa/RR4342129_Bacteria.IS.tmp.9677.faa
[00:52:53] Deleting unwanted file: /home/tola2495/GenomeAnalysisVT2022/analyses/05_annotation/prokka/RR4342129_Bacteria/bin_4.fa/RR4342129_Bacteria.IS.tmp.9677.blast
[00:52:54] There are still 965 unannotated CDS left (started with 965)
[00:52:54] Will use blast to search against /sw/bioinfo/prokka/1.45-5b58020/rackham/db/kingdom/Bacteria/AMR with 2 CPUs
[00:52:54] Running: cat \/home\/tola2495\/GenomeAnalysisVT2022\/analyses\/05_annotation\/prokka\/RR4342129_Bacteria\/bin_4\.fa\/RR4342129_Bacteria\.AMR\.tmp\.9677\.faa | parallel --gnu --plain -j 2 --block 75076 --recstart '>' --pipe blastp -query - -db /sw/bioinfo/prokka/1.45-5b58020/rackham/db/kingdom/Bacteria/AMR -evalue 9.99999999999999e-301 -qcov_hsp_perc 90 -num_threads 1 -num_descriptions 1 -num_alignments 1 -seg no > \/home\/tola2495\/GenomeAnalysisVT2022\/analyses\/05_annotation\/prokka\/RR4342129_Bacteria\/bin_4\.fa\/RR4342129_Bacteria\.AMR\.tmp\.9677\.blast 2> /dev/null
[00:53:06] Deleting unwanted file: /home/tola2495/GenomeAnalysisVT2022/analyses/05_annotation/prokka/RR4342129_Bacteria/bin_4.fa/RR4342129_Bacteria.AMR.tmp.9677.faa
[00:53:06] Deleting unwanted file: /home/tola2495/GenomeAnalysisVT2022/analyses/05_annotation/prokka/RR4342129_Bacteria/bin_4.fa/RR4342129_Bacteria.AMR.tmp.9677.blast
[00:53:06] There are still 965 unannotated CDS left (started with 965)
[00:53:06] Will use blast to search against /sw/bioinfo/prokka/1.45-5b58020/rackham/db/kingdom/Bacteria/sprot with 2 CPUs
[00:53:06] Running: cat \/home\/tola2495\/GenomeAnalysisVT2022\/analyses\/05_annotation\/prokka\/RR4342129_Bacteria\/bin_4\.fa\/RR4342129_Bacteria\.sprot\.tmp\.9677\.faa | parallel --gnu --plain -j 2 --block 75076 --recstart '>' --pipe blastp -query - -db /sw/bioinfo/prokka/1.45-5b58020/rackham/db/kingdom/Bacteria/sprot -evalue 1e-09 -qcov_hsp_perc 80 -num_threads 1 -num_descriptions 1 -num_alignments 1 -seg no > \/home\/tola2495\/GenomeAnalysisVT2022\/analyses\/05_annotation\/prokka\/RR4342129_Bacteria\/bin_4\.fa\/RR4342129_Bacteria\.sprot\.tmp\.9677\.blast 2> /dev/null
[00:54:02] Modify product: Uncharacterized protein YcgM => putative protein YcgM
[00:54:02] Modify product: Uncharacterized ABC transporter ATP-binding protein YknY => putative ABC transporter ATP-binding protein YknY
[00:54:02] Modify product: Putative glutamine amidotransferase Rv2859c => Putative glutamine amidotransferase
[00:54:02] Modify product: Probable iron-sulfur-binding oxidoreductase FadF => putative iron-sulfur-binding oxidoreductase FadF
[00:54:02] Modify product: Uncharacterized ABC transporter ATP-binding protein Rv0986 => putative ABC transporter ATP-binding protein
[00:54:02] Modify product: Probable adenylyltransferase/sulfurtransferase MoeZ => putative adenylyltransferase/sulfurtransferase MoeZ
[00:54:02] Modify product: Putative glutamine amidotransferase Rv2859c => Putative glutamine amidotransferase
[00:54:02] Modify product: Probable D-amino-acid oxidase => putative D-amino-acid oxidase
[00:54:02] Modify product: Uncharacterized protein slr1565 => putative protein
[00:54:02] Modify product: Uncharacterized oxidoreductase Rv2900c => putative oxidoreductase
[00:54:02] Modify product: Uncharacterized RNA pseudouridine synthase Rv1540 => putative RNA pseudouridine synthase
[00:54:02] Modify product: Probable copper-transporting ATPase PacS => putative copper-transporting ATPase PacS
[00:54:02] Modify product: Bifunctional protein FolD => Bifunctional protein FolD protein
[00:54:02] Modify product: Probable iron-sulfur-binding oxidoreductase FadF => putative iron-sulfur-binding oxidoreductase FadF
[00:54:02] Modify product: Uncharacterized ABC transporter ATP-binding protein TM_0288 => putative ABC transporter ATP-binding protein
[00:54:02] Modify product: Probable RNA 2'-phosphotransferase => putative RNA 2'-phosphotransferase
[00:54:02] Modify product: Probable aspartate aminotransferase => putative aspartate aminotransferase
[00:54:02] Modify product: Probable protein kinase UbiB => putative protein kinase UbiB
[00:54:02] Modify product: UPF0051 protein Rv1462 => hypothetical protein
[00:54:02] Modify product: UPF0051 protein SA0778 => hypothetical protein
[00:54:03] Modify product: Probable membrane transporter protein YfcA => putative membrane transporter protein YfcA
[00:54:03] Modify product: Uncharacterized epimerase/dehydratase SA0511 => putative epimerase/dehydratase
[00:54:03] Modify product: Probable enoyl-CoA hydratase => putative enoyl-CoA hydratase
[00:54:03] Modify product: UPF0176 protein lpg2838 => hypothetical protein
[00:54:03] Modify product: Putative peroxiredoxin Rv2521 => Putative peroxiredoxin
[00:54:03] Modify product: Probable glycine dehydrogenase (decarboxylating) subunit 1 => putative glycine dehydrogenase (decarboxylating) subunit 1
[00:54:03] Modify product: Probable glycine dehydrogenase (decarboxylating) subunit 2 => putative glycine dehydrogenase (decarboxylating) subunit 2
[00:54:03] Cleaned 27 /product names
[00:54:03] Deleting unwanted file: /home/tola2495/GenomeAnalysisVT2022/analyses/05_annotation/prokka/RR4342129_Bacteria/bin_4.fa/RR4342129_Bacteria.sprot.tmp.9677.faa
[00:54:03] Deleting unwanted file: /home/tola2495/GenomeAnalysisVT2022/analyses/05_annotation/prokka/RR4342129_Bacteria/bin_4.fa/RR4342129_Bacteria.sprot.tmp.9677.blast
[00:54:03] There are still 695 unannotated CDS left (started with 965)
[00:54:03] Will use hmmer3 to search against /sw/bioinfo/prokka/1.45-5b58020/rackham/db/hmm/HAMAP.hmm with 2 CPUs
[00:54:03] Running: cat \/home\/tola2495\/GenomeAnalysisVT2022\/analyses\/05_annotation\/prokka\/RR4342129_Bacteria\/bin_4\.fa\/RR4342129_Bacteria\.HAMAP\.hmm\.tmp\.9677\.faa | parallel --gnu --plain -j 2 --block 52963 --recstart '>' --pipe hmmscan --noali --notextw --acc -E 1e-09 --cpu 1 /sw/bioinfo/prokka/1.45-5b58020/rackham/db/hmm/HAMAP.hmm /dev/stdin > \/home\/tola2495\/GenomeAnalysisVT2022\/analyses\/05_annotation\/prokka\/RR4342129_Bacteria\/bin_4\.fa\/RR4342129_Bacteria\.HAMAP\.hmm\.tmp\.9677\.hmmer3 2> /dev/null
[00:54:37] Deleting unwanted file: /home/tola2495/GenomeAnalysisVT2022/analyses/05_annotation/prokka/RR4342129_Bacteria/bin_4.fa/RR4342129_Bacteria.HAMAP.hmm.tmp.9677.faa
[00:54:37] Deleting unwanted file: /home/tola2495/GenomeAnalysisVT2022/analyses/05_annotation/prokka/RR4342129_Bacteria/bin_4.fa/RR4342129_Bacteria.HAMAP.hmm.tmp.9677.hmmer3
[00:54:37] Labelling remaining 593 proteins as 'hypothetical protein'
[00:54:37] Possible /pseudo 'Fused isobutyryl-CoA mutase' at k105_94418 position 1152
[00:54:37] Possible /pseudo 'Vitamin B12 import ATP-binding protein BtuD' at k105_96694 position 1538
[00:54:37] Found 295 unique /gene codes.
[00:54:37] Fixed 2 duplicate /gene - epi_1 epi_2
[00:54:37] Fixed 2 duplicate /gene - crtB_1 crtB_2
[00:54:37] Fixed 2 duplicate /gene - obg_1 obg_2
[00:54:37] Fixed 2 duplicate /gene - ftsH_1 ftsH_2
[00:54:37] Fixed 2 duplicate /gene - queE_1 queE_2
[00:54:37] Fixed 2 duplicate /gene - mmgC_1 mmgC_2
[00:54:37] Fixed 2 duplicate /gene - folE_1 folE_2
[00:54:37] Fixed 2 duplicate /gene - mntR_1 mntR_2
[00:54:37] Fixed 2 duplicate /gene - alaS_1 alaS_2
[00:54:37] Fixed 2 duplicate /gene - sufS_1 sufS_2
[00:54:37] Fixed 2 duplicate /gene - ubiD_1 ubiD_2
[00:54:37] Fixed 3 duplicate /gene - fabG_1 fabG_2 fabG_3
[00:54:37] Fixed 2 duplicate /gene - groL_1 groL_2
[00:54:37] Fixed 2 duplicate /gene - ribA_1 ribA_2
[00:54:37] Fixed 2 duplicate /gene - dnaJ_1 dnaJ_2
[00:54:37] Fixed 2 duplicate /gene - fadF_1 fadF_2
[00:54:37] Fixed 2 duplicate /gene - idi_1 idi_2
[00:54:37] Fixed 3 duplicate /gene - rsxB_1 rsxB_2 rsxB_3
[00:54:37] Fixed 3 duplicate /gene - icmF_1 icmF_2 icmF_3
[00:54:37] Fixed 2 duplicate /gene - guaA_1 guaA_2
[00:54:37] Fixed 2 duplicate /gene - boxB_1 boxB_2
[00:54:37] Fixed 3 duplicate /gene - acdA_1 acdA_2 acdA_3
[00:54:37] Fixed 2 duplicate /gene - hutI_1 hutI_2
[00:54:37] Fixed 2 duplicate /gene - yrbG_1 yrbG_2
[00:54:37] Fixed 2 duplicate /gene - crt_1 crt_2
[00:54:37] Fixed 3 duplicate /gene - bcp_1 bcp_2 bcp_3
[00:54:37] Fixed 2 duplicate /gene - thlA_1 thlA_2
[00:54:37] Fixed 5 duplicate /gene - btuD_1 btuD_2 btuD_3 btuD_4 btuD_5
[00:54:37] Fixed 28 colliding /gene names.
[00:54:37] Adding /locus_tag identifiers
[00:54:37] Assigned 990 locus_tags to CDS and RNA features.
[00:54:37] Writing outputs to /home/tola2495/GenomeAnalysisVT2022/analyses/05_annotation/prokka/RR4342129_Bacteria/bin_4.fa/
[00:54:38] Generating annotation statistics file
[00:54:38] Generating Genbank and Sequin files
[00:54:38] Running: tbl2asn -V b -a r10k -l paired-ends -M n -N 1 -y 'Annotated using prokka 1.14.6 from https://github.com/tseemann/prokka' -Z \/home\/tola2495\/GenomeAnalysisVT2022\/analyses\/05_annotation\/prokka\/RR4342129_Bacteria\/bin_4\.fa\/RR4342129_Bacteria\.err -i \/home\/tola2495\/GenomeAnalysisVT2022\/analyses\/05_annotation\/prokka\/RR4342129_Bacteria\/bin_4\.fa\/RR4342129_Bacteria\.fsa 2> /dev/null
[00:54:40] Deleting unwanted file: /home/tola2495/GenomeAnalysisVT2022/analyses/05_annotation/prokka/RR4342129_Bacteria/bin_4.fa/errorsummary.val
[00:54:40] Deleting unwanted file: /home/tola2495/GenomeAnalysisVT2022/analyses/05_annotation/prokka/RR4342129_Bacteria/bin_4.fa/RR4342129_Bacteria.dr
[00:54:40] Deleting unwanted file: /home/tola2495/GenomeAnalysisVT2022/analyses/05_annotation/prokka/RR4342129_Bacteria/bin_4.fa/RR4342129_Bacteria.fixedproducts
[00:54:40] Deleting unwanted file: /home/tola2495/GenomeAnalysisVT2022/analyses/05_annotation/prokka/RR4342129_Bacteria/bin_4.fa/RR4342129_Bacteria.ecn
[00:54:40] Deleting unwanted file: /home/tola2495/GenomeAnalysisVT2022/analyses/05_annotation/prokka/RR4342129_Bacteria/bin_4.fa/RR4342129_Bacteria.val
[00:54:40] Repairing broken .GBK output that tbl2asn produces...
[00:54:40] Running: sed 's/COORDINATES: profile/COORDINATES:profile/' < \/home\/tola2495\/GenomeAnalysisVT2022\/analyses\/05_annotation\/prokka\/RR4342129_Bacteria\/bin_4\.fa\/RR4342129_Bacteria\.gbf > \/home\/tola2495\/GenomeAnalysisVT2022\/analyses\/05_annotation\/prokka\/RR4342129_Bacteria\/bin_4\.fa\/RR4342129_Bacteria\.gbk
[00:54:40] Deleting unwanted file: /home/tola2495/GenomeAnalysisVT2022/analyses/05_annotation/prokka/RR4342129_Bacteria/bin_4.fa/RR4342129_Bacteria.gbf
[00:54:40] Output files:
[00:54:40] /home/tola2495/GenomeAnalysisVT2022/analyses/05_annotation/prokka/RR4342129_Bacteria/bin_4.fa/RR4342129_Bacteria.log
[00:54:40] /home/tola2495/GenomeAnalysisVT2022/analyses/05_annotation/prokka/RR4342129_Bacteria/bin_4.fa/RR4342129_Bacteria.fna
[00:54:40] /home/tola2495/GenomeAnalysisVT2022/analyses/05_annotation/prokka/RR4342129_Bacteria/bin_4.fa/RR4342129_Bacteria.gff
[00:54:40] /home/tola2495/GenomeAnalysisVT2022/analyses/05_annotation/prokka/RR4342129_Bacteria/bin_4.fa/RR4342129_Bacteria.faa
[00:54:40] /home/tola2495/GenomeAnalysisVT2022/analyses/05_annotation/prokka/RR4342129_Bacteria/bin_4.fa/RR4342129_Bacteria.ffn
[00:54:40] /home/tola2495/GenomeAnalysisVT2022/analyses/05_annotation/prokka/RR4342129_Bacteria/bin_4.fa/RR4342129_Bacteria.tbl
[00:54:40] /home/tola2495/GenomeAnalysisVT2022/analyses/05_annotation/prokka/RR4342129_Bacteria/bin_4.fa/RR4342129_Bacteria.fsa
[00:54:40] /home/tola2495/GenomeAnalysisVT2022/analyses/05_annotation/prokka/RR4342129_Bacteria/bin_4.fa/RR4342129_Bacteria.tsv
[00:54:40] /home/tola2495/GenomeAnalysisVT2022/analyses/05_annotation/prokka/RR4342129_Bacteria/bin_4.fa/RR4342129_Bacteria.txt
[00:54:40] /home/tola2495/GenomeAnalysisVT2022/analyses/05_annotation/prokka/RR4342129_Bacteria/bin_4.fa/RR4342129_Bacteria.gbk
[00:54:40] /home/tola2495/GenomeAnalysisVT2022/analyses/05_annotation/prokka/RR4342129_Bacteria/bin_4.fa/RR4342129_Bacteria.sqn
[00:54:40] /home/tola2495/GenomeAnalysisVT2022/analyses/05_annotation/prokka/RR4342129_Bacteria/bin_4.fa/RR4342129_Bacteria.err
[00:54:40] Annotation finished successfully.
[00:54:40] Walltime used: 2.17 minutes
[00:54:40] If you use this result please cite the Prokka paper:
[00:54:40] Seemann T (2014) Prokka: rapid prokaryotic genome annotation. Bioinformatics. 30(14):2068-9.
[00:54:40] Type 'prokka --citation' for more details.
[00:54:40] Thank you, come again.
