[04:00:35] This is prokka 1.14.6
[04:00:35] Written by Torsten Seemann <torsten.seemann@gmail.com>
[04:00:35] Homepage is https://github.com/tseemann/prokka
[04:00:35] Local time is Thu May 12 04:00:35 2022
[04:00:35] You are tola2495
[04:00:35] Operating system is linux
[04:00:35] You have BioPerl 1.007001
[04:00:35] System has 16 cores.
[04:00:35] Will use maximum of 2 cores.
[04:00:35] Annotating as >>> Archaea <<<
[04:00:35] Generating locus_tag from 'bin_18.fa' contents.
[04:00:35] Setting --locustag PKBBMBJJ from MD5 94bb6b33dda9412d862883aece77b8b0
[04:00:35] Creating new output folder: /home/tola2495/GenomeAnalysisVT2022/analyses/05_annotation/prokka/RR4342133_Archaea/bin_18.fa
[04:00:35] Running: mkdir -p \/home\/tola2495\/GenomeAnalysisVT2022\/analyses\/05_annotation\/prokka\/RR4342133_Archaea\/bin_18\.fa
[04:00:35] Using filename prefix: RR4342133_Archaea.XXX
[04:00:35] Setting HMMER_NCPU=1
[04:00:35] Writing log to: /home/tola2495/GenomeAnalysisVT2022/analyses/05_annotation/prokka/RR4342133_Archaea/bin_18.fa/RR4342133_Archaea.log
[04:00:35] Command: /sw/bioinfo/prokka/1.45-5b58020/snowy/bin/prokka --metagenome --cpus 2 --kingdom Archaea --prefix RR4342133_Archaea --outdir /home/tola2495/GenomeAnalysisVT2022/analyses/05_annotation/prokka/RR4342133_Archaea/bin_18.fa bin_18.fa
[04:00:35] Appending to PATH: /sw/bioinfo/prokka/1.45-5b58020/rackham/bin/../binaries/linux
[04:00:35] Appending to PATH: /sw/bioinfo/prokka/1.45-5b58020/rackham/bin/../binaries/linux/../common
[04:00:35] Appending to PATH: /sw/bioinfo/prokka/1.45-5b58020/rackham/bin
[04:00:35] Looking for 'aragorn' - found /sw/bioinfo/prokka/1.45-5b58020/rackham/bin/../binaries/linux/aragorn
[04:00:35] Determined aragorn version is 001002 from 'ARAGORN v1.2.38 Dean Laslett'
[04:00:35] Looking for 'barrnap' - found /sw/bioinfo/barrnap/0.8/snowy/bin/barrnap
[04:00:35] Determined barrnap version is 000008 from 'barrnap 0.8'
[04:00:35] Looking for 'blastp' - found /sw/bioinfo/blast/2.11.0+/snowy/bin/blastp
[04:00:36] Determined blastp version is 002011 from 'blastp: 2.11.0+'
[04:00:36] Looking for 'cmpress' - found /sw/bioinfo/prokka/1.45-5b58020/rackham/bin/../binaries/linux/cmpress
[04:00:36] Determined cmpress version is 001001 from '# INFERNAL 1.1.2 (July 2016)'
[04:00:36] Looking for 'cmscan' - found /sw/bioinfo/prokka/1.45-5b58020/rackham/bin/../binaries/linux/cmscan
[04:00:36] Determined cmscan version is 001001 from '# INFERNAL 1.1.2 (July 2016)'
[04:00:36] Looking for 'egrep' - found /usr/bin/egrep
[04:00:36] Looking for 'find' - found /usr/bin/find
[04:00:36] Looking for 'grep' - found /usr/bin/grep
[04:00:36] Looking for 'hmmpress' - found /sw/apps/bioinfo/hmmer/3.1b2/snowy/bin/hmmpress
[04:00:36] Determined hmmpress version is 003001 from '# HMMER 3.1b2 (February 2015); http://hmmer.org/'
[04:00:36] Looking for 'hmmscan' - found /sw/apps/bioinfo/hmmer/3.1b2/snowy/bin/hmmscan
[04:00:36] Determined hmmscan version is 003001 from '# HMMER 3.1b2 (February 2015); http://hmmer.org/'
[04:00:36] Looking for 'java' - found /usr/bin/java
[04:00:36] Looking for 'makeblastdb' - found /sw/bioinfo/blast/2.11.0+/snowy/bin/makeblastdb
[04:00:37] Determined makeblastdb version is 002011 from 'makeblastdb: 2.11.0+'
[04:00:37] Looking for 'minced' - found /sw/apps/bioinfo/minced/0.2.0/snowy/minced
[04:00:37] Determined minced version is 002000 from 'minced 0.2.0'
[04:00:37] Looking for 'parallel' - found /sw/parallel/gnuparallel/20170122/snowy/bin/parallel
[04:00:37] Determined parallel version is 20170122 from 'GNU parallel 20170122'
[04:00:37] Looking for 'prodigal' - found /sw/apps/bioinfo/prodigal/2.6.3/snowy/bin/prodigal
[04:00:37] Determined prodigal version is 002006 from 'Prodigal V2.6.3: February, 2016'
[04:00:37] Looking for 'prokka-genbank_to_fasta_db' - found /sw/bioinfo/prokka/1.45-5b58020/snowy/bin/prokka-genbank_to_fasta_db
[04:00:37] Looking for 'sed' - found /usr/bin/sed
[04:00:37] Looking for 'signalp' - found /sw/bioinfo/SignalP/4.1f/snowy/signalp
[04:00:37] Determined signalp version is 004001 from '4.1 6204265'
[04:00:37] Looking for 'tbl2asn' - found /sw/bioinfo/tbl2asn/25.8/snowy/tbl2asn
[04:00:37] Determined tbl2asn version is 025008 from 'tbl2asn 25.8   arguments:'
[04:00:37] Using genetic code table 11.
[04:00:37] Loading and checking input file: bin_18.fa
[04:00:37] Wrote 300 contigs totalling 923789 bp.
[04:00:37] Predicting tRNAs and tmRNAs
[04:00:37] Running: aragorn -l -gc11  -w \/home\/tola2495\/GenomeAnalysisVT2022\/analyses\/05_annotation\/prokka\/RR4342133_Archaea\/bin_18\.fa\/RR4342133_Archaea\.fna
[04:00:38] 1 tRNA-His c[8669,8741] 34 (gtg)
[04:00:38] 1 tRNA-Pro c[1407,1480] 35 (ggg)
[04:00:38] 1 tRNA-Leu c[1674,1759] 37 (gag)
[04:00:38] 1 tRNA-Gly c[15,91] 36 (gcc)
[04:00:38] 1 tRNA-Ser [1330,1413] 34 (cga)
[04:00:38] 1 tRNA-Leu [2166,2253] 37 (tag)
[04:00:38] 1 tRNA-Thr c[1444,1517] 35 (cgt)
[04:00:38] 1 tRNA-Ala [4232,4303] 33 (cgc)
[04:00:38] 1 tRNA-Met c[901,976] 36 (cat)
[04:00:38] 1 tRNA-Val [1014,1109] 37 (cac)
[04:00:38] 1 tRNA-Asn c[4374,4448] 35 (gtt)
[04:00:38] 1 tRNA-Thr c[440,513] 35 (ggt)
[04:00:38] 1 tRNA-Gly c[1682,1755] 35 (ccc)
[04:00:38] 1 tRNA-Ser [1902,1988] 35 (gct)
[04:00:38] 1 tRNA-Pro [3863,3936] 35 (ggg)
[04:00:38] 1 tRNA-Cys [44,115] 33 (gca)
[04:00:38] 1 tRNA-Gln [2875,2963] 28 (ctg)
[04:00:38] 1 tRNA-Ser c[1371,1456] 36 (tga)
[04:00:38] 1 tRNA-Ala [669,743] 35 (ggc)
[04:00:38] 1 tRNA-Glu c[707,785] 37 (ttc)
[04:00:38] 2 tRNA-Met [1541,1614] 35 (cat)
[04:00:38] 1 tRNA-Met c[1476,1550] 36 (cat)
[04:00:38] 1 tRNA-Gly c[32,105] 36 (tcc)
[04:00:38] 1 tRNA-Arg c[4327,4401] 36 (tcg)
[04:00:38] 1 tRNA-Leu c[3123,3209] 38 (cag)
[04:00:38] 1 tRNA-Pro c[618,694] 35 (tgg)
[04:00:38] 1 tRNA-Arg c[1506,1582] 37 (gcg)
[04:00:38] 1 tRNA-His [30,102] 34 (gtg)
[04:00:38] 1 tRNA-Arg [524,599] 36 (tct)
[04:00:38] 1 tRNA-Val [1414,1488] 36 (gac)
[04:00:38] Found 30 tRNAs
[04:00:38] Predicting Ribosomal RNAs
[04:00:38] Running Barrnap with 2 threads
[04:00:38] 1 k105_20435 3804 5S ribosomal RNA
[04:00:38] Found 1 rRNAs
[04:00:38] Skipping ncRNA search, enable with --rfam if desired.
[04:00:38] Total of 31 tRNA + rRNA features
[04:00:38] Searching for CRISPR repeats
[04:00:39] Found 0 CRISPRs
[04:00:39] Predicting coding sequences
[04:00:39] Contigs total 923789 bp, so using meta mode
[04:00:39] Running: prodigal -i \/home\/tola2495\/GenomeAnalysisVT2022\/analyses\/05_annotation\/prokka\/RR4342133_Archaea\/bin_18\.fa\/RR4342133_Archaea\.fna -c -m -g 11 -p meta -f sco -q
[04:00:39] Excluding CDS which overlaps existing RNA (tRNA) at k105_100768:131..904 on + strand
[04:00:40] Excluding CDS which overlaps existing RNA (tRNA) at k105_48041:617..1666 on + strand
[04:00:40] Found 1169 CDS
[04:00:40] Connecting features back to sequences
[04:00:40] Not using genus-specific database. Try --usegenus to enable it.
[04:00:40] Annotating CDS, please be patient.
[04:00:40] Will use 2 CPUs for similarity searching.
[04:00:41] There are still 1169 unannotated CDS left (started with 1169)
[04:00:41] Will use blast to search against /sw/bioinfo/prokka/1.45-5b58020/rackham/db/kingdom/Archaea/sprot with 2 CPUs
[04:00:41] Running: cat \/home\/tola2495\/GenomeAnalysisVT2022\/analyses\/05_annotation\/prokka\/RR4342133_Archaea\/bin_18\.fa\/RR4342133_Archaea\.sprot\.tmp\.5817\.faa | parallel --gnu --plain -j 2 --block 60830 --recstart '>' --pipe blastp -query - -db /sw/bioinfo/prokka/1.45-5b58020/rackham/db/kingdom/Archaea/sprot -evalue 1e-09 -qcov_hsp_perc 80 -num_threads 1 -num_descriptions 1 -num_alignments 1 -seg no > \/home\/tola2495\/GenomeAnalysisVT2022\/analyses\/05_annotation\/prokka\/RR4342133_Archaea\/bin_18\.fa\/RR4342133_Archaea\.sprot\.tmp\.5817\.blast 2> /dev/null
[04:00:48] Modify product: Probable ribosomal RNA small subunit methyltransferase A => putative ribosomal RNA small subunit methyltransferase A
[04:00:48] Modify product: Probable transaldolase => putative transaldolase
[04:00:48] Modify product: Bifunctional protein FolD => Bifunctional protein FolD protein
[04:00:48] Modify product: Uncharacterized HTH-type transcriptional regulator PH1519 => putative HTH-type transcriptional regulator
[04:00:48] Modify product: Protein pelota homolog => Protein pelota 
[04:00:48] Modify product: Uncharacterized ABC transporter ATP-binding protein MJ0796 => putative ABC transporter ATP-binding protein
[04:00:48] Modify product: UPF0107 protein AF_0055 => hypothetical protein
[04:00:48] Modify product: Uncharacterized ABC transporter ATP-binding protein MJ0796 => putative ABC transporter ATP-binding protein
[04:00:49] Modify product: Probable aquaporin AqpM => putative aquaporin AqpM
[04:00:49] Modify product: Probable bifunctional tRNA threonylcarbamoyladenosine biosynthesis protein => putative bifunctional tRNA threonylcarbamoyladenosine biosynthesis protein
[04:00:49] Modify product: Probable cobalt-precorrin-6B C(15)-methyltransferase (decarboxylating) => putative cobalt-precorrin-6B C(15)-methyltransferase (decarboxylating)
[04:00:49] Modify product: Probable tRNA pseudouridine synthase B => putative tRNA pseudouridine synthase B
[04:00:49] Modify product: UPF0147 protein Ta0600 => hypothetical protein
[04:00:49] Modify product: Probable aspartokinase => putative aspartokinase
[04:00:49] Modify product: Probable aspartokinase => putative aspartokinase
[04:00:49] Modify product: UPF0200/UPF0201 protein AF_1395 => hypothetical protein
[04:00:49] Modify product: UPF0201 protein SSO1042 => hypothetical protein
[04:00:49] Modify product: Protein translation factor SUI1 homolog => Protein translation factor SUI1 
[04:00:49] Modify product: Uncharacterized KH and PIN-domain containing protein MJ1533 => putative KH and PIN-domain containing protein
[04:00:49] Modify product: Zinc metalloprotease TldD homolog => Zinc metalloprotease TldD 
[04:00:49] Modify product: Probable adenylyl-sulfate kinase => putative adenylyl-sulfate kinase
[04:00:49] Modify product: Uncharacterized HTH-type transcriptional regulator PH0140 => putative HTH-type transcriptional regulator
[04:00:49] Modify product: Probable ribosome biogenesis protein SSO0551 => putative ribosome biogenesis protein
[04:00:49] Modify product: Uncharacterized HTH-type transcriptional regulator PH0140 => putative HTH-type transcriptional regulator
[04:00:49] Modify product: UPF0284 protein PH0034 => hypothetical protein
[04:00:49] Modify product: Probable metalloprotease HVO_1016 => putative metalloprotease
[04:00:49] Cleaned 26 /product names
[04:00:49] Deleting unwanted file: /home/tola2495/GenomeAnalysisVT2022/analyses/05_annotation/prokka/RR4342133_Archaea/bin_18.fa/RR4342133_Archaea.sprot.tmp.5817.faa
[04:00:49] Deleting unwanted file: /home/tola2495/GenomeAnalysisVT2022/analyses/05_annotation/prokka/RR4342133_Archaea/bin_18.fa/RR4342133_Archaea.sprot.tmp.5817.blast
[04:00:49] There are still 892 unannotated CDS left (started with 1169)
[04:00:49] Will use hmmer3 to search against /sw/bioinfo/prokka/1.45-5b58020/rackham/db/hmm/HAMAP.hmm with 2 CPUs
[04:00:49] Running: cat \/home\/tola2495\/GenomeAnalysisVT2022\/analyses\/05_annotation\/prokka\/RR4342133_Archaea\/bin_18\.fa\/RR4342133_Archaea\.HAMAP\.hmm\.tmp\.5817\.faa | parallel --gnu --plain -j 2 --block 41995 --recstart '>' --pipe hmmscan --noali --notextw --acc -E 1e-09 --cpu 1 /sw/bioinfo/prokka/1.45-5b58020/rackham/db/hmm/HAMAP.hmm /dev/stdin > \/home\/tola2495\/GenomeAnalysisVT2022\/analyses\/05_annotation\/prokka\/RR4342133_Archaea\/bin_18\.fa\/RR4342133_Archaea\.HAMAP\.hmm\.tmp\.5817\.hmmer3 2> /dev/null
[04:01:32] Modify product: Uncharacterized Nudix hydrolase NudL => putative Nudix hydrolase NudL
[04:01:32] Cleaned 1 /product names
[04:01:32] Deleting unwanted file: /home/tola2495/GenomeAnalysisVT2022/analyses/05_annotation/prokka/RR4342133_Archaea/bin_18.fa/RR4342133_Archaea.HAMAP.hmm.tmp.5817.faa
[04:01:32] Deleting unwanted file: /home/tola2495/GenomeAnalysisVT2022/analyses/05_annotation/prokka/RR4342133_Archaea/bin_18.fa/RR4342133_Archaea.HAMAP.hmm.tmp.5817.hmmer3
[04:01:32] Labelling remaining 742 proteins as 'hypothetical protein'
[04:01:32] Possible /pseudo 'Imidazole glycerol phosphate synthase subunit HisF' at k105_100112 position 2545
[04:01:32] Possible /pseudo 'Ferredoxin-type protein NapF' at k105_118716 position 2170
[04:01:32] Possible /pseudo 'Fused isobutyryl-CoA mutase' at k105_125813 position 4428
[04:01:32] Found 301 unique /gene codes.
[04:01:32] Fixed 2 duplicate /gene - kefB_1 kefB_2
[04:01:32] Fixed 2 duplicate /gene - icmF_1 icmF_2
[04:01:32] Fixed 2 duplicate /gene - msrB_1 msrB_2
[04:01:32] Fixed 2 duplicate /gene - nadX_1 nadX_2
[04:01:32] Fixed 2 duplicate /gene - endA_1 endA_2
[04:01:32] Fixed 2 duplicate /gene - cyoE_1 cyoE_2
[04:01:32] Fixed 2 duplicate /gene - hcaC_1 hcaC_2
[04:01:32] Fixed 2 duplicate /gene - hisF_1 hisF_2
[04:01:32] Fixed 2 duplicate /gene - malK_1 malK_2
[04:01:32] Fixed 3 duplicate /gene - dnaJ_1 dnaJ_2 dnaJ_3
[04:01:32] Fixed 2 duplicate /gene - cofH_1 cofH_2
[04:01:32] Fixed 2 duplicate /gene - aqpM_1 aqpM_2
[04:01:32] Fixed 2 duplicate /gene - COQ5_1 COQ5_2
[04:01:32] Fixed 2 duplicate /gene - glcV_1 glcV_2
[04:01:32] Fixed 2 duplicate /gene - mntR_1 mntR_2
[04:01:32] Fixed 2 duplicate /gene - nadE_1 nadE_2
[04:01:32] Fixed 2 duplicate /gene - gatD_1 gatD_2
[04:01:32] Fixed 2 duplicate /gene - spxA_1 spxA_2
[04:01:32] Fixed 2 duplicate /gene - purE_1 purE_2
[04:01:32] Fixed 2 duplicate /gene - aroA'_1 aroA'_2
[04:01:32] Fixed 2 duplicate /gene - vat_1 vat_2
[04:01:32] Fixed 2 duplicate /gene - smc_1 smc_2
[04:01:32] Fixed 2 duplicate /gene - hacA_1 hacA_2
[04:01:32] Fixed 2 duplicate /gene - psmA_1 psmA_2
[04:01:32] Fixed 3 duplicate /gene - metG_1 metG_2 metG_3
[04:01:32] Fixed 4 duplicate /gene - tfb_1 tfb_2 tfb_3 tfb_4
[04:01:32] Fixed 3 duplicate /gene - tuf_1 tuf_2 tuf_3
[04:01:32] Fixed 2 duplicate /gene - dbpA_1 dbpA_2
[04:01:32] Fixed 2 duplicate /gene - eif2g_1 eif2g_2
[04:01:32] Fixed 2 duplicate /gene - sufS_1 sufS_2
[04:01:32] Fixed 2 duplicate /gene - leuD_1 leuD_2
[04:01:32] Fixed 2 duplicate /gene - vgb_1 vgb_2
[04:01:32] Fixed 3 duplicate /gene - mer_1 mer_2 mer_3
[04:01:32] Fixed 2 duplicate /gene - birA_1 birA_2
[04:01:32] Fixed 3 duplicate /gene - recA_1 recA_2 recA_3
[04:01:32] Fixed 6 duplicate /gene - btuD_1 btuD_2 btuD_3 btuD_4 btuD_5 btuD_6
[04:01:32] Fixed 2 duplicate /gene - albA2_1 albA2_2
[04:01:32] Fixed 2 duplicate /gene - hisH_1 hisH_2
[04:01:32] Fixed 2 duplicate /gene - napF_1 napF_2
[04:01:32] Fixed 39 colliding /gene names.
[04:01:32] Adding /locus_tag identifiers
[04:01:32] Assigned 1200 locus_tags to CDS and RNA features.
[04:01:32] Writing outputs to /home/tola2495/GenomeAnalysisVT2022/analyses/05_annotation/prokka/RR4342133_Archaea/bin_18.fa/
[04:01:33] Generating annotation statistics file
[04:01:33] Generating Genbank and Sequin files
[04:01:33] Running: tbl2asn -V b -a r10k -l paired-ends -M n -N 1 -y 'Annotated using prokka 1.14.6 from https://github.com/tseemann/prokka' -Z \/home\/tola2495\/GenomeAnalysisVT2022\/analyses\/05_annotation\/prokka\/RR4342133_Archaea\/bin_18\.fa\/RR4342133_Archaea\.err -i \/home\/tola2495\/GenomeAnalysisVT2022\/analyses\/05_annotation\/prokka\/RR4342133_Archaea\/bin_18\.fa\/RR4342133_Archaea\.fsa 2> /dev/null
[04:01:36] Deleting unwanted file: /home/tola2495/GenomeAnalysisVT2022/analyses/05_annotation/prokka/RR4342133_Archaea/bin_18.fa/errorsummary.val
[04:01:36] Deleting unwanted file: /home/tola2495/GenomeAnalysisVT2022/analyses/05_annotation/prokka/RR4342133_Archaea/bin_18.fa/RR4342133_Archaea.dr
[04:01:36] Deleting unwanted file: /home/tola2495/GenomeAnalysisVT2022/analyses/05_annotation/prokka/RR4342133_Archaea/bin_18.fa/RR4342133_Archaea.fixedproducts
[04:01:36] Deleting unwanted file: /home/tola2495/GenomeAnalysisVT2022/analyses/05_annotation/prokka/RR4342133_Archaea/bin_18.fa/RR4342133_Archaea.ecn
[04:01:36] Deleting unwanted file: /home/tola2495/GenomeAnalysisVT2022/analyses/05_annotation/prokka/RR4342133_Archaea/bin_18.fa/RR4342133_Archaea.val
[04:01:36] Repairing broken .GBK output that tbl2asn produces...
[04:01:36] Running: sed 's/COORDINATES: profile/COORDINATES:profile/' < \/home\/tola2495\/GenomeAnalysisVT2022\/analyses\/05_annotation\/prokka\/RR4342133_Archaea\/bin_18\.fa\/RR4342133_Archaea\.gbf > \/home\/tola2495\/GenomeAnalysisVT2022\/analyses\/05_annotation\/prokka\/RR4342133_Archaea\/bin_18\.fa\/RR4342133_Archaea\.gbk
[04:01:36] Deleting unwanted file: /home/tola2495/GenomeAnalysisVT2022/analyses/05_annotation/prokka/RR4342133_Archaea/bin_18.fa/RR4342133_Archaea.gbf
[04:01:36] Output files:
[04:01:36] /home/tola2495/GenomeAnalysisVT2022/analyses/05_annotation/prokka/RR4342133_Archaea/bin_18.fa/RR4342133_Archaea.log
[04:01:36] /home/tola2495/GenomeAnalysisVT2022/analyses/05_annotation/prokka/RR4342133_Archaea/bin_18.fa/RR4342133_Archaea.fna
[04:01:36] /home/tola2495/GenomeAnalysisVT2022/analyses/05_annotation/prokka/RR4342133_Archaea/bin_18.fa/RR4342133_Archaea.gff
[04:01:36] /home/tola2495/GenomeAnalysisVT2022/analyses/05_annotation/prokka/RR4342133_Archaea/bin_18.fa/RR4342133_Archaea.faa
[04:01:36] /home/tola2495/GenomeAnalysisVT2022/analyses/05_annotation/prokka/RR4342133_Archaea/bin_18.fa/RR4342133_Archaea.ffn
[04:01:36] /home/tola2495/GenomeAnalysisVT2022/analyses/05_annotation/prokka/RR4342133_Archaea/bin_18.fa/RR4342133_Archaea.tbl
[04:01:36] /home/tola2495/GenomeAnalysisVT2022/analyses/05_annotation/prokka/RR4342133_Archaea/bin_18.fa/RR4342133_Archaea.fsa
[04:01:36] /home/tola2495/GenomeAnalysisVT2022/analyses/05_annotation/prokka/RR4342133_Archaea/bin_18.fa/RR4342133_Archaea.tsv
[04:01:36] /home/tola2495/GenomeAnalysisVT2022/analyses/05_annotation/prokka/RR4342133_Archaea/bin_18.fa/RR4342133_Archaea.txt
[04:01:36] /home/tola2495/GenomeAnalysisVT2022/analyses/05_annotation/prokka/RR4342133_Archaea/bin_18.fa/RR4342133_Archaea.sqn
[04:01:36] /home/tola2495/GenomeAnalysisVT2022/analyses/05_annotation/prokka/RR4342133_Archaea/bin_18.fa/RR4342133_Archaea.gbk
[04:01:36] /home/tola2495/GenomeAnalysisVT2022/analyses/05_annotation/prokka/RR4342133_Archaea/bin_18.fa/RR4342133_Archaea.err
[04:01:36] Annotation finished successfully.
[04:01:36] Walltime used: 1.02 minutes
[04:01:36] If you use this result please cite the Prokka paper:
[04:01:36] Seemann T (2014) Prokka: rapid prokaryotic genome annotation. Bioinformatics. 30(14):2068-9.
[04:01:36] Type 'prokka --citation' for more details.
[04:01:36] Share and enjoy!
