[17:40:51] This is prokka 1.14.6
[17:40:51] Written by Torsten Seemann <torsten.seemann@gmail.com>
[17:40:51] Homepage is https://github.com/tseemann/prokka
[17:40:51] Local time is Tue May  3 17:40:51 2022
[17:40:51] You are tola2495
[17:40:51] Operating system is linux
[17:40:51] You have BioPerl 1.007001
[17:40:51] System has 16 cores.
[17:40:51] Will use maximum of 2 cores.
[17:40:51] Annotating as >>> Archaea <<<
[17:40:51] Generating locus_tag from 'bin_27.fa' contents.
[17:40:51] Setting --locustag IBPCIHCB from MD5 2b9c21cb4118047305f146171b7f42ed
[17:40:51] Creating new output folder: /home/tola2495/GenomeAnalysisVT2022/analyses/05_annotation/prokka/RR4342133_Archaea/bin_27.fa
[17:40:51] Running: mkdir -p \/home\/tola2495\/GenomeAnalysisVT2022\/analyses\/05_annotation\/prokka\/RR4342133_Archaea\/bin_27\.fa
[17:40:51] Using filename prefix: RR4342133_Archaea.XXX
[17:40:51] Setting HMMER_NCPU=1
[17:40:51] Writing log to: /home/tola2495/GenomeAnalysisVT2022/analyses/05_annotation/prokka/RR4342133_Archaea/bin_27.fa/RR4342133_Archaea.log
[17:40:51] Command: /sw/bioinfo/prokka/1.45-5b58020/snowy/bin/prokka --metagenome --cpus 2 --kingdom Archaea --prefix RR4342133_Archaea --outdir /home/tola2495/GenomeAnalysisVT2022/analyses/05_annotation/prokka/RR4342133_Archaea/bin_27.fa bin_27.fa
[17:40:51] Appending to PATH: /sw/bioinfo/prokka/1.45-5b58020/rackham/bin/../binaries/linux
[17:40:51] Appending to PATH: /sw/bioinfo/prokka/1.45-5b58020/rackham/bin/../binaries/linux/../common
[17:40:51] Appending to PATH: /sw/bioinfo/prokka/1.45-5b58020/rackham/bin
[17:40:51] Looking for 'aragorn' - found /sw/bioinfo/prokka/1.45-5b58020/rackham/bin/../binaries/linux/aragorn
[17:40:51] Determined aragorn version is 001002 from 'ARAGORN v1.2.38 Dean Laslett'
[17:40:51] Looking for 'barrnap' - found /sw/bioinfo/barrnap/0.8/snowy/bin/barrnap
[17:40:51] Determined barrnap version is 000008 from 'barrnap 0.8'
[17:40:51] Looking for 'blastp' - found /sw/bioinfo/blast/2.11.0+/snowy/bin/blastp
[17:40:52] Determined blastp version is 002011 from 'blastp: 2.11.0+'
[17:40:52] Looking for 'cmpress' - found /sw/bioinfo/prokka/1.45-5b58020/rackham/bin/../binaries/linux/cmpress
[17:40:52] Determined cmpress version is 001001 from '# INFERNAL 1.1.2 (July 2016)'
[17:40:52] Looking for 'cmscan' - found /sw/bioinfo/prokka/1.45-5b58020/rackham/bin/../binaries/linux/cmscan
[17:40:52] Determined cmscan version is 001001 from '# INFERNAL 1.1.2 (July 2016)'
[17:40:52] Looking for 'egrep' - found /usr/bin/egrep
[17:40:52] Looking for 'find' - found /usr/bin/find
[17:40:52] Looking for 'grep' - found /usr/bin/grep
[17:40:52] Looking for 'hmmpress' - found /sw/apps/bioinfo/hmmer/3.1b2/snowy/bin/hmmpress
[17:40:52] Determined hmmpress version is 003001 from '# HMMER 3.1b2 (February 2015); http://hmmer.org/'
[17:40:52] Looking for 'hmmscan' - found /sw/apps/bioinfo/hmmer/3.1b2/snowy/bin/hmmscan
[17:40:52] Determined hmmscan version is 003001 from '# HMMER 3.1b2 (February 2015); http://hmmer.org/'
[17:40:52] Looking for 'java' - found /usr/bin/java
[17:40:52] Looking for 'makeblastdb' - found /sw/bioinfo/blast/2.11.0+/snowy/bin/makeblastdb
[17:40:53] Determined makeblastdb version is 002011 from 'makeblastdb: 2.11.0+'
[17:40:53] Looking for 'minced' - found /sw/apps/bioinfo/minced/0.2.0/snowy/minced
[17:40:53] Determined minced version is 002000 from 'minced 0.2.0'
[17:40:53] Looking for 'parallel' - found /sw/parallel/gnuparallel/20170122/snowy/bin/parallel
[17:40:53] Determined parallel version is 20170122 from 'GNU parallel 20170122'
[17:40:53] Looking for 'prodigal' - found /sw/apps/bioinfo/prodigal/2.6.3/snowy/bin/prodigal
[17:40:54] Determined prodigal version is 002006 from 'Prodigal V2.6.3: February, 2016'
[17:40:54] Looking for 'prokka-genbank_to_fasta_db' - found /sw/bioinfo/prokka/1.45-5b58020/snowy/bin/prokka-genbank_to_fasta_db
[17:40:54] Looking for 'sed' - found /usr/bin/sed
[17:40:54] Looking for 'signalp' - found /sw/bioinfo/SignalP/4.1f/snowy/signalp
[17:40:54] Determined signalp version is 004001 from '4.1 6184308'
[17:40:54] Looking for 'tbl2asn' - found /sw/bioinfo/tbl2asn/25.8/snowy/tbl2asn
[17:40:54] Determined tbl2asn version is 025008 from 'tbl2asn 25.8   arguments:'
[17:40:54] Using genetic code table 11.
[17:40:54] Loading and checking input file: bin_27.fa
[17:40:54] Wrote 417 contigs totalling 2748748 bp.
[17:40:54] Predicting tRNAs and tmRNAs
[17:40:54] Running: aragorn -l -gc11  -w \/home\/tola2495\/GenomeAnalysisVT2022\/analyses\/05_annotation\/prokka\/RR4342133_Archaea\/bin_27\.fa\/RR4342133_Archaea\.fna
[17:40:54] 1 tRNA-Gln [91,164] 33 (ctg)
[17:40:54] 2 tRNA-Glu [694,767] 35 (ctc)
[17:40:54] 1 tRNA-Phe c[9182,9255] 34 (gaa)
[17:40:54] 1 tmRNA c[4472,4833] 91,123 ANDYDVAVAA*
[17:40:54] 1 tRNA-Ser [10926,11011] 35 (tga)
[17:40:54] 2 tRNA-Ser [11100,11191] 36 (gct)
[17:40:54] 3 tRNA-Arg [12182,12258] 35 (gcg)
[17:40:54] 4 tRNA-Ser [12670,12760] 36 (cga)
[17:40:54] 5 tRNA-Ser [12869,12958] 35 (gga)
[17:40:54] 1 tRNA-Val [6561,6634] 34 (tac)
[17:40:54] 2 tRNA-Asp [6740,6816] 35 (gtc)
[17:40:54] 1 tRNA-Leu [1745,1829] 35 (gag)
[17:40:55] 1 tRNA-Leu [4738,4824] 35 (caa)
[17:40:55] 1 tRNA-Thr [3362,3434] 33 (cgt)
[17:40:55] 1 tRNA-Val c[9684,9755] 33 (gac)
[17:40:55] 1 tRNA-Ala [1344,1417] 34 (ggc)
[17:40:55] 1 tRNA-Glu c[4636,4713] 37 (ttc)
[17:40:55] 2 tRNA-Lys c[4753,4825] 34 (ttt)
[17:40:55] 1 tRNA-Gly [2775,2849] 33 (gcc)
[17:40:55] 2 tRNA-Cys [2876,2949] 33 (gca)
[17:40:55] 1 tRNA-Asn c[11596,11670] 33 (gtt)
[17:40:55] 1 tRNA-Gln c[18302,18377] 34 (ttg)
[17:40:55] 1 tRNA-Lys [1967,2042] 34 (ctt)
[17:40:55] 1 tRNA-Trp c[33841,33915] 36 (cca)
[17:40:55] 2 tRNA-Thr c[34263,34334] 33 (ggt)
[17:40:55] 3 tRNA-Gly c[34426,34502] 35 (tcc)
[17:40:55] 4 tRNA-Tyr c[34525,34606] 35 (gta)
[17:40:55] 5 tRNA-Thr c[34698,34773] 34 (tgt)
[17:40:55] 1 tRNA-Leu [442,524] 35 (tag)
[17:40:55] 1 tRNA-Arg c[7392,7468] 35 (ccg)
[17:40:55] 1 tRNA-Met [7654,7727] 35 (cat)
[17:40:55] 1 tRNA-Pro c[1541,1618] 36 (tgg)
[17:40:55] 2 tRNA-Arg c[3091,3167] 35 (tcg)
[17:40:55] 3 tRNA-His c[3178,3253] 34 (gtg)
[17:40:55] 1 tRNA-Met [2243,2319] 35 (cat)
[17:40:55] 1 tRNA-Pro [316,392] 35 (cgg)
[17:40:55] Found 36 tRNAs
[17:40:55] Predicting Ribosomal RNAs
[17:40:55] Running Barrnap with 2 threads
[17:40:57] Found 0 rRNAs
[17:40:57] Skipping ncRNA search, enable with --rfam if desired.
[17:40:57] Total of 35 tRNA + rRNA features
[17:40:57] Searching for CRISPR repeats
[17:40:57] Found 0 CRISPRs
[17:40:57] Predicting coding sequences
[17:40:57] Contigs total 2748748 bp, so using meta mode
[17:40:57] Running: prodigal -i \/home\/tola2495\/GenomeAnalysisVT2022\/analyses\/05_annotation\/prokka\/RR4342133_Archaea\/bin_27\.fa\/RR4342133_Archaea\.fna -c -m -g 11 -p meta -f sco -q
[17:41:02] Excluding CDS which overlaps existing RNA (tRNA) at k105_119395:4613..5053 on - strand
[17:41:11] Found 2532 CDS
[17:41:11] Connecting features back to sequences
[17:41:11] Not using genus-specific database. Try --usegenus to enable it.
[17:41:11] Annotating CDS, please be patient.
[17:41:11] Will use 2 CPUs for similarity searching.
[17:41:12] There are still 2532 unannotated CDS left (started with 2532)
[17:41:12] Will use blast to search against /sw/bioinfo/prokka/1.45-5b58020/rackham/db/kingdom/Archaea/sprot with 2 CPUs
[17:41:12] Running: cat \/home\/tola2495\/GenomeAnalysisVT2022\/analyses\/05_annotation\/prokka\/RR4342133_Archaea\/bin_27\.fa\/RR4342133_Archaea\.sprot\.tmp\.38884\.faa | parallel --gnu --plain -j 2 --block 193881 --recstart '>' --pipe blastp -query - -db /sw/bioinfo/prokka/1.45-5b58020/rackham/db/kingdom/Archaea/sprot -evalue 1e-09 -qcov_hsp_perc 80 -num_threads 1 -num_descriptions 1 -num_alignments 1 -seg no > \/home\/tola2495\/GenomeAnalysisVT2022\/analyses\/05_annotation\/prokka\/RR4342133_Archaea\/bin_27\.fa\/RR4342133_Archaea\.sprot\.tmp\.38884\.blast 2> /dev/null
[17:41:28] Modify product: Bifunctional protein FolD => Bifunctional protein FolD protein
[17:41:28] Modify product: Uncharacterized ABC transporter ATP-binding protein MJ0796 => putative ABC transporter ATP-binding protein
[17:41:28] Modify product: GTP cyclohydrolase 1 type 2 homolog => GTP cyclohydrolase 1 type 2 
[17:41:28] Modify product: Probable ATP-dependent RNA helicase MJ0669 => putative ATP-dependent RNA helicase
[17:41:28] Modify product: Putative ammonium transporter MJ1343 => Putative ammonium transporter
[17:41:28] Modify product: Probable aspartokinase => putative aspartokinase
[17:41:28] Modify product: Uncharacterized ABC transporter ATP-binding protein MJ0796 => putative ABC transporter ATP-binding protein
[17:41:29] Modify product: Probable branched-chain amino acid transport ATP-binding protein LivG => putative branched-chain amino acid transport ATP-binding protein LivG
[17:41:29] Modify product: Probable branched-chain amino acid transport ATP-binding protein LivG => putative branched-chain amino acid transport ATP-binding protein LivG
[17:41:29] Modify product: Protein MM_0484 => Protein
[17:41:29] Modify product: Chlorinase MJ1651 => Chlorinase
[17:41:29] Modify product: Uncharacterized protein MJ1062 => putative protein
[17:41:29] Modify product: Uncharacterized ABC transporter ATP-binding protein MJ0796 => putative ABC transporter ATP-binding protein
[17:41:29] Modify product: Probable adenylyl-sulfate kinase => putative adenylyl-sulfate kinase
[17:41:29] Modify product: Sugar fermentation stimulation protein homolog => Sugar fermentation stimulation protein 
[17:41:29] Modify product: Probable ribosomal RNA small subunit methyltransferase A => putative ribosomal RNA small subunit methyltransferase A
[17:41:29] Modify product: Probable methanogenesis regulatory protein FilR2 => putative methanogenesis regulatory protein FilR2
[17:41:29] Modify product: Probable branched-chain amino acid transport ATP-binding protein LivG => putative branched-chain amino acid transport ATP-binding protein LivG
[17:41:29] Modify product: Probable deoxyhypusine synthase => putative deoxyhypusine synthase
[17:41:29] Modify product: Uncharacterized nitrogen regulatory PII-like protein MJ0059 => putative nitrogen regulatory PII-like protein
[17:41:29] Modify product: Uncharacterized ABC transporter ATP-binding protein MJ0796 => putative ABC transporter ATP-binding protein
[17:41:29] Modify product: Uncharacterized nitrogen regulatory PII-like protein MJ0059 => putative nitrogen regulatory PII-like protein
[17:41:29] Modify product: Uncharacterized ABC transporter ATP-binding protein MJ0796 => putative ABC transporter ATP-binding protein
[17:41:29] Modify product: Probable tRNA pseudouridine synthase B => putative tRNA pseudouridine synthase B
[17:41:29] Modify product: Probable thymidylate kinase => putative thymidylate kinase
[17:41:29] Modify product: Probable molybdopterin synthase => putative molybdopterin synthase
[17:41:29] Modify product: Probable cyclic pyranopterin monophosphate synthase => putative cyclic pyranopterin monophosphate synthase
[17:41:29] Modify product: Uncharacterized ABC transporter ATP-binding protein MJ0796 => putative ABC transporter ATP-binding protein
[17:41:29] Modify product: Uncharacterized ABC transporter ATP-binding protein MJ0796 => putative ABC transporter ATP-binding protein
[17:41:29] Modify product: Probable branched-chain amino acid transport ATP-binding protein LivG => putative branched-chain amino acid transport ATP-binding protein LivG
[17:41:29] Modify product: Uncharacterized ABC transporter ATP-binding protein MJ0796 => putative ABC transporter ATP-binding protein
[17:41:29] Modify product: RutC family protein PH0854 => RutC family protein
[17:41:29] Modify product: Probable 6-oxopurine nucleoside phosphorylase => putative 6-oxopurine nucleoside phosphorylase
[17:41:30] Modify product: Glutamate transporter homolog => Glutamate transporter 
[17:41:30] Modify product: Uncharacterized ABC transporter ATP-binding protein MJ0796 => putative ABC transporter ATP-binding protein
[17:41:30] Modify product: Uncharacterized ABC transporter ATP-binding protein MJ0796 => putative ABC transporter ATP-binding protein
[17:41:30] Modify product: Uncharacterized ABC transporter ATP-binding protein MJ0796 => putative ABC transporter ATP-binding protein
[17:41:30] Modify product: Probable aminomethyltransferase => putative aminomethyltransferase
[17:41:30] Modify product: Probable ATP-dependent RNA helicase MJ0669 => putative ATP-dependent RNA helicase
[17:41:30] Cleaned 39 /product names
[17:41:30] Deleting unwanted file: /home/tola2495/GenomeAnalysisVT2022/analyses/05_annotation/prokka/RR4342133_Archaea/bin_27.fa/RR4342133_Archaea.sprot.tmp.38884.faa
[17:41:30] Deleting unwanted file: /home/tola2495/GenomeAnalysisVT2022/analyses/05_annotation/prokka/RR4342133_Archaea/bin_27.fa/RR4342133_Archaea.sprot.tmp.38884.blast
[17:41:31] There are still 2232 unannotated CDS left (started with 2532)
[17:41:31] Will use hmmer3 to search against /sw/bioinfo/prokka/1.45-5b58020/rackham/db/hmm/HAMAP.hmm with 2 CPUs
[17:41:31] Running: cat \/home\/tola2495\/GenomeAnalysisVT2022\/analyses\/05_annotation\/prokka\/RR4342133_Archaea\/bin_27\.fa\/RR4342133_Archaea\.HAMAP\.hmm\.tmp\.38884\.faa | parallel --gnu --plain -j 2 --block 168658 --recstart '>' --pipe hmmscan --noali --notextw --acc -E 1e-09 --cpu 1 /sw/bioinfo/prokka/1.45-5b58020/rackham/db/hmm/HAMAP.hmm /dev/stdin > \/home\/tola2495\/GenomeAnalysisVT2022\/analyses\/05_annotation\/prokka\/RR4342133_Archaea\/bin_27\.fa\/RR4342133_Archaea\.HAMAP\.hmm\.tmp\.38884\.hmmer3 2> /dev/null
[17:43:25] Modify product: Uncharacterized Nudix hydrolase NudL => putative Nudix hydrolase NudL
[17:43:26] Cleaned 1 /product names
[17:43:26] Deleting unwanted file: /home/tola2495/GenomeAnalysisVT2022/analyses/05_annotation/prokka/RR4342133_Archaea/bin_27.fa/RR4342133_Archaea.HAMAP.hmm.tmp.38884.faa
[17:43:26] Deleting unwanted file: /home/tola2495/GenomeAnalysisVT2022/analyses/05_annotation/prokka/RR4342133_Archaea/bin_27.fa/RR4342133_Archaea.HAMAP.hmm.tmp.38884.hmmer3
[17:43:26] Labelling remaining 1503 proteins as 'hypothetical protein'
[17:43:26] Possible /pseudo 'Sensor histidine kinase RcsC' at k105_102224 position 10095
[17:43:26] Possible /pseudo 'Undecaprenyl phosphate-alpha-4-amino-4-deoxy-L-arabinose arabinosyl transferase' at k105_102883 position 13067
[17:43:26] Possible /pseudo 'Hercynine oxygenase' at k105_23862 position 1086
[17:43:26] Possible /pseudo 'D-inositol-3-phosphate glycosyltransferase' at k105_23885 position 9066
[17:43:26] Possible /pseudo 'Vitamin B12 import ATP-binding protein BtuD' at k105_34338 position 2035
[17:43:26] Possible /pseudo 'Sensor histidine kinase RcsC' at k105_131584 position 1652
[17:43:26] Possible /pseudo 'putative branched-chain amino acid transport ATP-binding protein LivG' at k105_133211 position 2073
[17:43:26] Possible /pseudo 'Vitamin B12 import ATP-binding protein BtuD' at k105_135799 position 1886
[17:43:26] Possible /pseudo 'Vitamin B12 import ATP-binding protein BtuD' at k105_145634 position 1074
[17:43:26] Possible /pseudo 'Sensor histidine kinase RcsC' at k105_65486 position 2197
[17:43:26] Possible /pseudo 'Sensor histidine kinase RcsC' at k105_66375 position 6638
[17:43:26] Possible /pseudo 'Sensor histidine kinase RcsC' at k105_156576 position 6081
[17:43:26] Possible /pseudo 'Bifunctional protein GlmU' at k105_84651 position 13341
[17:43:26] Found 606 unique /gene codes.
[17:43:26] Fixed 2 duplicate /gene - rne_1 rne_2
[17:43:26] Fixed 4 duplicate /gene - filI_1 filI_2 filI_3 filI_4
[17:43:26] Fixed 8 duplicate /gene - dnaJ_1 dnaJ_2 dnaJ_3 dnaJ_4 dnaJ_5 dnaJ_6 dnaJ_7 dnaJ_8
[17:43:26] Fixed 2 duplicate /gene - rlmB_1 rlmB_2
[17:43:26] Fixed 21 duplicate /gene - egtB_1 egtB_2 egtB_3 egtB_4 egtB_5 egtB_6 egtB_7 egtB_8 egtB_9 egtB_10 egtB_11 egtB_12 egtB_13 egtB_14 egtB_15 egtB_16 egtB_17 egtB_18 egtB_19 egtB_20 egtB_21
[17:43:26] Fixed 2 duplicate /gene - aglD_1 aglD_2
[17:43:26] Fixed 2 duplicate /gene - fpoK_1 fpoK_2
[17:43:26] Fixed 2 duplicate /gene - rep_1 rep_2
[17:43:26] Fixed 3 duplicate /gene - dnaA_1 dnaA_2 dnaA_3
[17:43:26] Fixed 2 duplicate /gene - porA_1 porA_2
[17:43:26] Fixed 2 duplicate /gene - hdfR_1 hdfR_2
[17:43:26] Fixed 2 duplicate /gene - fpoL_1 fpoL_2
[17:43:26] Fixed 4 duplicate /gene - sctC_1 sctC_2 sctC_3 sctC_4
[17:43:26] Fixed 2 duplicate /gene - cca_1 cca_2
[17:43:26] Fixed 2 duplicate /gene - xerC_1 xerC_2
[17:43:26] Fixed 2 duplicate /gene - fpoM_1 fpoM_2
[17:43:26] Fixed 8 duplicate /gene - cpoB_1 cpoB_2 cpoB_3 cpoB_4 cpoB_5 cpoB_6 cpoB_7 cpoB_8
[17:43:26] Fixed 2 duplicate /gene - selO_1 selO_2
[17:43:26] Fixed 4 duplicate /gene - glmU_1 glmU_2 glmU_3 glmU_4
[17:43:26] Fixed 8 duplicate /gene - cheB_1 cheB_2 cheB_3 cheB_4 cheB_5 cheB_6 cheB_7 cheB_8
[17:43:26] Fixed 2 duplicate /gene - pal_1 pal_2
[17:43:26] Fixed 2 duplicate /gene - IMPDH_1 IMPDH_2
[17:43:26] Fixed 2 duplicate /gene - rpoD_1 rpoD_2
[17:43:26] Fixed 2 duplicate /gene - trpD_1 trpD_2
[17:43:26] Fixed 2 duplicate /gene - tig_1 tig_2
[17:43:26] Fixed 6 duplicate /gene - fcl_1 fcl_2 fcl_3 fcl_4 fcl_5 fcl_6
[17:43:26] Fixed 10 duplicate /gene - norR_1 norR_2 norR_3 norR_4 norR_5 norR_6 norR_7 norR_8 norR_9 norR_10
[17:43:26] Fixed 2 duplicate /gene - ablA_1 ablA_2
[17:43:26] Fixed 3 duplicate /gene - gph_1 gph_2 gph_3
[17:43:26] Fixed 2 duplicate /gene - glnD_1 glnD_2
[17:43:26] Fixed 2 duplicate /gene - tmk_1 tmk_2
[17:43:26] Fixed 2 duplicate /gene - tolR_1 tolR_2
[17:43:26] Fixed 2 duplicate /gene - kdsA_1 kdsA_2
[17:43:26] Fixed 2 duplicate /gene - pcm_1 pcm_2
[17:43:26] Fixed 2 duplicate /gene - mltF_1 mltF_2
[17:43:26] Fixed 2 duplicate /gene - fpoN_1 fpoN_2
[17:43:26] Fixed 2 duplicate /gene - arnT_1 arnT_2
[17:43:26] Fixed 2 duplicate /gene - gloB_1 gloB_2
[17:43:26] Fixed 2 duplicate /gene - thrC_1 thrC_2
[17:43:26] Fixed 3 duplicate /gene - cheY_1 cheY_2 cheY_3
[17:43:26] Fixed 2 duplicate /gene - aglJ_1 aglJ_2
[17:43:26] Fixed 4 duplicate /gene - livG_1 livG_2 livG_3 livG_4
[17:43:26] Fixed 3 duplicate /gene - glpE_1 glpE_2 glpE_3
[17:43:26] Fixed 2 duplicate /gene - rnz_1 rnz_2
[17:43:26] Fixed 2 duplicate /gene - pafA_1 pafA_2
[17:43:26] Fixed 2 duplicate /gene - gdhA1_1 gdhA1_2
[17:43:26] Fixed 2 duplicate /gene - gyrB_1 gyrB_2
[17:43:26] Fixed 2 duplicate /gene - cmoM_1 cmoM_2
[17:43:26] Fixed 3 duplicate /gene - nadE_1 nadE_2 nadE_3
[17:43:26] Fixed 2 duplicate /gene - dinB_1 dinB_2
[17:43:26] Fixed 3 duplicate /gene - tfrA_1 tfrA_2 tfrA_3
[17:43:26] Fixed 2 duplicate /gene - pepQ_1 pepQ_2
[17:43:26] Fixed 2 duplicate /gene - tatA_1 tatA_2
[17:43:26] Fixed 31 duplicate /gene - rcsC_1 rcsC_2 rcsC_3 rcsC_4 rcsC_5 rcsC_6 rcsC_7 rcsC_8 rcsC_9 rcsC_10 rcsC_11 rcsC_12 rcsC_13 rcsC_14 rcsC_15 rcsC_16 rcsC_17 rcsC_18 rcsC_19 rcsC_20 rcsC_21 rcsC_22 rcsC_23 rcsC_24 rcsC_25 rcsC_26 rcsC_27 rcsC_28 rcsC_29 rcsC_30 rcsC_31
[17:43:26] Fixed 8 duplicate /gene - COQ5_1 COQ5_2 COQ5_3 COQ5_4 COQ5_5 COQ5_6 COQ5_7 COQ5_8
[17:43:26] Fixed 2 duplicate /gene - ddl_1 ddl_2
[17:43:26] Fixed 2 duplicate /gene - iolD_1 iolD_2
[17:43:26] Fixed 2 duplicate /gene - glmS_1 glmS_2
[17:43:26] Fixed 3 duplicate /gene - ftsA_1 ftsA_2 ftsA_3
[17:43:26] Fixed 2 duplicate /gene - trpE_1 trpE_2
[17:43:26] Fixed 2 duplicate /gene - iscS2_1 iscS2_2
[17:43:26] Fixed 4 duplicate /gene - bchB_1 bchB_2 bchB_3 bchB_4
[17:43:26] Fixed 4 duplicate /gene - arnC_1 arnC_2 arnC_3 arnC_4
[17:43:26] Fixed 3 duplicate /gene - pqqE_1 pqqE_2 pqqE_3
[17:43:26] Fixed 2 duplicate /gene - fpoB_1 fpoB_2
[17:43:26] Fixed 2 duplicate /gene - nth_1 nth_2
[17:43:26] Fixed 2 duplicate /gene - bioF_1 bioF_2
[17:43:26] Fixed 2 duplicate /gene - tam_1 tam_2
[17:43:26] Fixed 2 duplicate /gene - fpoH_1 fpoH_2
[17:43:26] Fixed 2 duplicate /gene - btuB_1 btuB_2
[17:43:26] Fixed 2 duplicate /gene - lexA_1 lexA_2
[17:43:26] Fixed 3 duplicate /gene - dxs_1 dxs_2 dxs_3
[17:43:26] Fixed 3 duplicate /gene - clpX_1 clpX_2 clpX_3
[17:43:26] Fixed 9 duplicate /gene - ycf3_1 ycf3_2 ycf3_3 ycf3_4 ycf3_5 ycf3_6 ycf3_7 ycf3_8 ycf3_9
[17:43:26] Fixed 2 duplicate /gene - tfrB_1 tfrB_2
[17:43:26] Fixed 2 duplicate /gene - fusA_1 fusA_2
[17:43:26] Fixed 2 duplicate /gene - cysO_1 cysO_2
[17:43:26] Fixed 2 duplicate /gene - lon_1 lon_2
[17:43:26] Fixed 2 duplicate /gene - murE_1 murE_2
[17:43:26] Fixed 6 duplicate /gene - msrP_1 msrP_2 msrP_3 msrP_4 msrP_5 msrP_6
[17:43:26] Fixed 2 duplicate /gene - ccsA_1 ccsA_2
[17:43:26] Fixed 3 duplicate /gene - gyaR_1 gyaR_2 gyaR_3
[17:43:26] Fixed 2 duplicate /gene - petB_1 petB_2
[17:43:26] Fixed 3 duplicate /gene - kdsB_1 kdsB_2 kdsB_3
[17:43:26] Fixed 2 duplicate /gene - mltC_1 mltC_2
[17:43:26] Fixed 15 duplicate /gene - btuD_1 btuD_2 btuD_3 btuD_4 btuD_5 btuD_6 btuD_7 btuD_8 btuD_9 btuD_10 btuD_11 btuD_12 btuD_13 btuD_14 btuD_15
[17:43:26] Fixed 2 duplicate /gene - sufS_1 sufS_2
[17:43:26] Fixed 2 duplicate /gene - tolQ_1 tolQ_2
[17:43:26] Fixed 4 duplicate /gene - miaB_1 miaB_2 miaB_3 miaB_4
[17:43:26] Fixed 2 duplicate /gene - argH_1 argH_2
[17:43:26] Fixed 3 duplicate /gene - atpB_1 atpB_2 atpB_3
[17:43:26] Fixed 6 duplicate /gene - speE_1 speE_2 speE_3 speE_4 speE_5 speE_6
[17:43:26] Fixed 3 duplicate /gene - ilvE_1 ilvE_2 ilvE_3
[17:43:26] Fixed 3 duplicate /gene - mdtA_1 mdtA_2 mdtA_3
[17:43:26] Fixed 2 duplicate /gene - rcsB_1 rcsB_2
[17:43:26] Fixed 2 duplicate /gene - gluQ_1 gluQ_2
[17:43:26] Fixed 3 duplicate /gene - lpxD_1 lpxD_2 lpxD_3
[17:43:26] Fixed 3 duplicate /gene - xerA_1 xerA_2 xerA_3
[17:43:26] Fixed 3 duplicate /gene - ileS_1 ileS_2 ileS_3
[17:43:26] Fixed 2 duplicate /gene - sudA_1 sudA_2
[17:43:26] Fixed 2 duplicate /gene - glcV_1 glcV_2
[17:43:26] Fixed 2 duplicate /gene - lysJ_1 lysJ_2
[17:43:26] Fixed 2 duplicate /gene - fosB_1 fosB_2
[17:43:26] Fixed 2 duplicate /gene - mreB_1 mreB_2
[17:43:26] Fixed 2 duplicate /gene - coaD_1 coaD_2
[17:43:26] Fixed 5 duplicate /gene - COQ3_1 COQ3_2 COQ3_3 COQ3_4 COQ3_5
[17:43:26] Fixed 2 duplicate /gene - gds_1 gds_2
[17:43:26] Fixed 2 duplicate /gene - actP_1 actP_2
[17:43:26] Fixed 2 duplicate /gene - pnp_1 pnp_2
[17:43:26] Fixed 8 duplicate /gene - mshA_1 mshA_2 mshA_3 mshA_4 mshA_5 mshA_6 mshA_7 mshA_8
[17:43:26] Fixed 2 duplicate /gene - murG_1 murG_2
[17:43:26] Fixed 2 duplicate /gene - phnW_1 phnW_2
[17:43:26] Fixed 7 duplicate /gene - surA_1 surA_2 surA_3 surA_4 surA_5 surA_6 surA_7
[17:43:26] Fixed 2 duplicate /gene - aglK_1 aglK_2
[17:43:26] Fixed 6 duplicate /gene - hldD_1 hldD_2 hldD_3 hldD_4 hldD_5 hldD_6
[17:43:26] Fixed 4 duplicate /gene - arnB_1 arnB_2 arnB_3 arnB_4
[17:43:26] Fixed 2 duplicate /gene - mtgA_1 mtgA_2
[17:43:26] Fixed 2 duplicate /gene - vgb_1 vgb_2
[17:43:26] Fixed 2 duplicate /gene - def_1 def_2
[17:43:26] Fixed 14 duplicate /gene - sasA_1 sasA_2 sasA_3 sasA_4 sasA_5 sasA_6 sasA_7 sasA_8 sasA_9 sasA_10 sasA_11 sasA_12 sasA_13 sasA_14
[17:43:26] Fixed 2 duplicate /gene - fpoD_1 fpoD_2
[17:43:26] Fixed 12 duplicate /gene - bepA_1 bepA_2 bepA_3 bepA_4 bepA_5 bepA_6 bepA_7 bepA_8 bepA_9 bepA_10 bepA_11 bepA_12
[17:43:26] Fixed 2 duplicate /gene - malK_1 malK_2
[17:43:26] Fixed 12 duplicate /gene - rssB_1 rssB_2 rssB_3 rssB_4 rssB_5 rssB_6 rssB_7 rssB_8 rssB_9 rssB_10 rssB_11 rssB_12
[17:43:26] Fixed 4 duplicate /gene - lpdA_1 lpdA_2 lpdA_3 lpdA_4
[17:43:26] Fixed 8 duplicate /gene - moaA_1 moaA_2 moaA_3 moaA_4 moaA_5 moaA_6 moaA_7 moaA_8
[17:43:26] Fixed 4 duplicate /gene - rbn_1 rbn_2 rbn_3 rbn_4
[17:43:26] Fixed 3 duplicate /gene - prsA_1 prsA_2 prsA_3
[17:43:26] Fixed 8 duplicate /gene - resA_1 resA_2 resA_3 resA_4 resA_5 resA_6 resA_7 resA_8
[17:43:26] Fixed 2 duplicate /gene - purF_1 purF_2
[17:43:26] Fixed 2 duplicate /gene - tpx_1 tpx_2
[17:43:26] Fixed 3 duplicate /gene - ihfA_1 ihfA_2 ihfA_3
[17:43:26] Fixed 5 duplicate /gene - rhaD_1 rhaD_2 rhaD_3 rhaD_4 rhaD_5
[17:43:26] Fixed 133 colliding /gene names.
[17:43:26] Adding /locus_tag identifiers
[17:43:26] Assigned 2568 locus_tags to CDS and RNA features.
[17:43:26] Writing outputs to /home/tola2495/GenomeAnalysisVT2022/analyses/05_annotation/prokka/RR4342133_Archaea/bin_27.fa/
[17:43:27] Generating annotation statistics file
[17:43:27] Generating Genbank and Sequin files
[17:43:27] Running: tbl2asn -V b -a r10k -l paired-ends -M n -N 1 -y 'Annotated using prokka 1.14.6 from https://github.com/tseemann/prokka' -Z \/home\/tola2495\/GenomeAnalysisVT2022\/analyses\/05_annotation\/prokka\/RR4342133_Archaea\/bin_27\.fa\/RR4342133_Archaea\.err -i \/home\/tola2495\/GenomeAnalysisVT2022\/analyses\/05_annotation\/prokka\/RR4342133_Archaea\/bin_27\.fa\/RR4342133_Archaea\.fsa 2> /dev/null
[17:43:32] Deleting unwanted file: /home/tola2495/GenomeAnalysisVT2022/analyses/05_annotation/prokka/RR4342133_Archaea/bin_27.fa/errorsummary.val
[17:43:32] Deleting unwanted file: /home/tola2495/GenomeAnalysisVT2022/analyses/05_annotation/prokka/RR4342133_Archaea/bin_27.fa/RR4342133_Archaea.dr
[17:43:32] Deleting unwanted file: /home/tola2495/GenomeAnalysisVT2022/analyses/05_annotation/prokka/RR4342133_Archaea/bin_27.fa/RR4342133_Archaea.fixedproducts
[17:43:32] Deleting unwanted file: /home/tola2495/GenomeAnalysisVT2022/analyses/05_annotation/prokka/RR4342133_Archaea/bin_27.fa/RR4342133_Archaea.ecn
[17:43:32] Deleting unwanted file: /home/tola2495/GenomeAnalysisVT2022/analyses/05_annotation/prokka/RR4342133_Archaea/bin_27.fa/RR4342133_Archaea.val
[17:43:32] Repairing broken .GBK output that tbl2asn produces...
[17:43:32] Running: sed 's/COORDINATES: profile/COORDINATES:profile/' < \/home\/tola2495\/GenomeAnalysisVT2022\/analyses\/05_annotation\/prokka\/RR4342133_Archaea\/bin_27\.fa\/RR4342133_Archaea\.gbf > \/home\/tola2495\/GenomeAnalysisVT2022\/analyses\/05_annotation\/prokka\/RR4342133_Archaea\/bin_27\.fa\/RR4342133_Archaea\.gbk
[17:43:33] Deleting unwanted file: /home/tola2495/GenomeAnalysisVT2022/analyses/05_annotation/prokka/RR4342133_Archaea/bin_27.fa/RR4342133_Archaea.gbf
[17:43:33] Output files:
[17:43:33] /home/tola2495/GenomeAnalysisVT2022/analyses/05_annotation/prokka/RR4342133_Archaea/bin_27.fa/RR4342133_Archaea.log
[17:43:33] /home/tola2495/GenomeAnalysisVT2022/analyses/05_annotation/prokka/RR4342133_Archaea/bin_27.fa/RR4342133_Archaea.fna
[17:43:33] /home/tola2495/GenomeAnalysisVT2022/analyses/05_annotation/prokka/RR4342133_Archaea/bin_27.fa/RR4342133_Archaea.gff
[17:43:33] /home/tola2495/GenomeAnalysisVT2022/analyses/05_annotation/prokka/RR4342133_Archaea/bin_27.fa/RR4342133_Archaea.faa
[17:43:33] /home/tola2495/GenomeAnalysisVT2022/analyses/05_annotation/prokka/RR4342133_Archaea/bin_27.fa/RR4342133_Archaea.ffn
[17:43:33] /home/tola2495/GenomeAnalysisVT2022/analyses/05_annotation/prokka/RR4342133_Archaea/bin_27.fa/RR4342133_Archaea.tbl
[17:43:33] /home/tola2495/GenomeAnalysisVT2022/analyses/05_annotation/prokka/RR4342133_Archaea/bin_27.fa/RR4342133_Archaea.fsa
[17:43:33] /home/tola2495/GenomeAnalysisVT2022/analyses/05_annotation/prokka/RR4342133_Archaea/bin_27.fa/RR4342133_Archaea.tsv
[17:43:33] /home/tola2495/GenomeAnalysisVT2022/analyses/05_annotation/prokka/RR4342133_Archaea/bin_27.fa/RR4342133_Archaea.txt
[17:43:33] /home/tola2495/GenomeAnalysisVT2022/analyses/05_annotation/prokka/RR4342133_Archaea/bin_27.fa/RR4342133_Archaea.gbk
[17:43:33] /home/tola2495/GenomeAnalysisVT2022/analyses/05_annotation/prokka/RR4342133_Archaea/bin_27.fa/RR4342133_Archaea.sqn
[17:43:33] /home/tola2495/GenomeAnalysisVT2022/analyses/05_annotation/prokka/RR4342133_Archaea/bin_27.fa/RR4342133_Archaea.err
[17:43:33] Annotation finished successfully.
[17:43:33] Walltime used: 2.70 minutes
[17:43:33] If you use this result please cite the Prokka paper:
[17:43:33] Seemann T (2014) Prokka: rapid prokaryotic genome annotation. Bioinformatics. 30(14):2068-9.
[17:43:33] Type 'prokka --citation' for more details.
[17:43:33] Thank you, come again.
