[2022-04-27 13:46:37] INFO: CheckM v1.1.3
[2022-04-27 13:46:37] INFO: checkm lineage_wf -t 4 -x fa --reduced_tree /home/tola2495/GenomeAnalysisVT2022/analyses/03_binning/01_metabat/220422_metabat_RR4342129/final.contigs.fa.metabat-bins--unbinned /home/tola2495/GenomeAnalysisVT2022/analyses/03_binning/02_checkm/220426_checkm_RR4342129
[2022-04-27 13:46:37] INFO: [CheckM - tree] Placing bins in reference genome tree.
[2022-04-27 13:46:38] INFO: Identifying marker genes in 25 bins with 4 threads:
[2022-04-27 13:47:42] INFO: Saving HMM info to file.
[2022-04-27 13:47:42] INFO: Calculating genome statistics for 25 bins with 4 threads:
[2022-04-27 13:47:43] INFO: Extracting marker genes to align.
[2022-04-27 13:47:43] INFO: Parsing HMM hits to marker genes:
[2022-04-27 13:47:44] INFO: Extracting 43 HMMs with 4 threads:
[2022-04-27 13:47:44] INFO: Aligning 43 marker genes with 4 threads:
[2022-04-27 13:47:46] INFO: Reading marker alignment files.
[2022-04-27 13:47:46] INFO: Concatenating alignments.
[2022-04-27 13:47:46] INFO: Placing 25 bins into the genome tree with pplacer (be patient).
[2022-04-27 13:51:37] INFO: { Current stage: 0:04:59.600 || Total: 0:04:59.600 }
[2022-04-27 13:51:37] INFO: [CheckM - lineage_set] Inferring lineage-specific marker sets.
[2022-04-27 13:51:37] INFO: Reading HMM info from file.
[2022-04-27 13:51:37] INFO: Parsing HMM hits to marker genes:
[2022-04-27 13:51:38] INFO: Determining marker sets for each genome bin.
[2022-04-27 13:51:42] INFO: Marker set written to: /home/tola2495/GenomeAnalysisVT2022/analyses/03_binning/02_checkm/220426_checkm_RR4342129/lineage.ms
[2022-04-27 13:51:42] INFO: { Current stage: 0:00:05.177 || Total: 0:05:04.778 }
[2022-04-27 13:51:42] INFO: [CheckM - analyze] Identifying marker genes in bins.
[2022-04-27 13:51:42] INFO: Identifying marker genes in 25 bins with 4 threads:
[2022-04-27 13:55:25] INFO: Saving HMM info to file.
[2022-04-27 13:55:25] INFO: { Current stage: 0:03:43.819 || Total: 0:08:48.597 }
[2022-04-27 13:55:25] INFO: Parsing HMM hits to marker genes:
[2022-04-27 13:55:29] INFO: Aligning marker genes with multiple hits in a single bin:
[2022-04-27 13:55:38] INFO: { Current stage: 0:00:12.092 || Total: 0:09:00.689 }
[2022-04-27 13:55:38] INFO: Calculating genome statistics for 25 bins with 4 threads:
[2022-04-27 13:55:38] INFO: { Current stage: 0:00:00.865 || Total: 0:09:01.554 }
[2022-04-27 13:55:38] INFO: [CheckM - qa] Tabulating genome statistics.
[2022-04-27 13:55:38] INFO: Calculating AAI between multi-copy marker genes.
[2022-04-27 13:55:39] INFO: Reading HMM info from file.
[2022-04-27 13:55:39] INFO: Parsing HMM hits to marker genes:
[2022-04-27 13:55:43] INFO: { Current stage: 0:00:04.101 || Total: 0:09:05.656 }
