/sw/bioinfo/quast/5.0.2/rackham/bin/metaquast.py -t 2 -L --circos -o /home/tola2495/GenomeAnalysisVT2022/analyses/02_dna_assembly/02_metaquast /home/tola2495/GenomeAnalysisVT2022/analyses/02_dna_assembly/01_megahit/220410_RR4342129_dna_assembly.megahit_asm/final.contigs.fa /home/tola2495/GenomeAnalysisVT2022/analyses/02_dna_assembly/01_megahit/220410_RR4342133_dna_assembly.megahit_asm/final.contigs.fa

Version: 5.0.2

System information:
  OS: Linux-3.10.0-1160.59.1.el7.x86_64-x86_64-with-centos-7.9.2009-Core (linux_64)
  Python version: 3.7.2
  CPUs number: 16

Started: 2022-04-13 17:03:18

Logging to /home/tola2495/GenomeAnalysisVT2022/analyses/02_dna_assembly/02_metaquast/metaquast.log

Contigs:
  Pre-processing...
  1  /home/tola2495/GenomeAnalysisVT2022/analyses/02_dna_assembly/01_megahit/220410_RR4342129_dna_assembly.megahit_asm/final.contigs.fa ==> 220410_RR4342129_dna_assembly.megahit_asm
  2  /home/tola2495/GenomeAnalysisVT2022/analyses/02_dna_assembly/01_megahit/220410_RR4342133_dna_assembly.megahit_asm/final.contigs.fa ==> 220410_RR4342133_dna_assembly.megahit_asm

No references are provided, starting to search for reference genomes in SILVA 16S rRNA database and to download them from NCBI...

2022-04-13 17:03:29
Downloading blast (file: makeblastdb)...
blast successfully downloaded!
Downloading blast (file: blastn)...
blast successfully downloaded!
NOTICE: Permission denied accessing /sw/bioinfo/quast/5.0.2/rackham/lib/python3.7/site-packages/quast_libs/silva. Silva will be downloaded to home directory /home/tola2495/.quast

Downloading SILVA 16S ribosomal RNA gene database...
Processing downloaded file. Logging to /home/tola2495/.quast/silva/blastdb.log...
Unpacking and replacing " " with "_"...
gunzip -c /home/tola2495/.quast/silva/SILVA_123_SSURef_Nr99_tax_silva.fasta.gz > /home/tola2495/.quast/silva/SILVA_123_SSURef_Nr99_tax_silva.fasta.unpacked \
2>> /home/tola2495/.quast/silva/blastdb.log
Making BLAST database...
/home/tola2495/.quast/blast/makeblastdb -in /home/tola2495/.quast/silva/SILVA_123_SSURef_Nr99_tax_silva.fasta \
-dbtype nucl -out /home/tola2495/.quast/silva/silva.123.db >> /home/tola2495/.quast/silva/blastdb.log \
2>> /home/tola2495/.quast/silva/blastdb.log
Running BlastN..
  processing 220410_RR4342129_dna_assembly.megahit_asm
  processing 220410_RR4342133_dna_assembly.megahit_asm
/home/tola2495/.quast/blast/blastn -query /home/tola2495/GenomeAnalysisVT2022/analyses/02_dna_assembly/01_megahit/220410_RR4342129_dna_assembly.megahit_asm/final.contigs.fa \
-db /home/tola2495/.quast/silva/silva.123.db -outfmt 7 -num_threads 1 > /home/tola2495/GenomeAnalysisVT2022/analyses/02_dna_assembly/02_metaquast/quast_downloaded_references/blast.res_220410_RR4342129_dna_assembly-megahit_asm \
2>> /home/tola2495/GenomeAnalysisVT2022/analyses/02_dna_assembly/02_metaquast/quast_downloaded_references/blast.err
/home/tola2495/.quast/blast/blastn -query /home/tola2495/GenomeAnalysisVT2022/analyses/02_dna_assembly/01_megahit/220410_RR4342133_dna_assembly.megahit_asm/final.contigs.fa \
-db /home/tola2495/.quast/silva/silva.123.db -outfmt 7 -num_threads 1 > /home/tola2495/GenomeAnalysisVT2022/analyses/02_dna_assembly/02_metaquast/quast_downloaded_references/blast.res_220410_RR4342133_dna_assembly-megahit_asm \
2>> /home/tola2495/GenomeAnalysisVT2022/analyses/02_dna_assembly/02_metaquast/quast_downloaded_references/blast.err
  BLAST results for 220410_RR4342133_dna_assembly.megahit_asm are saved to /home/tola2495/GenomeAnalysisVT2022/analyses/02_dna_assembly/02_metaquast/quast_downloaded_references/blast.res_220410_RR4342133_dna_assembly-megahit_asm...
  BLAST results for 220410_RR4342129_dna_assembly.megahit_asm are saved to /home/tola2495/GenomeAnalysisVT2022/analyses/02_dna_assembly/02_metaquast/quast_downloaded_references/blast.res_220410_RR4342129_dna_assembly-megahit_asm...


2022-04-13 17:35:00
Trying to download found references from NCBI. Totally 88 organisms to try.
  unidentified_marine_bacterioplankton                                      | not found in the NCBI database
  unidentified_marine_bacterioplankton was not found in NCBI database, trying to download the next best match
  bacterium_Ellin5024                                                       | not found in the NCBI database
  bacterium_Ellin5024 was not found in NCBI database, trying to download the next best match
  Sporichthya_polymorpha_DSM_43042                                          | successfully downloaded (total 1, 87 more to go)
  unidentified_eubacterium_LD29                                             | not found in the NCBI database
  unidentified_eubacterium_LD29 was not found in NCBI database, trying to download the next best match
  bacterium_enrichment_culture_clone_136(2011)                              | not found in the NCBI database
  bacterium_enrichment_culture_clone_136(2011) was not found in NCBI database, trying to download the next best match
  bacterium_Ellin511                                                        | not found in the NCBI database
  sulfur-oxidizing_bacterium_OBII5                                          | not found in the NCBI database
  sulfur-oxidizing_bacterium_OBII5 was not found in NCBI database, trying to download the next best match
  bacterium_enrichment_culture_clone_CBNH_1102_HA1_MIDDLE_5                 | not found in the NCBI database
  bacterium_enrichment_culture_clone_CBNH_1102_HA1_MIDDLE_5 was not found in NCBI database, trying to download the next best match
  Alcanivorax_pacificus_W11-5                                               | successfully downloaded (total 2, 85 more to go)
  saltmarsh_clone_LCP-89                                                    | not found in the NCBI database
  saltmarsh_clone_LCP-89 was not found in NCBI database, trying to download the next best match
  iron-reducing_bacterium_enrichment_culture_clone_HN-HFO18                 | not found in the NCBI database
  iron-reducing_bacterium_enrichment_culture_clone_HN-HFO18 was not found in NCBI database, trying to download the next best match
  Desulfitibacter_alkalitolerans_DSM_16504                                  | successfully downloaded (total 3, 84 more to go)
  proteobacterium_symbiont_of_Osedax_sp._MB3                                | not found in the NCBI database
  proteobacterium_symbiont_of_Osedax_sp._MB3 was not found in NCBI database, trying to download the next best match
  Pseudomonas_mohnii                                                        | successfully downloaded (total 4, 83 more to go)
  mine_drainage_metagenome                                                  | successfully downloaded (total 5, 82 more to go)
  marine_metagenome                                                         | successfully downloaded (total 6, 81 more to go)
  marine_gamma_proteobacterium_HTCC2080                                     | successfully downloaded (total 7, 80 more to go)
  marine_bacterium_NAMAF003                                                 | not found in the NCBI database
  marine_bacterium_NAMAF003 was not found in NCBI database, trying to download the next best match
  Lishizhenia_caseinilytica                                                 | not found in the NCBI database
  Lishizhenia_caseinilytica was not found in NCBI database, trying to download the next best match
  Weeksella_virosa_DSM_16922                                                | successfully downloaded (total 8, 79 more to go)
  magnetic_coccus_MP17                                                      | not found in the NCBI database
  magnetic_coccus_MP17 was not found in NCBI database, trying to download the next best match
  Aurantimonas_manganoxydans_SI85-9A1                                       | successfully downloaded (total 9, 78 more to go)
  heterotrophic_extracellular_symbiont_BG-C2_of_Benthomodiolus_geikotsucola | not found in the NCBI database
  heterotrophic_extracellular_symbiont_BG-C2_of_Benthomodiolus_geikotsucola was not found in NCBI database, trying to download the next best match
  Arenicella_chitinivorans                                                  | successfully downloaded (total 10, 77 more to go)
  gamma_proteobacterium_SCGC_AB-629-P17                                     | successfully downloaded (total 11, 76 more to go)
  endosymbiont_of_Ridgeia_piscesae                                          | successfully downloaded (total 12, 75 more to go)
  denitrifying_bacterium_enrichment_culture_clone_NOB_2_C9                  | not found in the NCBI database
  denitrifying_bacterium_enrichment_culture_clone_NOB_2_C9 was not found in NCBI database, trying to download the next best match
  Desulfocurvus_vexinensis                                                  | successfully downloaded (total 13, 74 more to go)
bioreactor metagenome has too fragmented reference genome! It will not be downloaded.
  bioreactor_metagenome                                                     | not found in the NCBI database
  bioreactor_metagenome was not found in NCBI database, trying to download the next best match
  bacterium_enrichment_culture_clone_AOM-SR-B3                              | not found in the NCBI database
  bacterium_enrichment_culture_clone_AOM-SR-B3 was not found in NCBI database, trying to download the next best match
wastewater metagenome has too fragmented reference genome! It will not be downloaded.
  wastewater_metagenome                                                     | not found in the NCBI database
  wastewater_metagenome was not found in NCBI database, trying to download the next best match
  denitrifying_bacterium_enrichment_culture_clone_NOB_2_E8                  | not found in the NCBI database
  benzene_mineralizing_consortium_clone_SB-5                                | not found in the NCBI database
  benzene_mineralizing_consortium_clone_SB-5 was not found in NCBI database, trying to download the next best match
  iron-reducing_bacterium_enrichment_culture_clone_HN105                    | not found in the NCBI database
  iron-reducing_bacterium_enrichment_culture_clone_HN105 was not found in NCBI database, trying to download the next best match
  Owenweeksia_hongkongensis_DSM_17368                                       | successfully downloaded (total 14, 72 more to go)
  bacterium_symbiont_of_Idas_sp                                             | not found in the NCBI database
  bacterium_symbiont_of_Idas_sp was not found in NCBI database, trying to download the next best match
  Formosa_algae                                                             | successfully downloaded (total 15, 71 more to go)
  bacterium_rJ7                                                             | not found in the NCBI database
  bacterium_rJ7 was not found in NCBI database, trying to download the next best match
  bacterium_rJ14                                                            | not found in the NCBI database
  bacterium_rJ14 was not found in NCBI database, trying to download the next best match
  actinobacterium_GP-6                                                      | not found in the NCBI database
  actinobacterium_GP-6 was not found in NCBI database, trying to download the next best match
  Actinomycetales_bacterium_GP-5                                            | not found in the NCBI database
  bacterium_enrichment_culture_clone_69(2013)                               | not found in the NCBI database
  bacterium_enrichment_culture_clone_69(2013) was not found in NCBI database, trying to download the next best match
  Marispirillum_indicum                                                     | not found in the NCBI database
  Marispirillum_indicum was not found in NCBI database, trying to download the next best match
  alpha_proteobacterium_RW12                                                | not found in the NCBI database
  alpha_proteobacterium_RW12 was not found in NCBI database, trying to download the next best match
  Methyloligella_solikamskensis                                             | not found in the NCBI database
  bacterium_endosymbiont_of_Abyssogena_southwardae                          | not found in the NCBI database
  bacterium_endosymbiont_of_Abyssogena_southwardae was not found in NCBI database, trying to download the next best match
  bacterium_enrichment_culture_clone_M114                                   | not found in the NCBI database
  bacterium_enrichment_culture_clone_M114 was not found in NCBI database, trying to download the next best match
  bacterium_enrichment_culture_clone_58                                     | not found in the NCBI database
  bacterium_WH3-1                                                           | not found in the NCBI database
  bacterium_WH3-1 was not found in NCBI database, trying to download the next best match
  Gracilibacteria_bacterium_JGI_0000069-P22                                 | successfully downloaded (total 16, 67 more to go)
  bacterium_SH1-3                                                           | not found in the NCBI database
  bacterium_SH1-3 was not found in NCBI database, trying to download the next best match
  Fluviicola_taffensis_DSM_16823                                            | successfully downloaded (total 17, 66 more to go)
  bacterium_K2-75                                                           | not found in the NCBI database
  bacterium_K2-75 was not found in NCBI database, trying to download the next best match
  Nisaea_denitrificans_DSM_18348                                            | successfully downloaded (total 18, 65 more to go)
  bacterium_Ellin6543                                                       | not found in the NCBI database
  bacterium_Ellin6543 was not found in NCBI database, trying to download the next best match
  Dehalococcoides_sp._BHI80-15                                              | not found in the NCBI database
  Dehalococcoides_sp._BHI80-15 was not found in NCBI database, trying to download the next best match
  bacterium_Ellin6519                                                       | not found in the NCBI database
  bacterium_Ellin6519 was not found in NCBI database, trying to download the next best match
  unidentified_green_non-sulfur_bacterium_OPB12                             | not found in the NCBI database
  bacterium_Ellin5273                                                       | not found in the NCBI database
  bacterium_Ellin5273 was not found in NCBI database, trying to download the next best match
  bacterium_Ellin5247                                                       | not found in the NCBI database
  bacterium_DG890                                                           | not found in the NCBI database
  bacterium_DG890 was not found in NCBI database, trying to download the next best match
  Owenweeksia_hongkongensis_DSM_17368                                       | was downloaded previously (total 19, 62 more to go)
  bacterium_D78                                                             | not found in the NCBI database
  bacterium_D78 was not found in NCBI database, trying to download the next best match
  Oceanibaculum_pacificum                                                   | successfully downloaded (total 20, 61 more to go)
  alpha_proteobacterium_SCGC_AAA015-O19                                     | successfully downloaded (total 21, 60 more to go)
  alpha_proteobacterium_BAL199                                              | successfully downloaded (total 22, 59 more to go)
  Zymomonas_mobilis                                                         | successfully downloaded (total 23, 58 more to go)
  Vibrio_sinaloensis                                                        | successfully downloaded (total 24, 57 more to go)
  Vesicomya_sp._mt-II_symbiont                                              | not found in the NCBI database
  Vesicomya_sp._mt-II_symbiont was not found in NCBI database, trying to download the next best match
  Calyptogena_sp._Florida_gill_symbiont                                     | not found in the NCBI database
  Calyptogena_sp._Florida_gill_symbiont was not found in NCBI database, trying to download the next best match
  Calyptogena_fossajaponica_gill_thioautotophic_symbiont                    | not found in the NCBI database
  Verrucomicrobia_bacterium_WY51                                            | not found in the NCBI database
  Verrucomicrobia_bacterium_WY51 was not found in NCBI database, trying to download the next best match
  Haloferula_harenae                                                        | not found in the NCBI database
  Haloferula_harenae was not found in NCBI database, trying to download the next best match
  Haloferula_phyci                                                          | not found in the NCBI database
  Haloferula_phyci was not found in NCBI database, trying to download the next best match
  Verrucomicrobium_sp._KLE1210                                              | not found in the NCBI database
  Ureaplasma_sp._ES2783-GEN                                                 | not found in the NCBI database
  Uncultured_Pseudospirillum_sp                                             | not found in the NCBI database
  Uncultured_Pseudospirillum_sp was not found in NCBI database, trying to download the next best match
  Haliea_sp._ETY-M                                                          | not found in the NCBI database
  Ulvibacter_litoralis                                                      | successfully downloaded (total 25, 52 more to go)
  Thiohalobacter_thiocyanaticus                                             | successfully downloaded (total 26, 51 more to go)
  Thiodictyon_elegans                                                       | not found in the NCBI database
  Thiodictyon_elegans was not found in NCBI database, trying to download the next best match
  Thiodictyon_bacillosum                                                    | not found in the NCBI database
  Thiodictyon_bacillosum was not found in NCBI database, trying to download the next best match
  Pseudoalteromonas_tunicata_D2                                             | successfully downloaded (total 27, 50 more to go)
  Thioalkalivibrio_sulfidiphilus_HL-EbGr7                                   | successfully downloaded (total 28, 49 more to go)
  Thioalkalivibrio_sp._ALJ17                                                | successfully downloaded (total 29, 48 more to go)
  Thermoplasmatales_archaeon_A-plasma                                       | successfully downloaded (total 30, 47 more to go)
  Thalassobaculum_salexigens_DSM_19539                                      | successfully downloaded (total 31, 46 more to go)
  Tenacibaculum_sp._KYW_576                                                 | not found in the NCBI database
  Tenacibaculum_sp._KYW_576 was not found in NCBI database, trying to download the next best match
  Tenacibaculum_skagerrakense                                               | successfully downloaded (total 32, 45 more to go)
  Syntrophus_aciditrophicus                                                 | successfully downloaded (total 33, 44 more to go)
  Synechococcus_sp._RCC307                                                  | successfully downloaded (total 34, 43 more to go)
  Synechococcus_sp._KORDI-49                                                | successfully downloaded (total 35, 42 more to go)
  Sulfitobacter_sp._NAS-14.1                                                | successfully downloaded (total 36, 41 more to go)
  Streptomyces_cyaneogriseus_subsp._noncyanogenus                           | successfully downloaded (total 37, 40 more to go)
  Stenotrophomonas_sp._canine_oral_taxon_224                                | not found in the NCBI database
  Stenotrophomonas_sp._canine_oral_taxon_224 was not found in NCBI database, trying to download the next best match
  Xanthomonas_citri_subsp._malvacearum                                      | successfully downloaded (total 38, 39 more to go)
  Sporosarcina_sp._EUR3_2.2.2                                               | not found in the NCBI database
  Sporosarcina_sp._EUR3_2.2.2 was not found in NCBI database, trying to download the next best match
  Paenisporosarcina_macmurdoensis                                           | not found in the NCBI database
  Paenisporosarcina_macmurdoensis was not found in NCBI database, trying to download the next best match
  Sporosarcina_sp._3061                                                     | not found in the NCBI database
  Spongiibacter_tropicus_DSM_19543                                          | successfully downloaded (total 39, 37 more to go)
  Sphingomonas_sp._JEM-1                                                    | not found in the NCBI database
  Sphingomonas_sp._JEM-1 was not found in NCBI database, trying to download the next best match
  Sphingobium_fuliginis                                                     | successfully downloaded (total 40, 36 more to go)
  Sphingobium_sp._GR1                                                       | not found in the NCBI database
  Sphingobium_sp._GR1 was not found in NCBI database, trying to download the next best match
  Sphingobium_sp._FL24                                                      | not found in the NCBI database
  Sphingobium_sp._FL24 was not found in NCBI database, trying to download the next best match
  Sphingobium_sp._IT-4                                                      | not found in the NCBI database
  Sphingobium_sp._IT-4 was not found in NCBI database, trying to download the next best match
  Sphingobium_czechense_LL01                                                | successfully downloaded (total 41, 35 more to go)
  Simiduia_sp._J-MY2                                                        | successfully downloaded (total 42, 34 more to go)
  Shewanella_amazonensis_SB2B                                               | successfully downloaded (total 43, 33 more to go)
  Serratia_symbiotica                                                       | successfully downloaded (total 44, 32 more to go)
  Ruegeria_sp._enrichment_culture_clone_KSE55-3                             | not found in the NCBI database
  Ruegeria_sp._enrichment_culture_clone_KSE55-3 was not found in NCBI database, trying to download the next best match
  Thalassobacter_sp._W-2-2                                                  | not found in the NCBI database
  Thalassobacter_sp._W-2-2 was not found in NCBI database, trying to download the next best match
  Tateyamaria_sp._ANG-S1                                                    | successfully downloaded (total 45, 31 more to go)
  Roseibacterium_elongatum_DSM_19469                                        | successfully downloaded (total 46, 30 more to go)
  Rhodopirellula_lusitana                                                   | not found in the NCBI database
  Rhodobacteraceae_bacterium_HIMB11                                         | successfully downloaded (total 47, 28 more to go)
  Puniceicoccus_vermicola                                                   | successfully downloaded (total 48, 27 more to go)
  Psychroserpens_sp._PAMC_27130                                             | successfully downloaded (total 49, 26 more to go)
  Pseudoruegeria_aquimaris                                                  | successfully downloaded (total 50, 25 more to go)
  Pseudohongiella_spirulinae                                                | successfully downloaded (total 51, 24 more to go)
  Pseudoalteromonas_atlantica_T6c                                           | successfully downloaded (total 52, 23 more to go)
  Prosthecobacter_debontii                                                  | successfully downloaded (total 53, 22 more to go)
  Porticoccus_hydrocarbonoclasticus_MCTG13d                                 | successfully downloaded (total 54, 21 more to go)
  Polaribacter_sp._KYW_601                                                  | not found in the NCBI database
  Polaribacter_sp._KYW_601 was not found in NCBI database, trying to download the next best match
  Polaribacter_sp._KYW612                                                   | not found in the NCBI database
  Polaribacter_sp._KYW612 was not found in NCBI database, trying to download the next best match
  Polaribacter_sp._SM1202                                                   | not found in the NCBI database
  Polaribacter_sp._SM1202 was not found in NCBI database, trying to download the next best match
  Polaribacter_sp._USW115                                                   | not found in the NCBI database
  Planctomyces_maris_DSM_8797                                               | successfully downloaded (total 55, 19 more to go)
  Pirellula_sp                                                              | not found in the NCBI database
  Pirellula_sp was not found in NCBI database, trying to download the next best match
  Blastopirellula_marina                                                    | successfully downloaded (total 56, 18 more to go)
  Photobacterium_halotolerans                                               | successfully downloaded (total 57, 17 more to go)
  Pelobacter_sp._AOP6                                                       | not found in the NCBI database
  Pelobacter_sp._AOP6 was not found in NCBI database, trying to download the next best match
  Desulfuromonas_palmitatis                                                 | not found in the NCBI database
  Desulfuromonas_palmitatis was not found in NCBI database, trying to download the next best match
  Desulfuromonas_michiganensis                                              | not found in the NCBI database
  Desulfuromonas_michiganensis was not found in NCBI database, trying to download the next best match
  Desulfuromonas_thiophila                                                  | successfully downloaded (total 58, 16 more to go)
  Pelagicoccus_croceus                                                      | not found in the NCBI database
  Pelagicoccus_croceus was not found in NCBI database, trying to download the next best match
  marine_bacterium_RS.Sph.002                                               | not found in the NCBI database
  marine_bacterium_RS.Sph.002 was not found in NCBI database, trying to download the next best match
  Pelagicoccus_mobilis                                                      | successfully downloaded (total 59, 15 more to go)
  Pararhodospirillum_sulfurexigens                                          | not found in the NCBI database
  Pararhodospirillum_sulfurexigens was not found in NCBI database, trying to download the next best match
  Rhodothalassium_salexigens                                                | successfully downloaded (total 60, 14 more to go)
  Paracoccus_aminophilus                                                    | successfully downloaded (total 61, 13 more to go)
  Paenibacillus_sp._SJH06                                                   | not found in the NCBI database
  Paenibacillus_sp._SJH06 was not found in NCBI database, trying to download the next best match
  Dehalobacter_restrictus_DSM_9455                                          | successfully downloaded (total 62, 12 more to go)
  Oceanicola_granulosus_HTCC2516                                            | successfully downloaded (total 63, 11 more to go)
  Nocardioides_albus                                                        | successfully downloaded (total 64, 10 more to go)
  Nitrospina_sp._SCGC_AAA288-L16                                            | successfully downloaded (total 65, 9 more to go)
  Nitrospina_sp._347                                                        | not found in the NCBI database
  Nitrospina_sp._347 was not found in NCBI database, trying to download the next best match
  Nitrospina_gracilis                                                       | successfully downloaded (total 66, 8 more to go)
  Nitrospina_sp._3005                                                       | not found in the NCBI database
  Nitrospina_sp._3005 was not found in NCBI database, trying to download the next best match
  Nitrospina_gracilis                                                       | was downloaded previously (total 67, 7 more to go)
  Nitrospina_gracilis_3                                                     | not found in the NCBI database
  Nitrospina_gracilis_3 was not found in NCBI database, trying to download the next best match
  Nitrospina_sp._enrichment_culture_clone_Cb12                              | not found in the NCBI database
  Neisseria_sp._CSL_7565                                                    | successfully downloaded (total 68, 5 more to go)
  Mollicutes_bacterium_HR1                                                  | successfully downloaded (total 69, 4 more to go)
  Methylobacter_sp._XLMV4                                                   | successfully downloaded (total 70, 3 more to go)
  Marinomonas_communis                                                      | successfully downloaded (total 71, 2 more to go)
  Magnetospira_sp._QH-2                                                     | successfully downloaded (total 72, 1 more to go)
  Magnetococcus_marinus_MC-1                                                | successfully downloaded (total 73, 0 more to go)

Downloaded reference(s):
  /home/tola2495/GenomeAnalysisVT2022/analyses/02_dna_assembly/02_metaquast/quast_downloaded_references/Alcanivorax_pacificus_W11_5.fasta ==> Alcanivorax_pacificus_W11_5
  /home/tola2495/GenomeAnalysisVT2022/analyses/02_dna_assembly/02_metaquast/quast_downloaded_references/Arenicella_chitinivorans.fasta ==> Arenicella_chitinivorans
  /home/tola2495/GenomeAnalysisVT2022/analyses/02_dna_assembly/02_metaquast/quast_downloaded_references/Aurantimonas_manganoxydans_SI85_9A1.fasta ==> Aurantimonas_manganoxydans_SI85_9A1
  /home/tola2495/GenomeAnalysisVT2022/analyses/02_dna_assembly/02_metaquast/quast_downloaded_references/Blastopirellula_marina.fasta ==> Blastopirellula_marina
  /home/tola2495/GenomeAnalysisVT2022/analyses/02_dna_assembly/02_metaquast/quast_downloaded_references/Dehalobacter_restrictus_DSM_9455.fasta ==> Dehalobacter_restrictus_DSM_9455
  /home/tola2495/GenomeAnalysisVT2022/analyses/02_dna_assembly/02_metaquast/quast_downloaded_references/Desulfitibacter_alkalitolerans_DSM_16504.fasta ==> Desulfitibacter_alkalitolerans_DSM_16504
  /home/tola2495/GenomeAnalysisVT2022/analyses/02_dna_assembly/02_metaquast/quast_downloaded_references/Desulfocurvus_vexinensis.fasta ==> Desulfocurvus_vexinensis
  /home/tola2495/GenomeAnalysisVT2022/analyses/02_dna_assembly/02_metaquast/quast_downloaded_references/Desulfuromonas_thiophila.fasta ==> Desulfuromonas_thiophila
  /home/tola2495/GenomeAnalysisVT2022/analyses/02_dna_assembly/02_metaquast/quast_downloaded_references/Fluviicola_taffensis_DSM_16823.fasta ==> Fluviicola_taffensis_DSM_16823
  /home/tola2495/GenomeAnalysisVT2022/analyses/02_dna_assembly/02_metaquast/quast_downloaded_references/Formosa_algae.fasta ==> Formosa_algae
  /home/tola2495/GenomeAnalysisVT2022/analyses/02_dna_assembly/02_metaquast/quast_downloaded_references/Gracilibacteria_bacterium_JGI_0000069_P22.fasta ==> Gracilibacteria_bacterium_JGI_0000069_P22
  /home/tola2495/GenomeAnalysisVT2022/analyses/02_dna_assembly/02_metaquast/quast_downloaded_references/Magnetococcus_marinus_MC_1.fasta ==> Magnetococcus_marinus_MC_1
  /home/tola2495/GenomeAnalysisVT2022/analyses/02_dna_assembly/02_metaquast/quast_downloaded_references/Magnetospira_sp._QH_2.fasta ==> Magnetospira_sp._QH_2
  /home/tola2495/GenomeAnalysisVT2022/analyses/02_dna_assembly/02_metaquast/quast_downloaded_references/Marinomonas_communis.fasta ==> Marinomonas_communis
  /home/tola2495/GenomeAnalysisVT2022/analyses/02_dna_assembly/02_metaquast/quast_downloaded_references/Methylobacter_sp._XLMV4.fasta ==> Methylobacter_sp._XLMV4
  /home/tola2495/GenomeAnalysisVT2022/analyses/02_dna_assembly/02_metaquast/quast_downloaded_references/Mollicutes_bacterium_HR1.fasta ==> Mollicutes_bacterium_HR1
  /home/tola2495/GenomeAnalysisVT2022/analyses/02_dna_assembly/02_metaquast/quast_downloaded_references/Neisseria_sp._CSL_7565.fasta ==> Neisseria_sp._CSL_7565
  /home/tola2495/GenomeAnalysisVT2022/analyses/02_dna_assembly/02_metaquast/quast_downloaded_references/Nisaea_denitrificans_DSM_18348.fasta ==> Nisaea_denitrificans_DSM_18348
  /home/tola2495/GenomeAnalysisVT2022/analyses/02_dna_assembly/02_metaquast/quast_downloaded_references/Nitrospina_gracilis.fasta ==> Nitrospina_gracilis
  /home/tola2495/GenomeAnalysisVT2022/analyses/02_dna_assembly/02_metaquast/quast_downloaded_references/Nitrospina_sp._SCGC_AAA288_L16.fasta ==> Nitrospina_sp._SCGC_AAA288_L16
  /home/tola2495/GenomeAnalysisVT2022/analyses/02_dna_assembly/02_metaquast/quast_downloaded_references/Nocardioides_albus.fasta ==> Nocardioides_albus
  /home/tola2495/GenomeAnalysisVT2022/analyses/02_dna_assembly/02_metaquast/quast_downloaded_references/Oceanibaculum_pacificum.fasta ==> Oceanibaculum_pacificum
  /home/tola2495/GenomeAnalysisVT2022/analyses/02_dna_assembly/02_metaquast/quast_downloaded_references/Oceanicola_granulosus_HTCC2516.fasta ==> Oceanicola_granulosus_HTCC2516
  /home/tola2495/GenomeAnalysisVT2022/analyses/02_dna_assembly/02_metaquast/quast_downloaded_references/Owenweeksia_hongkongensis_DSM_17368.fasta ==> Owenweeksia_hongkongensis_DSM_17368
  /home/tola2495/GenomeAnalysisVT2022/analyses/02_dna_assembly/02_metaquast/quast_downloaded_references/Paracoccus_aminophilus.fasta ==> Paracoccus_aminophilus
  /home/tola2495/GenomeAnalysisVT2022/analyses/02_dna_assembly/02_metaquast/quast_downloaded_references/Pelagicoccus_mobilis.fasta ==> Pelagicoccus_mobilis
  /home/tola2495/GenomeAnalysisVT2022/analyses/02_dna_assembly/02_metaquast/quast_downloaded_references/Photobacterium_halotolerans.fasta ==> Photobacterium_halotolerans
  /home/tola2495/GenomeAnalysisVT2022/analyses/02_dna_assembly/02_metaquast/quast_downloaded_references/Planctomyces_maris_DSM_8797.fasta ==> Planctomyces_maris_DSM_8797
  /home/tola2495/GenomeAnalysisVT2022/analyses/02_dna_assembly/02_metaquast/quast_downloaded_references/Porticoccus_hydrocarbonoclasticus_MCTG13d.fasta ==> Porticoccus_hydrocarbonoclasticus_MCTG13d
  /home/tola2495/GenomeAnalysisVT2022/analyses/02_dna_assembly/02_metaquast/quast_downloaded_references/Prosthecobacter_debontii.fasta ==> Prosthecobacter_debontii
  /home/tola2495/GenomeAnalysisVT2022/analyses/02_dna_assembly/02_metaquast/quast_downloaded_references/Pseudoalteromonas_atlantica_T6c.fasta ==> Pseudoalteromonas_atlantica_T6c
  /home/tola2495/GenomeAnalysisVT2022/analyses/02_dna_assembly/02_metaquast/quast_downloaded_references/Pseudoalteromonas_tunicata_D2.fasta ==> Pseudoalteromonas_tunicata_D2
  /home/tola2495/GenomeAnalysisVT2022/analyses/02_dna_assembly/02_metaquast/quast_downloaded_references/Pseudohongiella_spirulinae.fasta ==> Pseudohongiella_spirulinae
  /home/tola2495/GenomeAnalysisVT2022/analyses/02_dna_assembly/02_metaquast/quast_downloaded_references/Pseudomonas_mohnii.fasta ==> Pseudomonas_mohnii
  /home/tola2495/GenomeAnalysisVT2022/analyses/02_dna_assembly/02_metaquast/quast_downloaded_references/Pseudoruegeria_aquimaris.fasta ==> Pseudoruegeria_aquimaris
  /home/tola2495/GenomeAnalysisVT2022/analyses/02_dna_assembly/02_metaquast/quast_downloaded_references/Psychroserpens_sp._PAMC_27130.fasta ==> Psychroserpens_sp._PAMC_27130
  /home/tola2495/GenomeAnalysisVT2022/analyses/02_dna_assembly/02_metaquast/quast_downloaded_references/Puniceicoccus_vermicola.fasta ==> Puniceicoccus_vermicola
  /home/tola2495/GenomeAnalysisVT2022/analyses/02_dna_assembly/02_metaquast/quast_downloaded_references/Rhodobacteraceae_bacterium_HIMB11.fasta ==> Rhodobacteraceae_bacterium_HIMB11
  /home/tola2495/GenomeAnalysisVT2022/analyses/02_dna_assembly/02_metaquast/quast_downloaded_references/Rhodothalassium_salexigens.fasta ==> Rhodothalassium_salexigens
  /home/tola2495/GenomeAnalysisVT2022/analyses/02_dna_assembly/02_metaquast/quast_downloaded_references/Roseibacterium_elongatum_DSM_19469.fasta ==> Roseibacterium_elongatum_DSM_19469
  /home/tola2495/GenomeAnalysisVT2022/analyses/02_dna_assembly/02_metaquast/quast_downloaded_references/Serratia_symbiotica.fasta ==> Serratia_symbiotica
  /home/tola2495/GenomeAnalysisVT2022/analyses/02_dna_assembly/02_metaquast/quast_downloaded_references/Shewanella_amazonensis_SB2B.fasta ==> Shewanella_amazonensis_SB2B
  /home/tola2495/GenomeAnalysisVT2022/analyses/02_dna_assembly/02_metaquast/quast_downloaded_references/Simiduia_sp._J_MY2.fasta ==> Simiduia_sp._J_MY2
  /home/tola2495/GenomeAnalysisVT2022/analyses/02_dna_assembly/02_metaquast/quast_downloaded_references/Sphingobium_czechense_LL01.fasta ==> Sphingobium_czechense_LL01
  /home/tola2495/GenomeAnalysisVT2022/analyses/02_dna_assembly/02_metaquast/quast_downloaded_references/Sphingobium_fuliginis.fasta ==> Sphingobium_fuliginis
  /home/tola2495/GenomeAnalysisVT2022/analyses/02_dna_assembly/02_metaquast/quast_downloaded_references/Spongiibacter_tropicus_DSM_19543.fasta ==> Spongiibacter_tropicus_DSM_19543
  /home/tola2495/GenomeAnalysisVT2022/analyses/02_dna_assembly/02_metaquast/quast_downloaded_references/Sporichthya_polymorpha_DSM_43042.fasta ==> Sporichthya_polymorpha_DSM_43042
  /home/tola2495/GenomeAnalysisVT2022/analyses/02_dna_assembly/02_metaquast/quast_downloaded_references/Streptomyces_cyaneogriseus_subsp._noncyanogenus.fasta ==> Streptomyces_cyaneogriseus_subsp._noncyanogenus
  /home/tola2495/GenomeAnalysisVT2022/analyses/02_dna_assembly/02_metaquast/quast_downloaded_references/Sulfitobacter_sp._NAS_14.1.fasta ==> Sulfitobacter_sp._NAS_14.1
  /home/tola2495/GenomeAnalysisVT2022/analyses/02_dna_assembly/02_metaquast/quast_downloaded_references/Synechococcus_sp._KORDI_49.fasta ==> Synechococcus_sp._KORDI_49
  /home/tola2495/GenomeAnalysisVT2022/analyses/02_dna_assembly/02_metaquast/quast_downloaded_references/Synechococcus_sp._RCC307.fasta ==> Synechococcus_sp._RCC307
  /home/tola2495/GenomeAnalysisVT2022/analyses/02_dna_assembly/02_metaquast/quast_downloaded_references/Syntrophus_aciditrophicus.fasta ==> Syntrophus_aciditrophicus
  /home/tola2495/GenomeAnalysisVT2022/analyses/02_dna_assembly/02_metaquast/quast_downloaded_references/Tateyamaria_sp._ANG_S1.fasta ==> Tateyamaria_sp._ANG_S1
  /home/tola2495/GenomeAnalysisVT2022/analyses/02_dna_assembly/02_metaquast/quast_downloaded_references/Tenacibaculum_skagerrakense.fasta ==> Tenacibaculum_skagerrakense
  /home/tola2495/GenomeAnalysisVT2022/analyses/02_dna_assembly/02_metaquast/quast_downloaded_references/Thalassobaculum_salexigens_DSM_19539.fasta ==> Thalassobaculum_salexigens_DSM_19539
  /home/tola2495/GenomeAnalysisVT2022/analyses/02_dna_assembly/02_metaquast/quast_downloaded_references/Thermoplasmatales_archaeon_A_plasma.fasta ==> Thermoplasmatales_archaeon_A_plasma
  /home/tola2495/GenomeAnalysisVT2022/analyses/02_dna_assembly/02_metaquast/quast_downloaded_references/Thioalkalivibrio_sp._ALJ17.fasta ==> Thioalkalivibrio_sp._ALJ17
  /home/tola2495/GenomeAnalysisVT2022/analyses/02_dna_assembly/02_metaquast/quast_downloaded_references/Thioalkalivibrio_sulfidiphilus_HL_EbGr7.fasta ==> Thioalkalivibrio_sulfidiphilus_HL_EbGr7
  /home/tola2495/GenomeAnalysisVT2022/analyses/02_dna_assembly/02_metaquast/quast_downloaded_references/Thiohalobacter_thiocyanaticus.fasta ==> Thiohalobacter_thiocyanaticus
  /home/tola2495/GenomeAnalysisVT2022/analyses/02_dna_assembly/02_metaquast/quast_downloaded_references/Ulvibacter_litoralis.fasta ==> Ulvibacter_litoralis
  /home/tola2495/GenomeAnalysisVT2022/analyses/02_dna_assembly/02_metaquast/quast_downloaded_references/Vibrio_sinaloensis.fasta ==> Vibrio_sinaloensis
  /home/tola2495/GenomeAnalysisVT2022/analyses/02_dna_assembly/02_metaquast/quast_downloaded_references/Weeksella_virosa_DSM_16922.fasta ==> Weeksella_virosa_DSM_16922
  /home/tola2495/GenomeAnalysisVT2022/analyses/02_dna_assembly/02_metaquast/quast_downloaded_references/Xanthomonas_citri_subsp._malvacearum.fasta ==> Xanthomonas_citri_subsp._malvacearum
  /home/tola2495/GenomeAnalysisVT2022/analyses/02_dna_assembly/02_metaquast/quast_downloaded_references/Zymomonas_mobilis.fasta ==> Zymomonas_mobilis
  /home/tola2495/GenomeAnalysisVT2022/analyses/02_dna_assembly/02_metaquast/quast_downloaded_references/alpha_proteobacterium_BAL199.fasta ==> alpha_proteobacterium_BAL199
  /home/tola2495/GenomeAnalysisVT2022/analyses/02_dna_assembly/02_metaquast/quast_downloaded_references/alpha_proteobacterium_SCGC_AAA015_O19.fasta ==> alpha_proteobacterium_SCGC_AAA015_O19
  /home/tola2495/GenomeAnalysisVT2022/analyses/02_dna_assembly/02_metaquast/quast_downloaded_references/endosymbiont_of_Ridgeia_piscesae.fasta ==> endosymbiont_of_Ridgeia_piscesae
  /home/tola2495/GenomeAnalysisVT2022/analyses/02_dna_assembly/02_metaquast/quast_downloaded_references/gamma_proteobacterium_SCGC_AB_629_P17.fasta ==> gamma_proteobacterium_SCGC_AB_629_P17
  /home/tola2495/GenomeAnalysisVT2022/analyses/02_dna_assembly/02_metaquast/quast_downloaded_references/marine_gamma_proteobacterium_HTCC2080.fasta ==> marine_gamma_proteobacterium_HTCC2080
  /home/tola2495/GenomeAnalysisVT2022/analyses/02_dna_assembly/02_metaquast/quast_downloaded_references/marine_metagenome.fasta ==> marine_metagenome
  /home/tola2495/GenomeAnalysisVT2022/analyses/02_dna_assembly/02_metaquast/quast_downloaded_references/mine_drainage_metagenome.fasta ==> mine_drainage_metagenome
  All references were combined in combined_reference.fasta

Starting quast.py for the combined reference...
(logging to /home/tola2495/GenomeAnalysisVT2022/analyses/02_dna_assembly/02_metaquast/combined_reference/quast.log)

Excluding downloaded references with low genome fraction from further analysis..

Filtered reference(s):
  /home/tola2495/GenomeAnalysisVT2022/analyses/02_dna_assembly/02_metaquast/quast_downloaded_references/Synechococcus_sp._RCC307.fasta ==> Synechococcus_sp._RCC307
  All references were combined in combined_reference.fasta

Starting quast.py for the corrected combined reference...
(logging to /home/tola2495/GenomeAnalysisVT2022/analyses/02_dna_assembly/02_metaquast/combined_reference/quast.log)

Partitioning contigs into bins aligned to each reference..
  processing 220410_RR4342129_dna_assembly.megahit_asm
  processing 220410_RR4342133_dna_assembly.megahit_asm

Starting quast.py for the contigs aligned to Synechococcus_sp._RCC307... (logging to /home/tola2495/GenomeAnalysisVT2022/analyses/02_dna_assembly/02_metaquast/runs_per_reference/Synechococcus_sp._RCC307/quast.log)

Starting quast.py for the contigs not aligned anywhere... (logging to /home/tola2495/GenomeAnalysisVT2022/analyses/02_dna_assembly/02_metaquast/not_aligned/quast.log)

2022-04-13 18:30:55
Summarizing results...
  Drawing # contigs metaQUAST summary plot...
    saved to /home/tola2495/GenomeAnalysisVT2022/analyses/02_dna_assembly/02_metaquast/summary/PDF/num_contigs.pdf
  Drawing Largest contig metaQUAST summary plot...
    saved to /home/tola2495/GenomeAnalysisVT2022/analyses/02_dna_assembly/02_metaquast/summary/PDF/Largest_contig.pdf
  Drawing Total length metaQUAST summary plot...
    saved to /home/tola2495/GenomeAnalysisVT2022/analyses/02_dna_assembly/02_metaquast/summary/PDF/Total_length.pdf
  Drawing Largest alignment metaQUAST summary plot...
    saved to /home/tola2495/GenomeAnalysisVT2022/analyses/02_dna_assembly/02_metaquast/summary/PDF/Largest_alignment.pdf
  Drawing Total aligned length metaQUAST summary plot...
    saved to /home/tola2495/GenomeAnalysisVT2022/analyses/02_dna_assembly/02_metaquast/summary/PDF/Total_aligned_length.pdf
  Drawing Total length (>= 1000 bp) metaQUAST summary plot...
    saved to /home/tola2495/GenomeAnalysisVT2022/analyses/02_dna_assembly/02_metaquast/summary/PDF/Total_length_(ge_1000_bp).pdf
  Drawing Total length (>= 10000 bp) metaQUAST summary plot...
    saved to /home/tola2495/GenomeAnalysisVT2022/analyses/02_dna_assembly/02_metaquast/summary/PDF/Total_length_(ge_10000_bp).pdf
  Drawing Total length (>= 50000 bp) metaQUAST summary plot...
    saved to /home/tola2495/GenomeAnalysisVT2022/analyses/02_dna_assembly/02_metaquast/summary/PDF/Total_length_(ge_50000_bp).pdf
  Drawing # misassemblies metaQUAST summary plot...
    saved to /home/tola2495/GenomeAnalysisVT2022/analyses/02_dna_assembly/02_metaquast/summary/PDF/num_misassemblies.pdf
  Drawing metaQUAST summary misassemblies plot for 220410_RR4342129_dna_assembly.megahit_asm...
    saved to /home/tola2495/GenomeAnalysisVT2022/analyses/02_dna_assembly/02_metaquast/summary/PDF/220410_RR4342129_dna_assembly-megahit_asm_misassemblies.pdf
  Drawing metaQUAST summary misassemblies plot for 220410_RR4342133_dna_assembly.megahit_asm...
    saved to /home/tola2495/GenomeAnalysisVT2022/analyses/02_dna_assembly/02_metaquast/summary/PDF/220410_RR4342133_dna_assembly-megahit_asm_misassemblies.pdf
  Drawing Misassembled contigs length metaQUAST summary plot...
    saved to /home/tola2495/GenomeAnalysisVT2022/analyses/02_dna_assembly/02_metaquast/summary/PDF/Misassembled_contigs_length.pdf
  Drawing # mismatches per 100 kbp metaQUAST summary plot...
    saved to /home/tola2495/GenomeAnalysisVT2022/analyses/02_dna_assembly/02_metaquast/summary/PDF/num_mismatches_per_100_kbp.pdf
  Drawing # indels per 100 kbp metaQUAST summary plot...
    saved to /home/tola2495/GenomeAnalysisVT2022/analyses/02_dna_assembly/02_metaquast/summary/PDF/num_indels_per_100_kbp.pdf
  Drawing # N's per 100 kbp metaQUAST summary plot...
    saved to /home/tola2495/GenomeAnalysisVT2022/analyses/02_dna_assembly/02_metaquast/summary/PDF/num_Ns_per_100_kbp.pdf
  Drawing Genome fraction (%) metaQUAST summary plot...
    saved to /home/tola2495/GenomeAnalysisVT2022/analyses/02_dna_assembly/02_metaquast/summary/PDF/Genome_fraction.pdf
  Drawing Duplication ratio metaQUAST summary plot...
    saved to /home/tola2495/GenomeAnalysisVT2022/analyses/02_dna_assembly/02_metaquast/summary/PDF/Duplication_ratio.pdf
  Drawing NGA50 metaQUAST summary plot...
    saved to /home/tola2495/GenomeAnalysisVT2022/analyses/02_dna_assembly/02_metaquast/summary/PDF/NGA50.pdf
  Drawing LGA50 metaQUAST summary plot...
    saved to /home/tola2495/GenomeAnalysisVT2022/analyses/02_dna_assembly/02_metaquast/summary/PDF/LGA50.pdf

  Text versions of reports and plots for each metric (for all references and assemblies) are saved to /home/tola2495/GenomeAnalysisVT2022/analyses/02_dna_assembly/02_metaquast/summary/
  Icarus (contig browser) is saved to /home/tola2495/GenomeAnalysisVT2022/analyses/02_dna_assembly/02_metaquast/icarus.html
  Drawing interactive Krona plots...
  Krona chart for 220410_RR4342129_dna_assembly.megahit_asm is saved to /home/tola2495/GenomeAnalysisVT2022/analyses/02_dna_assembly/02_metaquast/krona_charts/220410_RR4342129_dna_assembly.megahit_asm_taxonomy_chart.html
  Krona chart for 220410_RR4342133_dna_assembly.megahit_asm is saved to /home/tola2495/GenomeAnalysisVT2022/analyses/02_dna_assembly/02_metaquast/krona_charts/220410_RR4342133_dna_assembly.megahit_asm_taxonomy_chart.html
  Summary Krona chart is saved to /home/tola2495/GenomeAnalysisVT2022/analyses/02_dna_assembly/02_metaquast/krona_charts/summary_taxonomy_chart.html
  Extended version of HTML-report (for all references and assemblies) is saved to /home/tola2495/GenomeAnalysisVT2022/analyses/02_dna_assembly/02_metaquast/report.html

MetaQUAST finished.
  Log is saved to /home/tola2495/GenomeAnalysisVT2022/analyses/02_dna_assembly/02_metaquast/metaquast.log

Finished: 2022-04-13 18:31:00
Elapsed time: 1:27:41.822859
Total NOTICEs: 8; WARNINGs: 1; non-fatal ERRORs: 0

Thank you for using QUAST!
