[00:31:38] This is prokka 1.14.6
[00:31:38] Written by Torsten Seemann <torsten.seemann@gmail.com>
[00:31:38] Homepage is https://github.com/tseemann/prokka
[00:31:38] Local time is Thu May 12 00:31:38 2022
[00:31:38] You are tola2495
[00:31:38] Operating system is linux
[00:31:38] You have BioPerl 1.007001
[00:31:38] System has 16 cores.
[00:31:38] Will use maximum of 2 cores.
[00:31:38] Annotating as >>> Bacteria <<<
[00:31:38] Generating locus_tag from 'bin_22.fa' contents.
[00:31:38] Setting --locustag DFAFHCCL from MD5 dfaf1cc56032c443ee3703cbd67b959c
[00:31:38] Creating new output folder: /home/tola2495/GenomeAnalysisVT2022/analyses/05_annotation/prokka/RR4342129_Bacteria/bin_22.fa
[00:31:38] Running: mkdir -p \/home\/tola2495\/GenomeAnalysisVT2022\/analyses\/05_annotation\/prokka\/RR4342129_Bacteria\/bin_22\.fa
[00:31:38] Using filename prefix: RR4342129_Bacteria.XXX
[00:31:38] Setting HMMER_NCPU=1
[00:31:38] Writing log to: /home/tola2495/GenomeAnalysisVT2022/analyses/05_annotation/prokka/RR4342129_Bacteria/bin_22.fa/RR4342129_Bacteria.log
[00:31:38] Command: /sw/bioinfo/prokka/1.45-5b58020/snowy/bin/prokka --metagenome --cpus 2 --prefix RR4342129_Bacteria --outdir /home/tola2495/GenomeAnalysisVT2022/analyses/05_annotation/prokka/RR4342129_Bacteria/bin_22.fa bin_22.fa
[00:31:38] Appending to PATH: /sw/bioinfo/prokka/1.45-5b58020/rackham/bin/../binaries/linux
[00:31:38] Appending to PATH: /sw/bioinfo/prokka/1.45-5b58020/rackham/bin/../binaries/linux/../common
[00:31:38] Appending to PATH: /sw/bioinfo/prokka/1.45-5b58020/rackham/bin
[00:31:38] Looking for 'aragorn' - found /sw/bioinfo/prokka/1.45-5b58020/rackham/bin/../binaries/linux/aragorn
[00:31:38] Determined aragorn version is 001002 from 'ARAGORN v1.2.38 Dean Laslett'
[00:31:38] Looking for 'barrnap' - found /sw/bioinfo/barrnap/0.8/snowy/bin/barrnap
[00:31:38] Determined barrnap version is 000008 from 'barrnap 0.8'
[00:31:38] Looking for 'blastp' - found /sw/bioinfo/blast/2.11.0+/snowy/bin/blastp
[00:31:39] Determined blastp version is 002011 from 'blastp: 2.11.0+'
[00:31:39] Looking for 'cmpress' - found /sw/bioinfo/prokka/1.45-5b58020/rackham/bin/../binaries/linux/cmpress
[00:31:39] Determined cmpress version is 001001 from '# INFERNAL 1.1.2 (July 2016)'
[00:31:39] Looking for 'cmscan' - found /sw/bioinfo/prokka/1.45-5b58020/rackham/bin/../binaries/linux/cmscan
[00:31:39] Determined cmscan version is 001001 from '# INFERNAL 1.1.2 (July 2016)'
[00:31:39] Looking for 'egrep' - found /usr/bin/egrep
[00:31:39] Looking for 'find' - found /usr/bin/find
[00:31:39] Looking for 'grep' - found /usr/bin/grep
[00:31:39] Looking for 'hmmpress' - found /sw/apps/bioinfo/hmmer/3.1b2/snowy/bin/hmmpress
[00:31:39] Determined hmmpress version is 003001 from '# HMMER 3.1b2 (February 2015); http://hmmer.org/'
[00:31:39] Looking for 'hmmscan' - found /sw/apps/bioinfo/hmmer/3.1b2/snowy/bin/hmmscan
[00:31:39] Determined hmmscan version is 003001 from '# HMMER 3.1b2 (February 2015); http://hmmer.org/'
[00:31:39] Looking for 'java' - found /usr/bin/java
[00:31:39] Looking for 'makeblastdb' - found /sw/bioinfo/blast/2.11.0+/snowy/bin/makeblastdb
[00:31:40] Determined makeblastdb version is 002011 from 'makeblastdb: 2.11.0+'
[00:31:40] Looking for 'minced' - found /sw/apps/bioinfo/minced/0.2.0/snowy/minced
[00:31:40] Determined minced version is 002000 from 'minced 0.2.0'
[00:31:40] Looking for 'parallel' - found /sw/parallel/gnuparallel/20170122/snowy/bin/parallel
[00:31:40] Determined parallel version is 20170122 from 'GNU parallel 20170122'
[00:31:40] Looking for 'prodigal' - found /sw/apps/bioinfo/prodigal/2.6.3/snowy/bin/prodigal
[00:31:40] Determined prodigal version is 002006 from 'Prodigal V2.6.3: February, 2016'
[00:31:40] Looking for 'prokka-genbank_to_fasta_db' - found /sw/bioinfo/prokka/1.45-5b58020/snowy/bin/prokka-genbank_to_fasta_db
[00:31:40] Looking for 'sed' - found /usr/bin/sed
[00:31:40] Looking for 'signalp' - found /sw/bioinfo/SignalP/4.1f/snowy/signalp
[00:31:40] Determined signalp version is 004001 from '4.1 6204265'
[00:31:40] Looking for 'tbl2asn' - found /sw/bioinfo/tbl2asn/25.8/snowy/tbl2asn
[00:31:40] Determined tbl2asn version is 025008 from 'tbl2asn 25.8   arguments:'
[00:31:40] Using genetic code table 11.
[00:31:40] Loading and checking input file: bin_22.fa
[00:31:40] Wrote 810 contigs totalling 3130893 bp.
[00:31:40] Predicting tRNAs and tmRNAs
[00:31:40] Running: aragorn -l -gc11  -w \/home\/tola2495\/GenomeAnalysisVT2022\/analyses\/05_annotation\/prokka\/RR4342129_Bacteria\/bin_22\.fa\/RR4342129_Bacteria\.fna
[00:31:41] 1 tRNA-Thr [7099,7172] 34 (tgt)
[00:31:41] 2 tRNA-Tyr [7477,7559] 35 (gta)
[00:31:41] 3 tRNA-Gly [7655,7725] 33 (tcc)
[00:31:41] 1 tRNA-Met [1372,1445] 34 (cat)
[00:31:41] 1 tRNA-Ser c[469,553] 33 (cga)
[00:31:41] 1 tRNA-Ile [1890,1964] 35 (gat)
[00:31:41] 1 tRNA-Lys c[15835,15909] 35 (ttt)
[00:31:41] 2 tRNA-Leu c[16105,16189] 35 (cag)
[00:31:42] 1 tRNA-Leu [2702,2787] 35 (taa)
[00:31:42] 1 tRNA-Gly c[2472,2545] 34 (gcc)
[00:31:42] 1 tRNA-Arg [948,1022] 35 (tcg)
[00:31:42] 1 tRNA-Leu [115,197] 34 (caa)
[00:31:42] 1 tRNA-Gly [295,368] 34 (ccc)
[00:31:42] 1 tRNA-Ser c[938,1021] 33 (gga)
[00:31:42] 1 tRNA-Val c[434,507] 35 (cac)
[00:31:42] 1 tRNA-Cys c[679,751] 34 (gca)
[00:31:42] 1 tRNA-Arg [6973,7047] 35 (tct)
[00:31:42] 1 tRNA-Trp [331,404] 34 (cca)
[00:31:42] 1 tRNA-His c[1742,1816] 35 (gtg)
[00:31:42] 1 tRNA-Ser [4432,4522] 35 (gct)
[00:31:42] 1 tRNA-Gln c[10574,10645] 33 (ttg)
[00:31:42] 1 tRNA-Asn c[2843,2915] 33 (gtt)
[00:31:42] 1 tRNA-Ala [488,561] 34 (ggc)
[00:31:42] 1 tRNA-Lys c[1594,1668] 35 (ctt)
[00:31:42] 1 tRNA-Asp c[3111,3185] 35 (gtc)
[00:31:42] 1 tRNA-Pro c[508,583] 36 (cgg)
[00:31:42] 1 tRNA-Arg c[21428,21502] 35 (acg)
[00:31:42] 1 tRNA-Gln c[118,189] 33 (ttg)
[00:31:42] 1 tRNA-Leu [1113,1195] 35 (tag)
[00:31:42] 1 tRNA-Glu [97,171] 36 (ttc)
[00:31:42] 1 tmRNA c[551,906] 96,125 AEAQFSLAA*
[00:31:42] 1 tRNA-Arg [1862,1935] 35 (ccg)
[00:31:42] 1 tRNA-Ala c[6,79] 34 (cgc)
[00:31:42] 1 tRNA-Ala [10487,10554] 31 (ggc)
[00:31:42] 1 tRNA-Gln [1312,1383] 33 (ctg)
[00:31:43] 1 tRNA-Arg [3318,3416] 38 (ccg)
[00:31:43] 2 tRNA-Ala c[3947,4020] 34 (tgc)
[00:31:43] 1 tRNA-Met c[1503,1578] 36 (cat)
[00:31:43] Found 38 tRNAs
[00:31:43] Predicting Ribosomal RNAs
[00:31:43] Running Barrnap with 2 threads
[00:31:45] Found 0 rRNAs
[00:31:45] Skipping ncRNA search, enable with --rfam if desired.
[00:31:45] Total of 37 tRNA + rRNA features
[00:31:45] Searching for CRISPR repeats
[00:31:45] Found 0 CRISPRs
[00:31:45] Predicting coding sequences
[00:31:45] Contigs total 3130893 bp, so using meta mode
[00:31:45] Running: prodigal -i \/home\/tola2495\/GenomeAnalysisVT2022\/analyses\/05_annotation\/prokka\/RR4342129_Bacteria\/bin_22\.fa\/RR4342129_Bacteria\.fna -c -m -g 11 -p meta -f sco -q
[00:31:51] Excluding CDS which overlaps existing RNA (tRNA) at k105_110716:15108..15890 on + strand
[00:31:53] Excluding CDS which overlaps existing RNA (tRNA) at k105_128048:959..1375 on - strand
[00:31:54] Excluding CDS which overlaps existing RNA (tRNA) at k105_129482:489..1262 on + strand
[00:32:00] Excluding CDS which overlaps existing RNA (tRNA) at k105_151175:908..1375 on - strand
[00:32:01] Excluding CDS which overlaps existing RNA (tRNA) at k105_155501:10026..11171 on + strand
[00:32:04] Excluding CDS which overlaps existing RNA (tRNA) at k105_77524:1555..3414 on - strand
[00:32:04] Found 2803 CDS
[00:32:04] Connecting features back to sequences
[00:32:04] Not using genus-specific database. Try --usegenus to enable it.
[00:32:04] Annotating CDS, please be patient.
[00:32:04] Will use 2 CPUs for similarity searching.
[00:32:05] There are still 2803 unannotated CDS left (started with 2803)
[00:32:05] Will use blast to search against /sw/bioinfo/prokka/1.45-5b58020/rackham/db/kingdom/Bacteria/IS with 2 CPUs
[00:32:05] Running: cat \/home\/tola2495\/GenomeAnalysisVT2022\/analyses\/05_annotation\/prokka\/RR4342129_Bacteria\/bin_22\.fa\/RR4342129_Bacteria\.IS\.tmp\.63958\.faa | parallel --gnu --plain -j 2 --block 211150 --recstart '>' --pipe blastp -query - -db /sw/bioinfo/prokka/1.45-5b58020/rackham/db/kingdom/Bacteria/IS -evalue 1e-30 -qcov_hsp_perc 90 -num_threads 1 -num_descriptions 1 -num_alignments 1 -seg no > \/home\/tola2495\/GenomeAnalysisVT2022\/analyses\/05_annotation\/prokka\/RR4342129_Bacteria\/bin_22\.fa\/RR4342129_Bacteria\.IS\.tmp\.63958\.blast 2> /dev/null
[00:32:43] Deleting unwanted file: /home/tola2495/GenomeAnalysisVT2022/analyses/05_annotation/prokka/RR4342129_Bacteria/bin_22.fa/RR4342129_Bacteria.IS.tmp.63958.faa
[00:32:43] Deleting unwanted file: /home/tola2495/GenomeAnalysisVT2022/analyses/05_annotation/prokka/RR4342129_Bacteria/bin_22.fa/RR4342129_Bacteria.IS.tmp.63958.blast
[00:32:44] There are still 2803 unannotated CDS left (started with 2803)
[00:32:44] Will use blast to search against /sw/bioinfo/prokka/1.45-5b58020/rackham/db/kingdom/Bacteria/AMR with 2 CPUs
[00:32:44] Running: cat \/home\/tola2495\/GenomeAnalysisVT2022\/analyses\/05_annotation\/prokka\/RR4342129_Bacteria\/bin_22\.fa\/RR4342129_Bacteria\.AMR\.tmp\.63958\.faa | parallel --gnu --plain -j 2 --block 211150 --recstart '>' --pipe blastp -query - -db /sw/bioinfo/prokka/1.45-5b58020/rackham/db/kingdom/Bacteria/AMR -evalue 9.99999999999999e-301 -qcov_hsp_perc 90 -num_threads 1 -num_descriptions 1 -num_alignments 1 -seg no > \/home\/tola2495\/GenomeAnalysisVT2022\/analyses\/05_annotation\/prokka\/RR4342129_Bacteria\/bin_22\.fa\/RR4342129_Bacteria\.AMR\.tmp\.63958\.blast 2> /dev/null
[00:33:14] Deleting unwanted file: /home/tola2495/GenomeAnalysisVT2022/analyses/05_annotation/prokka/RR4342129_Bacteria/bin_22.fa/RR4342129_Bacteria.AMR.tmp.63958.faa
[00:33:14] Deleting unwanted file: /home/tola2495/GenomeAnalysisVT2022/analyses/05_annotation/prokka/RR4342129_Bacteria/bin_22.fa/RR4342129_Bacteria.AMR.tmp.63958.blast
[00:33:15] There are still 2803 unannotated CDS left (started with 2803)
[00:33:15] Will use blast to search against /sw/bioinfo/prokka/1.45-5b58020/rackham/db/kingdom/Bacteria/sprot with 2 CPUs
[00:33:15] Running: cat \/home\/tola2495\/GenomeAnalysisVT2022\/analyses\/05_annotation\/prokka\/RR4342129_Bacteria\/bin_22\.fa\/RR4342129_Bacteria\.sprot\.tmp\.63958\.faa | parallel --gnu --plain -j 2 --block 211150 --recstart '>' --pipe blastp -query - -db /sw/bioinfo/prokka/1.45-5b58020/rackham/db/kingdom/Bacteria/sprot -evalue 1e-09 -qcov_hsp_perc 80 -num_threads 1 -num_descriptions 1 -num_alignments 1 -seg no > \/home\/tola2495\/GenomeAnalysisVT2022\/analyses\/05_annotation\/prokka\/RR4342129_Bacteria\/bin_22\.fa\/RR4342129_Bacteria\.sprot\.tmp\.63958\.blast 2> /dev/null
[00:35:46] Modify product: Probable type II secretion system protein HxcR => putative type II secretion system protein HxcR
[00:35:46] Modify product: Probable sulfate transporter Rv1739c => putative sulfate transporter
[00:35:46] Modify product: Aldo/keto reductase slr0942 => Aldo/keto reductase
[00:35:46] Modify product: Probable cysteine desulfurase => putative cysteine desulfurase
[00:35:46] Modify product: Probable adenylyl-sulfate kinase => putative adenylyl-sulfate kinase
[00:35:46] Modify product: Uncharacterized ABC transporter permease YknZ => putative ABC transporter permease YknZ
[00:35:46] Modify product: Uncharacterized ABC transporter ATP-binding protein YknY => putative ABC transporter ATP-binding protein YknY
[00:35:47] Modify product: Uncharacterized ABC transporter ATP-binding protein YxlF => putative ABC transporter ATP-binding protein YxlF
[00:35:47] Modify product: UPF0365 protein SA1402 => hypothetical protein
[00:35:47] Modify product: Probable cardiolipin synthase YwiE => putative cardiolipin synthase YwiE
[00:35:47] Modify product: UPF0051 protein SA0778 => hypothetical protein
[00:35:47] Modify product: Bifunctional protein FolD => Bifunctional protein FolD protein
[00:35:47] Modify product: Universal stress protein Rv2026c => Universal stress protein
[00:35:47] Modify product: Putative multidrug export ATP-binding/permease protein SAV1866 => Putative multidrug export ATP-binding/permease protein
[00:35:47] Modify product: Probable dual-specificity RNA methyltransferase RlmN => putative dual-specificity RNA methyltransferase RlmN
[00:35:47] Modify product: Phosphate-specific transport system accessory protein PhoU homolog => Phosphate-specific transport system accessory protein PhoU 
[00:35:47] Modify product: Uncharacterized oxidoreductase YjmC => putative oxidoreductase YjmC
[00:35:47] Modify product: Sulfurtransferase Alvin_2599 => Sulfurtransferase
[00:35:47] Modify product: Ribonuclease TTHA0252 => Ribonuclease
[00:35:47] Modify product: Putative esterase aq_1494 => Putative esterase
[00:35:47] Modify product: UPF0365 protein SA1402 => hypothetical protein
[00:35:47] Modify product: Leu/Ile/Val-binding protein homolog 3 => Leu/Ile/Val-binding protein 
[00:35:47] Modify product: Glycogen operon protein GlgX homolog => Glycogen operon protein GlgX 
[00:35:47] Modify product: Epimerase family protein Rv2216 => Epimerase family protein
[00:35:47] Modify product: UPF0102 protein RPA0323 => hypothetical protein
[00:35:47] Modify product: Uncharacterized RNA pseudouridine synthase Rv1540 => putative RNA pseudouridine synthase
[00:35:47] Modify product: Uncharacterized oxidoreductase UxuB => putative oxidoreductase UxuB
[00:35:47] Modify product: Uncharacterized AAA domain-containing protein Rv2559c => putative AAA domain-containing protein
[00:35:47] Modify product: Carbon dioxide-concentrating mechanism protein CcmK homolog 2 => Carbon dioxide-concentrating mechanism protein CcmK 
[00:35:47] Modify product: Putative universal stress protein SA1532 => Putative universal stress protein
[00:35:47] Modify product: Uncharacterized glycosyltransferase sll0501 => putative glycosyltransferase
[00:35:47] Modify product: Probable 2-phosphosulfolactate phosphatase => putative 2-phosphosulfolactate phosphatase
[00:35:48] Modify product: Putative glutamine amidotransferase Rv2859c => Putative glutamine amidotransferase
[00:35:48] Modify product: Uncharacterized ABC transporter ATP-binding protein Rv2564 => putative ABC transporter ATP-binding protein
[00:35:48] Modify product: Uncharacterized zinc protease Rv2782c => putative zinc protease
[00:35:48] Modify product: Uncharacterized zinc protease Rv2782c => putative zinc protease
[00:35:48] Modify product: Uncharacterized protein Rv2411c => putative protein
[00:35:48] Modify product: Uncharacterized protein Rv2567 => putative protein
[00:35:48] Modify product: Uncharacterized protein Rv2569c => putative protein
[00:35:48] Modify product: UPF0051 protein SA0778 => hypothetical protein
[00:35:48] Modify product: Uncharacterized oxidoreductase Rv0484c => putative oxidoreductase
[00:35:48] Modify product: Probable transcriptional regulatory protein aq_1575 => putative transcriptional regulatory protein
[00:35:48] Modify product: Probable D-xylose utilization operon transcriptional repressor => putative D-xylose utilization operon transcriptional repressor
[00:35:48] Modify product: Putative lipid kinase SP_1045 => Putative lipid kinase
[00:35:48] Modify product: Uncharacterized peptidase SA1530 => putative peptidase
[00:35:48] Modify product: Putative universal stress protein SA1532 => Putative universal stress protein
[00:35:48] Modify product: Uncharacterized NTE family protein Rv2565 => putative NTE family protein
[00:35:48] Modify product: Probable biofilm formation methyltransferase WspC => putative biofilm formation methyltransferase WspC
[00:35:48] Modify product: Uncharacterized protein Rv0628c => putative protein
[00:35:48] Modify product: Uncharacterized protein Rv2307c => putative protein
[00:35:48] Modify product: Monocarboxylate 2-oxoacid-binding periplasmic protein all3028 => Monocarboxylate 2-oxoacid-binding periplasmic protein
[00:35:48] Modify product: Putative phosphoribosyl transferase Rv0571c => Putative phosphoribosyl transferase
[00:35:48] Modify product: Putative phosphoribosyl transferase Rv0571c => Putative phosphoribosyl transferase
[00:35:48] Modify product: Uncharacterized oxidoreductase Rv2900c => putative oxidoreductase
[00:35:48] Modify product: UPF0382 membrane protein YwdK => hypothetical protein
[00:35:48] Modify product: UPF0301 protein SO_3346 => hypothetical protein
[00:35:48] Modify product: Probable multidrug ABC transporter ATP-binding protein YbhF => putative multidrug ABC transporter ATP-binding protein YbhF
[00:35:48] Modify product: Probable ATP-dependent DNA helicase YoaA => putative ATP-dependent DNA helicase YoaA
[00:35:48] Modify product: Probable metallo-hydrolase M6_Spy0554 => putative metallo-hydrolase
[00:35:48] Modify product: UPF0173 metal-dependent hydrolase SA1529 => hypothetical protein
[00:35:48] Modify product: UPF0701 protein YicC => hypothetical protein
[00:35:48] Modify product: Uncharacterized protein Rv2004c => putative protein
[00:35:48] Modify product: UPF0053 inner membrane protein YtfL => hypothetical protein
[00:35:48] Cleaned 63 /product names
[00:35:48] Deleting unwanted file: /home/tola2495/GenomeAnalysisVT2022/analyses/05_annotation/prokka/RR4342129_Bacteria/bin_22.fa/RR4342129_Bacteria.sprot.tmp.63958.faa
[00:35:48] Deleting unwanted file: /home/tola2495/GenomeAnalysisVT2022/analyses/05_annotation/prokka/RR4342129_Bacteria/bin_22.fa/RR4342129_Bacteria.sprot.tmp.63958.blast
[00:35:49] There are still 2030 unannotated CDS left (started with 2803)
[00:35:49] Will use hmmer3 to search against /sw/bioinfo/prokka/1.45-5b58020/rackham/db/hmm/HAMAP.hmm with 2 CPUs
[00:35:49] Running: cat \/home\/tola2495\/GenomeAnalysisVT2022\/analyses\/05_annotation\/prokka\/RR4342129_Bacteria\/bin_22\.fa\/RR4342129_Bacteria\.HAMAP\.hmm\.tmp\.63958\.faa | parallel --gnu --plain -j 2 --block 143128 --recstart '>' --pipe hmmscan --noali --notextw --acc -E 1e-09 --cpu 1 /sw/bioinfo/prokka/1.45-5b58020/rackham/db/hmm/HAMAP.hmm /dev/stdin > \/home\/tola2495\/GenomeAnalysisVT2022\/analyses\/05_annotation\/prokka\/RR4342129_Bacteria\/bin_22\.fa\/RR4342129_Bacteria\.HAMAP\.hmm\.tmp\.63958\.hmmer3 2> /dev/null
[00:37:27] Deleting unwanted file: /home/tola2495/GenomeAnalysisVT2022/analyses/05_annotation/prokka/RR4342129_Bacteria/bin_22.fa/RR4342129_Bacteria.HAMAP.hmm.tmp.63958.faa
[00:37:27] Deleting unwanted file: /home/tola2495/GenomeAnalysisVT2022/analyses/05_annotation/prokka/RR4342129_Bacteria/bin_22.fa/RR4342129_Bacteria.HAMAP.hmm.tmp.63958.hmmer3
[00:37:27] Labelling remaining 1792 proteins as 'hypothetical protein'
[00:37:27] Possible /pseudo 'N-acetylgalactosamine-6-O-sulfatase' at k105_90085 position 1740
[00:37:27] Possible /pseudo 'Putative fluoride ion transporter CrcB' at k105_123632 position 2104
[00:37:27] Possible /pseudo 'Outer membrane protein assembly factor BamB' at k105_49685 position 2069
[00:37:27] Possible /pseudo 'putative zinc protease' at k105_142021 position 1963
[00:37:27] Possible /pseudo 'Peptidase T' at k105_143277 position 1186
[00:37:27] Possible /pseudo 'putative protein' at k105_56165 position 3550
[00:37:27] Possible /pseudo 'putative protein' at k105_56165 position 4555
[00:37:27] Possible /pseudo '3-oxoacyl-[acyl-carrier-protein] synthase 2' at k105_58970 position 15129
[00:37:27] Possible /pseudo 'Putative phosphoribosyl transferase' at k105_67076 position 3034
[00:37:27] Found 755 unique /gene codes.
[00:37:27] Fixed 6 duplicate /gene - fabF_1 fabF_2 fabF_3 fabF_4 fabF_5 fabF_6
[00:37:27] Fixed 2 duplicate /gene - ndhA_1 ndhA_2
[00:37:27] Fixed 2 duplicate /gene - sucD_1 sucD_2
[00:37:27] Fixed 2 duplicate /gene - rpoD_1 rpoD_2
[00:37:27] Fixed 2 duplicate /gene - lemA_1 lemA_2
[00:37:27] Fixed 4 duplicate /gene - acpP_1 acpP_2 acpP_3 acpP_4
[00:37:27] Fixed 6 duplicate /gene - atsA_1 atsA_2 atsA_3 atsA_4 atsA_5 atsA_6
[00:37:27] Fixed 5 duplicate /gene - ndhB_1 ndhB_2 ndhB_3 ndhB_4 ndhB_5
[00:37:27] Fixed 2 duplicate /gene - dnaA_1 dnaA_2
[00:37:27] Fixed 3 duplicate /gene - glnB_1 glnB_2 glnB_3
[00:37:27] Fixed 2 duplicate /gene - bcp_1 bcp_2
[00:37:27] Fixed 2 duplicate /gene - lpxD_1 lpxD_2
[00:37:27] Fixed 2 duplicate /gene - czcA_1 czcA_2
[00:37:27] Fixed 2 duplicate /gene - hemW_1 hemW_2
[00:37:27] Fixed 4 duplicate /gene - aroE_1 aroE_2 aroE_3 aroE_4
[00:37:27] Fixed 3 duplicate /gene - lolD_1 lolD_2 lolD_3
[00:37:27] Fixed 3 duplicate /gene - tolQ_1 tolQ_2 tolQ_3
[00:37:27] Fixed 2 duplicate /gene - rapA_1 rapA_2
[00:37:27] Fixed 2 duplicate /gene - oppF_1 oppF_2
[00:37:27] Fixed 2 duplicate /gene - iscS_1 iscS_2
[00:37:27] Fixed 2 duplicate /gene - pdxH_1 pdxH_2
[00:37:27] Fixed 3 duplicate /gene - sigA_1 sigA_2 sigA_3
[00:37:27] Fixed 2 duplicate /gene - scpB_1 scpB_2
[00:37:27] Fixed 2 duplicate /gene - tmk_1 tmk_2
[00:37:27] Fixed 2 duplicate /gene - groL_1 groL_2
[00:37:27] Fixed 3 duplicate /gene - crcB_1 crcB_2 crcB_3
[00:37:27] Fixed 2 duplicate /gene - dapA_1 dapA_2
[00:37:27] Fixed 2 duplicate /gene - rpoA_1 rpoA_2
[00:37:27] Fixed 2 duplicate /gene - ndhJ_1 ndhJ_2
[00:37:27] Fixed 2 duplicate /gene - punA_1 punA_2
[00:37:27] Fixed 2 duplicate /gene - glpE_1 glpE_2
[00:37:27] Fixed 2 duplicate /gene - hprA_1 hprA_2
[00:37:27] Fixed 2 duplicate /gene - rho_1 rho_2
[00:37:27] Fixed 17 duplicate /gene - iolG_1 iolG_2 iolG_3 iolG_4 iolG_5 iolG_6 iolG_7 iolG_8 iolG_9 iolG_10 iolG_11 iolG_12 iolG_13 iolG_14 iolG_15 iolG_16 iolG_17
[00:37:27] Fixed 2 duplicate /gene - copA_1 copA_2
[00:37:27] Fixed 2 duplicate /gene - pepT_1 pepT_2
[00:37:27] Fixed 2 duplicate /gene - apgM_1 apgM_2
[00:37:27] Fixed 2 duplicate /gene - rbn_1 rbn_2
[00:37:27] Fixed 8 duplicate /gene - pknD_1 pknD_2 pknD_3 pknD_4 pknD_5 pknD_6 pknD_7 pknD_8
[00:37:27] Fixed 4 duplicate /gene - mshA_1 mshA_2 mshA_3 mshA_4
[00:37:27] Fixed 2 duplicate /gene - gltB_1 gltB_2
[00:37:27] Fixed 3 duplicate /gene - csrA_1 csrA_2 csrA_3
[00:37:27] Fixed 2 duplicate /gene - crtB_1 crtB_2
[00:37:27] Fixed 2 duplicate /gene - rlmL_1 rlmL_2
[00:37:27] Fixed 3 duplicate /gene - fabG_1 fabG_2 fabG_3
[00:37:27] Fixed 2 duplicate /gene - xynR_1 xynR_2
[00:37:27] Fixed 12 duplicate /gene - bamB_1 bamB_2 bamB_3 bamB_4 bamB_5 bamB_6 bamB_7 bamB_8 bamB_9 bamB_10 bamB_11 bamB_12
[00:37:27] Fixed 5 duplicate /gene - sasA_1 sasA_2 sasA_3 sasA_4 sasA_5
[00:37:27] Fixed 2 duplicate /gene - bioF_1 bioF_2
[00:37:27] Fixed 3 duplicate /gene - cheB_1 cheB_2 cheB_3
[00:37:27] Fixed 2 duplicate /gene - dksA_1 dksA_2
[00:37:27] Fixed 2 duplicate /gene - mnmE_1 mnmE_2
[00:37:27] Fixed 2 duplicate /gene - mdtC_1 mdtC_2
[00:37:27] Fixed 2 duplicate /gene - apbE_1 apbE_2
[00:37:27] Fixed 2 duplicate /gene - ackA_1 ackA_2
[00:37:27] Fixed 5 duplicate /gene - btuD_1 btuD_2 btuD_3 btuD_4 btuD_5
[00:37:27] Fixed 2 duplicate /gene - rcsC_1 rcsC_2
[00:37:27] Fixed 2 duplicate /gene - alaS_1 alaS_2
[00:37:27] Fixed 2 duplicate /gene - nadE_1 nadE_2
[00:37:27] Fixed 2 duplicate /gene - gmd_1 gmd_2
[00:37:27] Fixed 4 duplicate /gene - groS_1 groS_2 groS_3 groS_4
[00:37:27] Fixed 2 duplicate /gene - secA_1 secA_2
[00:37:27] Fixed 2 duplicate /gene - groL1_1 groL1_2
[00:37:27] Fixed 2 duplicate /gene - fusA_1 fusA_2
[00:37:27] Fixed 3 duplicate /gene - pnp_1 pnp_2 pnp_3
[00:37:27] Fixed 2 duplicate /gene - purB_1 purB_2
[00:37:27] Fixed 2 duplicate /gene - prs_1 prs_2
[00:37:27] Fixed 2 duplicate /gene - zraR_1 zraR_2
[00:37:27] Fixed 2 duplicate /gene - cpoB_1 cpoB_2
[00:37:27] Fixed 2 duplicate /gene - oppD_1 oppD_2
[00:37:27] Fixed 4 duplicate /gene - COQ3_1 COQ3_2 COQ3_3 COQ3_4
[00:37:27] Fixed 2 duplicate /gene - aas_1 aas_2
[00:37:27] Fixed 2 duplicate /gene - ndhC_1 ndhC_2
[00:37:27] Fixed 2 duplicate /gene - bepA_1 bepA_2
[00:37:27] Fixed 2 duplicate /gene - xerD_1 xerD_2
[00:37:27] Fixed 3 duplicate /gene - xylR_1 xylR_2 xylR_3
[00:37:27] Fixed 2 duplicate /gene - nth_1 nth_2
[00:37:27] Fixed 2 duplicate /gene - asnB_1 asnB_2
[00:37:27] Fixed 2 duplicate /gene - nagB_1 nagB_2
[00:37:27] Fixed 2 duplicate /gene - clpP_1 clpP_2
[00:37:27] Fixed 2 duplicate /gene - soj_1 soj_2
[00:37:27] Fixed 2 duplicate /gene - glcK_1 glcK_2
[00:37:27] Fixed 2 duplicate /gene - ffh_1 ffh_2
[00:37:27] Fixed 2 duplicate /gene - moaA_1 moaA_2
[00:37:27] Fixed 84 colliding /gene names.
[00:37:27] Adding /locus_tag identifiers
[00:37:27] Assigned 2841 locus_tags to CDS and RNA features.
[00:37:27] Writing outputs to /home/tola2495/GenomeAnalysisVT2022/analyses/05_annotation/prokka/RR4342129_Bacteria/bin_22.fa/
[00:37:29] Generating annotation statistics file
[00:37:29] Generating Genbank and Sequin files
[00:37:29] Running: tbl2asn -V b -a r10k -l paired-ends -M n -N 1 -y 'Annotated using prokka 1.14.6 from https://github.com/tseemann/prokka' -Z \/home\/tola2495\/GenomeAnalysisVT2022\/analyses\/05_annotation\/prokka\/RR4342129_Bacteria\/bin_22\.fa\/RR4342129_Bacteria\.err -i \/home\/tola2495\/GenomeAnalysisVT2022\/analyses\/05_annotation\/prokka\/RR4342129_Bacteria\/bin_22\.fa\/RR4342129_Bacteria\.fsa 2> /dev/null
[00:37:35] Deleting unwanted file: /home/tola2495/GenomeAnalysisVT2022/analyses/05_annotation/prokka/RR4342129_Bacteria/bin_22.fa/errorsummary.val
[00:37:35] Deleting unwanted file: /home/tola2495/GenomeAnalysisVT2022/analyses/05_annotation/prokka/RR4342129_Bacteria/bin_22.fa/RR4342129_Bacteria.dr
[00:37:35] Deleting unwanted file: /home/tola2495/GenomeAnalysisVT2022/analyses/05_annotation/prokka/RR4342129_Bacteria/bin_22.fa/RR4342129_Bacteria.fixedproducts
[00:37:35] Deleting unwanted file: /home/tola2495/GenomeAnalysisVT2022/analyses/05_annotation/prokka/RR4342129_Bacteria/bin_22.fa/RR4342129_Bacteria.ecn
[00:37:35] Deleting unwanted file: /home/tola2495/GenomeAnalysisVT2022/analyses/05_annotation/prokka/RR4342129_Bacteria/bin_22.fa/RR4342129_Bacteria.val
[00:37:35] Repairing broken .GBK output that tbl2asn produces...
[00:37:35] Running: sed 's/COORDINATES: profile/COORDINATES:profile/' < \/home\/tola2495\/GenomeAnalysisVT2022\/analyses\/05_annotation\/prokka\/RR4342129_Bacteria\/bin_22\.fa\/RR4342129_Bacteria\.gbf > \/home\/tola2495\/GenomeAnalysisVT2022\/analyses\/05_annotation\/prokka\/RR4342129_Bacteria\/bin_22\.fa\/RR4342129_Bacteria\.gbk
[00:37:36] Deleting unwanted file: /home/tola2495/GenomeAnalysisVT2022/analyses/05_annotation/prokka/RR4342129_Bacteria/bin_22.fa/RR4342129_Bacteria.gbf
[00:37:36] Output files:
[00:37:36] /home/tola2495/GenomeAnalysisVT2022/analyses/05_annotation/prokka/RR4342129_Bacteria/bin_22.fa/RR4342129_Bacteria.log
[00:37:36] /home/tola2495/GenomeAnalysisVT2022/analyses/05_annotation/prokka/RR4342129_Bacteria/bin_22.fa/RR4342129_Bacteria.fna
[00:37:36] /home/tola2495/GenomeAnalysisVT2022/analyses/05_annotation/prokka/RR4342129_Bacteria/bin_22.fa/RR4342129_Bacteria.gff
[00:37:36] /home/tola2495/GenomeAnalysisVT2022/analyses/05_annotation/prokka/RR4342129_Bacteria/bin_22.fa/RR4342129_Bacteria.faa
[00:37:36] /home/tola2495/GenomeAnalysisVT2022/analyses/05_annotation/prokka/RR4342129_Bacteria/bin_22.fa/RR4342129_Bacteria.ffn
[00:37:36] /home/tola2495/GenomeAnalysisVT2022/analyses/05_annotation/prokka/RR4342129_Bacteria/bin_22.fa/RR4342129_Bacteria.tbl
[00:37:36] /home/tola2495/GenomeAnalysisVT2022/analyses/05_annotation/prokka/RR4342129_Bacteria/bin_22.fa/RR4342129_Bacteria.fsa
[00:37:36] /home/tola2495/GenomeAnalysisVT2022/analyses/05_annotation/prokka/RR4342129_Bacteria/bin_22.fa/RR4342129_Bacteria.tsv
[00:37:36] /home/tola2495/GenomeAnalysisVT2022/analyses/05_annotation/prokka/RR4342129_Bacteria/bin_22.fa/RR4342129_Bacteria.txt
[00:37:36] /home/tola2495/GenomeAnalysisVT2022/analyses/05_annotation/prokka/RR4342129_Bacteria/bin_22.fa/RR4342129_Bacteria.gbk
[00:37:36] /home/tola2495/GenomeAnalysisVT2022/analyses/05_annotation/prokka/RR4342129_Bacteria/bin_22.fa/RR4342129_Bacteria.sqn
[00:37:36] /home/tola2495/GenomeAnalysisVT2022/analyses/05_annotation/prokka/RR4342129_Bacteria/bin_22.fa/RR4342129_Bacteria.err
[00:37:36] Annotation finished successfully.
[00:37:36] Walltime used: 5.97 minutes
[00:37:36] If you use this result please cite the Prokka paper:
[00:37:36] Seemann T (2014) Prokka: rapid prokaryotic genome annotation. Bioinformatics. 30(14):2068-9.
[00:37:36] Type 'prokka --citation' for more details.
[00:37:36] Thank you, come again.
