[01:46:12] This is prokka 1.14.6
[01:46:12] Written by Torsten Seemann <torsten.seemann@gmail.com>
[01:46:12] Homepage is https://github.com/tseemann/prokka
[01:46:12] Local time is Thu May 12 01:46:12 2022
[01:46:12] You are tola2495
[01:46:12] Operating system is linux
[01:46:12] You have BioPerl 1.007001
[01:46:12] System has 16 cores.
[01:46:12] Will use maximum of 2 cores.
[01:46:12] Annotating as >>> Bacteria <<<
[01:46:12] Generating locus_tag from 'bin_10.fa' contents.
[01:46:12] Setting --locustag FLLFNHAO from MD5 f55f71a8fa3b69ddd9bf5d4995dab10c
[01:46:12] Creating new output folder: /home/tola2495/GenomeAnalysisVT2022/analyses/05_annotation/prokka/RR4342133_Bacteria/bin_10.fa
[01:46:12] Running: mkdir -p \/home\/tola2495\/GenomeAnalysisVT2022\/analyses\/05_annotation\/prokka\/RR4342133_Bacteria\/bin_10\.fa
[01:46:12] Using filename prefix: RR4342133_Bacteria.XXX
[01:46:12] Setting HMMER_NCPU=1
[01:46:12] Writing log to: /home/tola2495/GenomeAnalysisVT2022/analyses/05_annotation/prokka/RR4342133_Bacteria/bin_10.fa/RR4342133_Bacteria.log
[01:46:12] Command: /sw/bioinfo/prokka/1.45-5b58020/snowy/bin/prokka --metagenome --cpus 2 --prefix RR4342133_Bacteria --outdir /home/tola2495/GenomeAnalysisVT2022/analyses/05_annotation/prokka/RR4342133_Bacteria/bin_10.fa bin_10.fa
[01:46:12] Appending to PATH: /sw/bioinfo/prokka/1.45-5b58020/rackham/bin/../binaries/linux
[01:46:12] Appending to PATH: /sw/bioinfo/prokka/1.45-5b58020/rackham/bin/../binaries/linux/../common
[01:46:12] Appending to PATH: /sw/bioinfo/prokka/1.45-5b58020/rackham/bin
[01:46:12] Looking for 'aragorn' - found /sw/bioinfo/prokka/1.45-5b58020/rackham/bin/../binaries/linux/aragorn
[01:46:12] Determined aragorn version is 001002 from 'ARAGORN v1.2.38 Dean Laslett'
[01:46:12] Looking for 'barrnap' - found /sw/bioinfo/barrnap/0.8/snowy/bin/barrnap
[01:46:13] Determined barrnap version is 000008 from 'barrnap 0.8'
[01:46:13] Looking for 'blastp' - found /sw/bioinfo/blast/2.11.0+/snowy/bin/blastp
[01:46:13] Determined blastp version is 002011 from 'blastp: 2.11.0+'
[01:46:13] Looking for 'cmpress' - found /sw/bioinfo/prokka/1.45-5b58020/rackham/bin/../binaries/linux/cmpress
[01:46:13] Determined cmpress version is 001001 from '# INFERNAL 1.1.2 (July 2016)'
[01:46:13] Looking for 'cmscan' - found /sw/bioinfo/prokka/1.45-5b58020/rackham/bin/../binaries/linux/cmscan
[01:46:13] Determined cmscan version is 001001 from '# INFERNAL 1.1.2 (July 2016)'
[01:46:13] Looking for 'egrep' - found /usr/bin/egrep
[01:46:13] Looking for 'find' - found /usr/bin/find
[01:46:13] Looking for 'grep' - found /usr/bin/grep
[01:46:13] Looking for 'hmmpress' - found /sw/apps/bioinfo/hmmer/3.1b2/snowy/bin/hmmpress
[01:46:13] Determined hmmpress version is 003001 from '# HMMER 3.1b2 (February 2015); http://hmmer.org/'
[01:46:13] Looking for 'hmmscan' - found /sw/apps/bioinfo/hmmer/3.1b2/snowy/bin/hmmscan
[01:46:13] Determined hmmscan version is 003001 from '# HMMER 3.1b2 (February 2015); http://hmmer.org/'
[01:46:13] Looking for 'java' - found /usr/bin/java
[01:46:13] Looking for 'makeblastdb' - found /sw/bioinfo/blast/2.11.0+/snowy/bin/makeblastdb
[01:46:14] Determined makeblastdb version is 002011 from 'makeblastdb: 2.11.0+'
[01:46:14] Looking for 'minced' - found /sw/apps/bioinfo/minced/0.2.0/snowy/minced
[01:46:14] Determined minced version is 002000 from 'minced 0.2.0'
[01:46:14] Looking for 'parallel' - found /sw/parallel/gnuparallel/20170122/snowy/bin/parallel
[01:46:14] Determined parallel version is 20170122 from 'GNU parallel 20170122'
[01:46:14] Looking for 'prodigal' - found /sw/apps/bioinfo/prodigal/2.6.3/snowy/bin/prodigal
[01:46:14] Determined prodigal version is 002006 from 'Prodigal V2.6.3: February, 2016'
[01:46:14] Looking for 'prokka-genbank_to_fasta_db' - found /sw/bioinfo/prokka/1.45-5b58020/snowy/bin/prokka-genbank_to_fasta_db
[01:46:14] Looking for 'sed' - found /usr/bin/sed
[01:46:14] Looking for 'signalp' - found /sw/bioinfo/SignalP/4.1f/snowy/signalp
[01:46:14] Determined signalp version is 004001 from '4.1 6204265'
[01:46:14] Looking for 'tbl2asn' - found /sw/bioinfo/tbl2asn/25.8/snowy/tbl2asn
[01:46:14] Determined tbl2asn version is 025008 from 'tbl2asn 25.8   arguments:'
[01:46:14] Using genetic code table 11.
[01:46:14] Loading and checking input file: bin_10.fa
[01:46:15] Wrote 417 contigs totalling 2145679 bp.
[01:46:15] Predicting tRNAs and tmRNAs
[01:46:15] Running: aragorn -l -gc11  -w \/home\/tola2495\/GenomeAnalysisVT2022\/analyses\/05_annotation\/prokka\/RR4342133_Bacteria\/bin_10\.fa\/RR4342133_Bacteria\.fna
[01:46:15] 1 tRNA-Leu [1276,1362] 35 (cag)
[01:46:15] 1 tRNA-Leu c[3060,3146] 35 (gag)
[01:46:15] 1 tRNA-Gly c[16390,16461] 33 (tcc)
[01:46:15] 2 tRNA-Pro [16531,16606] 34 (tgg)
[01:46:15] 1 tRNA-Leu [1767,1841] 35 (caa)
[01:46:15] 1 tRNA-Thr c[15719,15800] 40 (cgt)
[01:46:15] 1 tRNA-Asn c[1615,1689] 33 (gtt)
[01:46:15] 1 tRNA-Asp [11,85] 35 (gtc)
[01:46:15] 2 tRNA-Phe [109,184] 35 (gaa)
[01:46:15] 1 tRNA-Ala c[1300,1375] 34 (ggc)
[01:46:16] 1 tRNA-Arg c[1634,1707] 34 (acg)
[01:46:16] 2 tRNA-Ser [4495,4586] 37 (gct)
[01:46:16] 1 tRNA-Val [4279,4354] 35 (tac)
[01:46:16] 1 tRNA-Val c[440,514] 33 (cac)
[01:46:16] 1 tRNA-Arg [6407,6480] 34 (tct)
[01:46:16] 1 tRNA-Thr c[650,718] 29 (cgt)
[01:46:16] 2 tRNA-Thr c[3902,3977] 34 (cgt)
[01:46:16] 1 tRNA-Val [9,84] 34 (gac)
[01:46:16] 1 tRNA-Val c[10921,10996] 34 (gac)
[01:46:16] 2 tRNA-Cys c[11018,11089] 33 (gca)
[01:46:16] 3 tRNA-Gly c[11126,11199] 34 (gcc)
[01:46:16] 1 tRNA-Trp c[3677,3750] 34 (cca)
[01:46:16] 2 tRNA-Met c[8287,8362] 35 (cat)
[01:46:16] 3 tRNA-Thr c[8453,8528] 34 (ggt)
[01:46:16] 4 tRNA-Tyr c[8600,8684] 35 (gta)
[01:46:16] 1 tRNA-Ala [24,97] 34 (tgc)
[01:46:16] 1 tRNA-Leu [4959,5043] 35 (taa)
[01:46:16] 1 tRNA-Ala [4689,4764] 34 (cgc)
[01:46:16] 1 tmRNA [430,793] 95,133 AKQNKGTVALAA*
[01:46:16] 1 tRNA-Leu c[2285,2367] 35 (tag)
[01:46:16] 1 tRNA-Lys c[3059,3133] 34 (ttt)
[01:46:16] 1 tRNA-Arg c[2328,2402] 35 (cct)
[01:46:16] 1 tRNA-Arg c[571,643] 34 (ccg)
[01:46:16] 1 tRNA-Thr [23369,23444] 34 (tgt)
[01:46:16] 1 tRNA-His [45,120] 34 (gtg)
[01:46:16] 2 tRNA-Lys [2632,2705] 34 (ctt)
[01:46:16] 1 tRNA-Thr [29,104] 34 (tgt)
[01:46:16] 1 tRNA-Pro c[1570,1644] 35 (ggg)
[01:46:16] Found 38 tRNAs
[01:46:16] Predicting Ribosomal RNAs
[01:46:16] Running Barrnap with 2 threads
[01:46:18] 1 k105_102223 1 16S ribosomal RNA (partial)
[01:46:18] Found 1 rRNAs
[01:46:18] Skipping ncRNA search, enable with --rfam if desired.
[01:46:18] Total of 38 tRNA + rRNA features
[01:46:18] Searching for CRISPR repeats
[01:46:18] Found 0 CRISPRs
[01:46:18] Predicting coding sequences
[01:46:18] Contigs total 2145679 bp, so using meta mode
[01:46:18] Running: prodigal -i \/home\/tola2495\/GenomeAnalysisVT2022\/analyses\/05_annotation\/prokka\/RR4342133_Bacteria\/bin_10\.fa\/RR4342133_Bacteria\.fna -c -m -g 11 -p meta -f sco -q
[01:46:19] Excluding CDS which overlaps existing RNA (tRNA) at k105_89857:15911..16447 on - strand
[01:46:21] Excluding CDS which overlaps existing RNA (tRNA) at k105_99586:14498..15916 on - strand
[01:46:21] Excluding CDS which overlaps existing RNA (tRNA) at k105_100611:1153..1704 on - strand
[01:46:26] Excluding CDS which overlaps existing RNA (tRNA) at k105_43013:374..709 on + strand
[01:46:30] Excluding CDS which overlaps existing RNA (tRNA) at k105_63714:542..982 on - strand
[01:46:31] Excluding CDS which overlaps existing RNA (tRNA) at k105_154613:2530..2721 on + strand
[01:46:34] Found 2127 CDS
[01:46:34] Connecting features back to sequences
[01:46:34] Not using genus-specific database. Try --usegenus to enable it.
[01:46:34] Annotating CDS, please be patient.
[01:46:34] Will use 2 CPUs for similarity searching.
[01:46:35] There are still 2127 unannotated CDS left (started with 2127)
[01:46:35] Will use blast to search against /sw/bioinfo/prokka/1.45-5b58020/rackham/db/kingdom/Bacteria/IS with 2 CPUs
[01:46:35] Running: cat \/home\/tola2495\/GenomeAnalysisVT2022\/analyses\/05_annotation\/prokka\/RR4342133_Bacteria\/bin_10\.fa\/RR4342133_Bacteria\.IS\.tmp\.58985\.faa | parallel --gnu --plain -j 2 --block 150907 --recstart '>' --pipe blastp -query - -db /sw/bioinfo/prokka/1.45-5b58020/rackham/db/kingdom/Bacteria/IS -evalue 1e-30 -qcov_hsp_perc 90 -num_threads 1 -num_descriptions 1 -num_alignments 1 -seg no > \/home\/tola2495\/GenomeAnalysisVT2022\/analyses\/05_annotation\/prokka\/RR4342133_Bacteria\/bin_10\.fa\/RR4342133_Bacteria\.IS\.tmp\.58985\.blast 2> /dev/null
[01:47:01] Deleting unwanted file: /home/tola2495/GenomeAnalysisVT2022/analyses/05_annotation/prokka/RR4342133_Bacteria/bin_10.fa/RR4342133_Bacteria.IS.tmp.58985.faa
[01:47:01] Deleting unwanted file: /home/tola2495/GenomeAnalysisVT2022/analyses/05_annotation/prokka/RR4342133_Bacteria/bin_10.fa/RR4342133_Bacteria.IS.tmp.58985.blast
[01:47:02] There are still 2123 unannotated CDS left (started with 2127)
[01:47:02] Will use blast to search against /sw/bioinfo/prokka/1.45-5b58020/rackham/db/kingdom/Bacteria/AMR with 2 CPUs
[01:47:02] Running: cat \/home\/tola2495\/GenomeAnalysisVT2022\/analyses\/05_annotation\/prokka\/RR4342133_Bacteria\/bin_10\.fa\/RR4342133_Bacteria\.AMR\.tmp\.58985\.faa | parallel --gnu --plain -j 2 --block 150631 --recstart '>' --pipe blastp -query - -db /sw/bioinfo/prokka/1.45-5b58020/rackham/db/kingdom/Bacteria/AMR -evalue 9.99999999999999e-301 -qcov_hsp_perc 90 -num_threads 1 -num_descriptions 1 -num_alignments 1 -seg no > \/home\/tola2495\/GenomeAnalysisVT2022\/analyses\/05_annotation\/prokka\/RR4342133_Bacteria\/bin_10\.fa\/RR4342133_Bacteria\.AMR\.tmp\.58985\.blast 2> /dev/null
[01:47:26] Deleting unwanted file: /home/tola2495/GenomeAnalysisVT2022/analyses/05_annotation/prokka/RR4342133_Bacteria/bin_10.fa/RR4342133_Bacteria.AMR.tmp.58985.faa
[01:47:26] Deleting unwanted file: /home/tola2495/GenomeAnalysisVT2022/analyses/05_annotation/prokka/RR4342133_Bacteria/bin_10.fa/RR4342133_Bacteria.AMR.tmp.58985.blast
[01:47:26] There are still 2123 unannotated CDS left (started with 2127)
[01:47:26] Will use blast to search against /sw/bioinfo/prokka/1.45-5b58020/rackham/db/kingdom/Bacteria/sprot with 2 CPUs
[01:47:26] Running: cat \/home\/tola2495\/GenomeAnalysisVT2022\/analyses\/05_annotation\/prokka\/RR4342133_Bacteria\/bin_10\.fa\/RR4342133_Bacteria\.sprot\.tmp\.58985\.faa | parallel --gnu --plain -j 2 --block 150631 --recstart '>' --pipe blastp -query - -db /sw/bioinfo/prokka/1.45-5b58020/rackham/db/kingdom/Bacteria/sprot -evalue 1e-09 -qcov_hsp_perc 80 -num_threads 1 -num_descriptions 1 -num_alignments 1 -seg no > \/home\/tola2495\/GenomeAnalysisVT2022\/analyses\/05_annotation\/prokka\/RR4342133_Bacteria\/bin_10\.fa\/RR4342133_Bacteria\.sprot\.tmp\.58985\.blast 2> /dev/null
[01:49:20] Modify product: Uncharacterized RNA pseudouridine synthase Rv1711 => putative RNA pseudouridine synthase
[01:49:20] Modify product: Uncharacterized signaling protein CC_0091 => putative signaling protein
[01:49:20] Modify product: Uncharacterized protein Rv2212 => putative protein
[01:49:20] Modify product: Probable acyl-CoA dehydrogenase fadE25 => putative acyl-CoA dehydrogenase fadE25
[01:49:20] Modify product: Putative trans-acting enoyl reductase Rv2449c => Putative trans-acting enoyl reductase
[01:49:20] Modify product: UPF0126 inner membrane protein YadS => hypothetical protein
[01:49:20] Modify product: Probable type II secretion system protein HxcR => putative type II secretion system protein HxcR
[01:49:20] Modify product: Uncharacterized zinc protease Rv2782c => putative zinc protease
[01:49:20] Modify product: Uncharacterized protein Rv0525 => putative protein
[01:49:20] Modify product: Probable NADH oxidase => putative NADH oxidase
[01:49:20] Modify product: Bifunctional protein FolD => Bifunctional protein FolD protein
[01:49:20] Modify product: Probable S-adenosylmethionine-dependent methyltransferase Rv3030 => putative S-adenosylmethionine-dependent methyltransferase
[01:49:20] Modify product: UPF0053 protein Rv2366c => hypothetical protein
[01:49:20] Modify product: Putative diacyglycerol O-acyltransferase Rv1425 => Putative diacyglycerol O-acyltransferase
[01:49:20] Modify product: Uncharacterized protein Rv2581c => putative protein
[01:49:20] Modify product: Probable N-succinyldiaminopimelate aminotransferase DapC => putative N-succinyldiaminopimelate aminotransferase DapC
[01:49:20] Modify product: Putative acyltransferase Rv0859 => Putative acyltransferase
[01:49:20] Modify product: Uncharacterized RNA pseudouridine synthase Rv1540 => putative RNA pseudouridine synthase
[01:49:20] Modify product: Probable flavin reductase => putative flavin reductase
[01:49:20] Modify product: Uncharacterized protein Rv2239c => putative protein
[01:49:20] Modify product: Putative conjugal transfer protein Rv3659c => Putative conjugal transfer protein
[01:49:20] Modify product: Probable sensor histidine kinase pdtaS => putative sensor histidine kinase pdtaS
[01:49:20] Modify product: UPF0051 protein SA0778 => hypothetical protein
[01:49:20] Modify product: UPF0051 protein Rv1462 => hypothetical protein
[01:49:20] Modify product: Probable transcriptional regulatory protein Rv2603c => putative transcriptional regulatory protein
[01:49:20] Modify product: Putative methyltransferase Rv1407 => Putative methyltransferase
[01:49:20] Modify product: UPF0678 fatty acid-binding protein-like protein Rv2717c => hypothetical protein
[01:49:20] Modify product: Probable helicase HelY => putative helicase HelY
[01:49:20] Modify product: Uncharacterized protein YxeI => putative protein YxeI
[01:49:20] Modify product: Uncharacterized AAA domain-containing protein Rv2559c => putative AAA domain-containing protein
[01:49:20] Modify product: UPF0039 protein Rv2851c => hypothetical protein
[01:49:20] Modify product: Putative HTH-type transcriptional regulator Rv1287 => Putative HTH-type transcriptional regulator
[01:49:20] Modify product: Probable enoyl-CoA hydratase echA8 => putative enoyl-CoA hydratase echA8
[01:49:20] Modify product: Putative transport protein Rv0205 => Putative transport protein
[01:49:20] Modify product: Uncharacterized N-acetyltransferase Rv2669 => putative N-acetyltransferase
[01:49:20] Modify product: Putative coenzyme F420-dependent oxidoreductase Rv3520c => Putative coenzyme F420-dependent oxidoreductase
[01:49:20] Modify product: Probable GTPase Rv1496 => putative GTPase
[01:49:20] Modify product: Probable methylmalonyl-CoA mutase large subunit => putative methylmalonyl-CoA mutase large subunit
[01:49:20] Modify product: Uncharacterized protein MSMEG_2782/MSMEI_2713 => putative protein/MSMEI_2713
[01:49:20] Modify product: NADH dehydrogenase-like protein SAOUHSC_00878 => NADH dehydrogenase-like protein
[01:49:20] Modify product: Sulfurtransferase Alvin_2599 => Sulfurtransferase
[01:49:20] Modify product: Probable transcriptional regulatory protein pdtaR => putative transcriptional regulatory protein pdtaR
[01:49:20] Modify product: Uncharacterized peptidase SA1530 => putative peptidase
[01:49:20] Modify product: Putative ATPase Rv3679 => Putative ATPase
[01:49:20] Modify product: Probable propionyl-CoA carboxylase beta chain 6 => putative propionyl-CoA carboxylase beta chain 6
[01:49:20] Modify product: Probable primosomal protein N' => putative primosomal protein N'
[01:49:20] Modify product: Probable glycerophosphodiester phosphodiesterase 1 => putative glycerophosphodiester phosphodiesterase 1
[01:49:20] Modify product: Putative transport protein Rv0205 => Putative transport protein
[01:49:20] Modify product: Putative O-methyltransferase Rv1220c => Putative O-methyltransferase
[01:49:21] Modify product: Uncharacterized protein Rv2715 => putative protein
[01:49:21] Modify product: Probable sulfate transporter Rv1739c => putative sulfate transporter
[01:49:21] Modify product: Glycogen operon protein GlgX homolog => Glycogen operon protein GlgX 
[01:49:21] Modify product: Probable trans-aconitate 2-methyltransferase => putative trans-aconitate 2-methyltransferase
[01:49:21] Modify product: Probable cell division protein WhiA => putative cell division protein WhiA
[01:49:21] Modify product: Probable dipeptidase PepE => putative dipeptidase PepE
[01:49:21] Modify product: Uncharacterized protein Rv2411c => putative protein
[01:49:21] Modify product: Uncharacterized protein Rv2569c => putative protein
[01:49:21] Modify product: Probable aminotransferase Rv3329 => putative aminotransferase
[01:49:21] Modify product: Uncharacterized protein Rv0498 => putative protein
[01:49:21] Modify product: Beta sliding clamp homolog GriR => Beta sliding clamp GriR
[01:49:21] Modify product: UPF0056 inner membrane protein MarC => hypothetical protein
[01:49:21] Modify product: UPF0336 protein Rv0635 => hypothetical protein
[01:49:21] Modify product: UPF0234 protein MSMEG_1165/MSMEI_1134 => hypothetical protein
[01:49:21] Modify product: Uncharacterized protein Rv0883c => putative protein
[01:49:21] Modify product: Uncharacterized FtsW-like protein => putative FtsW-like protein
[01:49:21] Modify product: Uncharacterized sugar transferase EpsL => putative sugar transferase EpsL
[01:49:21] Modify product: Probable chromosome-partitioning protein ParB => putative chromosome-partitioning protein ParB
[01:49:21] Modify product: Probable phosphoadenosine phosphosulfate reductase => putative phosphoadenosine phosphosulfate reductase
[01:49:21] Modify product: UPF0324 inner membrane protein YeiH => hypothetical protein
[01:49:21] Modify product: Uncharacterized Na(+)/H(+) exchanger Rv2287 => putative Na(+)/H(+) exchanger
[01:49:21] Modify product: Probable glycine dehydrogenase (decarboxylating) => putative glycine dehydrogenase (decarboxylating)
[01:49:21] Modify product: Putative HTH-type transcriptional regulator Rv1287 => Putative HTH-type transcriptional regulator
[01:49:21] Modify product: Probable protein-export membrane protein SecG => putative protein-export membrane protein SecG
[01:49:21] Modify product: UPF0047 protein Rv2556c => hypothetical protein
[01:49:21] Modify product: Uncharacterized oxidoreductase MSMEG_1603/MSMEI_1564 => putative oxidoreductase/MSMEI_1564
[01:49:21] Modify product: Uncharacterized protein Rv3421c => putative protein
[01:49:21] Modify product: GTP cyclohydrolase 1 type 2 homolog => GTP cyclohydrolase 1 type 2 
[01:49:21] Modify product: Uncharacterized protein Rv2229c => putative protein
[01:49:21] Modify product: UPF0109 protein Rv2908c => hypothetical protein
[01:49:21] Modify product: Protein Mb2227c => Protein
[01:49:21] Modify product: Protease HtpX homolog => Protease HtpX 
[01:49:21] Modify product: Probable GTPase Rv1496 => putative GTPase
[01:49:21] Modify product: Putative peroxiredoxin Rv2521 => Putative peroxiredoxin
[01:49:21] Modify product: Uncharacterized protein Rv0495c => putative protein
[01:49:21] Modify product: Putative Rieske 2Fe-2S iron-sulfur protein MSMEG_6410/MSMEI_6242 => Putative Rieske 2Fe-2S iron-sulfur protein/MSMEI_6242
[01:49:21] Modify product: Carboxypeptidase Rv3627c => Carboxypeptidase
[01:49:21] Modify product: Uncharacterized MFS-type transporter Rv0037c => putative MFS-type transporter
[01:49:21] Modify product: Uncharacterized protein Rv0049 => putative protein
[01:49:21] Modify product: Probable ketoamine kinase HMPREF0351_12196 => putative ketoamine kinase
[01:49:21] Modify product: Putative low molecular weight protein-tyrosine-phosphatase slr0328 => Putative low molecular weight protein-tyrosine-phosphatase
[01:49:21] Modify product: Universal stress protein Rv2005c => Universal stress protein
[01:49:21] Modify product: Universal stress protein MSMEG_3950/MSMEI_3859 => Universal stress protein/MSMEI_3859
[01:49:21] Modify product: Putative bifunctional exonuclease/endonuclease protein Rv2191 => Putative bifunctional exonuclease/endonuclease protein
[01:49:21] Modify product: Uncharacterized response regulatory protein Rv3143 => putative response regulatory protein
[01:49:21] Modify product: Probable cytochrome c oxidase subunit 3 => putative cytochrome c oxidase subunit 3
[01:49:21] Modify product: Probable butyrate:acetyl-CoA coenzyme A-transferase => putative butyrate:acetyl-CoA coenzyme A-transferase
[01:49:21] Modify product: Uncharacterized sugar epimerase YhfK => putative sugar epimerase YhfK
[01:49:21] Modify product: Probable alcohol dehydrogenase AdhA => putative alcohol dehydrogenase AdhA
[01:49:21] Modify product: Putative multidrug export ATP-binding/permease protein SAV1866 => Putative multidrug export ATP-binding/permease protein
[01:49:21] Modify product: Uncharacterized SURF1-like protein Rv2235 => putative SURF1-like protein
[01:49:21] Modify product: Uncharacterized ABC transporter ATP-binding protein Rv1273c => putative ABC transporter ATP-binding protein
[01:49:21] Modify product: Probable adenylyltransferase/sulfurtransferase MoeZ => putative adenylyltransferase/sulfurtransferase MoeZ
[01:49:21] Modify product: Probable diacyglycerol O-acyltransferase tgs1 => putative diacyglycerol O-acyltransferase tgs1
[01:49:21] Modify product: Probable 2,4-dienoyl-CoA reductase => putative 2,4-dienoyl-CoA reductase
[01:49:21] Modify product: Uncharacterized protein Rv0877 => putative protein
[01:49:21] Modify product: Phosphate-specific transport system accessory protein PhoU homolog 2 => Phosphate-specific transport system accessory protein PhoU 
[01:49:21] Modify product: Uncharacterized PIN and TRAM-domain containing protein YacL => putative PIN and TRAM-domain containing protein YacL
[01:49:21] Modify product: Uncharacterized tRNA/rRNA methyltransferase Rv3579c => putative tRNA/rRNA methyltransferase
[01:49:21] Modify product: Uncharacterized protein YlbL => putative protein YlbL
[01:49:21] Modify product: Uncharacterized protein Rv2581c => putative protein
[01:49:21] Modify product: Uncharacterized protein MRA_2757 => putative protein
[01:49:21] Modify product: Nucleotide-binding protein Rv1421 => Nucleotide-binding protein
[01:49:21] Modify product: Uncharacterized protein Rv2926c => putative protein
[01:49:21] Modify product: Uncharacterized protein Rv2927c => putative protein
[01:49:21] Modify product: Uncharacterized protein SA1069 => putative protein
[01:49:21] Modify product: Probable cytosol aminopeptidase => putative cytosol aminopeptidase
[01:49:21] Modify product: Epimerase family protein Rv2216 => Epimerase family protein
[01:49:21] Modify product: Uncharacterized protein Rv2219 => putative protein
[01:49:21] Modify product: Uncharacterized protein Rv2226 => putative protein
[01:49:21] Modify product: Probable 8-oxo-dGTP diphosphatase 1 => putative 8-oxo-dGTP diphosphatase 1
[01:49:21] Modify product: Probable copper-exporting P-type ATPase V => putative copper-exporting P-type ATPase V
[01:49:21] Modify product: Probable peptidoglycan glycosyltransferase FtsW => putative peptidoglycan glycosyltransferase FtsW
[01:49:21] Modify product: Uncharacterized HTH-type transcriptional regulator Rv1830 => putative HTH-type transcriptional regulator
[01:49:21] Modify product: Uncharacterized signaling protein PA1727 => putative signaling protein
[01:49:21] Modify product: Probable fatty acid methyltransferase Rv3720 => putative fatty acid methyltransferase
[01:49:21] Modify product: Uncharacterized amino acid permease YhdG => putative amino acid permease YhdG
[01:49:21] Modify product: Uncharacterized protein Rv0501 => putative protein
[01:49:22] Modify product: Uncharacterized protein Rv1841c => putative protein
[01:49:22] Modify product: UPF0053 protein Rv1842c => hypothetical protein
[01:49:22] Modify product: Probable iron-sulfur-binding oxidoreductase FadF => putative iron-sulfur-binding oxidoreductase FadF
[01:49:22] Modify product: Uncharacterized protein Rv2560 => putative protein
[01:49:22] Modify product: Probable cell wall biosynthesis protein LcpB => putative cell wall biosynthesis protein LcpB
[01:49:22] Modify product: Probable ATP-dependent helicase DinG homolog => putative ATP-dependent helicase DinG 
[01:49:22] Modify product: Uncharacterized protein Rv1488 => putative protein
[01:49:22] Modify product: Uncharacterized ABC transporter ATP-binding protein YlmA => putative ABC transporter ATP-binding protein YlmA
[01:49:22] Modify product: Uncharacterized protein Rv1276c => putative protein
[01:49:22] Modify product: Uncharacterized protein M6_Spy0233 => putative protein
[01:49:22] Modify product: Putative diacyglycerol O-acyltransferase Rv2484c => Putative diacyglycerol O-acyltransferase
[01:49:22] Modify product: Uncharacterized ABC transporter ATP-binding protein YbiT => putative ABC transporter ATP-binding protein YbiT
[01:49:22] Modify product: UPF0098 protein Rv2140c => hypothetical protein
[01:49:22] Modify product: Uncharacterized protein Rv1339 => putative protein
[01:49:22] Modify product: Uncharacterized protein Rv1332 => putative protein
[01:49:22] Modify product: Carboxypeptidase Rv3627c => Carboxypeptidase
[01:49:22] Modify product: UPF0301 protein Rv0038 => hypothetical protein
[01:49:22] Modify product: Uncharacterized metal-dependent hydrolase TatD => putative metal-dependent hydrolase TatD
[01:49:22] Cleaned 145 /product names
[01:49:22] Deleting unwanted file: /home/tola2495/GenomeAnalysisVT2022/analyses/05_annotation/prokka/RR4342133_Bacteria/bin_10.fa/RR4342133_Bacteria.sprot.tmp.58985.faa
[01:49:22] Deleting unwanted file: /home/tola2495/GenomeAnalysisVT2022/analyses/05_annotation/prokka/RR4342133_Bacteria/bin_10.fa/RR4342133_Bacteria.sprot.tmp.58985.blast
[01:49:22] There are still 1205 unannotated CDS left (started with 2127)
[01:49:22] Will use hmmer3 to search against /sw/bioinfo/prokka/1.45-5b58020/rackham/db/hmm/HAMAP.hmm with 2 CPUs
[01:49:22] Running: cat \/home\/tola2495\/GenomeAnalysisVT2022\/analyses\/05_annotation\/prokka\/RR4342133_Bacteria\/bin_10\.fa\/RR4342133_Bacteria\.HAMAP\.hmm\.tmp\.58985\.faa | parallel --gnu --plain -j 2 --block 72047 --recstart '>' --pipe hmmscan --noali --notextw --acc -E 1e-09 --cpu 1 /sw/bioinfo/prokka/1.45-5b58020/rackham/db/hmm/HAMAP.hmm /dev/stdin > \/home\/tola2495\/GenomeAnalysisVT2022\/analyses\/05_annotation\/prokka\/RR4342133_Bacteria\/bin_10\.fa\/RR4342133_Bacteria\.HAMAP\.hmm\.tmp\.58985\.hmmer3 2> /dev/null
[01:50:19] Modify product: Uncharacterized Nudix hydrolase NudL => putative Nudix hydrolase NudL
[01:50:19] Cleaned 1 /product names
[01:50:19] Deleting unwanted file: /home/tola2495/GenomeAnalysisVT2022/analyses/05_annotation/prokka/RR4342133_Bacteria/bin_10.fa/RR4342133_Bacteria.HAMAP.hmm.tmp.58985.faa
[01:50:19] Deleting unwanted file: /home/tola2495/GenomeAnalysisVT2022/analyses/05_annotation/prokka/RR4342133_Bacteria/bin_10.fa/RR4342133_Bacteria.HAMAP.hmm.tmp.58985.hmmer3
[01:50:19] Labelling remaining 1086 proteins as 'hypothetical protein'
[01:50:19] Possible /pseudo 'subtilase-type protease inhibitor' at k105_10448 position 633
[01:50:19] Possible /pseudo 'Gamma-aminobutyraldehyde dehydrogenase' at k105_105184 position 4283
[01:50:19] Possible /pseudo 'Vitamin B12 import ATP-binding protein BtuD' at k105_23204 position 1069
[01:50:19] Possible /pseudo 'Tol-Pal system protein TolB' at k105_139364 position 1542
[01:50:19] Possible /pseudo 'Tol-Pal system protein TolB' at k105_139364 position 2910
[01:50:19] Possible /pseudo 'Glycerol-3-phosphate cytidylyltransferase' at k105_141880 position 2181
[01:50:19] Possible /pseudo 'Tyrosine recombinase XerC' at k105_55359 position 875
[01:50:19] Possible /pseudo 'Putative fluoride ion transporter CrcB' at k105_61786 position 317
[01:50:19] Possible /pseudo 'putative protein' at k105_64720 position 5867
[01:50:19] Found 824 unique /gene codes.
[01:50:19] Fixed 4 duplicate /gene - btuD_1 btuD_2 btuD_3 btuD_4
[01:50:19] Fixed 3 duplicate /gene - xerC_1 xerC_2 xerC_3
[01:50:19] Fixed 3 duplicate /gene - mshA_1 mshA_2 mshA_3
[01:50:19] Fixed 2 duplicate /gene - ftsH_1 ftsH_2
[01:50:19] Fixed 2 duplicate /gene - gloB_1 gloB_2
[01:50:19] Fixed 2 duplicate /gene - aroK_1 aroK_2
[01:50:19] Fixed 2 duplicate /gene - tagU_1 tagU_2
[01:50:19] Fixed 2 duplicate /gene - qorA_1 qorA_2
[01:50:19] Fixed 2 duplicate /gene - fabG_1 fabG_2
[01:50:19] Fixed 2 duplicate /gene - cshA_1 cshA_2
[01:50:19] Fixed 2 duplicate /gene - nylA_1 nylA_2
[01:50:19] Fixed 2 duplicate /gene - msbA_1 msbA_2
[01:50:19] Fixed 2 duplicate /gene - pipB2_1 pipB2_2
[01:50:19] Fixed 2 duplicate /gene - zur_1 zur_2
[01:50:19] Fixed 2 duplicate /gene - alkF_1 alkF_2
[01:50:19] Fixed 2 duplicate /gene - cysO_1 cysO_2
[01:50:19] Fixed 2 duplicate /gene - ilvE_1 ilvE_2
[01:50:19] Fixed 2 duplicate /gene - mshD_1 mshD_2
[01:50:19] Fixed 2 duplicate /gene - ahcY_1 ahcY_2
[01:50:19] Fixed 2 duplicate /gene - ephA_1 ephA_2
[01:50:19] Fixed 2 duplicate /gene - betI_1 betI_2
[01:50:19] Fixed 2 duplicate /gene - hemL_1 hemL_2
[01:50:19] Fixed 2 duplicate /gene - tagD_1 tagD_2
[01:50:19] Fixed 2 duplicate /gene - purL_1 purL_2
[01:50:19] Fixed 4 duplicate /gene - qacA_1 qacA_2 qacA_3 qacA_4
[01:50:19] Fixed 2 duplicate /gene - prmC_1 prmC_2
[01:50:19] Fixed 2 duplicate /gene - lpdA_1 lpdA_2
[01:50:19] Fixed 2 duplicate /gene - malZ_1 malZ_2
[01:50:19] Fixed 2 duplicate /gene - liaR_1 liaR_2
[01:50:19] Fixed 2 duplicate /gene - priA_1 priA_2
[01:50:19] Fixed 2 duplicate /gene - smtB_1 smtB_2
[01:50:19] Fixed 2 duplicate /gene - pepA_1 pepA_2
[01:50:19] Fixed 2 duplicate /gene - atpH_1 atpH_2
[01:50:19] Fixed 2 duplicate /gene - cysA_1 cysA_2
[01:50:19] Fixed 3 duplicate /gene - fadJ_1 fadJ_2 fadJ_3
[01:50:19] Fixed 3 duplicate /gene - COQ5_1 COQ5_2 COQ5_3
[01:50:19] Fixed 2 duplicate /gene - arc_1 arc_2
[01:50:19] Fixed 2 duplicate /gene - dapE_1 dapE_2
[01:50:19] Fixed 3 duplicate /gene - phoP_1 phoP_2 phoP_3
[01:50:19] Fixed 2 duplicate /gene - nhaP2_1 nhaP2_2
[01:50:19] Fixed 2 duplicate /gene - kefC_1 kefC_2
[01:50:19] Fixed 2 duplicate /gene - rbpA_1 rbpA_2
[01:50:19] Fixed 3 duplicate /gene - whiB_1 whiB_2 whiB_3
[01:50:19] Fixed 2 duplicate /gene - acsA_1 acsA_2
[01:50:19] Fixed 2 duplicate /gene - aroH_1 aroH_2
[01:50:19] Fixed 2 duplicate /gene - crcB_1 crcB_2
[01:50:19] Fixed 4 duplicate /gene - rcsC_1 rcsC_2 rcsC_3 rcsC_4
[01:50:19] Fixed 2 duplicate /gene - lpqI_1 lpqI_2
[01:50:19] Fixed 2 duplicate /gene - pyrD_1 pyrD_2
[01:50:19] Fixed 2 duplicate /gene - glnA_1 glnA_2
[01:50:19] Fixed 2 duplicate /gene - sti_1 sti_2
[01:50:19] Fixed 2 duplicate /gene - caeA_1 caeA_2
[01:50:19] Fixed 2 duplicate /gene - pgsA2_1 pgsA2_2
[01:50:19] Fixed 2 duplicate /gene - puuB_1 puuB_2
[01:50:19] Fixed 2 duplicate /gene - hcaB_1 hcaB_2
[01:50:19] Fixed 2 duplicate /gene - znuB_1 znuB_2
[01:50:19] Fixed 4 duplicate /gene - tolB_1 tolB_2 tolB_3 tolB_4
[01:50:19] Fixed 2 duplicate /gene - pheA_1 pheA_2
[01:50:19] Fixed 2 duplicate /gene - pdxH_1 pdxH_2
[01:50:19] Fixed 2 duplicate /gene - ettA_1 ettA_2
[01:50:19] Fixed 2 duplicate /gene - prr_1 prr_2
[01:50:19] Fixed 2 duplicate /gene - dhlA_1 dhlA_2
[01:50:19] Fixed 2 duplicate /gene - yajO_1 yajO_2
[01:50:19] Fixed 63 colliding /gene names.
[01:50:19] Adding /locus_tag identifiers
[01:50:19] Assigned 2166 locus_tags to CDS and RNA features.
[01:50:19] Writing outputs to /home/tola2495/GenomeAnalysisVT2022/analyses/05_annotation/prokka/RR4342133_Bacteria/bin_10.fa/
[01:50:21] Generating annotation statistics file
[01:50:21] Generating Genbank and Sequin files
[01:50:21] Running: tbl2asn -V b -a r10k -l paired-ends -M n -N 1 -y 'Annotated using prokka 1.14.6 from https://github.com/tseemann/prokka' -Z \/home\/tola2495\/GenomeAnalysisVT2022\/analyses\/05_annotation\/prokka\/RR4342133_Bacteria\/bin_10\.fa\/RR4342133_Bacteria\.err -i \/home\/tola2495\/GenomeAnalysisVT2022\/analyses\/05_annotation\/prokka\/RR4342133_Bacteria\/bin_10\.fa\/RR4342133_Bacteria\.fsa 2> /dev/null
[01:50:26] Deleting unwanted file: /home/tola2495/GenomeAnalysisVT2022/analyses/05_annotation/prokka/RR4342133_Bacteria/bin_10.fa/errorsummary.val
[01:50:26] Deleting unwanted file: /home/tola2495/GenomeAnalysisVT2022/analyses/05_annotation/prokka/RR4342133_Bacteria/bin_10.fa/RR4342133_Bacteria.dr
[01:50:26] Deleting unwanted file: /home/tola2495/GenomeAnalysisVT2022/analyses/05_annotation/prokka/RR4342133_Bacteria/bin_10.fa/RR4342133_Bacteria.fixedproducts
[01:50:26] Deleting unwanted file: /home/tola2495/GenomeAnalysisVT2022/analyses/05_annotation/prokka/RR4342133_Bacteria/bin_10.fa/RR4342133_Bacteria.ecn
[01:50:26] Deleting unwanted file: /home/tola2495/GenomeAnalysisVT2022/analyses/05_annotation/prokka/RR4342133_Bacteria/bin_10.fa/RR4342133_Bacteria.val
[01:50:26] Repairing broken .GBK output that tbl2asn produces...
[01:50:26] Running: sed 's/COORDINATES: profile/COORDINATES:profile/' < \/home\/tola2495\/GenomeAnalysisVT2022\/analyses\/05_annotation\/prokka\/RR4342133_Bacteria\/bin_10\.fa\/RR4342133_Bacteria\.gbf > \/home\/tola2495\/GenomeAnalysisVT2022\/analyses\/05_annotation\/prokka\/RR4342133_Bacteria\/bin_10\.fa\/RR4342133_Bacteria\.gbk
[01:50:26] Deleting unwanted file: /home/tola2495/GenomeAnalysisVT2022/analyses/05_annotation/prokka/RR4342133_Bacteria/bin_10.fa/RR4342133_Bacteria.gbf
[01:50:26] Output files:
[01:50:26] /home/tola2495/GenomeAnalysisVT2022/analyses/05_annotation/prokka/RR4342133_Bacteria/bin_10.fa/RR4342133_Bacteria.log
[01:50:26] /home/tola2495/GenomeAnalysisVT2022/analyses/05_annotation/prokka/RR4342133_Bacteria/bin_10.fa/RR4342133_Bacteria.fna
[01:50:26] /home/tola2495/GenomeAnalysisVT2022/analyses/05_annotation/prokka/RR4342133_Bacteria/bin_10.fa/RR4342133_Bacteria.gff
[01:50:26] /home/tola2495/GenomeAnalysisVT2022/analyses/05_annotation/prokka/RR4342133_Bacteria/bin_10.fa/RR4342133_Bacteria.faa
[01:50:26] /home/tola2495/GenomeAnalysisVT2022/analyses/05_annotation/prokka/RR4342133_Bacteria/bin_10.fa/RR4342133_Bacteria.ffn
[01:50:26] /home/tola2495/GenomeAnalysisVT2022/analyses/05_annotation/prokka/RR4342133_Bacteria/bin_10.fa/RR4342133_Bacteria.tbl
[01:50:26] /home/tola2495/GenomeAnalysisVT2022/analyses/05_annotation/prokka/RR4342133_Bacteria/bin_10.fa/RR4342133_Bacteria.fsa
[01:50:26] /home/tola2495/GenomeAnalysisVT2022/analyses/05_annotation/prokka/RR4342133_Bacteria/bin_10.fa/RR4342133_Bacteria.tsv
[01:50:26] /home/tola2495/GenomeAnalysisVT2022/analyses/05_annotation/prokka/RR4342133_Bacteria/bin_10.fa/RR4342133_Bacteria.txt
[01:50:26] /home/tola2495/GenomeAnalysisVT2022/analyses/05_annotation/prokka/RR4342133_Bacteria/bin_10.fa/RR4342133_Bacteria.gbk
[01:50:26] /home/tola2495/GenomeAnalysisVT2022/analyses/05_annotation/prokka/RR4342133_Bacteria/bin_10.fa/RR4342133_Bacteria.sqn
[01:50:26] /home/tola2495/GenomeAnalysisVT2022/analyses/05_annotation/prokka/RR4342133_Bacteria/bin_10.fa/RR4342133_Bacteria.err
[01:50:26] Annotation finished successfully.
[01:50:26] Walltime used: 4.23 minutes
[01:50:26] If you use this result please cite the Prokka paper:
[01:50:26] Seemann T (2014) Prokka: rapid prokaryotic genome annotation. Bioinformatics. 30(14):2068-9.
[01:50:26] Type 'prokka --citation' for more details.
[01:50:26] Thank you, come again.
