[03:18:52] This is prokka 1.14.6
[03:18:52] Written by Torsten Seemann <torsten.seemann@gmail.com>
[03:18:52] Homepage is https://github.com/tseemann/prokka
[03:18:52] Local time is Thu May 12 03:18:52 2022
[03:18:52] You are tola2495
[03:18:52] Operating system is linux
[03:18:52] You have BioPerl 1.007001
[03:18:52] System has 16 cores.
[03:18:52] Will use maximum of 2 cores.
[03:18:52] Annotating as >>> Bacteria <<<
[03:18:52] Generating locus_tag from 'bin_6.fa' contents.
[03:18:52] Setting --locustag DKAMADCO from MD5 d4a6adc8205aaf09559a8e2480368531
[03:18:52] Creating new output folder: /home/tola2495/GenomeAnalysisVT2022/analyses/05_annotation/prokka/RR4342133_Bacteria/bin_6.fa
[03:18:52] Running: mkdir -p \/home\/tola2495\/GenomeAnalysisVT2022\/analyses\/05_annotation\/prokka\/RR4342133_Bacteria\/bin_6\.fa
[03:18:52] Using filename prefix: RR4342133_Bacteria.XXX
[03:18:52] Setting HMMER_NCPU=1
[03:18:52] Writing log to: /home/tola2495/GenomeAnalysisVT2022/analyses/05_annotation/prokka/RR4342133_Bacteria/bin_6.fa/RR4342133_Bacteria.log
[03:18:52] Command: /sw/bioinfo/prokka/1.45-5b58020/snowy/bin/prokka --metagenome --cpus 2 --prefix RR4342133_Bacteria --outdir /home/tola2495/GenomeAnalysisVT2022/analyses/05_annotation/prokka/RR4342133_Bacteria/bin_6.fa bin_6.fa
[03:18:52] Appending to PATH: /sw/bioinfo/prokka/1.45-5b58020/rackham/bin/../binaries/linux
[03:18:52] Appending to PATH: /sw/bioinfo/prokka/1.45-5b58020/rackham/bin/../binaries/linux/../common
[03:18:52] Appending to PATH: /sw/bioinfo/prokka/1.45-5b58020/rackham/bin
[03:18:52] Looking for 'aragorn' - found /sw/bioinfo/prokka/1.45-5b58020/rackham/bin/../binaries/linux/aragorn
[03:18:52] Determined aragorn version is 001002 from 'ARAGORN v1.2.38 Dean Laslett'
[03:18:52] Looking for 'barrnap' - found /sw/bioinfo/barrnap/0.8/snowy/bin/barrnap
[03:18:52] Determined barrnap version is 000008 from 'barrnap 0.8'
[03:18:52] Looking for 'blastp' - found /sw/bioinfo/blast/2.11.0+/snowy/bin/blastp
[03:18:53] Determined blastp version is 002011 from 'blastp: 2.11.0+'
[03:18:53] Looking for 'cmpress' - found /sw/bioinfo/prokka/1.45-5b58020/rackham/bin/../binaries/linux/cmpress
[03:18:53] Determined cmpress version is 001001 from '# INFERNAL 1.1.2 (July 2016)'
[03:18:53] Looking for 'cmscan' - found /sw/bioinfo/prokka/1.45-5b58020/rackham/bin/../binaries/linux/cmscan
[03:18:53] Determined cmscan version is 001001 from '# INFERNAL 1.1.2 (July 2016)'
[03:18:53] Looking for 'egrep' - found /usr/bin/egrep
[03:18:53] Looking for 'find' - found /usr/bin/find
[03:18:53] Looking for 'grep' - found /usr/bin/grep
[03:18:53] Looking for 'hmmpress' - found /sw/apps/bioinfo/hmmer/3.1b2/snowy/bin/hmmpress
[03:18:53] Determined hmmpress version is 003001 from '# HMMER 3.1b2 (February 2015); http://hmmer.org/'
[03:18:53] Looking for 'hmmscan' - found /sw/apps/bioinfo/hmmer/3.1b2/snowy/bin/hmmscan
[03:18:53] Determined hmmscan version is 003001 from '# HMMER 3.1b2 (February 2015); http://hmmer.org/'
[03:18:53] Looking for 'java' - found /usr/bin/java
[03:18:53] Looking for 'makeblastdb' - found /sw/bioinfo/blast/2.11.0+/snowy/bin/makeblastdb
[03:18:53] Determined makeblastdb version is 002011 from 'makeblastdb: 2.11.0+'
[03:18:53] Looking for 'minced' - found /sw/apps/bioinfo/minced/0.2.0/snowy/minced
[03:18:54] Determined minced version is 002000 from 'minced 0.2.0'
[03:18:54] Looking for 'parallel' - found /sw/parallel/gnuparallel/20170122/snowy/bin/parallel
[03:18:54] Determined parallel version is 20170122 from 'GNU parallel 20170122'
[03:18:54] Looking for 'prodigal' - found /sw/apps/bioinfo/prodigal/2.6.3/snowy/bin/prodigal
[03:18:54] Determined prodigal version is 002006 from 'Prodigal V2.6.3: February, 2016'
[03:18:54] Looking for 'prokka-genbank_to_fasta_db' - found /sw/bioinfo/prokka/1.45-5b58020/snowy/bin/prokka-genbank_to_fasta_db
[03:18:54] Looking for 'sed' - found /usr/bin/sed
[03:18:54] Looking for 'signalp' - found /sw/bioinfo/SignalP/4.1f/snowy/signalp
[03:18:54] Determined signalp version is 004001 from '4.1 6204265'
[03:18:54] Looking for 'tbl2asn' - found /sw/bioinfo/tbl2asn/25.8/snowy/tbl2asn
[03:18:54] Determined tbl2asn version is 025008 from 'tbl2asn 25.8   arguments:'
[03:18:54] Using genetic code table 11.
[03:18:54] Loading and checking input file: bin_6.fa
[03:18:54] Wrote 240 contigs totalling 568849 bp.
[03:18:54] Predicting tRNAs and tmRNAs
[03:18:54] Running: aragorn -l -gc11  -w \/home\/tola2495\/GenomeAnalysisVT2022\/analyses\/05_annotation\/prokka\/RR4342133_Bacteria\/bin_6\.fa\/RR4342133_Bacteria\.fna
[03:18:54] 1 tmRNA c[477,833] 91,123 ANDYDVAVAA*
[03:18:54] 1 tRNA-Asn [606,680] 33 (gtt)
[03:18:54] 1 tRNA-Ser [1791,1876] 35 (tga)
[03:18:54] 2 tRNA-Ser [1936,2027] 36 (gct)
[03:18:54] 3 tRNA-Arg [2669,2743] 35 (gcg)
[03:18:54] 1 tRNA-Met c[127,200] 34 (cat)
[03:18:54] Found 6 tRNAs
[03:18:54] Predicting Ribosomal RNAs
[03:18:54] Running Barrnap with 2 threads
[03:18:55] Found 0 rRNAs
[03:18:55] Skipping ncRNA search, enable with --rfam if desired.
[03:18:55] Total of 5 tRNA + rRNA features
[03:18:55] Searching for CRISPR repeats
[03:18:55] Found 0 CRISPRs
[03:18:55] Predicting coding sequences
[03:18:55] Contigs total 568849 bp, so using meta mode
[03:18:55] Running: prodigal -i \/home\/tola2495\/GenomeAnalysisVT2022\/analyses\/05_annotation\/prokka\/RR4342133_Bacteria\/bin_6\.fa\/RR4342133_Bacteria\.fna -c -m -g 11 -p meta -f sco -q
[03:18:57] Found 561 CDS
[03:18:57] Connecting features back to sequences
[03:18:57] Not using genus-specific database. Try --usegenus to enable it.
[03:18:57] Annotating CDS, please be patient.
[03:18:57] Will use 2 CPUs for similarity searching.
[03:18:57] There are still 561 unannotated CDS left (started with 561)
[03:18:57] Will use blast to search against /sw/bioinfo/prokka/1.45-5b58020/rackham/db/kingdom/Bacteria/IS with 2 CPUs
[03:18:57] Running: cat \/home\/tola2495\/GenomeAnalysisVT2022\/analyses\/05_annotation\/prokka\/RR4342133_Bacteria\/bin_6\.fa\/RR4342133_Bacteria\.IS\.tmp\.41013\.faa | parallel --gnu --plain -j 2 --block 32548 --recstart '>' --pipe blastp -query - -db /sw/bioinfo/prokka/1.45-5b58020/rackham/db/kingdom/Bacteria/IS -evalue 1e-30 -qcov_hsp_perc 90 -num_threads 1 -num_descriptions 1 -num_alignments 1 -seg no > \/home\/tola2495\/GenomeAnalysisVT2022\/analyses\/05_annotation\/prokka\/RR4342133_Bacteria\/bin_6\.fa\/RR4342133_Bacteria\.IS\.tmp\.41013\.blast 2> /dev/null
[03:19:05] Deleting unwanted file: /home/tola2495/GenomeAnalysisVT2022/analyses/05_annotation/prokka/RR4342133_Bacteria/bin_6.fa/RR4342133_Bacteria.IS.tmp.41013.faa
[03:19:05] Deleting unwanted file: /home/tola2495/GenomeAnalysisVT2022/analyses/05_annotation/prokka/RR4342133_Bacteria/bin_6.fa/RR4342133_Bacteria.IS.tmp.41013.blast
[03:19:05] There are still 561 unannotated CDS left (started with 561)
[03:19:05] Will use blast to search against /sw/bioinfo/prokka/1.45-5b58020/rackham/db/kingdom/Bacteria/AMR with 2 CPUs
[03:19:05] Running: cat \/home\/tola2495\/GenomeAnalysisVT2022\/analyses\/05_annotation\/prokka\/RR4342133_Bacteria\/bin_6\.fa\/RR4342133_Bacteria\.AMR\.tmp\.41013\.faa | parallel --gnu --plain -j 2 --block 32548 --recstart '>' --pipe blastp -query - -db /sw/bioinfo/prokka/1.45-5b58020/rackham/db/kingdom/Bacteria/AMR -evalue 9.99999999999999e-301 -qcov_hsp_perc 90 -num_threads 1 -num_descriptions 1 -num_alignments 1 -seg no > \/home\/tola2495\/GenomeAnalysisVT2022\/analyses\/05_annotation\/prokka\/RR4342133_Bacteria\/bin_6\.fa\/RR4342133_Bacteria\.AMR\.tmp\.41013\.blast 2> /dev/null
[03:19:11] Deleting unwanted file: /home/tola2495/GenomeAnalysisVT2022/analyses/05_annotation/prokka/RR4342133_Bacteria/bin_6.fa/RR4342133_Bacteria.AMR.tmp.41013.faa
[03:19:11] Deleting unwanted file: /home/tola2495/GenomeAnalysisVT2022/analyses/05_annotation/prokka/RR4342133_Bacteria/bin_6.fa/RR4342133_Bacteria.AMR.tmp.41013.blast
[03:19:12] There are still 561 unannotated CDS left (started with 561)
[03:19:12] Will use blast to search against /sw/bioinfo/prokka/1.45-5b58020/rackham/db/kingdom/Bacteria/sprot with 2 CPUs
[03:19:12] Running: cat \/home\/tola2495\/GenomeAnalysisVT2022\/analyses\/05_annotation\/prokka\/RR4342133_Bacteria\/bin_6\.fa\/RR4342133_Bacteria\.sprot\.tmp\.41013\.faa | parallel --gnu --plain -j 2 --block 32548 --recstart '>' --pipe blastp -query - -db /sw/bioinfo/prokka/1.45-5b58020/rackham/db/kingdom/Bacteria/sprot -evalue 1e-09 -qcov_hsp_perc 80 -num_threads 1 -num_descriptions 1 -num_alignments 1 -seg no > \/home\/tola2495\/GenomeAnalysisVT2022\/analyses\/05_annotation\/prokka\/RR4342133_Bacteria\/bin_6\.fa\/RR4342133_Bacteria\.sprot\.tmp\.41013\.blast 2> /dev/null
[03:19:35] Modify product: 23S rRNA 5-hydroxycytidine C2501 synthase => 23S rRNA 5-hydroxycytidine synthase
[03:19:35] Modify product: Putative transport protein Rv0205 => Putative transport protein
[03:19:35] Modify product: Uncharacterized protein YqeY => putative protein YqeY
[03:19:35] Modify product: Probable tRNA sulfurtransferase => putative tRNA sulfurtransferase
[03:19:35] Modify product: UPF0182 protein MSMEG_1959/MSMEI_1915 => hypothetical protein
[03:19:35] Modify product: Putative peroxiredoxin Rv2521 => Putative peroxiredoxin
[03:19:35] Modify product: Cyclic nucleotide-gated potassium channel mll3241 => Cyclic nucleotide-gated potassium channel
[03:19:36] Modify product: UPF0301 protein SO_3346 => hypothetical protein
[03:19:36] Modify product: Uncharacterized protein TM_1570 => putative protein
[03:19:36] Modify product: Probable nicotinate-nucleotide adenylyltransferase => putative nicotinate-nucleotide adenylyltransferase
[03:19:36] Modify product: Probable peptidoglycan glycosyltransferase FtsW => putative peptidoglycan glycosyltransferase FtsW
[03:19:36] Modify product: GTP cyclohydrolase 1 type 2 homolog => GTP cyclohydrolase 1 type 2 
[03:19:36] Modify product: Uncharacterized protein Rv1339 => putative protein
[03:19:36] Modify product: Bifunctional protein FolD => Bifunctional protein FolD protein
[03:19:36] Modify product: Uncharacterized protein Rv1507c => putative protein
[03:19:36] Modify product: Putative 2-hydroxyacid dehydrogenase SA2098 => Putative 2-hydroxyacid dehydrogenase
[03:19:36] Modify product: Uncharacterized protein YcgM => putative protein YcgM
[03:19:36] Modify product: Uncharacterized protein YfgD => putative protein YfgD
[03:19:36] Cleaned 18 /product names
[03:19:36] Deleting unwanted file: /home/tola2495/GenomeAnalysisVT2022/analyses/05_annotation/prokka/RR4342133_Bacteria/bin_6.fa/RR4342133_Bacteria.sprot.tmp.41013.faa
[03:19:36] Deleting unwanted file: /home/tola2495/GenomeAnalysisVT2022/analyses/05_annotation/prokka/RR4342133_Bacteria/bin_6.fa/RR4342133_Bacteria.sprot.tmp.41013.blast
[03:19:36] There are still 345 unannotated CDS left (started with 561)
[03:19:36] Will use hmmer3 to search against /sw/bioinfo/prokka/1.45-5b58020/rackham/db/hmm/HAMAP.hmm with 2 CPUs
[03:19:36] Running: cat \/home\/tola2495\/GenomeAnalysisVT2022\/analyses\/05_annotation\/prokka\/RR4342133_Bacteria\/bin_6\.fa\/RR4342133_Bacteria\.HAMAP\.hmm\.tmp\.41013\.faa | parallel --gnu --plain -j 2 --block 16992 --recstart '>' --pipe hmmscan --noali --notextw --acc -E 1e-09 --cpu 1 /sw/bioinfo/prokka/1.45-5b58020/rackham/db/hmm/HAMAP.hmm /dev/stdin > \/home\/tola2495\/GenomeAnalysisVT2022\/analyses\/05_annotation\/prokka\/RR4342133_Bacteria\/bin_6\.fa\/RR4342133_Bacteria\.HAMAP\.hmm\.tmp\.41013\.hmmer3 2> /dev/null
[03:19:52] Deleting unwanted file: /home/tola2495/GenomeAnalysisVT2022/analyses/05_annotation/prokka/RR4342133_Bacteria/bin_6.fa/RR4342133_Bacteria.HAMAP.hmm.tmp.41013.faa
[03:19:52] Deleting unwanted file: /home/tola2495/GenomeAnalysisVT2022/analyses/05_annotation/prokka/RR4342133_Bacteria/bin_6.fa/RR4342133_Bacteria.HAMAP.hmm.tmp.41013.hmmer3
[03:19:52] Labelling remaining 306 proteins as 'hypothetical protein'
[03:19:52] Possible /pseudo 'UDP-N-acetylglucosamine 1-carboxyvinyltransferase' at k105_15829 position 402
[03:19:52] Possible /pseudo 'Twitching mobility protein' at k105_120217 position 1002
[03:19:52] Possible /pseudo 'Macrolide export ATP-binding/permease protein MacB' at k105_132510 position 1476
[03:19:52] Found 222 unique /gene codes.
[03:19:52] Fixed 2 duplicate /gene - bepA_1 bepA_2
[03:19:52] Fixed 2 duplicate /gene - cpoB_1 cpoB_2
[03:19:52] Fixed 2 duplicate /gene - macB_1 macB_2
[03:19:52] Fixed 2 duplicate /gene - nuoM_1 nuoM_2
[03:19:52] Fixed 2 duplicate /gene - speE_1 speE_2
[03:19:52] Fixed 2 duplicate /gene - atoS_1 atoS_2
[03:19:52] Fixed 4 duplicate /gene - pkn1_1 pkn1_2 pkn1_3 pkn1_4
[03:19:52] Fixed 2 duplicate /gene - pepF1_1 pepF1_2
[03:19:52] Fixed 2 duplicate /gene - acpS_1 acpS_2
[03:19:52] Fixed 2 duplicate /gene - mshA_1 mshA_2
[03:19:52] Fixed 2 duplicate /gene - murA_1 murA_2
[03:19:52] Fixed 2 duplicate /gene - COQ3_1 COQ3_2
[03:19:52] Fixed 2 duplicate /gene - lapB_1 lapB_2
[03:19:52] Fixed 2 duplicate /gene - pilT_1 pilT_2
[03:19:52] Fixed 2 duplicate /gene - gyrB_1 gyrB_2
[03:19:52] Fixed 15 colliding /gene names.
[03:19:52] Adding /locus_tag identifiers
[03:19:52] Assigned 567 locus_tags to CDS and RNA features.
[03:19:52] Writing outputs to /home/tola2495/GenomeAnalysisVT2022/analyses/05_annotation/prokka/RR4342133_Bacteria/bin_6.fa/
[03:19:53] Generating annotation statistics file
[03:19:53] Generating Genbank and Sequin files
[03:19:53] Running: tbl2asn -V b -a r10k -l paired-ends -M n -N 1 -y 'Annotated using prokka 1.14.6 from https://github.com/tseemann/prokka' -Z \/home\/tola2495\/GenomeAnalysisVT2022\/analyses\/05_annotation\/prokka\/RR4342133_Bacteria\/bin_6\.fa\/RR4342133_Bacteria\.err -i \/home\/tola2495\/GenomeAnalysisVT2022\/analyses\/05_annotation\/prokka\/RR4342133_Bacteria\/bin_6\.fa\/RR4342133_Bacteria\.fsa 2> /dev/null
[03:19:54] Deleting unwanted file: /home/tola2495/GenomeAnalysisVT2022/analyses/05_annotation/prokka/RR4342133_Bacteria/bin_6.fa/errorsummary.val
[03:19:54] Deleting unwanted file: /home/tola2495/GenomeAnalysisVT2022/analyses/05_annotation/prokka/RR4342133_Bacteria/bin_6.fa/RR4342133_Bacteria.dr
[03:19:54] Deleting unwanted file: /home/tola2495/GenomeAnalysisVT2022/analyses/05_annotation/prokka/RR4342133_Bacteria/bin_6.fa/RR4342133_Bacteria.fixedproducts
[03:19:54] Deleting unwanted file: /home/tola2495/GenomeAnalysisVT2022/analyses/05_annotation/prokka/RR4342133_Bacteria/bin_6.fa/RR4342133_Bacteria.ecn
[03:19:54] Deleting unwanted file: /home/tola2495/GenomeAnalysisVT2022/analyses/05_annotation/prokka/RR4342133_Bacteria/bin_6.fa/RR4342133_Bacteria.val
[03:19:54] Repairing broken .GBK output that tbl2asn produces...
[03:19:54] Running: sed 's/COORDINATES: profile/COORDINATES:profile/' < \/home\/tola2495\/GenomeAnalysisVT2022\/analyses\/05_annotation\/prokka\/RR4342133_Bacteria\/bin_6\.fa\/RR4342133_Bacteria\.gbf > \/home\/tola2495\/GenomeAnalysisVT2022\/analyses\/05_annotation\/prokka\/RR4342133_Bacteria\/bin_6\.fa\/RR4342133_Bacteria\.gbk
[03:19:54] Deleting unwanted file: /home/tola2495/GenomeAnalysisVT2022/analyses/05_annotation/prokka/RR4342133_Bacteria/bin_6.fa/RR4342133_Bacteria.gbf
[03:19:54] Output files:
[03:19:54] /home/tola2495/GenomeAnalysisVT2022/analyses/05_annotation/prokka/RR4342133_Bacteria/bin_6.fa/RR4342133_Bacteria.log
[03:19:54] /home/tola2495/GenomeAnalysisVT2022/analyses/05_annotation/prokka/RR4342133_Bacteria/bin_6.fa/RR4342133_Bacteria.fna
[03:19:54] /home/tola2495/GenomeAnalysisVT2022/analyses/05_annotation/prokka/RR4342133_Bacteria/bin_6.fa/RR4342133_Bacteria.gff
[03:19:54] /home/tola2495/GenomeAnalysisVT2022/analyses/05_annotation/prokka/RR4342133_Bacteria/bin_6.fa/RR4342133_Bacteria.faa
[03:19:54] /home/tola2495/GenomeAnalysisVT2022/analyses/05_annotation/prokka/RR4342133_Bacteria/bin_6.fa/RR4342133_Bacteria.ffn
[03:19:54] /home/tola2495/GenomeAnalysisVT2022/analyses/05_annotation/prokka/RR4342133_Bacteria/bin_6.fa/RR4342133_Bacteria.tbl
[03:19:54] /home/tola2495/GenomeAnalysisVT2022/analyses/05_annotation/prokka/RR4342133_Bacteria/bin_6.fa/RR4342133_Bacteria.fsa
[03:19:54] /home/tola2495/GenomeAnalysisVT2022/analyses/05_annotation/prokka/RR4342133_Bacteria/bin_6.fa/RR4342133_Bacteria.tsv
[03:19:54] /home/tola2495/GenomeAnalysisVT2022/analyses/05_annotation/prokka/RR4342133_Bacteria/bin_6.fa/RR4342133_Bacteria.txt
[03:19:54] /home/tola2495/GenomeAnalysisVT2022/analyses/05_annotation/prokka/RR4342133_Bacteria/bin_6.fa/RR4342133_Bacteria.gbk
[03:19:54] /home/tola2495/GenomeAnalysisVT2022/analyses/05_annotation/prokka/RR4342133_Bacteria/bin_6.fa/RR4342133_Bacteria.sqn
[03:19:54] /home/tola2495/GenomeAnalysisVT2022/analyses/05_annotation/prokka/RR4342133_Bacteria/bin_6.fa/RR4342133_Bacteria.err
[03:19:54] Annotation finished successfully.
[03:19:54] Walltime used: 1.03 minutes
[03:19:54] If you use this result please cite the Prokka paper:
[03:19:54] Seemann T (2014) Prokka: rapid prokaryotic genome annotation. Bioinformatics. 30(14):2068-9.
[03:19:54] Type 'prokka --citation' for more details.
[03:19:54] Thank you, come again.
