[04:10:15] This is prokka 1.14.6
[04:10:15] Written by Torsten Seemann <torsten.seemann@gmail.com>
[04:10:15] Homepage is https://github.com/tseemann/prokka
[04:10:15] Local time is Thu May 12 04:10:15 2022
[04:10:15] You are tola2495
[04:10:15] Operating system is linux
[04:10:15] You have BioPerl 1.007001
[04:10:15] System has 16 cores.
[04:10:15] Will use maximum of 2 cores.
[04:10:15] Annotating as >>> Archaea <<<
[04:10:15] Generating locus_tag from 'bin_21.fa' contents.
[04:10:15] Setting --locustag BOLMGFJK from MD5 b8560f34e7b7a047cab38c63235654af
[04:10:15] Creating new output folder: /home/tola2495/GenomeAnalysisVT2022/analyses/05_annotation/prokka/RR4342133_Archaea/bin_21.fa
[04:10:15] Running: mkdir -p \/home\/tola2495\/GenomeAnalysisVT2022\/analyses\/05_annotation\/prokka\/RR4342133_Archaea\/bin_21\.fa
[04:10:15] Using filename prefix: RR4342133_Archaea.XXX
[04:10:15] Setting HMMER_NCPU=1
[04:10:15] Writing log to: /home/tola2495/GenomeAnalysisVT2022/analyses/05_annotation/prokka/RR4342133_Archaea/bin_21.fa/RR4342133_Archaea.log
[04:10:15] Command: /sw/bioinfo/prokka/1.45-5b58020/snowy/bin/prokka --metagenome --cpus 2 --kingdom Archaea --prefix RR4342133_Archaea --outdir /home/tola2495/GenomeAnalysisVT2022/analyses/05_annotation/prokka/RR4342133_Archaea/bin_21.fa bin_21.fa
[04:10:15] Appending to PATH: /sw/bioinfo/prokka/1.45-5b58020/rackham/bin/../binaries/linux
[04:10:15] Appending to PATH: /sw/bioinfo/prokka/1.45-5b58020/rackham/bin/../binaries/linux/../common
[04:10:15] Appending to PATH: /sw/bioinfo/prokka/1.45-5b58020/rackham/bin
[04:10:15] Looking for 'aragorn' - found /sw/bioinfo/prokka/1.45-5b58020/rackham/bin/../binaries/linux/aragorn
[04:10:15] Determined aragorn version is 001002 from 'ARAGORN v1.2.38 Dean Laslett'
[04:10:15] Looking for 'barrnap' - found /sw/bioinfo/barrnap/0.8/snowy/bin/barrnap
[04:10:15] Determined barrnap version is 000008 from 'barrnap 0.8'
[04:10:15] Looking for 'blastp' - found /sw/bioinfo/blast/2.11.0+/snowy/bin/blastp
[04:10:15] Determined blastp version is 002011 from 'blastp: 2.11.0+'
[04:10:15] Looking for 'cmpress' - found /sw/bioinfo/prokka/1.45-5b58020/rackham/bin/../binaries/linux/cmpress
[04:10:15] Determined cmpress version is 001001 from '# INFERNAL 1.1.2 (July 2016)'
[04:10:15] Looking for 'cmscan' - found /sw/bioinfo/prokka/1.45-5b58020/rackham/bin/../binaries/linux/cmscan
[04:10:15] Determined cmscan version is 001001 from '# INFERNAL 1.1.2 (July 2016)'
[04:10:15] Looking for 'egrep' - found /usr/bin/egrep
[04:10:15] Looking for 'find' - found /usr/bin/find
[04:10:15] Looking for 'grep' - found /usr/bin/grep
[04:10:15] Looking for 'hmmpress' - found /sw/apps/bioinfo/hmmer/3.1b2/snowy/bin/hmmpress
[04:10:15] Determined hmmpress version is 003001 from '# HMMER 3.1b2 (February 2015); http://hmmer.org/'
[04:10:15] Looking for 'hmmscan' - found /sw/apps/bioinfo/hmmer/3.1b2/snowy/bin/hmmscan
[04:10:15] Determined hmmscan version is 003001 from '# HMMER 3.1b2 (February 2015); http://hmmer.org/'
[04:10:15] Looking for 'java' - found /usr/bin/java
[04:10:15] Looking for 'makeblastdb' - found /sw/bioinfo/blast/2.11.0+/snowy/bin/makeblastdb
[04:10:16] Determined makeblastdb version is 002011 from 'makeblastdb: 2.11.0+'
[04:10:16] Looking for 'minced' - found /sw/apps/bioinfo/minced/0.2.0/snowy/minced
[04:10:16] Determined minced version is 002000 from 'minced 0.2.0'
[04:10:16] Looking for 'parallel' - found /sw/parallel/gnuparallel/20170122/snowy/bin/parallel
[04:10:16] Determined parallel version is 20170122 from 'GNU parallel 20170122'
[04:10:16] Looking for 'prodigal' - found /sw/apps/bioinfo/prodigal/2.6.3/snowy/bin/prodigal
[04:10:16] Determined prodigal version is 002006 from 'Prodigal V2.6.3: February, 2016'
[04:10:16] Looking for 'prokka-genbank_to_fasta_db' - found /sw/bioinfo/prokka/1.45-5b58020/snowy/bin/prokka-genbank_to_fasta_db
[04:10:16] Looking for 'sed' - found /usr/bin/sed
[04:10:16] Looking for 'signalp' - found /sw/bioinfo/SignalP/4.1f/snowy/signalp
[04:10:16] Determined signalp version is 004001 from '4.1 6204265'
[04:10:16] Looking for 'tbl2asn' - found /sw/bioinfo/tbl2asn/25.8/snowy/tbl2asn
[04:10:16] Determined tbl2asn version is 025008 from 'tbl2asn 25.8   arguments:'
[04:10:16] Using genetic code table 11.
[04:10:16] Loading and checking input file: bin_21.fa
[04:10:16] Wrote 56 contigs totalling 251261 bp.
[04:10:16] Predicting tRNAs and tmRNAs
[04:10:16] Running: aragorn -l -gc11  -w \/home\/tola2495\/GenomeAnalysisVT2022\/analyses\/05_annotation\/prokka\/RR4342133_Archaea\/bin_21\.fa\/RR4342133_Archaea\.fna
[04:10:17] 1 tRNA-Thr c[3582,3656] 36 (tgt)
[04:10:17] 1 tRNA-Gly [6,82] 36 (gcc)
[04:10:17] Found 2 tRNAs
[04:10:17] Predicting Ribosomal RNAs
[04:10:17] Running Barrnap with 2 threads
[04:10:17] Found 0 rRNAs
[04:10:17] Skipping ncRNA search, enable with --rfam if desired.
[04:10:17] Total of 2 tRNA + rRNA features
[04:10:17] Searching for CRISPR repeats
[04:10:17] Found 0 CRISPRs
[04:10:17] Predicting coding sequences
[04:10:17] Contigs total 251261 bp, so using meta mode
[04:10:17] Running: prodigal -i \/home\/tola2495\/GenomeAnalysisVT2022\/analyses\/05_annotation\/prokka\/RR4342133_Archaea\/bin_21\.fa\/RR4342133_Archaea\.fna -c -m -g 11 -p meta -f sco -q
[04:10:18] Found 302 CDS
[04:10:18] Connecting features back to sequences
[04:10:18] Not using genus-specific database. Try --usegenus to enable it.
[04:10:18] Annotating CDS, please be patient.
[04:10:18] Will use 2 CPUs for similarity searching.
[04:10:18] There are still 302 unannotated CDS left (started with 302)
[04:10:18] Will use blast to search against /sw/bioinfo/prokka/1.45-5b58020/rackham/db/kingdom/Archaea/sprot with 2 CPUs
[04:10:18] Running: cat \/home\/tola2495\/GenomeAnalysisVT2022\/analyses\/05_annotation\/prokka\/RR4342133_Archaea\/bin_21\.fa\/RR4342133_Archaea\.sprot\.tmp\.16387\.faa | parallel --gnu --plain -j 2 --block 17904 --recstart '>' --pipe blastp -query - -db /sw/bioinfo/prokka/1.45-5b58020/rackham/db/kingdom/Archaea/sprot -evalue 1e-09 -qcov_hsp_perc 80 -num_threads 1 -num_descriptions 1 -num_alignments 1 -seg no > \/home\/tola2495\/GenomeAnalysisVT2022\/analyses\/05_annotation\/prokka\/RR4342133_Archaea\/bin_21\.fa\/RR4342133_Archaea\.sprot\.tmp\.16387\.blast 2> /dev/null
[04:10:22] Modify product: Putative ammonium transporter MJ1343 => Putative ammonium transporter
[04:10:22] Modify product: Uncharacterized nitrogen regulatory PII-like protein MJ0059 => putative nitrogen regulatory PII-like protein
[04:10:22] Modify product: Probable deoxyhypusine synthase => putative deoxyhypusine synthase
[04:10:22] Modify product: Uncharacterized ABC transporter ATP-binding protein MJ0796 => putative ABC transporter ATP-binding protein
[04:10:22] Modify product: Probable ATP-dependent RNA helicase MJ0669 => putative ATP-dependent RNA helicase
[04:10:22] Modify product: Uncharacterized nitrogen regulatory PII-like protein MJ0059 => putative nitrogen regulatory PII-like protein
[04:10:22] Modify product: UPF0215 protein AF_1433 => hypothetical protein
[04:10:22] Modify product: Uncharacterized KH and PIN-domain containing protein MJ1533 => putative KH and PIN-domain containing protein
[04:10:22] Modify product: Protein translation factor SUI1 homolog => Protein translation factor SUI1 
[04:10:22] Modify product: Zinc metalloprotease TldD homolog => Zinc metalloprotease TldD 
[04:10:22] Modify product: Uncharacterized nitrogen regulatory PII-like protein MJ0059 => putative nitrogen regulatory PII-like protein
[04:10:22] Cleaned 11 /product names
[04:10:22] Deleting unwanted file: /home/tola2495/GenomeAnalysisVT2022/analyses/05_annotation/prokka/RR4342133_Archaea/bin_21.fa/RR4342133_Archaea.sprot.tmp.16387.faa
[04:10:22] Deleting unwanted file: /home/tola2495/GenomeAnalysisVT2022/analyses/05_annotation/prokka/RR4342133_Archaea/bin_21.fa/RR4342133_Archaea.sprot.tmp.16387.blast
[04:10:22] There are still 225 unannotated CDS left (started with 302)
[04:10:22] Will use hmmer3 to search against /sw/bioinfo/prokka/1.45-5b58020/rackham/db/hmm/HAMAP.hmm with 2 CPUs
[04:10:22] Running: cat \/home\/tola2495\/GenomeAnalysisVT2022\/analyses\/05_annotation\/prokka\/RR4342133_Archaea\/bin_21\.fa\/RR4342133_Archaea\.HAMAP\.hmm\.tmp\.16387\.faa | parallel --gnu --plain -j 2 --block 12016 --recstart '>' --pipe hmmscan --noali --notextw --acc -E 1e-09 --cpu 1 /sw/bioinfo/prokka/1.45-5b58020/rackham/db/hmm/HAMAP.hmm /dev/stdin > \/home\/tola2495\/GenomeAnalysisVT2022\/analyses\/05_annotation\/prokka\/RR4342133_Archaea\/bin_21\.fa\/RR4342133_Archaea\.HAMAP\.hmm\.tmp\.16387\.hmmer3 2> /dev/null
[04:10:33] Modify product: Uncharacterized Nudix hydrolase NudL => putative Nudix hydrolase NudL
[04:10:33] Modify product: Uncharacterized MFS-type transporter YcaD => putative MFS-type transporter YcaD
[04:10:33] Cleaned 2 /product names
[04:10:33] Deleting unwanted file: /home/tola2495/GenomeAnalysisVT2022/analyses/05_annotation/prokka/RR4342133_Archaea/bin_21.fa/RR4342133_Archaea.HAMAP.hmm.tmp.16387.faa
[04:10:33] Deleting unwanted file: /home/tola2495/GenomeAnalysisVT2022/analyses/05_annotation/prokka/RR4342133_Archaea/bin_21.fa/RR4342133_Archaea.HAMAP.hmm.tmp.16387.hmmer3
[04:10:33] Labelling remaining 186 proteins as 'hypothetical protein'
[04:10:33] Found 82 unique /gene codes.
[04:10:33] Fixed 2 duplicate /gene - iscU2_1 iscU2_2
[04:10:33] Fixed 2 duplicate /gene - tbp_1 tbp_2
[04:10:33] Fixed 2 duplicate /gene - gyaR_1 gyaR_2
[04:10:33] Fixed 2 duplicate /gene - dbpA_1 dbpA_2
[04:10:33] Fixed 2 duplicate /gene - rutE_1 rutE_2
[04:10:33] Fixed 2 duplicate /gene - sufS_1 sufS_2
[04:10:33] Fixed 2 duplicate /gene - kefB_1 kefB_2
[04:10:33] Fixed 2 duplicate /gene - tdh_1 tdh_2
[04:10:33] Fixed 2 duplicate /gene - pgk_1 pgk_2
[04:10:33] Fixed 9 colliding /gene names.
[04:10:33] Adding /locus_tag identifiers
[04:10:33] Assigned 304 locus_tags to CDS and RNA features.
[04:10:33] Writing outputs to /home/tola2495/GenomeAnalysisVT2022/analyses/05_annotation/prokka/RR4342133_Archaea/bin_21.fa/
[04:10:34] Generating annotation statistics file
[04:10:34] Generating Genbank and Sequin files
[04:10:34] Running: tbl2asn -V b -a r10k -l paired-ends -M n -N 1 -y 'Annotated using prokka 1.14.6 from https://github.com/tseemann/prokka' -Z \/home\/tola2495\/GenomeAnalysisVT2022\/analyses\/05_annotation\/prokka\/RR4342133_Archaea\/bin_21\.fa\/RR4342133_Archaea\.err -i \/home\/tola2495\/GenomeAnalysisVT2022\/analyses\/05_annotation\/prokka\/RR4342133_Archaea\/bin_21\.fa\/RR4342133_Archaea\.fsa 2> /dev/null
[04:10:34] Deleting unwanted file: /home/tola2495/GenomeAnalysisVT2022/analyses/05_annotation/prokka/RR4342133_Archaea/bin_21.fa/errorsummary.val
[04:10:34] Deleting unwanted file: /home/tola2495/GenomeAnalysisVT2022/analyses/05_annotation/prokka/RR4342133_Archaea/bin_21.fa/RR4342133_Archaea.dr
[04:10:34] Deleting unwanted file: /home/tola2495/GenomeAnalysisVT2022/analyses/05_annotation/prokka/RR4342133_Archaea/bin_21.fa/RR4342133_Archaea.fixedproducts
[04:10:34] Deleting unwanted file: /home/tola2495/GenomeAnalysisVT2022/analyses/05_annotation/prokka/RR4342133_Archaea/bin_21.fa/RR4342133_Archaea.ecn
[04:10:34] Deleting unwanted file: /home/tola2495/GenomeAnalysisVT2022/analyses/05_annotation/prokka/RR4342133_Archaea/bin_21.fa/RR4342133_Archaea.val
[04:10:34] Repairing broken .GBK output that tbl2asn produces...
[04:10:34] Running: sed 's/COORDINATES: profile/COORDINATES:profile/' < \/home\/tola2495\/GenomeAnalysisVT2022\/analyses\/05_annotation\/prokka\/RR4342133_Archaea\/bin_21\.fa\/RR4342133_Archaea\.gbf > \/home\/tola2495\/GenomeAnalysisVT2022\/analyses\/05_annotation\/prokka\/RR4342133_Archaea\/bin_21\.fa\/RR4342133_Archaea\.gbk
[04:10:34] Deleting unwanted file: /home/tola2495/GenomeAnalysisVT2022/analyses/05_annotation/prokka/RR4342133_Archaea/bin_21.fa/RR4342133_Archaea.gbf
[04:10:34] Output files:
[04:10:34] /home/tola2495/GenomeAnalysisVT2022/analyses/05_annotation/prokka/RR4342133_Archaea/bin_21.fa/RR4342133_Archaea.log
[04:10:34] /home/tola2495/GenomeAnalysisVT2022/analyses/05_annotation/prokka/RR4342133_Archaea/bin_21.fa/RR4342133_Archaea.fna
[04:10:34] /home/tola2495/GenomeAnalysisVT2022/analyses/05_annotation/prokka/RR4342133_Archaea/bin_21.fa/RR4342133_Archaea.gff
[04:10:34] /home/tola2495/GenomeAnalysisVT2022/analyses/05_annotation/prokka/RR4342133_Archaea/bin_21.fa/RR4342133_Archaea.faa
[04:10:34] /home/tola2495/GenomeAnalysisVT2022/analyses/05_annotation/prokka/RR4342133_Archaea/bin_21.fa/RR4342133_Archaea.ffn
[04:10:34] /home/tola2495/GenomeAnalysisVT2022/analyses/05_annotation/prokka/RR4342133_Archaea/bin_21.fa/RR4342133_Archaea.tbl
[04:10:34] /home/tola2495/GenomeAnalysisVT2022/analyses/05_annotation/prokka/RR4342133_Archaea/bin_21.fa/RR4342133_Archaea.fsa
[04:10:34] /home/tola2495/GenomeAnalysisVT2022/analyses/05_annotation/prokka/RR4342133_Archaea/bin_21.fa/RR4342133_Archaea.tsv
[04:10:34] /home/tola2495/GenomeAnalysisVT2022/analyses/05_annotation/prokka/RR4342133_Archaea/bin_21.fa/RR4342133_Archaea.txt
[04:10:34] /home/tola2495/GenomeAnalysisVT2022/analyses/05_annotation/prokka/RR4342133_Archaea/bin_21.fa/RR4342133_Archaea.sqn
[04:10:34] /home/tola2495/GenomeAnalysisVT2022/analyses/05_annotation/prokka/RR4342133_Archaea/bin_21.fa/RR4342133_Archaea.gbk
[04:10:34] /home/tola2495/GenomeAnalysisVT2022/analyses/05_annotation/prokka/RR4342133_Archaea/bin_21.fa/RR4342133_Archaea.err
[04:10:34] Annotation finished successfully.
[04:10:34] Walltime used: 0.32 minutes
[04:10:34] If you use this result please cite the Prokka paper:
[04:10:34] Seemann T (2014) Prokka: rapid prokaryotic genome annotation. Bioinformatics. 30(14):2068-9.
[04:10:34] Type 'prokka --citation' for more details.
[04:10:34] Share and enjoy!
