[12:38:04] This is prokka 1.14.6
[12:38:04] Written by Torsten Seemann <torsten.seemann@gmail.com>
[12:38:04] Homepage is https://github.com/tseemann/prokka
[12:38:04] Local time is Tue May  3 12:38:04 2022
[12:38:04] You are tola2495
[12:38:04] Operating system is linux
[12:38:04] You have BioPerl 1.007001
[12:38:04] System has 16 cores.
[12:38:04] Will use maximum of 2 cores.
[12:38:04] Annotating as >>> Archaea <<<
[12:38:04] Generating locus_tag from 'bin_12.fa' contents.
[12:38:04] Setting --locustag BADAPBHC from MD5 bada9b1c13e259122b31933ad59d1466
[12:38:04] Creating new output folder: /home/tola2495/GenomeAnalysisVT2022/analyses/05_annotation/prokka/RR4342129_Archaea/bin_12.fa
[12:38:04] Running: mkdir -p \/home\/tola2495\/GenomeAnalysisVT2022\/analyses\/05_annotation\/prokka\/RR4342129_Archaea\/bin_12\.fa
[12:38:04] Using filename prefix: RR4342129_Archaea.XXX
[12:38:04] Setting HMMER_NCPU=1
[12:38:04] Writing log to: /home/tola2495/GenomeAnalysisVT2022/analyses/05_annotation/prokka/RR4342129_Archaea/bin_12.fa/RR4342129_Archaea.log
[12:38:04] Command: /sw/bioinfo/prokka/1.45-5b58020/snowy/bin/prokka --metagenome --cpus 2 --kingdom Archaea --prefix RR4342129_Archaea --outdir /home/tola2495/GenomeAnalysisVT2022/analyses/05_annotation/prokka/RR4342129_Archaea/bin_12.fa bin_12.fa
[12:38:04] Appending to PATH: /sw/bioinfo/prokka/1.45-5b58020/rackham/bin/../binaries/linux
[12:38:04] Appending to PATH: /sw/bioinfo/prokka/1.45-5b58020/rackham/bin/../binaries/linux/../common
[12:38:04] Appending to PATH: /sw/bioinfo/prokka/1.45-5b58020/rackham/bin
[12:38:04] Looking for 'aragorn' - found /sw/bioinfo/prokka/1.45-5b58020/rackham/bin/../binaries/linux/aragorn
[12:38:04] Determined aragorn version is 001002 from 'ARAGORN v1.2.38 Dean Laslett'
[12:38:04] Looking for 'barrnap' - found /sw/bioinfo/barrnap/0.8/snowy/bin/barrnap
[12:38:04] Determined barrnap version is 000008 from 'barrnap 0.8'
[12:38:04] Looking for 'blastp' - found /sw/bioinfo/blast/2.11.0+/snowy/bin/blastp
[12:38:05] Determined blastp version is 002011 from 'blastp: 2.11.0+'
[12:38:05] Looking for 'cmpress' - found /sw/bioinfo/prokka/1.45-5b58020/rackham/bin/../binaries/linux/cmpress
[12:38:05] Determined cmpress version is 001001 from '# INFERNAL 1.1.2 (July 2016)'
[12:38:05] Looking for 'cmscan' - found /sw/bioinfo/prokka/1.45-5b58020/rackham/bin/../binaries/linux/cmscan
[12:38:05] Determined cmscan version is 001001 from '# INFERNAL 1.1.2 (July 2016)'
[12:38:05] Looking for 'egrep' - found /usr/bin/egrep
[12:38:05] Looking for 'find' - found /usr/bin/find
[12:38:05] Looking for 'grep' - found /usr/bin/grep
[12:38:05] Looking for 'hmmpress' - found /sw/apps/bioinfo/hmmer/3.1b2/snowy/bin/hmmpress
[12:38:05] Determined hmmpress version is 003001 from '# HMMER 3.1b2 (February 2015); http://hmmer.org/'
[12:38:05] Looking for 'hmmscan' - found /sw/apps/bioinfo/hmmer/3.1b2/snowy/bin/hmmscan
[12:38:05] Determined hmmscan version is 003001 from '# HMMER 3.1b2 (February 2015); http://hmmer.org/'
[12:38:05] Looking for 'java' - found /usr/bin/java
[12:38:05] Looking for 'makeblastdb' - found /sw/bioinfo/blast/2.11.0+/snowy/bin/makeblastdb
[12:38:05] Determined makeblastdb version is 002011 from 'makeblastdb: 2.11.0+'
[12:38:05] Looking for 'minced' - found /sw/apps/bioinfo/minced/0.2.0/snowy/minced
[12:38:05] Determined minced version is 002000 from 'minced 0.2.0'
[12:38:05] Looking for 'parallel' - found /sw/parallel/gnuparallel/20170122/snowy/bin/parallel
[12:38:06] Determined parallel version is 20170122 from 'GNU parallel 20170122'
[12:38:06] Looking for 'prodigal' - found /sw/apps/bioinfo/prodigal/2.6.3/snowy/bin/prodigal
[12:38:06] Determined prodigal version is 002006 from 'Prodigal V2.6.3: February, 2016'
[12:38:06] Looking for 'prokka-genbank_to_fasta_db' - found /sw/bioinfo/prokka/1.45-5b58020/snowy/bin/prokka-genbank_to_fasta_db
[12:38:06] Looking for 'sed' - found /usr/bin/sed
[12:38:06] Looking for 'signalp' - found /sw/bioinfo/SignalP/4.1f/snowy/signalp
[12:38:06] Determined signalp version is 004001 from '4.1 6180816'
[12:38:06] Looking for 'tbl2asn' - found /sw/bioinfo/tbl2asn/25.8/snowy/tbl2asn
[12:38:06] Determined tbl2asn version is 025008 from 'tbl2asn 25.8   arguments:'
[12:38:06] Using genetic code table 11.
[12:38:06] Loading and checking input file: bin_12.fa
[12:38:06] Wrote 393 contigs totalling 1143487 bp.
[12:38:06] Predicting tRNAs and tmRNAs
[12:38:06] Running: aragorn -l -gc11  -w \/home\/tola2495\/GenomeAnalysisVT2022\/analyses\/05_annotation\/prokka\/RR4342129_Archaea\/bin_12\.fa\/RR4342129_Archaea\.fna
[12:38:06] 1 tRNA-Gly [1198,1269] 33 (ccc)
[12:38:06] 1 tRNA-Thr c[2121,2193] 33 (cgt)
[12:38:06] 1 tRNA-Lys c[684,757] 34 (ctt)
[12:38:06] 2 tRNA-His c[1105,1181] 35 (gtg)
[12:38:06] 1 tRNA-Ala c[196,270] 35 (tgc)
[12:38:06] 2 tRNA-Ile c[5470,5544] 35 (gat)
[12:38:06] 1 tRNA-Arg [4247,4321] 34 (ccg)
[12:38:06] 1 tRNA-Pro [2133,2209] 35 (cgg)
[12:38:06] 1 tRNA-Trp c[800,874] 35 (cca)
[12:38:06] 2 tRNA-Met c[1996,2072] 35 (cat)
[12:38:06] 3 tRNA-Thr c[2087,2160] 34 (ggt)
[12:38:06] 1 tRNA-Leu [974,1058] 35 (tag)
[12:38:06] 1 tRNA-Leu [86,170] 35 (cag)
[12:38:06] 1 tRNA-SeC [1286,1381] 36 (tca)
[12:38:06] 1 tRNA-Glu [613,688] 35 (ttc)
[12:38:06] 1 tRNA-Lys c[5214,5287] 34 (ttt)
[12:38:06] 1 tRNA-Arg [362,435] 34 (cct)
[12:38:06] 1 tRNA-Cys [1453,1526] 33 (gca)
[12:38:06] 2 tRNA-Val [1577,1653] 35 (gac)
[12:38:06] 1 tRNA-Ser [539,629] 35 (gga)
[12:38:06] 2 tRNA-Ser c[1104,1193] 35 (cga)
[12:38:06] Found 21 tRNAs
[12:38:06] Predicting Ribosomal RNAs
[12:38:06] Running Barrnap with 2 threads
[12:38:07] Found 0 rRNAs
[12:38:07] Skipping ncRNA search, enable with --rfam if desired.
[12:38:07] Total of 21 tRNA + rRNA features
[12:38:07] Searching for CRISPR repeats
[12:38:08] Found 0 CRISPRs
[12:38:08] Predicting coding sequences
[12:38:08] Contigs total 1143487 bp, so using meta mode
[12:38:08] Running: prodigal -i \/home\/tola2495\/GenomeAnalysisVT2022\/analyses\/05_annotation\/prokka\/RR4342129_Archaea\/bin_12\.fa\/RR4342129_Archaea\.fna -c -m -g 11 -p meta -f sco -q
[12:38:11] Excluding CDS which overlaps existing RNA (tRNA) at k105_39010:2088..2549 on - strand
[12:38:13] Excluding CDS which overlaps existing RNA (tRNA) at k105_156688:629..1075 on + strand
[12:38:13] Found 1114 CDS
[12:38:13] Connecting features back to sequences
[12:38:13] Not using genus-specific database. Try --usegenus to enable it.
[12:38:13] Annotating CDS, please be patient.
[12:38:13] Will use 2 CPUs for similarity searching.
[12:38:14] There are still 1114 unannotated CDS left (started with 1114)
[12:38:14] Will use blast to search against /sw/bioinfo/prokka/1.45-5b58020/rackham/db/kingdom/Archaea/sprot with 2 CPUs
[12:38:14] Running: cat \/home\/tola2495\/GenomeAnalysisVT2022\/analyses\/05_annotation\/prokka\/RR4342129_Archaea\/bin_12\.fa\/RR4342129_Archaea\.sprot\.tmp\.16696\.faa | parallel --gnu --plain -j 2 --block 71388 --recstart '>' --pipe blastp -query - -db /sw/bioinfo/prokka/1.45-5b58020/rackham/db/kingdom/Archaea/sprot -evalue 1e-09 -qcov_hsp_perc 80 -num_threads 1 -num_descriptions 1 -num_alignments 1 -seg no > \/home\/tola2495\/GenomeAnalysisVT2022\/analyses\/05_annotation\/prokka\/RR4342129_Archaea\/bin_12\.fa\/RR4342129_Archaea\.sprot\.tmp\.16696\.blast 2> /dev/null
[12:38:21] Modify product: Uncharacterized transporter in sor 3'region => putative transporter in sor 3'region
[12:38:21] Modify product: ADP-ribose glycohydrolase AF_1521 => ADP-ribose glycohydrolase
[12:38:21] Modify product: Probable 6-oxopurine nucleoside phosphorylase => putative 6-oxopurine nucleoside phosphorylase
[12:38:21] Modify product: Probable HTH-type transcriptional regulator ArcR => putative HTH-type transcriptional regulator ArcR
[12:38:21] Modify product: Uncharacterized ABC transporter ATP-binding protein MJ0796 => putative ABC transporter ATP-binding protein
[12:38:21] Modify product: Probable molybdopterin synthase => putative molybdopterin synthase
[12:38:21] Modify product: Membrane-bound protease PH1510 => Membrane-bound protease
[12:38:21] Modify product: Uncharacterized ABC transporter ATP-binding protein MJ0796 => putative ABC transporter ATP-binding protein
[12:38:21] Modify product: Uncharacterized nitrogen regulatory PII-like protein MJ0059 => putative nitrogen regulatory PII-like protein
[12:38:21] Modify product: Probable ATP-dependent RNA helicase MJ0669 => putative ATP-dependent RNA helicase
[12:38:22] Modify product: Putative ammonium transporter MJ1343 => Putative ammonium transporter
[12:38:22] Modify product: Uncharacterized HTH-type transcriptional regulator PH1519 => putative HTH-type transcriptional regulator
[12:38:22] Modify product: Probable branched-chain amino acid transport ATP-binding protein LivG => putative branched-chain amino acid transport ATP-binding protein LivG
[12:38:22] Cleaned 13 /product names
[12:38:22] Deleting unwanted file: /home/tola2495/GenomeAnalysisVT2022/analyses/05_annotation/prokka/RR4342129_Archaea/bin_12.fa/RR4342129_Archaea.sprot.tmp.16696.faa
[12:38:22] Deleting unwanted file: /home/tola2495/GenomeAnalysisVT2022/analyses/05_annotation/prokka/RR4342129_Archaea/bin_12.fa/RR4342129_Archaea.sprot.tmp.16696.blast
[12:38:22] There are still 940 unannotated CDS left (started with 1114)
[12:38:22] Will use hmmer3 to search against /sw/bioinfo/prokka/1.45-5b58020/rackham/db/hmm/HAMAP.hmm with 2 CPUs
[12:38:22] Running: cat \/home\/tola2495\/GenomeAnalysisVT2022\/analyses\/05_annotation\/prokka\/RR4342129_Archaea\/bin_12\.fa\/RR4342129_Archaea\.HAMAP\.hmm\.tmp\.16696\.faa | parallel --gnu --plain -j 2 --block 57790 --recstart '>' --pipe hmmscan --noali --notextw --acc -E 1e-09 --cpu 1 /sw/bioinfo/prokka/1.45-5b58020/rackham/db/hmm/HAMAP.hmm /dev/stdin > \/home\/tola2495\/GenomeAnalysisVT2022\/analyses\/05_annotation\/prokka\/RR4342129_Archaea\/bin_12\.fa\/RR4342129_Archaea\.HAMAP\.hmm\.tmp\.16696\.hmmer3 2> /dev/null
[12:39:08] Deleting unwanted file: /home/tola2495/GenomeAnalysisVT2022/analyses/05_annotation/prokka/RR4342129_Archaea/bin_12.fa/RR4342129_Archaea.HAMAP.hmm.tmp.16696.faa
[12:39:08] Deleting unwanted file: /home/tola2495/GenomeAnalysisVT2022/analyses/05_annotation/prokka/RR4342129_Archaea/bin_12.fa/RR4342129_Archaea.HAMAP.hmm.tmp.16696.hmmer3
[12:39:08] Labelling remaining 627 proteins as 'hypothetical protein'
[12:39:08] Possible /pseudo '2-succinyl-6-hydroxy-2,4-cyclohexadiene-1-carboxylate synthase' at k105_90569 position 2718
[12:39:08] Possible /pseudo 'L-rhamnose 1-dehydrogenase (NADP(+))' at k105_9665 position 4769
[12:39:08] Possible /pseudo 'Putative fluoride ion transporter CrcB' at k105_130603 position 519
[12:39:08] Possible /pseudo 'D-inositol-3-phosphate glycosyltransferase' at k105_151032 position 1502
[12:39:08] Possible /pseudo 'D-inositol-3-phosphate glycosyltransferase' at k105_151032 position 2575
[12:39:08] Found 278 unique /gene codes.
[12:39:08] Fixed 7 duplicate /gene - btuD_1 btuD_2 btuD_3 btuD_4 btuD_5 btuD_6 btuD_7
[12:39:08] Fixed 2 duplicate /gene - betA_1 betA_2
[12:39:08] Fixed 2 duplicate /gene - arnC_1 arnC_2
[12:39:08] Fixed 2 duplicate /gene - fixB_1 fixB_2
[12:39:08] Fixed 2 duplicate /gene - mutM_1 mutM_2
[12:39:08] Fixed 2 duplicate /gene - gph_1 gph_2
[12:39:08] Fixed 16 duplicate /gene - rhaD_1 rhaD_2 rhaD_3 rhaD_4 rhaD_5 rhaD_6 rhaD_7 rhaD_8 rhaD_9 rhaD_10 rhaD_11 rhaD_12 rhaD_13 rhaD_14 rhaD_15 rhaD_16
[12:39:08] Fixed 2 duplicate /gene - fcl_1 fcl_2
[12:39:08] Fixed 4 duplicate /gene - fadA_1 fadA_2 fadA_3 fadA_4
[12:39:08] Fixed 4 duplicate /gene - mdtD_1 mdtD_2 mdtD_3 mdtD_4
[12:39:08] Fixed 2 duplicate /gene - rpoD_1 rpoD_2
[12:39:08] Fixed 2 duplicate /gene - ndhI_1 ndhI_2
[12:39:08] Fixed 2 duplicate /gene - hcaB_1 hcaB_2
[12:39:08] Fixed 2 duplicate /gene - ilvD_1 ilvD_2
[12:39:08] Fixed 2 duplicate /gene - rutD_1 rutD_2
[12:39:08] Fixed 2 duplicate /gene - tdh_1 tdh_2
[12:39:08] Fixed 2 duplicate /gene - hldD_1 hldD_2
[12:39:08] Fixed 2 duplicate /gene - gyrA_1 gyrA_2
[12:39:08] Fixed 2 duplicate /gene - rutA_1 rutA_2
[12:39:08] Fixed 2 duplicate /gene - gpmA_1 gpmA_2
[12:39:08] Fixed 5 duplicate /gene - mer_1 mer_2 mer_3 mer_4 mer_5
[12:39:08] Fixed 2 duplicate /gene - crcB_1 crcB_2
[12:39:08] Fixed 3 duplicate /gene - icmF_1 icmF_2 icmF_3
[12:39:08] Fixed 2 duplicate /gene - malK_1 malK_2
[12:39:08] Fixed 2 duplicate /gene - dhmA_1 dhmA_2
[12:39:08] Fixed 6 duplicate /gene - menH_1 menH_2 menH_3 menH_4 menH_5 menH_6
[12:39:08] Fixed 3 duplicate /gene - cutA_1 cutA_2 cutA_3
[12:39:08] Fixed 5 duplicate /gene - mshA_1 mshA_2 mshA_3 mshA_4 mshA_5
[12:39:08] Fixed 4 duplicate /gene - whiB_1 whiB_2 whiB_3 whiB_4
[12:39:08] Fixed 3 duplicate /gene - mhpD_1 mhpD_2 mhpD_3
[12:39:08] Fixed 11 duplicate /gene - caiA_1 caiA_2 caiA_3 caiA_4 caiA_5 caiA_6 caiA_7 caiA_8 caiA_9 caiA_10 caiA_11
[12:39:08] Fixed 2 duplicate /gene - sasA_1 sasA_2
[12:39:08] Fixed 2 duplicate /gene - garR_1 garR_2
[12:39:08] Fixed 2 duplicate /gene - soxA_1 soxA_2
[12:39:08] Fixed 2 duplicate /gene - fpoD_1 fpoD_2
[12:39:08] Fixed 2 duplicate /gene - ndhJ_1 ndhJ_2
[12:39:08] Fixed 2 duplicate /gene - metZ_1 metZ_2
[12:39:08] Fixed 2 duplicate /gene - fpoK_1 fpoK_2
[12:39:08] Fixed 4 duplicate /gene - pccB_1 pccB_2 pccB_3 pccB_4
[12:39:08] Fixed 2 duplicate /gene - iolD_1 iolD_2
[12:39:08] Fixed 13 duplicate /gene - fgd_1 fgd_2 fgd_3 fgd_4 fgd_5 fgd_6 fgd_7 fgd_8 fgd_9 fgd_10 fgd_11 fgd_12 fgd_13
[12:39:08] Fixed 2 duplicate /gene - fpoJ_1 fpoJ_2
[12:39:08] Fixed 2 duplicate /gene - caiD_1 caiD_2
[12:39:08] Fixed 2 duplicate /gene - fadJ_1 fadJ_2
[12:39:08] Fixed 2 duplicate /gene - allB_1 allB_2
[12:39:08] Fixed 3 duplicate /gene - lysJ_1 lysJ_2 lysJ_3
[12:39:08] Fixed 24 duplicate /gene - frc_1 frc_2 frc_3 frc_4 frc_5 frc_6 frc_7 frc_8 frc_9 frc_10 frc_11 frc_12 frc_13 frc_14 frc_15 frc_16 frc_17 frc_18 frc_19 frc_20 frc_21 frc_22 frc_23 frc_24
[12:39:08] Fixed 2 duplicate /gene - gloB_1 gloB_2
[12:39:08] Fixed 4 duplicate /gene - ssuD_1 ssuD_2 ssuD_3 ssuD_4
[12:39:08] Fixed 49 colliding /gene names.
[12:39:08] Adding /locus_tag identifiers
[12:39:08] Assigned 1135 locus_tags to CDS and RNA features.
[12:39:08] Writing outputs to /home/tola2495/GenomeAnalysisVT2022/analyses/05_annotation/prokka/RR4342129_Archaea/bin_12.fa/
[12:39:08] Generating annotation statistics file
[12:39:08] Generating Genbank and Sequin files
[12:39:08] Running: tbl2asn -V b -a r10k -l paired-ends -M n -N 1 -y 'Annotated using prokka 1.14.6 from https://github.com/tseemann/prokka' -Z \/home\/tola2495\/GenomeAnalysisVT2022\/analyses\/05_annotation\/prokka\/RR4342129_Archaea\/bin_12\.fa\/RR4342129_Archaea\.err -i \/home\/tola2495\/GenomeAnalysisVT2022\/analyses\/05_annotation\/prokka\/RR4342129_Archaea\/bin_12\.fa\/RR4342129_Archaea\.fsa 2> /dev/null
[12:39:11] Deleting unwanted file: /home/tola2495/GenomeAnalysisVT2022/analyses/05_annotation/prokka/RR4342129_Archaea/bin_12.fa/errorsummary.val
[12:39:11] Deleting unwanted file: /home/tola2495/GenomeAnalysisVT2022/analyses/05_annotation/prokka/RR4342129_Archaea/bin_12.fa/RR4342129_Archaea.dr
[12:39:11] Deleting unwanted file: /home/tola2495/GenomeAnalysisVT2022/analyses/05_annotation/prokka/RR4342129_Archaea/bin_12.fa/RR4342129_Archaea.fixedproducts
[12:39:11] Deleting unwanted file: /home/tola2495/GenomeAnalysisVT2022/analyses/05_annotation/prokka/RR4342129_Archaea/bin_12.fa/RR4342129_Archaea.ecn
[12:39:11] Deleting unwanted file: /home/tola2495/GenomeAnalysisVT2022/analyses/05_annotation/prokka/RR4342129_Archaea/bin_12.fa/RR4342129_Archaea.val
[12:39:11] Repairing broken .GBK output that tbl2asn produces...
[12:39:11] Running: sed 's/COORDINATES: profile/COORDINATES:profile/' < \/home\/tola2495\/GenomeAnalysisVT2022\/analyses\/05_annotation\/prokka\/RR4342129_Archaea\/bin_12\.fa\/RR4342129_Archaea\.gbf > \/home\/tola2495\/GenomeAnalysisVT2022\/analyses\/05_annotation\/prokka\/RR4342129_Archaea\/bin_12\.fa\/RR4342129_Archaea\.gbk
[12:39:11] Deleting unwanted file: /home/tola2495/GenomeAnalysisVT2022/analyses/05_annotation/prokka/RR4342129_Archaea/bin_12.fa/RR4342129_Archaea.gbf
[12:39:11] Output files:
[12:39:11] /home/tola2495/GenomeAnalysisVT2022/analyses/05_annotation/prokka/RR4342129_Archaea/bin_12.fa/RR4342129_Archaea.log
[12:39:11] /home/tola2495/GenomeAnalysisVT2022/analyses/05_annotation/prokka/RR4342129_Archaea/bin_12.fa/RR4342129_Archaea.fna
[12:39:11] /home/tola2495/GenomeAnalysisVT2022/analyses/05_annotation/prokka/RR4342129_Archaea/bin_12.fa/RR4342129_Archaea.gff
[12:39:11] /home/tola2495/GenomeAnalysisVT2022/analyses/05_annotation/prokka/RR4342129_Archaea/bin_12.fa/RR4342129_Archaea.faa
[12:39:11] /home/tola2495/GenomeAnalysisVT2022/analyses/05_annotation/prokka/RR4342129_Archaea/bin_12.fa/RR4342129_Archaea.ffn
[12:39:11] /home/tola2495/GenomeAnalysisVT2022/analyses/05_annotation/prokka/RR4342129_Archaea/bin_12.fa/RR4342129_Archaea.tbl
[12:39:11] /home/tola2495/GenomeAnalysisVT2022/analyses/05_annotation/prokka/RR4342129_Archaea/bin_12.fa/RR4342129_Archaea.fsa
[12:39:11] /home/tola2495/GenomeAnalysisVT2022/analyses/05_annotation/prokka/RR4342129_Archaea/bin_12.fa/RR4342129_Archaea.tsv
[12:39:11] /home/tola2495/GenomeAnalysisVT2022/analyses/05_annotation/prokka/RR4342129_Archaea/bin_12.fa/RR4342129_Archaea.txt
[12:39:11] /home/tola2495/GenomeAnalysisVT2022/analyses/05_annotation/prokka/RR4342129_Archaea/bin_12.fa/RR4342129_Archaea.sqn
[12:39:11] /home/tola2495/GenomeAnalysisVT2022/analyses/05_annotation/prokka/RR4342129_Archaea/bin_12.fa/RR4342129_Archaea.gbk
[12:39:11] /home/tola2495/GenomeAnalysisVT2022/analyses/05_annotation/prokka/RR4342129_Archaea/bin_12.fa/RR4342129_Archaea.err
[12:39:11] Annotation finished successfully.
[12:39:11] Walltime used: 1.12 minutes
[12:39:11] If you use this result please cite the Prokka paper:
[12:39:11] Seemann T (2014) Prokka: rapid prokaryotic genome annotation. Bioinformatics. 30(14):2068-9.
[12:39:11] Type 'prokka --citation' for more details.
[12:39:11] Share and enjoy!
