[01:36:56] This is prokka 1.14.6
[01:36:56] Written by Torsten Seemann <torsten.seemann@gmail.com>
[01:36:56] Homepage is https://github.com/tseemann/prokka
[01:36:56] Local time is Thu May 12 01:36:56 2022
[01:36:56] You are tola2495
[01:36:56] Operating system is linux
[01:36:56] You have BioPerl 1.007001
[01:36:56] System has 16 cores.
[01:36:56] Will use maximum of 2 cores.
[01:36:56] Annotating as >>> Archaea <<<
[01:36:56] Generating locus_tag from 'bin_5.fa' contents.
[01:36:56] Setting --locustag DPFJOEPD from MD5 d9f38e9d5db59822c4182511b3f443e5
[01:36:56] Creating new output folder: /home/tola2495/GenomeAnalysisVT2022/analyses/05_annotation/prokka/RR4342129_Archaea/bin_5.fa
[01:36:56] Running: mkdir -p \/home\/tola2495\/GenomeAnalysisVT2022\/analyses\/05_annotation\/prokka\/RR4342129_Archaea\/bin_5\.fa
[01:36:56] Using filename prefix: RR4342129_Archaea.XXX
[01:36:56] Setting HMMER_NCPU=1
[01:36:56] Writing log to: /home/tola2495/GenomeAnalysisVT2022/analyses/05_annotation/prokka/RR4342129_Archaea/bin_5.fa/RR4342129_Archaea.log
[01:36:56] Command: /sw/bioinfo/prokka/1.45-5b58020/snowy/bin/prokka --metagenome --cpus 2 --kingdom Archaea --prefix RR4342129_Archaea --outdir /home/tola2495/GenomeAnalysisVT2022/analyses/05_annotation/prokka/RR4342129_Archaea/bin_5.fa bin_5.fa
[01:36:56] Appending to PATH: /sw/bioinfo/prokka/1.45-5b58020/rackham/bin/../binaries/linux
[01:36:56] Appending to PATH: /sw/bioinfo/prokka/1.45-5b58020/rackham/bin/../binaries/linux/../common
[01:36:56] Appending to PATH: /sw/bioinfo/prokka/1.45-5b58020/rackham/bin
[01:36:56] Looking for 'aragorn' - found /sw/bioinfo/prokka/1.45-5b58020/rackham/bin/../binaries/linux/aragorn
[01:36:56] Determined aragorn version is 001002 from 'ARAGORN v1.2.38 Dean Laslett'
[01:36:56] Looking for 'barrnap' - found /sw/bioinfo/barrnap/0.8/snowy/bin/barrnap
[01:36:56] Determined barrnap version is 000008 from 'barrnap 0.8'
[01:36:56] Looking for 'blastp' - found /sw/bioinfo/blast/2.11.0+/snowy/bin/blastp
[01:36:57] Determined blastp version is 002011 from 'blastp: 2.11.0+'
[01:36:57] Looking for 'cmpress' - found /sw/bioinfo/prokka/1.45-5b58020/rackham/bin/../binaries/linux/cmpress
[01:36:57] Determined cmpress version is 001001 from '# INFERNAL 1.1.2 (July 2016)'
[01:36:57] Looking for 'cmscan' - found /sw/bioinfo/prokka/1.45-5b58020/rackham/bin/../binaries/linux/cmscan
[01:36:57] Determined cmscan version is 001001 from '# INFERNAL 1.1.2 (July 2016)'
[01:36:57] Looking for 'egrep' - found /usr/bin/egrep
[01:36:57] Looking for 'find' - found /usr/bin/find
[01:36:57] Looking for 'grep' - found /usr/bin/grep
[01:36:57] Looking for 'hmmpress' - found /sw/apps/bioinfo/hmmer/3.1b2/snowy/bin/hmmpress
[01:36:57] Determined hmmpress version is 003001 from '# HMMER 3.1b2 (February 2015); http://hmmer.org/'
[01:36:57] Looking for 'hmmscan' - found /sw/apps/bioinfo/hmmer/3.1b2/snowy/bin/hmmscan
[01:36:57] Determined hmmscan version is 003001 from '# HMMER 3.1b2 (February 2015); http://hmmer.org/'
[01:36:57] Looking for 'java' - found /usr/bin/java
[01:36:57] Looking for 'makeblastdb' - found /sw/bioinfo/blast/2.11.0+/snowy/bin/makeblastdb
[01:36:57] Determined makeblastdb version is 002011 from 'makeblastdb: 2.11.0+'
[01:36:57] Looking for 'minced' - found /sw/apps/bioinfo/minced/0.2.0/snowy/minced
[01:36:57] Determined minced version is 002000 from 'minced 0.2.0'
[01:36:57] Looking for 'parallel' - found /sw/parallel/gnuparallel/20170122/snowy/bin/parallel
[01:36:58] Determined parallel version is 20170122 from 'GNU parallel 20170122'
[01:36:58] Looking for 'prodigal' - found /sw/apps/bioinfo/prodigal/2.6.3/snowy/bin/prodigal
[01:36:58] Determined prodigal version is 002006 from 'Prodigal V2.6.3: February, 2016'
[01:36:58] Looking for 'prokka-genbank_to_fasta_db' - found /sw/bioinfo/prokka/1.45-5b58020/snowy/bin/prokka-genbank_to_fasta_db
[01:36:58] Looking for 'sed' - found /usr/bin/sed
[01:36:58] Looking for 'signalp' - found /sw/bioinfo/SignalP/4.1f/snowy/signalp
[01:36:58] Determined signalp version is 004001 from '4.1 6204265'
[01:36:58] Looking for 'tbl2asn' - found /sw/bioinfo/tbl2asn/25.8/snowy/tbl2asn
[01:36:58] Determined tbl2asn version is 025008 from 'tbl2asn 25.8   arguments:'
[01:36:58] Using genetic code table 11.
[01:36:58] Loading and checking input file: bin_5.fa
[01:36:58] Wrote 129 contigs totalling 263991 bp.
[01:36:58] Predicting tRNAs and tmRNAs
[01:36:58] Running: aragorn -l -gc11  -w \/home\/tola2495\/GenomeAnalysisVT2022\/analyses\/05_annotation\/prokka\/RR4342129_Archaea\/bin_5\.fa\/RR4342129_Archaea\.fna
[01:36:58] 1 tRNA-Lys c[241,312] 33 (ttt)
[01:36:58] 1 tRNA-Leu c[225,307] 35 (tag)
[01:36:58] 1 tRNA-Arg [919,992] 35 (ccg)
[01:36:58] 1 tRNA-Asp [169,244] 36 (gtc)
[01:36:58] 1 tRNA-Val c[1809,1880] 33 (gac)
[01:36:58] 1 tRNA-SeC c[1097,1168] 31 (tca)
[01:36:58] Found 6 tRNAs
[01:36:58] Predicting Ribosomal RNAs
[01:36:58] Running Barrnap with 2 threads
[01:36:58] Found 0 rRNAs
[01:36:58] Skipping ncRNA search, enable with --rfam if desired.
[01:36:58] Total of 6 tRNA + rRNA features
[01:36:58] Searching for CRISPR repeats
[01:36:59] Found 0 CRISPRs
[01:36:59] Predicting coding sequences
[01:36:59] Contigs total 263991 bp, so using meta mode
[01:36:59] Running: prodigal -i \/home\/tola2495\/GenomeAnalysisVT2022\/analyses\/05_annotation\/prokka\/RR4342129_Archaea\/bin_5\.fa\/RR4342129_Archaea\.fna -c -m -g 11 -p meta -f sco -q
[01:36:59] Excluding CDS which overlaps existing RNA (tRNA) at k105_97517:81..863 on + strand
[01:36:59] Excluding CDS which overlaps existing RNA (tRNA) at k105_128385:896..1048 on - strand
[01:37:00] Excluding CDS which overlaps existing RNA (tRNA) at k105_62327:921..1475 on + strand
[01:37:00] Found 327 CDS
[01:37:00] Connecting features back to sequences
[01:37:00] Not using genus-specific database. Try --usegenus to enable it.
[01:37:00] Annotating CDS, please be patient.
[01:37:00] Will use 2 CPUs for similarity searching.
[01:37:00] There are still 327 unannotated CDS left (started with 327)
[01:37:00] Will use blast to search against /sw/bioinfo/prokka/1.45-5b58020/rackham/db/kingdom/Archaea/sprot with 2 CPUs
[01:37:00] Running: cat \/home\/tola2495\/GenomeAnalysisVT2022\/analyses\/05_annotation\/prokka\/RR4342129_Archaea\/bin_5\.fa\/RR4342129_Archaea\.sprot\.tmp\.48869\.faa | parallel --gnu --plain -j 2 --block 17168 --recstart '>' --pipe blastp -query - -db /sw/bioinfo/prokka/1.45-5b58020/rackham/db/kingdom/Archaea/sprot -evalue 1e-09 -qcov_hsp_perc 80 -num_threads 1 -num_descriptions 1 -num_alignments 1 -seg no > \/home\/tola2495\/GenomeAnalysisVT2022\/analyses\/05_annotation\/prokka\/RR4342129_Archaea\/bin_5\.fa\/RR4342129_Archaea\.sprot\.tmp\.48869\.blast 2> /dev/null
[01:37:04] Modify product: Probable hydrogenase maturation factor HypB => putative hydrogenase maturation factor HypB
[01:37:04] Modify product: Probable branched-chain amino acid transport ATP-binding protein LivG => putative branched-chain amino acid transport ATP-binding protein LivG
[01:37:04] Cleaned 2 /product names
[01:37:04] Deleting unwanted file: /home/tola2495/GenomeAnalysisVT2022/analyses/05_annotation/prokka/RR4342129_Archaea/bin_5.fa/RR4342129_Archaea.sprot.tmp.48869.faa
[01:37:04] Deleting unwanted file: /home/tola2495/GenomeAnalysisVT2022/analyses/05_annotation/prokka/RR4342129_Archaea/bin_5.fa/RR4342129_Archaea.sprot.tmp.48869.blast
[01:37:04] There are still 302 unannotated CDS left (started with 327)
[01:37:04] Will use hmmer3 to search against /sw/bioinfo/prokka/1.45-5b58020/rackham/db/hmm/HAMAP.hmm with 2 CPUs
[01:37:04] Running: cat \/home\/tola2495\/GenomeAnalysisVT2022\/analyses\/05_annotation\/prokka\/RR4342129_Archaea\/bin_5\.fa\/RR4342129_Archaea\.HAMAP\.hmm\.tmp\.48869\.faa | parallel --gnu --plain -j 2 --block 15404 --recstart '>' --pipe hmmscan --noali --notextw --acc -E 1e-09 --cpu 1 /sw/bioinfo/prokka/1.45-5b58020/rackham/db/hmm/HAMAP.hmm /dev/stdin > \/home\/tola2495\/GenomeAnalysisVT2022\/analyses\/05_annotation\/prokka\/RR4342129_Archaea\/bin_5\.fa\/RR4342129_Archaea\.HAMAP\.hmm\.tmp\.48869\.hmmer3 2> /dev/null
[01:37:19] Modify product: Uncharacterized MFS-type transporter YhhS => putative MFS-type transporter YhhS
[01:37:19] Cleaned 1 /product names
[01:37:19] Deleting unwanted file: /home/tola2495/GenomeAnalysisVT2022/analyses/05_annotation/prokka/RR4342129_Archaea/bin_5.fa/RR4342129_Archaea.HAMAP.hmm.tmp.48869.faa
[01:37:19] Deleting unwanted file: /home/tola2495/GenomeAnalysisVT2022/analyses/05_annotation/prokka/RR4342129_Archaea/bin_5.fa/RR4342129_Archaea.HAMAP.hmm.tmp.48869.hmmer3
[01:37:19] Labelling remaining 222 proteins as 'hypothetical protein'
[01:37:19] Found 92 unique /gene codes.
[01:37:19] Fixed 3 duplicate /gene - btuD_1 btuD_2 btuD_3
[01:37:19] Fixed 2 duplicate /gene - norW_1 norW_2
[01:37:19] Fixed 2 colliding /gene names.
[01:37:19] Adding /locus_tag identifiers
[01:37:19] Assigned 333 locus_tags to CDS and RNA features.
[01:37:19] Writing outputs to /home/tola2495/GenomeAnalysisVT2022/analyses/05_annotation/prokka/RR4342129_Archaea/bin_5.fa/
[01:37:19] Generating annotation statistics file
[01:37:19] Generating Genbank and Sequin files
[01:37:19] Running: tbl2asn -V b -a r10k -l paired-ends -M n -N 1 -y 'Annotated using prokka 1.14.6 from https://github.com/tseemann/prokka' -Z \/home\/tola2495\/GenomeAnalysisVT2022\/analyses\/05_annotation\/prokka\/RR4342129_Archaea\/bin_5\.fa\/RR4342129_Archaea\.err -i \/home\/tola2495\/GenomeAnalysisVT2022\/analyses\/05_annotation\/prokka\/RR4342129_Archaea\/bin_5\.fa\/RR4342129_Archaea\.fsa 2> /dev/null
[01:37:20] Deleting unwanted file: /home/tola2495/GenomeAnalysisVT2022/analyses/05_annotation/prokka/RR4342129_Archaea/bin_5.fa/errorsummary.val
[01:37:20] Deleting unwanted file: /home/tola2495/GenomeAnalysisVT2022/analyses/05_annotation/prokka/RR4342129_Archaea/bin_5.fa/RR4342129_Archaea.dr
[01:37:20] Deleting unwanted file: /home/tola2495/GenomeAnalysisVT2022/analyses/05_annotation/prokka/RR4342129_Archaea/bin_5.fa/RR4342129_Archaea.fixedproducts
[01:37:20] Deleting unwanted file: /home/tola2495/GenomeAnalysisVT2022/analyses/05_annotation/prokka/RR4342129_Archaea/bin_5.fa/RR4342129_Archaea.ecn
[01:37:20] Deleting unwanted file: /home/tola2495/GenomeAnalysisVT2022/analyses/05_annotation/prokka/RR4342129_Archaea/bin_5.fa/RR4342129_Archaea.val
[01:37:20] Repairing broken .GBK output that tbl2asn produces...
[01:37:20] Running: sed 's/COORDINATES: profile/COORDINATES:profile/' < \/home\/tola2495\/GenomeAnalysisVT2022\/analyses\/05_annotation\/prokka\/RR4342129_Archaea\/bin_5\.fa\/RR4342129_Archaea\.gbf > \/home\/tola2495\/GenomeAnalysisVT2022\/analyses\/05_annotation\/prokka\/RR4342129_Archaea\/bin_5\.fa\/RR4342129_Archaea\.gbk
[01:37:20] Deleting unwanted file: /home/tola2495/GenomeAnalysisVT2022/analyses/05_annotation/prokka/RR4342129_Archaea/bin_5.fa/RR4342129_Archaea.gbf
[01:37:20] Output files:
[01:37:20] /home/tola2495/GenomeAnalysisVT2022/analyses/05_annotation/prokka/RR4342129_Archaea/bin_5.fa/RR4342129_Archaea.log
[01:37:20] /home/tola2495/GenomeAnalysisVT2022/analyses/05_annotation/prokka/RR4342129_Archaea/bin_5.fa/RR4342129_Archaea.fna
[01:37:20] /home/tola2495/GenomeAnalysisVT2022/analyses/05_annotation/prokka/RR4342129_Archaea/bin_5.fa/RR4342129_Archaea.gff
[01:37:20] /home/tola2495/GenomeAnalysisVT2022/analyses/05_annotation/prokka/RR4342129_Archaea/bin_5.fa/RR4342129_Archaea.faa
[01:37:20] /home/tola2495/GenomeAnalysisVT2022/analyses/05_annotation/prokka/RR4342129_Archaea/bin_5.fa/RR4342129_Archaea.ffn
[01:37:20] /home/tola2495/GenomeAnalysisVT2022/analyses/05_annotation/prokka/RR4342129_Archaea/bin_5.fa/RR4342129_Archaea.tbl
[01:37:20] /home/tola2495/GenomeAnalysisVT2022/analyses/05_annotation/prokka/RR4342129_Archaea/bin_5.fa/RR4342129_Archaea.fsa
[01:37:20] /home/tola2495/GenomeAnalysisVT2022/analyses/05_annotation/prokka/RR4342129_Archaea/bin_5.fa/RR4342129_Archaea.tsv
[01:37:20] /home/tola2495/GenomeAnalysisVT2022/analyses/05_annotation/prokka/RR4342129_Archaea/bin_5.fa/RR4342129_Archaea.txt
[01:37:20] /home/tola2495/GenomeAnalysisVT2022/analyses/05_annotation/prokka/RR4342129_Archaea/bin_5.fa/RR4342129_Archaea.sqn
[01:37:20] /home/tola2495/GenomeAnalysisVT2022/analyses/05_annotation/prokka/RR4342129_Archaea/bin_5.fa/RR4342129_Archaea.gbk
[01:37:20] /home/tola2495/GenomeAnalysisVT2022/analyses/05_annotation/prokka/RR4342129_Archaea/bin_5.fa/RR4342129_Archaea.err
[01:37:20] Annotation finished successfully.
[01:37:20] Walltime used: 0.40 minutes
[01:37:20] If you use this result please cite the Prokka paper:
[01:37:20] Seemann T (2014) Prokka: rapid prokaryotic genome annotation. Bioinformatics. 30(14):2068-9.
[01:37:20] Type 'prokka --citation' for more details.
[01:37:20] Thank you, come again.
