[17:51:29] This is prokka 1.14.6
[17:51:29] Written by Torsten Seemann <torsten.seemann@gmail.com>
[17:51:29] Homepage is https://github.com/tseemann/prokka
[17:51:29] Local time is Tue May  3 17:51:29 2022
[17:51:29] You are tola2495
[17:51:29] Operating system is linux
[17:51:29] You have BioPerl 1.007001
[17:51:29] System has 16 cores.
[17:51:29] Will use maximum of 2 cores.
[17:51:29] Annotating as >>> Archaea <<<
[17:51:29] Generating locus_tag from 'bin_31.fa' contents.
[17:51:29] Setting --locustag HDDCGGAO from MD5 1ddc00a85778e1276b9df4cb1ad0d46b
[17:51:29] Creating new output folder: /home/tola2495/GenomeAnalysisVT2022/analyses/05_annotation/prokka/RR4342133_Archaea/bin_31.fa
[17:51:29] Running: mkdir -p \/home\/tola2495\/GenomeAnalysisVT2022\/analyses\/05_annotation\/prokka\/RR4342133_Archaea\/bin_31\.fa
[17:51:29] Using filename prefix: RR4342133_Archaea.XXX
[17:51:29] Setting HMMER_NCPU=1
[17:51:29] Writing log to: /home/tola2495/GenomeAnalysisVT2022/analyses/05_annotation/prokka/RR4342133_Archaea/bin_31.fa/RR4342133_Archaea.log
[17:51:29] Command: /sw/bioinfo/prokka/1.45-5b58020/snowy/bin/prokka --metagenome --cpus 2 --kingdom Archaea --prefix RR4342133_Archaea --outdir /home/tola2495/GenomeAnalysisVT2022/analyses/05_annotation/prokka/RR4342133_Archaea/bin_31.fa bin_31.fa
[17:51:29] Appending to PATH: /sw/bioinfo/prokka/1.45-5b58020/rackham/bin/../binaries/linux
[17:51:29] Appending to PATH: /sw/bioinfo/prokka/1.45-5b58020/rackham/bin/../binaries/linux/../common
[17:51:29] Appending to PATH: /sw/bioinfo/prokka/1.45-5b58020/rackham/bin
[17:51:29] Looking for 'aragorn' - found /sw/bioinfo/prokka/1.45-5b58020/rackham/bin/../binaries/linux/aragorn
[17:51:29] Determined aragorn version is 001002 from 'ARAGORN v1.2.38 Dean Laslett'
[17:51:29] Looking for 'barrnap' - found /sw/bioinfo/barrnap/0.8/snowy/bin/barrnap
[17:51:29] Determined barrnap version is 000008 from 'barrnap 0.8'
[17:51:29] Looking for 'blastp' - found /sw/bioinfo/blast/2.11.0+/snowy/bin/blastp
[17:51:30] Determined blastp version is 002011 from 'blastp: 2.11.0+'
[17:51:30] Looking for 'cmpress' - found /sw/bioinfo/prokka/1.45-5b58020/rackham/bin/../binaries/linux/cmpress
[17:51:30] Determined cmpress version is 001001 from '# INFERNAL 1.1.2 (July 2016)'
[17:51:30] Looking for 'cmscan' - found /sw/bioinfo/prokka/1.45-5b58020/rackham/bin/../binaries/linux/cmscan
[17:51:30] Determined cmscan version is 001001 from '# INFERNAL 1.1.2 (July 2016)'
[17:51:30] Looking for 'egrep' - found /usr/bin/egrep
[17:51:30] Looking for 'find' - found /usr/bin/find
[17:51:30] Looking for 'grep' - found /usr/bin/grep
[17:51:30] Looking for 'hmmpress' - found /sw/apps/bioinfo/hmmer/3.1b2/snowy/bin/hmmpress
[17:51:30] Determined hmmpress version is 003001 from '# HMMER 3.1b2 (February 2015); http://hmmer.org/'
[17:51:30] Looking for 'hmmscan' - found /sw/apps/bioinfo/hmmer/3.1b2/snowy/bin/hmmscan
[17:51:30] Determined hmmscan version is 003001 from '# HMMER 3.1b2 (February 2015); http://hmmer.org/'
[17:51:30] Looking for 'java' - found /usr/bin/java
[17:51:30] Looking for 'makeblastdb' - found /sw/bioinfo/blast/2.11.0+/snowy/bin/makeblastdb
[17:51:31] Determined makeblastdb version is 002011 from 'makeblastdb: 2.11.0+'
[17:51:31] Looking for 'minced' - found /sw/apps/bioinfo/minced/0.2.0/snowy/minced
[17:51:31] Determined minced version is 002000 from 'minced 0.2.0'
[17:51:31] Looking for 'parallel' - found /sw/parallel/gnuparallel/20170122/snowy/bin/parallel
[17:51:31] Determined parallel version is 20170122 from 'GNU parallel 20170122'
[17:51:31] Looking for 'prodigal' - found /sw/apps/bioinfo/prodigal/2.6.3/snowy/bin/prodigal
[17:51:31] Determined prodigal version is 002006 from 'Prodigal V2.6.3: February, 2016'
[17:51:31] Looking for 'prokka-genbank_to_fasta_db' - found /sw/bioinfo/prokka/1.45-5b58020/snowy/bin/prokka-genbank_to_fasta_db
[17:51:31] Looking for 'sed' - found /usr/bin/sed
[17:51:31] Looking for 'signalp' - found /sw/bioinfo/SignalP/4.1f/snowy/signalp
[17:51:31] Determined signalp version is 004001 from '4.1 6184308'
[17:51:31] Looking for 'tbl2asn' - found /sw/bioinfo/tbl2asn/25.8/snowy/tbl2asn
[17:51:31] Determined tbl2asn version is 025008 from 'tbl2asn 25.8   arguments:'
[17:51:31] Using genetic code table 11.
[17:51:31] Loading and checking input file: bin_31.fa
[17:51:31] Wrote 121 contigs totalling 604985 bp.
[17:51:31] Predicting tRNAs and tmRNAs
[17:51:31] Running: aragorn -l -gc11  -w \/home\/tola2495\/GenomeAnalysisVT2022\/analyses\/05_annotation\/prokka\/RR4342133_Archaea\/bin_31\.fa\/RR4342133_Archaea\.fna
[17:51:31] 1 tRNA-Thr c[94,168] 34 (ggt)
[17:51:31] 2 tRNA-Gly c[190,263] 33 (tcc)
[17:51:31] 3 tRNA-Tyr c[375,459] 35 (gta)
[17:51:31] 4 tRNA-Thr c[526,601] 34 (tgt)
[17:51:31] 1 tRNA-Asn c[5458,5533] 34 (gtt)
[17:51:31] 1 tRNA-Val c[1538,1614] 35 (gac)
[17:51:31] 1 tRNA-Lys [26661,26736] 34 (ttt)
[17:51:31] 1 tRNA-Arg [1230,1306] 35 (tcg)
[17:51:31] 1 tRNA-Ile c[575,652] 36 (gat)
[17:51:31] 1 tRNA-Arg c[3777,3851] 34 (cct)
[17:51:31] 1 tRNA-Met [1861,1937] 35 (cat)
[17:51:31] 1 tRNA-Gln [4696,4770] 33 (ttg)
[17:51:31] 2 tRNA-Met [8161,8237] 35 (cat)
[17:51:31] 3 tRNA-Met c[16779,16855] 35 (cat)
[17:51:31] 4 tRNA-Leu [16972,17059] 36 (gag)
[17:51:31] 1 tRNA-Val [7604,7679] 34 (tac)
[17:51:31] 2 tRNA-Asp [8651,8728] 36 (gtc)
[17:51:31] 1 tRNA-Ser [1692,1781] 35 (gct)
[17:51:31] Found 18 tRNAs
[17:51:31] Predicting Ribosomal RNAs
[17:51:31] Running Barrnap with 2 threads
[17:51:32] Found 0 rRNAs
[17:51:32] Skipping ncRNA search, enable with --rfam if desired.
[17:51:32] Total of 18 tRNA + rRNA features
[17:51:32] Searching for CRISPR repeats
[17:51:32] Found 0 CRISPRs
[17:51:32] Predicting coding sequences
[17:51:32] Contigs total 604985 bp, so using meta mode
[17:51:32] Running: prodigal -i \/home\/tola2495\/GenomeAnalysisVT2022\/analyses\/05_annotation\/prokka\/RR4342133_Archaea\/bin_31\.fa\/RR4342133_Archaea\.fna -c -m -g 11 -p meta -f sco -q
[17:51:32] Excluding CDS which overlaps existing RNA (tRNA) at k105_94085:70..312 on - strand
[17:51:33] Excluding CDS which overlaps existing RNA (tRNA) at k105_119532:108..596 on + strand
[17:51:33] Excluding CDS which overlaps existing RNA (tRNA) at k105_161597:7194..7613 on + strand
[17:51:33] Found 613 CDS
[17:51:33] Connecting features back to sequences
[17:51:33] Not using genus-specific database. Try --usegenus to enable it.
[17:51:33] Annotating CDS, please be patient.
[17:51:33] Will use 2 CPUs for similarity searching.
[17:51:34] There are still 613 unannotated CDS left (started with 613)
[17:51:34] Will use blast to search against /sw/bioinfo/prokka/1.45-5b58020/rackham/db/kingdom/Archaea/sprot with 2 CPUs
[17:51:34] Running: cat \/home\/tola2495\/GenomeAnalysisVT2022\/analyses\/05_annotation\/prokka\/RR4342133_Archaea\/bin_31\.fa\/RR4342133_Archaea\.sprot\.tmp\.49585\.faa | parallel --gnu --plain -j 2 --block 43033 --recstart '>' --pipe blastp -query - -db /sw/bioinfo/prokka/1.45-5b58020/rackham/db/kingdom/Archaea/sprot -evalue 1e-09 -qcov_hsp_perc 80 -num_threads 1 -num_descriptions 1 -num_alignments 1 -seg no > \/home\/tola2495\/GenomeAnalysisVT2022\/analyses\/05_annotation\/prokka\/RR4342133_Archaea\/bin_31\.fa\/RR4342133_Archaea\.sprot\.tmp\.49585\.blast 2> /dev/null
[17:51:39] Modify product: RutC family protein PH0854 => RutC family protein
[17:51:39] Modify product: Uncharacterized metallohydrolase MMP1398 => putative metallohydrolase
[17:51:40] Modify product: Uncharacterized HTH-type transcriptional regulator PH0140 => putative HTH-type transcriptional regulator
[17:51:40] Modify product: Uncharacterized HTH-type transcriptional regulator PH0140 => putative HTH-type transcriptional regulator
[17:51:40] Modify product: Uncharacterized nitrogen regulatory PII-like protein MJ0059 => putative nitrogen regulatory PII-like protein
[17:51:40] Modify product: Probable aspartokinase => putative aspartokinase
[17:51:40] Modify product: Probable aminomethyltransferase => putative aminomethyltransferase
[17:51:40] Modify product: Probable aspartokinase => putative aspartokinase
[17:51:40] Modify product: Uncharacterized nitrogen regulatory PII-like protein MJ0059 => putative nitrogen regulatory PII-like protein
[17:51:40] Cleaned 9 /product names
[17:51:40] Deleting unwanted file: /home/tola2495/GenomeAnalysisVT2022/analyses/05_annotation/prokka/RR4342133_Archaea/bin_31.fa/RR4342133_Archaea.sprot.tmp.49585.faa
[17:51:40] Deleting unwanted file: /home/tola2495/GenomeAnalysisVT2022/analyses/05_annotation/prokka/RR4342133_Archaea/bin_31.fa/RR4342133_Archaea.sprot.tmp.49585.blast
[17:51:40] There are still 509 unannotated CDS left (started with 613)
[17:51:40] Will use hmmer3 to search against /sw/bioinfo/prokka/1.45-5b58020/rackham/db/hmm/HAMAP.hmm with 2 CPUs
[17:51:40] Running: cat \/home\/tola2495\/GenomeAnalysisVT2022\/analyses\/05_annotation\/prokka\/RR4342133_Archaea\/bin_31\.fa\/RR4342133_Archaea\.HAMAP\.hmm\.tmp\.49585\.faa | parallel --gnu --plain -j 2 --block 34972 --recstart '>' --pipe hmmscan --noali --notextw --acc -E 1e-09 --cpu 1 /sw/bioinfo/prokka/1.45-5b58020/rackham/db/hmm/HAMAP.hmm /dev/stdin > \/home\/tola2495\/GenomeAnalysisVT2022\/analyses\/05_annotation\/prokka\/RR4342133_Archaea\/bin_31\.fa\/RR4342133_Archaea\.HAMAP\.hmm\.tmp\.49585\.hmmer3 2> /dev/null
[17:52:06] Modify product: Uncharacterized Nudix hydrolase NudL => putative Nudix hydrolase NudL
[17:52:06] Cleaned 1 /product names
[17:52:06] Deleting unwanted file: /home/tola2495/GenomeAnalysisVT2022/analyses/05_annotation/prokka/RR4342133_Archaea/bin_31.fa/RR4342133_Archaea.HAMAP.hmm.tmp.49585.faa
[17:52:06] Deleting unwanted file: /home/tola2495/GenomeAnalysisVT2022/analyses/05_annotation/prokka/RR4342133_Archaea/bin_31.fa/RR4342133_Archaea.HAMAP.hmm.tmp.49585.hmmer3
[17:52:06] Labelling remaining 277 proteins as 'hypothetical protein'
[17:52:06] Possible /pseudo 'Vitamin B12 import ATP-binding protein BtuD' at k105_10821 position 2324
[17:52:06] Possible /pseudo 'L-rhamnose 1-dehydrogenase (NADP(+))' at k105_16436 position 3654
[17:52:06] Possible /pseudo 'Adenine deaminase' at k105_18330 position 7235
[17:52:06] Possible /pseudo 'putative HTH-type transcriptional regulator' at k105_37408 position 567
[17:52:07] Found 282 unique /gene codes.
[17:52:07] Fixed 2 duplicate /gene - fixA_1 fixA_2
[17:52:07] Fixed 2 duplicate /gene - tmk_1 tmk_2
[17:52:07] Fixed 2 duplicate /gene - purF_1 purF_2
[17:52:07] Fixed 2 duplicate /gene - adk_1 adk_2
[17:52:07] Fixed 2 duplicate /gene - gloB_1 gloB_2
[17:52:07] Fixed 2 duplicate /gene - tolR_1 tolR_2
[17:52:07] Fixed 2 duplicate /gene - kmo_1 kmo_2
[17:52:07] Fixed 2 duplicate /gene - resA_1 resA_2
[17:52:07] Fixed 2 duplicate /gene - btuD_1 btuD_2
[17:52:07] Fixed 2 duplicate /gene - acsA_1 acsA_2
[17:52:07] Fixed 2 duplicate /gene - ileS_1 ileS_2
[17:52:07] Fixed 2 duplicate /gene - ddl_1 ddl_2
[17:52:07] Fixed 2 duplicate /gene - ade_1 ade_2
[17:52:07] Fixed 2 duplicate /gene - tolQ_1 tolQ_2
[17:52:07] Fixed 2 duplicate /gene - gcvT_1 gcvT_2
[17:52:07] Fixed 2 duplicate /gene - odhA_1 odhA_2
[17:52:07] Fixed 5 duplicate /gene - rhaD_1 rhaD_2 rhaD_3 rhaD_4 rhaD_5
[17:52:07] Fixed 2 duplicate /gene - lpxD_1 lpxD_2
[17:52:07] Fixed 18 colliding /gene names.
[17:52:07] Adding /locus_tag identifiers
[17:52:07] Assigned 631 locus_tags to CDS and RNA features.
[17:52:07] Writing outputs to /home/tola2495/GenomeAnalysisVT2022/analyses/05_annotation/prokka/RR4342133_Archaea/bin_31.fa/
[17:52:07] Generating annotation statistics file
[17:52:07] Generating Genbank and Sequin files
[17:52:07] Running: tbl2asn -V b -a r10k -l paired-ends -M n -N 1 -y 'Annotated using prokka 1.14.6 from https://github.com/tseemann/prokka' -Z \/home\/tola2495\/GenomeAnalysisVT2022\/analyses\/05_annotation\/prokka\/RR4342133_Archaea\/bin_31\.fa\/RR4342133_Archaea\.err -i \/home\/tola2495\/GenomeAnalysisVT2022\/analyses\/05_annotation\/prokka\/RR4342133_Archaea\/bin_31\.fa\/RR4342133_Archaea\.fsa 2> /dev/null
[17:52:08] Deleting unwanted file: /home/tola2495/GenomeAnalysisVT2022/analyses/05_annotation/prokka/RR4342133_Archaea/bin_31.fa/errorsummary.val
[17:52:08] Deleting unwanted file: /home/tola2495/GenomeAnalysisVT2022/analyses/05_annotation/prokka/RR4342133_Archaea/bin_31.fa/RR4342133_Archaea.dr
[17:52:08] Deleting unwanted file: /home/tola2495/GenomeAnalysisVT2022/analyses/05_annotation/prokka/RR4342133_Archaea/bin_31.fa/RR4342133_Archaea.fixedproducts
[17:52:08] Deleting unwanted file: /home/tola2495/GenomeAnalysisVT2022/analyses/05_annotation/prokka/RR4342133_Archaea/bin_31.fa/RR4342133_Archaea.ecn
[17:52:08] Deleting unwanted file: /home/tola2495/GenomeAnalysisVT2022/analyses/05_annotation/prokka/RR4342133_Archaea/bin_31.fa/RR4342133_Archaea.val
[17:52:08] Repairing broken .GBK output that tbl2asn produces...
[17:52:08] Running: sed 's/COORDINATES: profile/COORDINATES:profile/' < \/home\/tola2495\/GenomeAnalysisVT2022\/analyses\/05_annotation\/prokka\/RR4342133_Archaea\/bin_31\.fa\/RR4342133_Archaea\.gbf > \/home\/tola2495\/GenomeAnalysisVT2022\/analyses\/05_annotation\/prokka\/RR4342133_Archaea\/bin_31\.fa\/RR4342133_Archaea\.gbk
[17:52:08] Deleting unwanted file: /home/tola2495/GenomeAnalysisVT2022/analyses/05_annotation/prokka/RR4342133_Archaea/bin_31.fa/RR4342133_Archaea.gbf
[17:52:08] Output files:
[17:52:08] /home/tola2495/GenomeAnalysisVT2022/analyses/05_annotation/prokka/RR4342133_Archaea/bin_31.fa/RR4342133_Archaea.log
[17:52:08] /home/tola2495/GenomeAnalysisVT2022/analyses/05_annotation/prokka/RR4342133_Archaea/bin_31.fa/RR4342133_Archaea.fna
[17:52:08] /home/tola2495/GenomeAnalysisVT2022/analyses/05_annotation/prokka/RR4342133_Archaea/bin_31.fa/RR4342133_Archaea.gff
[17:52:08] /home/tola2495/GenomeAnalysisVT2022/analyses/05_annotation/prokka/RR4342133_Archaea/bin_31.fa/RR4342133_Archaea.faa
[17:52:08] /home/tola2495/GenomeAnalysisVT2022/analyses/05_annotation/prokka/RR4342133_Archaea/bin_31.fa/RR4342133_Archaea.ffn
[17:52:08] /home/tola2495/GenomeAnalysisVT2022/analyses/05_annotation/prokka/RR4342133_Archaea/bin_31.fa/RR4342133_Archaea.tbl
[17:52:08] /home/tola2495/GenomeAnalysisVT2022/analyses/05_annotation/prokka/RR4342133_Archaea/bin_31.fa/RR4342133_Archaea.fsa
[17:52:08] /home/tola2495/GenomeAnalysisVT2022/analyses/05_annotation/prokka/RR4342133_Archaea/bin_31.fa/RR4342133_Archaea.tsv
[17:52:08] /home/tola2495/GenomeAnalysisVT2022/analyses/05_annotation/prokka/RR4342133_Archaea/bin_31.fa/RR4342133_Archaea.txt
[17:52:08] /home/tola2495/GenomeAnalysisVT2022/analyses/05_annotation/prokka/RR4342133_Archaea/bin_31.fa/RR4342133_Archaea.sqn
[17:52:08] /home/tola2495/GenomeAnalysisVT2022/analyses/05_annotation/prokka/RR4342133_Archaea/bin_31.fa/RR4342133_Archaea.gbk
[17:52:08] /home/tola2495/GenomeAnalysisVT2022/analyses/05_annotation/prokka/RR4342133_Archaea/bin_31.fa/RR4342133_Archaea.err
[17:52:08] Annotation finished successfully.
[17:52:08] Walltime used: 0.65 minutes
[17:52:08] If you use this result please cite the Prokka paper:
[17:52:08] Seemann T (2014) Prokka: rapid prokaryotic genome annotation. Bioinformatics. 30(14):2068-9.
[17:52:08] Type 'prokka --citation' for more details.
[17:52:08] Share and enjoy!
