[13:22:29] This is prokka 1.14.6
[13:22:29] Written by Torsten Seemann <torsten.seemann@gmail.com>
[13:22:29] Homepage is https://github.com/tseemann/prokka
[13:22:29] Local time is Tue May  3 13:22:29 2022
[13:22:29] You are tola2495
[13:22:29] Operating system is linux
[13:22:29] You have BioPerl 1.007001
[13:22:29] System has 16 cores.
[13:22:29] Will use maximum of 2 cores.
[13:22:29] Annotating as >>> Bacteria <<<
[13:22:29] Generating locus_tag from 'bin_14.fa' contents.
[13:22:29] Setting --locustag JDLLNILE from MD5 3d55725e80031d1ad793ff55ce6ac507
[13:22:29] Creating new output folder: /home/tola2495/GenomeAnalysisVT2022/analyses/05_annotation/prokka/RR4342133_Bacteria/bin_14.fa
[13:22:29] Running: mkdir -p \/home\/tola2495\/GenomeAnalysisVT2022\/analyses\/05_annotation\/prokka\/RR4342133_Bacteria\/bin_14\.fa
[13:22:29] Using filename prefix: RR4342133_Bacteria.XXX
[13:22:29] Setting HMMER_NCPU=1
[13:22:29] Writing log to: /home/tola2495/GenomeAnalysisVT2022/analyses/05_annotation/prokka/RR4342133_Bacteria/bin_14.fa/RR4342133_Bacteria.log
[13:22:29] Command: /sw/bioinfo/prokka/1.45-5b58020/snowy/bin/prokka --metagenome --cpus 2 --prefix RR4342133_Bacteria --outdir /home/tola2495/GenomeAnalysisVT2022/analyses/05_annotation/prokka/RR4342133_Bacteria/bin_14.fa bin_14.fa
[13:22:29] Appending to PATH: /sw/bioinfo/prokka/1.45-5b58020/rackham/bin/../binaries/linux
[13:22:29] Appending to PATH: /sw/bioinfo/prokka/1.45-5b58020/rackham/bin/../binaries/linux/../common
[13:22:29] Appending to PATH: /sw/bioinfo/prokka/1.45-5b58020/rackham/bin
[13:22:29] Looking for 'aragorn' - found /sw/bioinfo/prokka/1.45-5b58020/rackham/bin/../binaries/linux/aragorn
[13:22:29] Determined aragorn version is 001002 from 'ARAGORN v1.2.38 Dean Laslett'
[13:22:29] Looking for 'barrnap' - found /sw/bioinfo/barrnap/0.8/snowy/bin/barrnap
[13:22:29] Determined barrnap version is 000008 from 'barrnap 0.8'
[13:22:29] Looking for 'blastp' - found /sw/bioinfo/blast/2.11.0+/snowy/bin/blastp
[13:22:30] Determined blastp version is 002011 from 'blastp: 2.11.0+'
[13:22:30] Looking for 'cmpress' - found /sw/bioinfo/prokka/1.45-5b58020/rackham/bin/../binaries/linux/cmpress
[13:22:30] Determined cmpress version is 001001 from '# INFERNAL 1.1.2 (July 2016)'
[13:22:30] Looking for 'cmscan' - found /sw/bioinfo/prokka/1.45-5b58020/rackham/bin/../binaries/linux/cmscan
[13:22:30] Determined cmscan version is 001001 from '# INFERNAL 1.1.2 (July 2016)'
[13:22:30] Looking for 'egrep' - found /usr/bin/egrep
[13:22:30] Looking for 'find' - found /usr/bin/find
[13:22:30] Looking for 'grep' - found /usr/bin/grep
[13:22:30] Looking for 'hmmpress' - found /sw/apps/bioinfo/hmmer/3.1b2/snowy/bin/hmmpress
[13:22:30] Determined hmmpress version is 003001 from '# HMMER 3.1b2 (February 2015); http://hmmer.org/'
[13:22:30] Looking for 'hmmscan' - found /sw/apps/bioinfo/hmmer/3.1b2/snowy/bin/hmmscan
[13:22:30] Determined hmmscan version is 003001 from '# HMMER 3.1b2 (February 2015); http://hmmer.org/'
[13:22:30] Looking for 'java' - found /usr/bin/java
[13:22:30] Looking for 'makeblastdb' - found /sw/bioinfo/blast/2.11.0+/snowy/bin/makeblastdb
[13:22:31] Determined makeblastdb version is 002011 from 'makeblastdb: 2.11.0+'
[13:22:31] Looking for 'minced' - found /sw/apps/bioinfo/minced/0.2.0/snowy/minced
[13:22:31] Determined minced version is 002000 from 'minced 0.2.0'
[13:22:31] Looking for 'parallel' - found /sw/parallel/gnuparallel/20170122/snowy/bin/parallel
[13:22:31] Determined parallel version is 20170122 from 'GNU parallel 20170122'
[13:22:31] Looking for 'prodigal' - found /sw/apps/bioinfo/prodigal/2.6.3/snowy/bin/prodigal
[13:22:31] Determined prodigal version is 002006 from 'Prodigal V2.6.3: February, 2016'
[13:22:31] Looking for 'prokka-genbank_to_fasta_db' - found /sw/bioinfo/prokka/1.45-5b58020/snowy/bin/prokka-genbank_to_fasta_db
[13:22:31] Looking for 'sed' - found /usr/bin/sed
[13:22:31] Looking for 'signalp' - found /sw/bioinfo/SignalP/4.1f/snowy/signalp
[13:22:31] Determined signalp version is 004001 from '4.1 6180816'
[13:22:31] Looking for 'tbl2asn' - found /sw/bioinfo/tbl2asn/25.8/snowy/tbl2asn
[13:22:31] Determined tbl2asn version is 025008 from 'tbl2asn 25.8   arguments:'
[13:22:31] Using genetic code table 11.
[13:22:31] Loading and checking input file: bin_14.fa
[13:22:31] Wrote 399 contigs totalling 2205826 bp.
[13:22:31] Predicting tRNAs and tmRNAs
[13:22:31] Running: aragorn -l -gc11  -w \/home\/tola2495\/GenomeAnalysisVT2022\/analyses\/05_annotation\/prokka\/RR4342133_Bacteria\/bin_14\.fa\/RR4342133_Bacteria\.fna
[13:22:32] 1 tRNA-Leu c[766,850] 35 (caa)
[13:22:32] 1 tRNA-Lys [2504,2577] 34 (ttt)
[13:22:32] 1 tRNA-Lys c[110,183] 34 (ctt)
[13:22:32] 1 tRNA-Arg [4883,4957] 35 (tct)
[13:22:32] 1 tRNA-Gly [3156,3227] 33 (ccc)
[13:22:32] 1 tRNA-Phe [2240,2313] 34 (gaa)
[13:22:32] 1 tRNA-Leu [1083,1166] 35 (tag)
[13:22:32] 1 tRNA-Pro c[153,227] 35 (cgg)
[13:22:32] 1 tRNA-Asp [5859,5935] 37 (gtc)
[13:22:32] 1 tRNA-Met c[7523,7597] 35 (cat)
[13:22:32] 1 tRNA-Ser [2406,2491] 35 (gga)
[13:22:32] 1 tRNA-Asn [1686,1758] 33 (gtt)
[13:22:32] 1 tRNA-Val [1040,1114] 35 (cac)
[13:22:32] 1 tRNA-Pro c[1758,1833] 36 (tgg)
[13:22:32] 1 tRNA-Thr [4845,4918] 34 (cgt)
[13:22:32] 1 tRNA-SeC [1985,2077] 35 (tca)
[13:22:32] 1 tRNA-Thr [3119,3192] 34 (tgt)
[13:22:32] 2 tRNA-Tyr [3206,3289] 35 (gta)
[13:22:32] 3 tRNA-Gly [3342,3413] 33 (tcc)
[13:22:32] 4 tRNA-Thr [3478,3551] 34 (ggt)
[13:22:32] 1 tRNA-Leu [2540,2624] 35 (gag)
[13:22:32] 1 tRNA-Arg [2615,2689] 35 (cct)
[13:22:32] 1 tRNA-Met [734,808] 35 (cat)
[13:22:32] 1 tRNA-Gln c[6104,6175] 33 (ttg)
[13:22:32] 1 tRNA-Trp [289,362] 34 (cca)
[13:22:32] 1 tRNA-Ala [1934,2007] 34 (ggc)
[13:22:32] 1 tRNA-Ala c[7067,7141] 35 (cgc)
[13:22:32] 1 tRNA-Glu c[193,265] 34 (ttc)
[13:22:32] 2 tRNA-His c[338,411] 34 (gtg)
[13:22:32] 1 tRNA-Gly [413,486] 34 (gcc)
[13:22:32] Found 30 tRNAs
[13:22:32] Predicting Ribosomal RNAs
[13:22:32] Running Barrnap with 2 threads
[13:22:34] 1 k105_90920 2506 5S ribosomal RNA
[13:22:34] Found 1 rRNAs
[13:22:34] Skipping ncRNA search, enable with --rfam if desired.
[13:22:34] Total of 31 tRNA + rRNA features
[13:22:34] Searching for CRISPR repeats
[13:22:34] Found 0 CRISPRs
[13:22:34] Predicting coding sequences
[13:22:34] Contigs total 2205826 bp, so using meta mode
[13:22:34] Running: prodigal -i \/home\/tola2495\/GenomeAnalysisVT2022\/analyses\/05_annotation\/prokka\/RR4342133_Bacteria\/bin_14\.fa\/RR4342133_Bacteria\.fna -c -m -g 11 -p meta -f sco -q
[13:22:37] Excluding CDS which overlaps existing RNA (tRNA) at k105_27056:2216..2332 on + strand
[13:22:41] Excluding CDS which overlaps existing RNA (tRNA) at k105_139110:1495..2010 on + strand
[13:22:41] Excluding CDS which overlaps existing RNA (tRNA) at k105_143721:4761..4889 on + strand
[13:22:41] Excluding CDS which overlaps existing RNA (tRNA) at k105_143721:4917..5345 on - strand
[13:22:47] Found 2039 CDS
[13:22:47] Connecting features back to sequences
[13:22:47] Not using genus-specific database. Try --usegenus to enable it.
[13:22:47] Annotating CDS, please be patient.
[13:22:47] Will use 2 CPUs for similarity searching.
[13:22:48] There are still 2039 unannotated CDS left (started with 2039)
[13:22:48] Will use blast to search against /sw/bioinfo/prokka/1.45-5b58020/rackham/db/kingdom/Bacteria/IS with 2 CPUs
[13:22:48] Running: cat \/home\/tola2495\/GenomeAnalysisVT2022\/analyses\/05_annotation\/prokka\/RR4342133_Bacteria\/bin_14\.fa\/RR4342133_Bacteria\.IS\.tmp\.60262\.faa | parallel --gnu --plain -j 2 --block 153360 --recstart '>' --pipe blastp -query - -db /sw/bioinfo/prokka/1.45-5b58020/rackham/db/kingdom/Bacteria/IS -evalue 1e-30 -qcov_hsp_perc 90 -num_threads 1 -num_descriptions 1 -num_alignments 1 -seg no > \/home\/tola2495\/GenomeAnalysisVT2022\/analyses\/05_annotation\/prokka\/RR4342133_Bacteria\/bin_14\.fa\/RR4342133_Bacteria\.IS\.tmp\.60262\.blast 2> /dev/null
[13:23:13] Deleting unwanted file: /home/tola2495/GenomeAnalysisVT2022/analyses/05_annotation/prokka/RR4342133_Bacteria/bin_14.fa/RR4342133_Bacteria.IS.tmp.60262.faa
[13:23:13] Deleting unwanted file: /home/tola2495/GenomeAnalysisVT2022/analyses/05_annotation/prokka/RR4342133_Bacteria/bin_14.fa/RR4342133_Bacteria.IS.tmp.60262.blast
[13:23:14] There are still 2039 unannotated CDS left (started with 2039)
[13:23:14] Will use blast to search against /sw/bioinfo/prokka/1.45-5b58020/rackham/db/kingdom/Bacteria/AMR with 2 CPUs
[13:23:14] Running: cat \/home\/tola2495\/GenomeAnalysisVT2022\/analyses\/05_annotation\/prokka\/RR4342133_Bacteria\/bin_14\.fa\/RR4342133_Bacteria\.AMR\.tmp\.60262\.faa | parallel --gnu --plain -j 2 --block 153360 --recstart '>' --pipe blastp -query - -db /sw/bioinfo/prokka/1.45-5b58020/rackham/db/kingdom/Bacteria/AMR -evalue 9.99999999999999e-301 -qcov_hsp_perc 90 -num_threads 1 -num_descriptions 1 -num_alignments 1 -seg no > \/home\/tola2495\/GenomeAnalysisVT2022\/analyses\/05_annotation\/prokka\/RR4342133_Bacteria\/bin_14\.fa\/RR4342133_Bacteria\.AMR\.tmp\.60262\.blast 2> /dev/null
[13:23:35] Deleting unwanted file: /home/tola2495/GenomeAnalysisVT2022/analyses/05_annotation/prokka/RR4342133_Bacteria/bin_14.fa/RR4342133_Bacteria.AMR.tmp.60262.faa
[13:23:35] Deleting unwanted file: /home/tola2495/GenomeAnalysisVT2022/analyses/05_annotation/prokka/RR4342133_Bacteria/bin_14.fa/RR4342133_Bacteria.AMR.tmp.60262.blast
[13:23:36] There are still 2039 unannotated CDS left (started with 2039)
[13:23:36] Will use blast to search against /sw/bioinfo/prokka/1.45-5b58020/rackham/db/kingdom/Bacteria/sprot with 2 CPUs
[13:23:36] Running: cat \/home\/tola2495\/GenomeAnalysisVT2022\/analyses\/05_annotation\/prokka\/RR4342133_Bacteria\/bin_14\.fa\/RR4342133_Bacteria\.sprot\.tmp\.60262\.faa | parallel --gnu --plain -j 2 --block 153360 --recstart '>' --pipe blastp -query - -db /sw/bioinfo/prokka/1.45-5b58020/rackham/db/kingdom/Bacteria/sprot -evalue 1e-09 -qcov_hsp_perc 80 -num_threads 1 -num_descriptions 1 -num_alignments 1 -seg no > \/home\/tola2495\/GenomeAnalysisVT2022\/analyses\/05_annotation\/prokka\/RR4342133_Bacteria\/bin_14\.fa\/RR4342133_Bacteria\.sprot\.tmp\.60262\.blast 2> /dev/null
[13:25:17] Modify product: Uncharacterized ABC transporter ATP-binding protein YknY => putative ABC transporter ATP-binding protein YknY
[13:25:17] Modify product: UPF0145 protein BCE33L0904 => hypothetical protein
[13:25:17] Modify product: Uncharacterized protein YcgM => putative protein YcgM
[13:25:17] Modify product: 23S rRNA 5-hydroxycytidine C2501 synthase => 23S rRNA 5-hydroxycytidine synthase
[13:25:17] Modify product: DegV domain-containing protein SA1258 => DegV domain-containing protein
[13:25:17] Modify product: Probable butyrate kinase 2 => putative butyrate kinase 2
[13:25:17] Modify product: Nucleoid-associated protein Cthe_2143 => Nucleoid-associated protein
[13:25:17] Modify product: Probable M18 family aminopeptidase 2 => putative M18 family aminopeptidase 2
[13:25:17] Modify product: Uncharacterized protein YcbX => putative protein YcbX
[13:25:17] Modify product: Uncharacterized N-acetyltransferase Rv2669 => putative N-acetyltransferase
[13:25:17] Modify product: Uncharacterized protein YyaP => putative protein YyaP
[13:25:17] Modify product: UPF0758 protein => hypothetical protein
[13:25:17] Modify product: Probable ABC transporter binding protein NosD => putative ABC transporter binding protein NosD
[13:25:17] Modify product: UPF0701 protein YicC => hypothetical protein
[13:25:17] Modify product: Probable iron export permease protein FetB => putative iron export permease protein FetB
[13:25:17] Modify product: Probable transcriptional regulatory protein DVU_2259 => putative transcriptional regulatory protein
[13:25:17] Modify product: Probable copper-transporting ATPase PacS => putative copper-transporting ATPase PacS
[13:25:17] Modify product: Uncharacterized HTH-type transcriptional regulator YfiR => putative HTH-type transcriptional regulator YfiR
[13:25:17] Modify product: Probable 3-hydroxyacyl-CoA dehydrogenase => putative 3-hydroxyacyl-CoA dehydrogenase
[13:25:17] Modify product: Dihydroorotate dehydrogenase B (NAD(+)), electron transfer subunit homolog => Dihydroorotate dehydrogenase B (NAD(+)), electron transfer subunit 
[13:25:17] Modify product: Probable xanthine dehydrogenase subunit D => putative xanthine dehydrogenase subunit D
[13:25:17] Modify product: Uncharacterized protein YqeY => putative protein YqeY
[13:25:17] Modify product: Probable phosphatase Rv3661 => putative phosphatase
[13:25:17] Modify product: Uncharacterized protein YccU => putative protein YccU
[13:25:18] Modify product: Probable murein peptide carboxypeptidase => putative murein peptide carboxypeptidase
[13:25:18] Modify product: UPF0056 inner membrane protein YhgN => hypothetical protein
[13:25:18] Modify product: Probable TonB-dependent receptor NMB0964 => putative TonB-dependent receptor
[13:25:18] Modify product: UPF0301 protein YqgE => hypothetical protein
[13:25:18] Modify product: Probable murein peptide carboxypeptidase => putative murein peptide carboxypeptidase
[13:25:18] Modify product: Acetyltransferase PA3944 => Acetyltransferase
[13:25:18] Modify product: Uncharacterized HTH-type transcriptional regulator YfiR => putative HTH-type transcriptional regulator YfiR
[13:25:18] Modify product: Uncharacterized ABC transporter ATP-binding protein YknY => putative ABC transporter ATP-binding protein YknY
[13:25:18] Modify product: Probable efflux pump outer membrane protein TtgC => putative efflux pump outer membrane protein TtgC
[13:25:18] Modify product: UPF0053 protein Rv1842c => hypothetical protein
[13:25:18] Modify product: UPF0053 protein Rv2366c => hypothetical protein
[13:25:18] Modify product: Uncharacterized epimerase/dehydratase SA0511 => putative epimerase/dehydratase
[13:25:18] Modify product: UPF0213 protein BH0048 => hypothetical protein
[13:25:18] Modify product: Uncharacterized protein Rv2232 => putative protein
[13:25:18] Modify product: Probable ribonucleotide transport ATP-binding protein mkl => putative ribonucleotide transport ATP-binding protein mkl
[13:25:18] Modify product: Probable cysteine desulfurase => putative cysteine desulfurase
[13:25:18] Modify product: UPF0073 inner membrane protein YqfA => hypothetical protein
[13:25:18] Modify product: Probable quorum-quenching lactonase YtnP => putative quorum-quenching lactonase YtnP
[13:25:18] Modify product: Putative esterase aq_1494 => Putative esterase
[13:25:18] Modify product: UPF0053 protein Rv2366c => hypothetical protein
[13:25:18] Modify product: Probable fused nickel transport protein LarMN => putative fused nickel transport protein LarMN
[13:25:18] Modify product: Protein aq_1857 => Protein
[13:25:18] Modify product: Uncharacterized protein HI_1162 => putative protein
[13:25:18] Modify product: Probable iron-sulfur-binding oxidoreductase FadF => putative iron-sulfur-binding oxidoreductase FadF
[13:25:18] Modify product: Probable Ni/Fe-hydrogenase 2 b-type cytochrome subunit => putative Ni/Fe-hydrogenase 2 b-type cytochrome subunit
[13:25:18] Modify product: Carbon dioxide-concentrating mechanism protein CcmK homolog 2 => Carbon dioxide-concentrating mechanism protein CcmK 
[13:25:18] Modify product: Probable membrane transporter protein YfcA => putative membrane transporter protein YfcA
[13:25:18] Modify product: Putative glutamine amidotransferase Rv2859c => Putative glutamine amidotransferase
[13:25:18] Modify product: Probable peptidyl-prolyl cis-trans isomerase => putative peptidyl-prolyl cis-trans isomerase
[13:25:18] Modify product: Putative HTH-type transcriptional regulator Rv1287 => Putative HTH-type transcriptional regulator
[13:25:18] Modify product: Probable copper-transporting ATPase PacS => putative copper-transporting ATPase PacS
[13:25:18] Modify product: Uncharacterized oxidoreductase SA2266 => putative oxidoreductase
[13:25:18] Modify product: Probable glycine dehydrogenase (decarboxylating) subunit 1 => putative glycine dehydrogenase (decarboxylating) subunit 1
[13:25:18] Modify product: Uncharacterized protein YciO => putative protein YciO
[13:25:18] Modify product: Uncharacterized ABC transporter ATP-binding protein YheS => putative ABC transporter ATP-binding protein YheS
[13:25:18] Modify product: Uncharacterized protein YhaP => putative protein YhaP
[13:25:18] Modify product: Probable ATP-dependent transporter SufC => putative ATP-dependent transporter SufC
[13:25:18] Modify product: Uncharacterized NTE family protein Rv1063c => putative NTE family protein
[13:25:18] Cleaned 62 /product names
[13:25:18] Deleting unwanted file: /home/tola2495/GenomeAnalysisVT2022/analyses/05_annotation/prokka/RR4342133_Bacteria/bin_14.fa/RR4342133_Bacteria.sprot.tmp.60262.faa
[13:25:18] Deleting unwanted file: /home/tola2495/GenomeAnalysisVT2022/analyses/05_annotation/prokka/RR4342133_Bacteria/bin_14.fa/RR4342133_Bacteria.sprot.tmp.60262.blast
[13:25:19] There are still 1286 unannotated CDS left (started with 2039)
[13:25:19] Will use hmmer3 to search against /sw/bioinfo/prokka/1.45-5b58020/rackham/db/hmm/HAMAP.hmm with 2 CPUs
[13:25:19] Running: cat \/home\/tola2495\/GenomeAnalysisVT2022\/analyses\/05_annotation\/prokka\/RR4342133_Bacteria\/bin_14\.fa\/RR4342133_Bacteria\.HAMAP\.hmm\.tmp\.60262\.faa | parallel --gnu --plain -j 2 --block 91924 --recstart '>' --pipe hmmscan --noali --notextw --acc -E 1e-09 --cpu 1 /sw/bioinfo/prokka/1.45-5b58020/rackham/db/hmm/HAMAP.hmm /dev/stdin > \/home\/tola2495\/GenomeAnalysisVT2022\/analyses\/05_annotation\/prokka\/RR4342133_Bacteria\/bin_14\.fa\/RR4342133_Bacteria\.HAMAP\.hmm\.tmp\.60262\.hmmer3 2> /dev/null
[13:26:20] Modify product: Uncharacterized Nudix hydrolase NudL => putative Nudix hydrolase NudL
[13:26:20] Cleaned 1 /product names
[13:26:20] Deleting unwanted file: /home/tola2495/GenomeAnalysisVT2022/analyses/05_annotation/prokka/RR4342133_Bacteria/bin_14.fa/RR4342133_Bacteria.HAMAP.hmm.tmp.60262.faa
[13:26:20] Deleting unwanted file: /home/tola2495/GenomeAnalysisVT2022/analyses/05_annotation/prokka/RR4342133_Bacteria/bin_14.fa/RR4342133_Bacteria.HAMAP.hmm.tmp.60262.hmmer3
[13:26:20] Labelling remaining 1116 proteins as 'hypothetical protein'
[13:26:20] Possible /pseudo 'Glyceraldehyde-3-phosphate dehydrogenase' at k105_3948 position 793
[13:26:20] Possible /pseudo 'Lipoprotein-releasing system transmembrane protein LolE' at k105_10619 position 1179
[13:26:20] Possible /pseudo 'Adaptive-response sensory-kinase SasA' at k105_125463 position 11036
[13:26:20] Possible /pseudo 'Small ribosomal subunit biogenesis GTPase RsgA' at k105_56322 position 1186
[13:26:20] Possible /pseudo 'Macrolide export ATP-binding/permease protein MacB' at k105_59157 position 11362
[13:26:20] Possible /pseudo 'Bifunctional PGK/TIM' at k105_155452 position 1366
[13:26:20] Possible /pseudo 'Cell division coordinator CpoB' at k105_162779 position 5601
[13:26:20] Found 743 unique /gene codes.
[13:26:20] Fixed 2 duplicate /gene - nuoB_1 nuoB_2
[13:26:20] Fixed 2 duplicate /gene - neuB_1 neuB_2
[13:26:20] Fixed 3 duplicate /gene - udk_1 udk_2 udk_3
[13:26:20] Fixed 2 duplicate /gene - tgt_1 tgt_2
[13:26:20] Fixed 4 duplicate /gene - rcsC_1 rcsC_2 rcsC_3 rcsC_4
[13:26:20] Fixed 4 duplicate /gene - lnrL_1 lnrL_2 lnrL_3 lnrL_4
[13:26:20] Fixed 2 duplicate /gene - pacS_1 pacS_2
[13:26:20] Fixed 2 duplicate /gene - betI_1 betI_2
[13:26:20] Fixed 2 duplicate /gene - caiA_1 caiA_2
[13:26:20] Fixed 2 duplicate /gene - pnp_1 pnp_2
[13:26:20] Fixed 3 duplicate /gene - surA_1 surA_2 surA_3
[13:26:20] Fixed 8 duplicate /gene - btuB_1 btuB_2 btuB_3 btuB_4 btuB_5 btuB_6 btuB_7 btuB_8
[13:26:20] Fixed 5 duplicate /gene - cpoB_1 cpoB_2 cpoB_3 cpoB_4 cpoB_5
[13:26:20] Fixed 3 duplicate /gene - dsrE2_1 dsrE2_2 dsrE2_3
[13:26:20] Fixed 2 duplicate /gene - wbpI_1 wbpI_2
[13:26:20] Fixed 2 duplicate /gene - aroF_1 aroF_2
[13:26:20] Fixed 2 duplicate /gene - algC_1 algC_2
[13:26:20] Fixed 2 duplicate /gene - yfiR_1 yfiR_2
[13:26:20] Fixed 3 duplicate /gene - quiP_1 quiP_2 quiP_3
[13:26:20] Fixed 2 duplicate /gene - axe2_1 axe2_2
[13:26:20] Fixed 2 duplicate /gene - sucD_1 sucD_2
[13:26:20] Fixed 2 duplicate /gene - suhB_1 suhB_2
[13:26:20] Fixed 2 duplicate /gene - tusA_1 tusA_2
[13:26:20] Fixed 2 duplicate /gene - norR_1 norR_2
[13:26:20] Fixed 2 duplicate /gene - yknY_1 yknY_2
[13:26:20] Fixed 4 duplicate /gene - atoC_1 atoC_2 atoC_3 atoC_4
[13:26:20] Fixed 2 duplicate /gene - glpE_1 glpE_2
[13:26:20] Fixed 2 duplicate /gene - kefC_1 kefC_2
[13:26:20] Fixed 2 duplicate /gene - glgE_1 glgE_2
[13:26:20] Fixed 3 duplicate /gene - lapB_1 lapB_2 lapB_3
[13:26:20] Fixed 2 duplicate /gene - nagZ_1 nagZ_2
[13:26:20] Fixed 2 duplicate /gene - pyrD_1 pyrD_2
[13:26:20] Fixed 2 duplicate /gene - macB_1 macB_2
[13:26:20] Fixed 2 duplicate /gene - groS_1 groS_2
[13:26:20] Fixed 2 duplicate /gene - pepP_1 pepP_2
[13:26:20] Fixed 2 duplicate /gene - glmU_1 glmU_2
[13:26:20] Fixed 2 duplicate /gene - acpP_1 acpP_2
[13:26:20] Fixed 2 duplicate /gene - bamA_1 bamA_2
[13:26:20] Fixed 2 duplicate /gene - atpH_1 atpH_2
[13:26:20] Fixed 2 duplicate /gene - rsgA_1 rsgA_2
[13:26:20] Fixed 2 duplicate /gene - ruvB_1 ruvB_2
[13:26:20] Fixed 2 duplicate /gene - dinB_1 dinB_2
[13:26:20] Fixed 2 duplicate /gene - korA_1 korA_2
[13:26:20] Fixed 2 duplicate /gene - pgsA_1 pgsA_2
[13:26:20] Fixed 2 duplicate /gene - glgA_1 glgA_2
[13:26:20] Fixed 2 duplicate /gene - iscS_1 iscS_2
[13:26:20] Fixed 2 duplicate /gene - plsX_1 plsX_2
[13:26:20] Fixed 2 duplicate /gene - rny_1 rny_2
[13:26:20] Fixed 2 duplicate /gene - murI_1 murI_2
[13:26:20] Fixed 3 duplicate /gene - phoP_1 phoP_2 phoP_3
[13:26:20] Fixed 2 duplicate /gene - xerD_1 xerD_2
[13:26:20] Fixed 10 duplicate /gene - sasA_1 sasA_2 sasA_3 sasA_4 sasA_5 sasA_6 sasA_7 sasA_8 sasA_9 sasA_10
[13:26:20] Fixed 2 duplicate /gene - sdcS_1 sdcS_2
[13:26:20] Fixed 3 duplicate /gene - tolB_1 tolB_2 tolB_3
[13:26:20] Fixed 2 duplicate /gene - fabH_1 fabH_2
[13:26:20] Fixed 2 duplicate /gene - uvrA_1 uvrA_2
[13:26:20] Fixed 2 duplicate /gene - pgk/tpi_1 pgk/tpi_2
[13:26:20] Fixed 3 duplicate /gene - btuD_1 btuD_2 btuD_3
[13:26:20] Fixed 2 duplicate /gene - glnB_1 glnB_2
[13:26:20] Fixed 2 duplicate /gene - dnaJ_1 dnaJ_2
[13:26:20] Fixed 2 duplicate /gene - thrB_1 thrB_2
[13:26:20] Fixed 2 duplicate /gene - glmS_1 glmS_2
[13:26:20] Fixed 2 duplicate /gene - pta_1 pta_2
[13:26:20] Fixed 2 duplicate /gene - nagC_1 nagC_2
[13:26:20] Fixed 2 duplicate /gene - pomA_1 pomA_2
[13:26:20] Fixed 2 duplicate /gene - rbr_1 rbr_2
[13:26:20] Fixed 2 duplicate /gene - dnaE_1 dnaE_2
[13:26:20] Fixed 2 duplicate /gene - macA_1 macA_2
[13:26:20] Fixed 3 duplicate /gene - menF_1 menF_2 menF_3
[13:26:20] Fixed 2 duplicate /gene - gpr_1 gpr_2
[13:26:20] Fixed 2 duplicate /gene - lolE_1 lolE_2
[13:26:20] Fixed 2 duplicate /gene - ykfA_1 ykfA_2
[13:26:20] Fixed 2 duplicate /gene - ald_1 ald_2
[13:26:20] Fixed 2 duplicate /gene - gap_1 gap_2
[13:26:20] Fixed 4 duplicate /gene - resA_1 resA_2 resA_3 resA_4
[13:26:20] Fixed 2 duplicate /gene - cymR_1 cymR_2
[13:26:20] Fixed 2 duplicate /gene - pdhC_1 pdhC_2
[13:26:20] Fixed 2 duplicate /gene - blc_1 blc_2
[13:26:20] Fixed 78 colliding /gene names.
[13:26:20] Adding /locus_tag identifiers
[13:26:20] Assigned 2070 locus_tags to CDS and RNA features.
[13:26:20] Writing outputs to /home/tola2495/GenomeAnalysisVT2022/analyses/05_annotation/prokka/RR4342133_Bacteria/bin_14.fa/
[13:26:22] Generating annotation statistics file
[13:26:22] Generating Genbank and Sequin files
[13:26:22] Running: tbl2asn -V b -a r10k -l paired-ends -M n -N 1 -y 'Annotated using prokka 1.14.6 from https://github.com/tseemann/prokka' -Z \/home\/tola2495\/GenomeAnalysisVT2022\/analyses\/05_annotation\/prokka\/RR4342133_Bacteria\/bin_14\.fa\/RR4342133_Bacteria\.err -i \/home\/tola2495\/GenomeAnalysisVT2022\/analyses\/05_annotation\/prokka\/RR4342133_Bacteria\/bin_14\.fa\/RR4342133_Bacteria\.fsa 2> /dev/null
[13:26:26] Deleting unwanted file: /home/tola2495/GenomeAnalysisVT2022/analyses/05_annotation/prokka/RR4342133_Bacteria/bin_14.fa/errorsummary.val
[13:26:26] Deleting unwanted file: /home/tola2495/GenomeAnalysisVT2022/analyses/05_annotation/prokka/RR4342133_Bacteria/bin_14.fa/RR4342133_Bacteria.dr
[13:26:26] Deleting unwanted file: /home/tola2495/GenomeAnalysisVT2022/analyses/05_annotation/prokka/RR4342133_Bacteria/bin_14.fa/RR4342133_Bacteria.fixedproducts
[13:26:26] Deleting unwanted file: /home/tola2495/GenomeAnalysisVT2022/analyses/05_annotation/prokka/RR4342133_Bacteria/bin_14.fa/RR4342133_Bacteria.ecn
[13:26:26] Deleting unwanted file: /home/tola2495/GenomeAnalysisVT2022/analyses/05_annotation/prokka/RR4342133_Bacteria/bin_14.fa/RR4342133_Bacteria.val
[13:26:26] Repairing broken .GBK output that tbl2asn produces...
[13:26:26] Running: sed 's/COORDINATES: profile/COORDINATES:profile/' < \/home\/tola2495\/GenomeAnalysisVT2022\/analyses\/05_annotation\/prokka\/RR4342133_Bacteria\/bin_14\.fa\/RR4342133_Bacteria\.gbf > \/home\/tola2495\/GenomeAnalysisVT2022\/analyses\/05_annotation\/prokka\/RR4342133_Bacteria\/bin_14\.fa\/RR4342133_Bacteria\.gbk
[13:26:26] Deleting unwanted file: /home/tola2495/GenomeAnalysisVT2022/analyses/05_annotation/prokka/RR4342133_Bacteria/bin_14.fa/RR4342133_Bacteria.gbf
[13:26:26] Output files:
[13:26:26] /home/tola2495/GenomeAnalysisVT2022/analyses/05_annotation/prokka/RR4342133_Bacteria/bin_14.fa/RR4342133_Bacteria.log
[13:26:26] /home/tola2495/GenomeAnalysisVT2022/analyses/05_annotation/prokka/RR4342133_Bacteria/bin_14.fa/RR4342133_Bacteria.fna
[13:26:26] /home/tola2495/GenomeAnalysisVT2022/analyses/05_annotation/prokka/RR4342133_Bacteria/bin_14.fa/RR4342133_Bacteria.gff
[13:26:26] /home/tola2495/GenomeAnalysisVT2022/analyses/05_annotation/prokka/RR4342133_Bacteria/bin_14.fa/RR4342133_Bacteria.faa
[13:26:26] /home/tola2495/GenomeAnalysisVT2022/analyses/05_annotation/prokka/RR4342133_Bacteria/bin_14.fa/RR4342133_Bacteria.ffn
[13:26:26] /home/tola2495/GenomeAnalysisVT2022/analyses/05_annotation/prokka/RR4342133_Bacteria/bin_14.fa/RR4342133_Bacteria.tbl
[13:26:26] /home/tola2495/GenomeAnalysisVT2022/analyses/05_annotation/prokka/RR4342133_Bacteria/bin_14.fa/RR4342133_Bacteria.fsa
[13:26:26] /home/tola2495/GenomeAnalysisVT2022/analyses/05_annotation/prokka/RR4342133_Bacteria/bin_14.fa/RR4342133_Bacteria.tsv
[13:26:26] /home/tola2495/GenomeAnalysisVT2022/analyses/05_annotation/prokka/RR4342133_Bacteria/bin_14.fa/RR4342133_Bacteria.txt
[13:26:26] /home/tola2495/GenomeAnalysisVT2022/analyses/05_annotation/prokka/RR4342133_Bacteria/bin_14.fa/RR4342133_Bacteria.gbk
[13:26:26] /home/tola2495/GenomeAnalysisVT2022/analyses/05_annotation/prokka/RR4342133_Bacteria/bin_14.fa/RR4342133_Bacteria.sqn
[13:26:26] /home/tola2495/GenomeAnalysisVT2022/analyses/05_annotation/prokka/RR4342133_Bacteria/bin_14.fa/RR4342133_Bacteria.err
[13:26:26] Annotation finished successfully.
[13:26:26] Walltime used: 3.95 minutes
[13:26:26] If you use this result please cite the Prokka paper:
[13:26:26] Seemann T (2014) Prokka: rapid prokaryotic genome annotation. Bioinformatics. 30(14):2068-9.
[13:26:26] Type 'prokka --citation' for more details.
[13:26:26] Share and enjoy!
