[14:01:14] This is prokka 1.14.6
[14:01:14] Written by Torsten Seemann <torsten.seemann@gmail.com>
[14:01:14] Homepage is https://github.com/tseemann/prokka
[14:01:14] Local time is Tue May  3 14:01:14 2022
[14:01:14] You are tola2495
[14:01:14] Operating system is linux
[14:01:14] You have BioPerl 1.007001
[14:01:14] System has 16 cores.
[14:01:14] Will use maximum of 2 cores.
[14:01:14] Annotating as >>> Bacteria <<<
[14:01:14] Generating locus_tag from 'bin_27.fa' contents.
[14:01:14] Setting --locustag IBPCIHCB from MD5 2b9c21cb4118047305f146171b7f42ed
[14:01:14] Creating new output folder: /home/tola2495/GenomeAnalysisVT2022/analyses/05_annotation/prokka/RR4342133_Bacteria/bin_27.fa
[14:01:14] Running: mkdir -p \/home\/tola2495\/GenomeAnalysisVT2022\/analyses\/05_annotation\/prokka\/RR4342133_Bacteria\/bin_27\.fa
[14:01:14] Using filename prefix: RR4342133_Bacteria.XXX
[14:01:14] Setting HMMER_NCPU=1
[14:01:14] Writing log to: /home/tola2495/GenomeAnalysisVT2022/analyses/05_annotation/prokka/RR4342133_Bacteria/bin_27.fa/RR4342133_Bacteria.log
[14:01:14] Command: /sw/bioinfo/prokka/1.45-5b58020/snowy/bin/prokka --metagenome --cpus 2 --prefix RR4342133_Bacteria --outdir /home/tola2495/GenomeAnalysisVT2022/analyses/05_annotation/prokka/RR4342133_Bacteria/bin_27.fa bin_27.fa
[14:01:14] Appending to PATH: /sw/bioinfo/prokka/1.45-5b58020/rackham/bin/../binaries/linux
[14:01:14] Appending to PATH: /sw/bioinfo/prokka/1.45-5b58020/rackham/bin/../binaries/linux/../common
[14:01:14] Appending to PATH: /sw/bioinfo/prokka/1.45-5b58020/rackham/bin
[14:01:14] Looking for 'aragorn' - found /sw/bioinfo/prokka/1.45-5b58020/rackham/bin/../binaries/linux/aragorn
[14:01:14] Determined aragorn version is 001002 from 'ARAGORN v1.2.38 Dean Laslett'
[14:01:14] Looking for 'barrnap' - found /sw/bioinfo/barrnap/0.8/snowy/bin/barrnap
[14:01:14] Determined barrnap version is 000008 from 'barrnap 0.8'
[14:01:14] Looking for 'blastp' - found /sw/bioinfo/blast/2.11.0+/snowy/bin/blastp
[14:01:15] Determined blastp version is 002011 from 'blastp: 2.11.0+'
[14:01:15] Looking for 'cmpress' - found /sw/bioinfo/prokka/1.45-5b58020/rackham/bin/../binaries/linux/cmpress
[14:01:15] Determined cmpress version is 001001 from '# INFERNAL 1.1.2 (July 2016)'
[14:01:15] Looking for 'cmscan' - found /sw/bioinfo/prokka/1.45-5b58020/rackham/bin/../binaries/linux/cmscan
[14:01:15] Determined cmscan version is 001001 from '# INFERNAL 1.1.2 (July 2016)'
[14:01:15] Looking for 'egrep' - found /usr/bin/egrep
[14:01:15] Looking for 'find' - found /usr/bin/find
[14:01:15] Looking for 'grep' - found /usr/bin/grep
[14:01:15] Looking for 'hmmpress' - found /sw/apps/bioinfo/hmmer/3.1b2/snowy/bin/hmmpress
[14:01:15] Determined hmmpress version is 003001 from '# HMMER 3.1b2 (February 2015); http://hmmer.org/'
[14:01:15] Looking for 'hmmscan' - found /sw/apps/bioinfo/hmmer/3.1b2/snowy/bin/hmmscan
[14:01:15] Determined hmmscan version is 003001 from '# HMMER 3.1b2 (February 2015); http://hmmer.org/'
[14:01:15] Looking for 'java' - found /usr/bin/java
[14:01:15] Looking for 'makeblastdb' - found /sw/bioinfo/blast/2.11.0+/snowy/bin/makeblastdb
[14:01:16] Determined makeblastdb version is 002011 from 'makeblastdb: 2.11.0+'
[14:01:16] Looking for 'minced' - found /sw/apps/bioinfo/minced/0.2.0/snowy/minced
[14:01:16] Determined minced version is 002000 from 'minced 0.2.0'
[14:01:16] Looking for 'parallel' - found /sw/parallel/gnuparallel/20170122/snowy/bin/parallel
[14:01:16] Determined parallel version is 20170122 from 'GNU parallel 20170122'
[14:01:16] Looking for 'prodigal' - found /sw/apps/bioinfo/prodigal/2.6.3/snowy/bin/prodigal
[14:01:16] Determined prodigal version is 002006 from 'Prodigal V2.6.3: February, 2016'
[14:01:16] Looking for 'prokka-genbank_to_fasta_db' - found /sw/bioinfo/prokka/1.45-5b58020/snowy/bin/prokka-genbank_to_fasta_db
[14:01:16] Looking for 'sed' - found /usr/bin/sed
[14:01:16] Looking for 'signalp' - found /sw/bioinfo/SignalP/4.1f/snowy/signalp
[14:01:16] Determined signalp version is 004001 from '4.1 6180816'
[14:01:16] Looking for 'tbl2asn' - found /sw/bioinfo/tbl2asn/25.8/snowy/tbl2asn
[14:01:16] Determined tbl2asn version is 025008 from 'tbl2asn 25.8   arguments:'
[14:01:16] Using genetic code table 11.
[14:01:16] Loading and checking input file: bin_27.fa
[14:01:16] Wrote 417 contigs totalling 2748748 bp.
[14:01:16] Predicting tRNAs and tmRNAs
[14:01:16] Running: aragorn -l -gc11  -w \/home\/tola2495\/GenomeAnalysisVT2022\/analyses\/05_annotation\/prokka\/RR4342133_Bacteria\/bin_27\.fa\/RR4342133_Bacteria\.fna
[14:01:17] 1 tRNA-Gln [91,164] 33 (ctg)
[14:01:17] 2 tRNA-Glu [694,767] 35 (ctc)
[14:01:17] 1 tRNA-Phe c[9182,9255] 34 (gaa)
[14:01:17] 1 tmRNA c[4472,4833] 91,123 ANDYDVAVAA*
[14:01:17] 1 tRNA-Ser [10926,11011] 35 (tga)
[14:01:17] 2 tRNA-Ser [11100,11191] 36 (gct)
[14:01:17] 3 tRNA-Arg [12182,12258] 35 (gcg)
[14:01:17] 4 tRNA-Ser [12670,12760] 36 (cga)
[14:01:17] 5 tRNA-Ser [12869,12958] 35 (gga)
[14:01:17] 1 tRNA-Val [6561,6634] 34 (tac)
[14:01:17] 2 tRNA-Asp [6740,6816] 35 (gtc)
[14:01:17] 1 tRNA-Leu [1745,1829] 35 (gag)
[14:01:17] 1 tRNA-Leu [4738,4824] 35 (caa)
[14:01:17] 1 tRNA-Thr [3362,3434] 33 (cgt)
[14:01:17] 1 tRNA-Val c[9684,9755] 33 (gac)
[14:01:17] 1 tRNA-Ala [1344,1417] 34 (ggc)
[14:01:17] 1 tRNA-Glu c[4636,4713] 37 (ttc)
[14:01:17] 2 tRNA-Lys c[4753,4825] 34 (ttt)
[14:01:17] 1 tRNA-Gly [2775,2849] 33 (gcc)
[14:01:17] 2 tRNA-Cys [2876,2949] 33 (gca)
[14:01:17] 1 tRNA-Asn c[11596,11670] 33 (gtt)
[14:01:17] 1 tRNA-Gln c[18302,18377] 34 (ttg)
[14:01:17] 1 tRNA-Lys [1967,2042] 34 (ctt)
[14:01:17] 1 tRNA-Trp c[33841,33915] 36 (cca)
[14:01:17] 2 tRNA-Thr c[34263,34334] 33 (ggt)
[14:01:17] 3 tRNA-Gly c[34426,34502] 35 (tcc)
[14:01:17] 4 tRNA-Tyr c[34525,34606] 35 (gta)
[14:01:17] 5 tRNA-Thr c[34698,34773] 34 (tgt)
[14:01:17] 1 tRNA-Leu [442,524] 35 (tag)
[14:01:17] 1 tRNA-Arg c[7392,7468] 35 (ccg)
[14:01:17] 1 tRNA-Met [7654,7727] 35 (cat)
[14:01:17] 1 tRNA-Pro c[1541,1618] 36 (tgg)
[14:01:17] 2 tRNA-Arg c[3091,3167] 35 (tcg)
[14:01:17] 3 tRNA-His c[3178,3253] 34 (gtg)
[14:01:17] 1 tRNA-Met [2243,2319] 35 (cat)
[14:01:17] 1 tRNA-Pro [316,392] 35 (cgg)
[14:01:17] Found 36 tRNAs
[14:01:17] Predicting Ribosomal RNAs
[14:01:17] Running Barrnap with 2 threads
[14:01:19] Found 0 rRNAs
[14:01:19] Skipping ncRNA search, enable with --rfam if desired.
[14:01:19] Total of 35 tRNA + rRNA features
[14:01:19] Searching for CRISPR repeats
[14:01:20] Found 0 CRISPRs
[14:01:20] Predicting coding sequences
[14:01:20] Contigs total 2748748 bp, so using meta mode
[14:01:20] Running: prodigal -i \/home\/tola2495\/GenomeAnalysisVT2022\/analyses\/05_annotation\/prokka\/RR4342133_Bacteria\/bin_27\.fa\/RR4342133_Bacteria\.fna -c -m -g 11 -p meta -f sco -q
[14:01:24] Excluding CDS which overlaps existing RNA (tRNA) at k105_119395:4613..5053 on - strand
[14:01:34] Found 2532 CDS
[14:01:34] Connecting features back to sequences
[14:01:34] Not using genus-specific database. Try --usegenus to enable it.
[14:01:34] Annotating CDS, please be patient.
[14:01:34] Will use 2 CPUs for similarity searching.
[14:01:35] There are still 2532 unannotated CDS left (started with 2532)
[14:01:35] Will use blast to search against /sw/bioinfo/prokka/1.45-5b58020/rackham/db/kingdom/Bacteria/IS with 2 CPUs
[14:01:35] Running: cat \/home\/tola2495\/GenomeAnalysisVT2022\/analyses\/05_annotation\/prokka\/RR4342133_Bacteria\/bin_27\.fa\/RR4342133_Bacteria\.IS\.tmp\.16429\.faa | parallel --gnu --plain -j 2 --block 193881 --recstart '>' --pipe blastp -query - -db /sw/bioinfo/prokka/1.45-5b58020/rackham/db/kingdom/Bacteria/IS -evalue 1e-30 -qcov_hsp_perc 90 -num_threads 1 -num_descriptions 1 -num_alignments 1 -seg no > \/home\/tola2495\/GenomeAnalysisVT2022\/analyses\/05_annotation\/prokka\/RR4342133_Bacteria\/bin_27\.fa\/RR4342133_Bacteria\.IS\.tmp\.16429\.blast 2> /dev/null
[14:02:06] Deleting unwanted file: /home/tola2495/GenomeAnalysisVT2022/analyses/05_annotation/prokka/RR4342133_Bacteria/bin_27.fa/RR4342133_Bacteria.IS.tmp.16429.faa
[14:02:06] Deleting unwanted file: /home/tola2495/GenomeAnalysisVT2022/analyses/05_annotation/prokka/RR4342133_Bacteria/bin_27.fa/RR4342133_Bacteria.IS.tmp.16429.blast
[14:02:07] There are still 2530 unannotated CDS left (started with 2532)
[14:02:07] Will use blast to search against /sw/bioinfo/prokka/1.45-5b58020/rackham/db/kingdom/Bacteria/AMR with 2 CPUs
[14:02:07] Running: cat \/home\/tola2495\/GenomeAnalysisVT2022\/analyses\/05_annotation\/prokka\/RR4342133_Bacteria\/bin_27\.fa\/RR4342133_Bacteria\.AMR\.tmp\.16429\.faa | parallel --gnu --plain -j 2 --block 193723 --recstart '>' --pipe blastp -query - -db /sw/bioinfo/prokka/1.45-5b58020/rackham/db/kingdom/Bacteria/AMR -evalue 9.99999999999999e-301 -qcov_hsp_perc 90 -num_threads 1 -num_descriptions 1 -num_alignments 1 -seg no > \/home\/tola2495\/GenomeAnalysisVT2022\/analyses\/05_annotation\/prokka\/RR4342133_Bacteria\/bin_27\.fa\/RR4342133_Bacteria\.AMR\.tmp\.16429\.blast 2> /dev/null
[14:02:33] Deleting unwanted file: /home/tola2495/GenomeAnalysisVT2022/analyses/05_annotation/prokka/RR4342133_Bacteria/bin_27.fa/RR4342133_Bacteria.AMR.tmp.16429.faa
[14:02:33] Deleting unwanted file: /home/tola2495/GenomeAnalysisVT2022/analyses/05_annotation/prokka/RR4342133_Bacteria/bin_27.fa/RR4342133_Bacteria.AMR.tmp.16429.blast
[14:02:34] There are still 2530 unannotated CDS left (started with 2532)
[14:02:34] Will use blast to search against /sw/bioinfo/prokka/1.45-5b58020/rackham/db/kingdom/Bacteria/sprot with 2 CPUs
[14:02:34] Running: cat \/home\/tola2495\/GenomeAnalysisVT2022\/analyses\/05_annotation\/prokka\/RR4342133_Bacteria\/bin_27\.fa\/RR4342133_Bacteria\.sprot\.tmp\.16429\.faa | parallel --gnu --plain -j 2 --block 193723 --recstart '>' --pipe blastp -query - -db /sw/bioinfo/prokka/1.45-5b58020/rackham/db/kingdom/Bacteria/sprot -evalue 1e-09 -qcov_hsp_perc 80 -num_threads 1 -num_descriptions 1 -num_alignments 1 -seg no > \/home\/tola2495\/GenomeAnalysisVT2022\/analyses\/05_annotation\/prokka\/RR4342133_Bacteria\/bin_27\.fa\/RR4342133_Bacteria\.sprot\.tmp\.16429\.blast 2> /dev/null
[14:04:38] Modify product: Uncharacterized protein Rv1829 => putative protein
[14:04:38] Modify product: Putative low molecular weight protein-tyrosine-phosphatase slr0328 => Putative low molecular weight protein-tyrosine-phosphatase
[14:04:38] Modify product: Bifunctional protein FolD => Bifunctional protein FolD protein
[14:04:38] Modify product: Probable ATP synthase YscN => putative ATP synthase YscN
[14:04:38] Modify product: UPF0234 protein Rv0566c => hypothetical protein
[14:04:38] Modify product: GTP cyclohydrolase 1 type 2 homolog => GTP cyclohydrolase 1 type 2 
[14:04:38] Modify product: Dihydroorotate dehydrogenase B (NAD(+)), electron transfer subunit homolog => Dihydroorotate dehydrogenase B (NAD(+)), electron transfer subunit 
[14:04:38] Modify product: Uncharacterized ABC transporter ATP-binding protein TM_0288 => putative ABC transporter ATP-binding protein
[14:04:38] Modify product: Probable multidrug resistance ABC transporter ATP-binding/permease protein YheI => putative multidrug resistance ABC transporter ATP-binding/permease protein YheI
[14:04:38] Modify product: Probable adenylyltransferase/sulfurtransferase MoeZ => putative adenylyltransferase/sulfurtransferase MoeZ
[14:04:38] Modify product: Probable type II secretion system protein HxcR => putative type II secretion system protein HxcR
[14:04:38] Modify product: Uncharacterized protein Rv0628c => putative protein
[14:04:38] Modify product: Uncharacterized protein HI_1028 => putative protein
[14:04:38] Modify product: Uncharacterized protein YqeN => putative protein YqeN
[14:04:38] Modify product: Probable peptidoglycan glycosyltransferase FtsW => putative peptidoglycan glycosyltransferase FtsW
[14:04:38] Modify product: Methyl-accepting chemotaxis protein Amb0994 => Methyl-accepting chemotaxis protein
[14:04:38] Modify product: Uncharacterized protein Rv1480 => putative protein
[14:04:38] Modify product: UPF0353 protein Rv1481 => hypothetical protein
[14:04:38] Modify product: Probable glycine dehydrogenase (decarboxylating) subunit 2 => putative glycine dehydrogenase (decarboxylating) subunit 2
[14:04:38] Modify product: UPF0434 protein CV_3345 => hypothetical protein
[14:04:39] Modify product: Uncharacterized FAD-linked oxidoreductase Rv2280 => putative FAD-linked oxidoreductase
[14:04:39] Modify product: Probable iron-sulfur-binding oxidoreductase FadF => putative iron-sulfur-binding oxidoreductase FadF
[14:04:39] Modify product: Probable polyketide biosynthesis zinc-dependent hydrolase BaeB => putative polyketide biosynthesis zinc-dependent hydrolase BaeB
[14:04:39] Modify product: Probable transcriptional regulatory protein DVU_2259 => putative transcriptional regulatory protein
[14:04:39] Modify product: Probable glycine dehydrogenase (decarboxylating) subunit 1 => putative glycine dehydrogenase (decarboxylating) subunit 1
[14:04:39] Modify product: Uncharacterized protein YcgM => putative protein YcgM
[14:04:39] Modify product: Uncharacterized protein YfgD => putative protein YfgD
[14:04:39] Modify product: Uncharacterized inner membrane transporter YhbE => putative inner membrane transporter YhbE
[14:04:39] Modify product: UPF0301 protein VC_0467 => hypothetical protein
[14:04:39] Modify product: Chemotaxis protein CheY homolog => Chemotaxis protein CheY 
[14:04:39] Modify product: Probable type I restriction enzyme BthVORF4518P M protein => putative type I restriction enzymeP M protein
[14:04:39] Modify product: Zinc-type alcohol dehydrogenase-like protein SA1988 => Zinc-type alcohol dehydrogenase-like protein
[14:04:39] Modify product: Probable cyclic di-GMP phosphodiesterase VC_1348 => putative cyclic di-GMP phosphodiesterase
[14:04:39] Modify product: Putative transport protein Rv0205 => Putative transport protein
[14:04:39] Modify product: UPF0235 protein YggU => hypothetical protein
[14:04:39] Modify product: Probable cation-transporting ATPase F => putative cation-transporting ATPase F
[14:04:39] Modify product: Probable ATP-dependent DNA helicase YoaA => putative ATP-dependent DNA helicase YoaA
[14:04:39] Modify product: UPF0056 inner membrane protein MarC => hypothetical protein
[14:04:39] Modify product: Putative multidrug export ATP-binding/permease protein SAV1866 => Putative multidrug export ATP-binding/permease protein
[14:04:39] Modify product: Nucleoid-associated protein Cthe_2143 => Nucleoid-associated protein
[14:04:39] Modify product: Probable M18 family aminopeptidase 2 => putative M18 family aminopeptidase 2
[14:04:39] Modify product: Uncharacterized glycosyltransferase Rv0539 => putative glycosyltransferase
[14:04:39] Modify product: UPF0182 protein MSMEG_1959/MSMEI_1915 => hypothetical protein
[14:04:39] Modify product: Uncharacterized glycosyltransferase sll0501 => putative glycosyltransferase
[14:04:39] Modify product: Probable GTP-binding protein EngB => putative GTP-binding protein EngB
[14:04:39] Modify product: Uncharacterized protein TM_1570 => putative protein
[14:04:40] Modify product: Uncharacterized ABC transporter ATP-binding protein Rv0986 => putative ABC transporter ATP-binding protein
[14:04:40] Modify product: Uncharacterized ABC transporter ATP-binding protein YlmA => putative ABC transporter ATP-binding protein YlmA
[14:04:40] Modify product: Probable tRNA sulfurtransferase => putative tRNA sulfurtransferase
[14:04:40] Modify product: Putative 2-hydroxyacid dehydrogenase SA2098 => Putative 2-hydroxyacid dehydrogenase
[14:04:40] Modify product: Uncharacterized protein Rv1507c => putative protein
[14:04:40] Modify product: Uncharacterized protein Rv1339 => putative protein
[14:04:40] Modify product: UPF0382 membrane protein YwdK => hypothetical protein
[14:04:40] Modify product: Probable ATP-dependent transporter SufC => putative ATP-dependent transporter SufC
[14:04:40] Modify product: Probable adenylyltransferase/sulfurtransferase MoeZ => putative adenylyltransferase/sulfurtransferase MoeZ
[14:04:40] Modify product: Chemotaxis protein CheY homolog => Chemotaxis protein CheY 
[14:04:40] Modify product: Uncharacterized ABC transporter ATP-binding protein YknY => putative ABC transporter ATP-binding protein YknY
[14:04:40] Modify product: Uncharacterized protein YqeY => putative protein YqeY
[14:04:40] Modify product: Uncharacterized protein YqgN => putative protein YqgN
[14:04:40] Modify product: Methyl-accepting chemotaxis protein Amb2333 => Methyl-accepting chemotaxis protein
[14:04:40] Modify product: Uncharacterized ABC transporter ATP-binding protein YxlF => putative ABC transporter ATP-binding protein YxlF
[14:04:40] Modify product: Phosphate-specific transport system accessory protein PhoU homolog => Phosphate-specific transport system accessory protein PhoU 
[14:04:40] Modify product: Cyclic di-GMP phosphodiesterase VC_1295 => Cyclic di-GMP phosphodiesterase
[14:04:40] Modify product: Uncharacterized zinc protease Rv2782c => putative zinc protease
[14:04:40] Modify product: UPF0053 protein Rv2366c => hypothetical protein
[14:04:40] Modify product: Uncharacterized protein Rv2307c => putative protein
[14:04:40] Modify product: Putative multidrug export ATP-binding/permease protein SAV1866 => Putative multidrug export ATP-binding/permease protein
[14:04:40] Modify product: Putative zinc metalloprotease aq_1964 => Putative zinc metalloprotease
[14:04:40] Modify product: Uncharacterized ABC transporter ATP-binding protein YknY => putative ABC transporter ATP-binding protein YknY
[14:04:40] Modify product: Phage shock protein A homolog => Phage shock protein A 
[14:04:40] Modify product: Putative anti-sigma factor antagonist TM_1442 => Putative anti-sigma factor antagonist
[14:04:40] Modify product: Uncharacterized protein Rv2008c => putative protein
[14:04:40] Modify product: Uncharacterized protein Rv2411c => putative protein
[14:04:40] Modify product: Uncharacterized protein Rv2307c => putative protein
[14:04:40] Modify product: Uncharacterized RNA pseudouridine synthase Rv1540 => putative RNA pseudouridine synthase
[14:04:40] Cleaned 75 /product names
[14:04:40] Deleting unwanted file: /home/tola2495/GenomeAnalysisVT2022/analyses/05_annotation/prokka/RR4342133_Bacteria/bin_27.fa/RR4342133_Bacteria.sprot.tmp.16429.faa
[14:04:40] Deleting unwanted file: /home/tola2495/GenomeAnalysisVT2022/analyses/05_annotation/prokka/RR4342133_Bacteria/bin_27.fa/RR4342133_Bacteria.sprot.tmp.16429.blast
[14:04:41] There are still 1508 unannotated CDS left (started with 2532)
[14:04:41] Will use hmmer3 to search against /sw/bioinfo/prokka/1.45-5b58020/rackham/db/hmm/HAMAP.hmm with 2 CPUs
[14:04:41] Running: cat \/home\/tola2495\/GenomeAnalysisVT2022\/analyses\/05_annotation\/prokka\/RR4342133_Bacteria\/bin_27\.fa\/RR4342133_Bacteria\.HAMAP\.hmm\.tmp\.16429\.faa | parallel --gnu --plain -j 2 --block 106796 --recstart '>' --pipe hmmscan --noali --notextw --acc -E 1e-09 --cpu 1 /sw/bioinfo/prokka/1.45-5b58020/rackham/db/hmm/HAMAP.hmm /dev/stdin > \/home\/tola2495\/GenomeAnalysisVT2022\/analyses\/05_annotation\/prokka\/RR4342133_Bacteria\/bin_27\.fa\/RR4342133_Bacteria\.HAMAP\.hmm\.tmp\.16429\.hmmer3 2> /dev/null
[14:05:53] Modify product: Uncharacterized Nudix hydrolase NudL => putative Nudix hydrolase NudL
[14:05:54] Cleaned 1 /product names
[14:05:54] Deleting unwanted file: /home/tola2495/GenomeAnalysisVT2022/analyses/05_annotation/prokka/RR4342133_Bacteria/bin_27.fa/RR4342133_Bacteria.HAMAP.hmm.tmp.16429.faa
[14:05:54] Deleting unwanted file: /home/tola2495/GenomeAnalysisVT2022/analyses/05_annotation/prokka/RR4342133_Bacteria/bin_27.fa/RR4342133_Bacteria.HAMAP.hmm.tmp.16429.hmmer3
[14:05:54] Labelling remaining 1208 proteins as 'hypothetical protein'
[14:05:54] Possible /pseudo 'Sensor histidine kinase RcsC' at k105_102224 position 10095
[14:05:54] Possible /pseudo 'Undecaprenyl phosphate-alpha-4-amino-4-deoxy-L-arabinose arabinosyl transferase' at k105_102883 position 13067
[14:05:54] Possible /pseudo 'Hercynine oxygenase' at k105_23862 position 1086
[14:05:54] Possible /pseudo 'Peptidyl-prolyl cis-trans isomerase A' at k105_115662 position 29742
[14:05:54] Possible /pseudo 'Macrolide export ATP-binding/permease protein MacB' at k105_34543 position 1849
[14:05:54] Possible /pseudo '3-deoxy-D-manno-octulosonic acid transferase' at k105_44435 position 16890
[14:05:54] Possible /pseudo 'Sensor histidine kinase RcsC' at k105_131584 position 1652
[14:05:54] Possible /pseudo 'N-alpha-acetyl-L-2,4-diaminobutyric acid deacetylase' at k105_48988 position 9979
[14:05:54] Possible /pseudo 'NAD(P) transhydrogenase subunit alpha' at k105_139809 position 17190
[14:05:54] Possible /pseudo 'Twitching mobility protein' at k105_61677 position 2529
[14:05:54] Possible /pseudo 'Sensor histidine kinase RcsC' at k105_66375 position 6638
[14:05:54] Possible /pseudo 'Sensor histidine kinase RcsC' at k105_156576 position 6081
[14:05:54] Possible /pseudo 'Flagellar basal-body rod protein FlgG' at k105_72909 position 1904
[14:05:54] Possible /pseudo 'Bifunctional protein GlmU' at k105_84651 position 13341
[14:05:54] Found 975 unique /gene codes.
[14:05:54] Fixed 3 duplicate /gene - ftsA_1 ftsA_2 ftsA_3
[14:05:54] Fixed 9 duplicate /gene - sasA_1 sasA_2 sasA_3 sasA_4 sasA_5 sasA_6 sasA_7 sasA_8 sasA_9
[14:05:54] Fixed 3 duplicate /gene - pqqE_1 pqqE_2 pqqE_3
[14:05:54] Fixed 2 duplicate /gene - mreB_1 mreB_2
[14:05:54] Fixed 2 duplicate /gene - bioF_1 bioF_2
[14:05:54] Fixed 2 duplicate /gene - arnT_1 arnT_2
[14:05:54] Fixed 2 duplicate /gene - rimO_1 rimO_2
[14:05:54] Fixed 2 duplicate /gene - cmoM_1 cmoM_2
[14:05:54] Fixed 2 duplicate /gene - IMPDH_1 IMPDH_2
[14:05:54] Fixed 2 duplicate /gene - galE_1 galE_2
[14:05:54] Fixed 3 duplicate /gene - atoC_1 atoC_2 atoC_3
[14:05:54] Fixed 2 duplicate /gene - plsC_1 plsC_2
[14:05:54] Fixed 2 duplicate /gene - gdhA_1 gdhA_2
[14:05:54] Fixed 2 duplicate /gene - ilvE_1 ilvE_2
[14:05:54] Fixed 3 duplicate /gene - cheY_1 cheY_2 cheY_3
[14:05:54] Fixed 3 duplicate /gene - glpE_1 glpE_2 glpE_3
[14:05:54] Fixed 2 duplicate /gene - fixL_1 fixL_2
[14:05:54] Fixed 2 duplicate /gene - pcm_1 pcm_2
[14:05:54] Fixed 2 duplicate /gene - pntA_1 pntA_2
[14:05:54] Fixed 2 duplicate /gene - sufS_1 sufS_2
[14:05:54] Fixed 9 duplicate /gene - ycf3_1 ycf3_2 ycf3_3 ycf3_4 ycf3_5 ycf3_6 ycf3_7 ycf3_8 ycf3_9
[14:05:54] Fixed 3 duplicate /gene - dnaA_1 dnaA_2 dnaA_3
[14:05:54] Fixed 2 duplicate /gene - glnD_1 glnD_2
[14:05:54] Fixed 2 duplicate /gene - lpd_1 lpd_2
[14:05:54] Fixed 2 duplicate /gene - trpD_1 trpD_2
[14:05:54] Fixed 2 duplicate /gene - vgb_1 vgb_2
[14:05:54] Fixed 3 duplicate /gene - gph_1 gph_2 gph_3
[14:05:54] Fixed 2 duplicate /gene - cobD_1 cobD_2
[14:05:54] Fixed 3 duplicate /gene - pomA_1 pomA_2 pomA_3
[14:05:54] Fixed 2 duplicate /gene - coaD_1 coaD_2
[14:05:54] Fixed 2 duplicate /gene - lptB_1 lptB_2
[14:05:54] Fixed 2 duplicate /gene - pilT_1 pilT_2
[14:05:54] Fixed 3 duplicate /gene - lolD_1 lolD_2 lolD_3
[14:05:54] Fixed 2 duplicate /gene - gltD_1 gltD_2
[14:05:54] Fixed 2 duplicate /gene - macA_1 macA_2
[14:05:54] Fixed 2 duplicate /gene - murG_1 murG_2
[14:05:54] Fixed 3 duplicate /gene - arnC_1 arnC_2 arnC_3
[14:05:54] Fixed 7 duplicate /gene - moaA_1 moaA_2 moaA_3 moaA_4 moaA_5 moaA_6 moaA_7
[14:05:54] Fixed 5 duplicate /gene - rssB_1 rssB_2 rssB_3 rssB_4 rssB_5
[14:05:54] Fixed 2 duplicate /gene - moeZ_1 moeZ_2
[14:05:54] Fixed 2 duplicate /gene - nuoN_1 nuoN_2
[14:05:54] Fixed 2 duplicate /gene - lon_1 lon_2
[14:05:54] Fixed 6 duplicate /gene - surA_1 surA_2 surA_3 surA_4 surA_5 surA_6
[14:05:54] Fixed 2 duplicate /gene - nth_1 nth_2
[14:05:54] Fixed 3 duplicate /gene - apbC_1 apbC_2 apbC_3
[14:05:54] Fixed 2 duplicate /gene - gyrB_1 gyrB_2
[14:05:54] Fixed 3 duplicate /gene - fabG_1 fabG_2 fabG_3
[14:05:54] Fixed 2 duplicate /gene - fabZ_1 fabZ_2
[14:05:54] Fixed 2 duplicate /gene - fur_1 fur_2
[14:05:54] Fixed 8 duplicate /gene - cpoB_1 cpoB_2 cpoB_3 cpoB_4 cpoB_5 cpoB_6 cpoB_7 cpoB_8
[14:05:54] Fixed 2 duplicate /gene - ndhJ_1 ndhJ_2
[14:05:54] Fixed 2 duplicate /gene - ppiA_1 ppiA_2
[14:05:54] Fixed 2 duplicate /gene - tam_1 tam_2
[14:05:54] Fixed 2 duplicate /gene - rluD_1 rluD_2
[14:05:54] Fixed 3 duplicate /gene - arnB_1 arnB_2 arnB_3
[14:05:54] Fixed 2 duplicate /gene - tolQ_1 tolQ_2
[14:05:54] Fixed 2 duplicate /gene - gyrA_1 gyrA_2
[14:05:54] Fixed 2 duplicate /gene - nuoM_1 nuoM_2
[14:05:54] Fixed 3 duplicate /gene - sctC_1 sctC_2 sctC_3
[14:05:54] Fixed 7 duplicate /gene - COQ5_1 COQ5_2 COQ5_3 COQ5_4 COQ5_5 COQ5_6 COQ5_7
[14:05:54] Fixed 2 duplicate /gene - bchE_1 bchE_2
[14:05:54] Fixed 2 duplicate /gene - fdx4_1 fdx4_2
[14:05:54] Fixed 5 duplicate /gene - COQ3_1 COQ3_2 COQ3_3 COQ3_4 COQ3_5
[14:05:54] Fixed 3 duplicate /gene - xerC_1 xerC_2 xerC_3
[14:05:54] Fixed 8 duplicate /gene - dnaJ_1 dnaJ_2 dnaJ_3 dnaJ_4 dnaJ_5 dnaJ_6 dnaJ_7 dnaJ_8
[14:05:54] Fixed 4 duplicate /gene - cheB_1 cheB_2 cheB_3 cheB_4
[14:05:54] Fixed 2 duplicate /gene - neuA_1 neuA_2
[14:05:54] Fixed 2 duplicate /gene - oppF_1 oppF_2
[14:05:54] Fixed 2 duplicate /gene - lpxD_1 lpxD_2
[14:05:54] Fixed 2 duplicate /gene - tig_1 tig_2
[14:05:54] Fixed 2 duplicate /gene - prsA_1 prsA_2
[14:05:54] Fixed 13 duplicate /gene - egtB_1 egtB_2 egtB_3 egtB_4 egtB_5 egtB_6 egtB_7 egtB_8 egtB_9 egtB_10 egtB_11 egtB_12 egtB_13
[14:05:54] Fixed 6 duplicate /gene - speE_1 speE_2 speE_3 speE_4 speE_5 speE_6
[14:05:54] Fixed 3 duplicate /gene - hup_1 hup_2 hup_3
[14:05:54] Fixed 2 duplicate /gene - rfaQ_1 rfaQ_2
[14:05:54] Fixed 3 duplicate /gene - bcp_1 bcp_2 bcp_3
[14:05:54] Fixed 3 duplicate /gene - pkn1_1 pkn1_2 pkn1_3
[14:05:54] Fixed 3 duplicate /gene - zraR_1 zraR_2 zraR_3
[14:05:54] Fixed 2 duplicate /gene - thrC_1 thrC_2
[14:05:54] Fixed 2 duplicate /gene - rlmB_1 rlmB_2
[14:05:54] Fixed 4 duplicate /gene - bchB_1 bchB_2 bchB_3 bchB_4
[14:05:54] Fixed 27 duplicate /gene - rcsC_1 rcsC_2 rcsC_3 rcsC_4 rcsC_5 rcsC_6 rcsC_7 rcsC_8 rcsC_9 rcsC_10 rcsC_11 rcsC_12 rcsC_13 rcsC_14 rcsC_15 rcsC_16 rcsC_17 rcsC_18 rcsC_19 rcsC_20 rcsC_21 rcsC_22 rcsC_23 rcsC_24 rcsC_25 rcsC_26 rcsC_27
[14:05:54] Fixed 2 duplicate /gene - waaA_1 waaA_2
[14:05:54] Fixed 2 duplicate /gene - pstS_1 pstS_2
[14:05:54] Fixed 2 duplicate /gene - petB_1 petB_2
[14:05:54] Fixed 2 duplicate /gene - doeB_1 doeB_2
[14:05:54] Fixed 6 duplicate /gene - msrP_1 msrP_2 msrP_3 msrP_4 msrP_5 msrP_6
[14:05:54] Fixed 2 duplicate /gene - hddA_1 hddA_2
[14:05:54] Fixed 3 duplicate /gene - zraS_1 zraS_2 zraS_3
[14:05:54] Fixed 2 duplicate /gene - frdA_1 frdA_2
[14:05:54] Fixed 2 duplicate /gene - fabF_1 fabF_2
[14:05:54] Fixed 3 duplicate /gene - pleD_1 pleD_2 pleD_3
[14:05:54] Fixed 2 duplicate /gene - sfrA_1 sfrA_2
[14:05:54] Fixed 2 duplicate /gene - mtnP_1 mtnP_2
[14:05:54] Fixed 2 duplicate /gene - pal_1 pal_2
[14:05:54] Fixed 2 duplicate /gene - glnB_1 glnB_2
[14:05:54] Fixed 2 duplicate /gene - nhaR_1 nhaR_2
[14:05:54] Fixed 2 duplicate /gene - hldD_1 hldD_2
[14:05:54] Fixed 2 duplicate /gene - nuoL_1 nuoL_2
[14:05:54] Fixed 2 duplicate /gene - ppm1_1 ppm1_2
[14:05:54] Fixed 12 duplicate /gene - bepA_1 bepA_2 bepA_3 bepA_4 bepA_5 bepA_6 bepA_7 bepA_8 bepA_9 bepA_10 bepA_11 bepA_12
[14:05:54] Fixed 3 duplicate /gene - rbn_1 rbn_2 rbn_3
[14:05:54] Fixed 6 duplicate /gene - mshA_1 mshA_2 mshA_3 mshA_4 mshA_5 mshA_6
[14:05:54] Fixed 2 duplicate /gene - oppD_1 oppD_2
[14:05:54] Fixed 3 duplicate /gene - flgG_1 flgG_2 flgG_3
[14:05:54] Fixed 2 duplicate /gene - selO_1 selO_2
[14:05:54] Fixed 4 duplicate /gene - norR_1 norR_2 norR_3 norR_4
[14:05:54] Fixed 2 duplicate /gene - ccp_1 ccp_2
[14:05:54] Fixed 2 duplicate /gene - auaH_1 auaH_2
[14:05:54] Fixed 2 duplicate /gene - btuB_1 btuB_2
[14:05:54] Fixed 2 duplicate /gene - icd_1 icd_2
[14:05:54] Fixed 2 duplicate /gene - atoS_1 atoS_2
[14:05:54] Fixed 3 duplicate /gene - macB_1 macB_2 macB_3
[14:05:54] Fixed 3 duplicate /gene - epsF_1 epsF_2 epsF_3
[14:05:54] Fixed 2 duplicate /gene - iscS_1 iscS_2
[14:05:54] Fixed 2 duplicate /gene - nqo4_1 nqo4_2
[14:05:54] Fixed 4 duplicate /gene - rpfG_1 rpfG_2 rpfG_3 rpfG_4
[14:05:54] Fixed 2 duplicate /gene - glmU_1 glmU_2
[14:05:54] Fixed 2 duplicate /gene - tpx_1 tpx_2
[14:05:54] Fixed 2 duplicate /gene - sdcS_1 sdcS_2
[14:05:54] Fixed 2 duplicate /gene - yknY_1 yknY_2
[14:05:54] Fixed 3 duplicate /gene - patA_1 patA_2 patA_3
[14:05:54] Fixed 6 duplicate /gene - resA_1 resA_2 resA_3 resA_4 resA_5 resA_6
[14:05:54] Fixed 2 duplicate /gene - tatA_1 tatA_2
[14:05:54] Fixed 124 colliding /gene names.
[14:05:54] Adding /locus_tag identifiers
[14:05:54] Assigned 2568 locus_tags to CDS and RNA features.
[14:05:54] Writing outputs to /home/tola2495/GenomeAnalysisVT2022/analyses/05_annotation/prokka/RR4342133_Bacteria/bin_27.fa/
[14:05:55] Generating annotation statistics file
[14:05:55] Generating Genbank and Sequin files
[14:05:55] Running: tbl2asn -V b -a r10k -l paired-ends -M n -N 1 -y 'Annotated using prokka 1.14.6 from https://github.com/tseemann/prokka' -Z \/home\/tola2495\/GenomeAnalysisVT2022\/analyses\/05_annotation\/prokka\/RR4342133_Bacteria\/bin_27\.fa\/RR4342133_Bacteria\.err -i \/home\/tola2495\/GenomeAnalysisVT2022\/analyses\/05_annotation\/prokka\/RR4342133_Bacteria\/bin_27\.fa\/RR4342133_Bacteria\.fsa 2> /dev/null
[14:06:01] Deleting unwanted file: /home/tola2495/GenomeAnalysisVT2022/analyses/05_annotation/prokka/RR4342133_Bacteria/bin_27.fa/errorsummary.val
[14:06:01] Deleting unwanted file: /home/tola2495/GenomeAnalysisVT2022/analyses/05_annotation/prokka/RR4342133_Bacteria/bin_27.fa/RR4342133_Bacteria.dr
[14:06:01] Deleting unwanted file: /home/tola2495/GenomeAnalysisVT2022/analyses/05_annotation/prokka/RR4342133_Bacteria/bin_27.fa/RR4342133_Bacteria.fixedproducts
[14:06:01] Deleting unwanted file: /home/tola2495/GenomeAnalysisVT2022/analyses/05_annotation/prokka/RR4342133_Bacteria/bin_27.fa/RR4342133_Bacteria.ecn
[14:06:01] Deleting unwanted file: /home/tola2495/GenomeAnalysisVT2022/analyses/05_annotation/prokka/RR4342133_Bacteria/bin_27.fa/RR4342133_Bacteria.val
[14:06:01] Repairing broken .GBK output that tbl2asn produces...
[14:06:01] Running: sed 's/COORDINATES: profile/COORDINATES:profile/' < \/home\/tola2495\/GenomeAnalysisVT2022\/analyses\/05_annotation\/prokka\/RR4342133_Bacteria\/bin_27\.fa\/RR4342133_Bacteria\.gbf > \/home\/tola2495\/GenomeAnalysisVT2022\/analyses\/05_annotation\/prokka\/RR4342133_Bacteria\/bin_27\.fa\/RR4342133_Bacteria\.gbk
[14:06:01] Deleting unwanted file: /home/tola2495/GenomeAnalysisVT2022/analyses/05_annotation/prokka/RR4342133_Bacteria/bin_27.fa/RR4342133_Bacteria.gbf
[14:06:01] Output files:
[14:06:01] /home/tola2495/GenomeAnalysisVT2022/analyses/05_annotation/prokka/RR4342133_Bacteria/bin_27.fa/RR4342133_Bacteria.log
[14:06:01] /home/tola2495/GenomeAnalysisVT2022/analyses/05_annotation/prokka/RR4342133_Bacteria/bin_27.fa/RR4342133_Bacteria.fna
[14:06:01] /home/tola2495/GenomeAnalysisVT2022/analyses/05_annotation/prokka/RR4342133_Bacteria/bin_27.fa/RR4342133_Bacteria.gff
[14:06:01] /home/tola2495/GenomeAnalysisVT2022/analyses/05_annotation/prokka/RR4342133_Bacteria/bin_27.fa/RR4342133_Bacteria.faa
[14:06:01] /home/tola2495/GenomeAnalysisVT2022/analyses/05_annotation/prokka/RR4342133_Bacteria/bin_27.fa/RR4342133_Bacteria.ffn
[14:06:01] /home/tola2495/GenomeAnalysisVT2022/analyses/05_annotation/prokka/RR4342133_Bacteria/bin_27.fa/RR4342133_Bacteria.tbl
[14:06:01] /home/tola2495/GenomeAnalysisVT2022/analyses/05_annotation/prokka/RR4342133_Bacteria/bin_27.fa/RR4342133_Bacteria.fsa
[14:06:01] /home/tola2495/GenomeAnalysisVT2022/analyses/05_annotation/prokka/RR4342133_Bacteria/bin_27.fa/RR4342133_Bacteria.tsv
[14:06:01] /home/tola2495/GenomeAnalysisVT2022/analyses/05_annotation/prokka/RR4342133_Bacteria/bin_27.fa/RR4342133_Bacteria.txt
[14:06:01] /home/tola2495/GenomeAnalysisVT2022/analyses/05_annotation/prokka/RR4342133_Bacteria/bin_27.fa/RR4342133_Bacteria.gbk
[14:06:01] /home/tola2495/GenomeAnalysisVT2022/analyses/05_annotation/prokka/RR4342133_Bacteria/bin_27.fa/RR4342133_Bacteria.sqn
[14:06:01] /home/tola2495/GenomeAnalysisVT2022/analyses/05_annotation/prokka/RR4342133_Bacteria/bin_27.fa/RR4342133_Bacteria.err
[14:06:01] Annotation finished successfully.
[14:06:01] Walltime used: 4.78 minutes
[14:06:01] If you use this result please cite the Prokka paper:
[14:06:01] Seemann T (2014) Prokka: rapid prokaryotic genome annotation. Bioinformatics. 30(14):2068-9.
[14:06:01] Type 'prokka --citation' for more details.
[14:06:01] Share and enjoy!
