[00:54:41] This is prokka 1.14.6
[00:54:41] Written by Torsten Seemann <torsten.seemann@gmail.com>
[00:54:41] Homepage is https://github.com/tseemann/prokka
[00:54:41] Local time is Thu May 12 00:54:41 2022
[00:54:41] You are tola2495
[00:54:41] Operating system is linux
[00:54:41] You have BioPerl 1.007001
[00:54:41] System has 16 cores.
[00:54:41] Will use maximum of 2 cores.
[00:54:41] Annotating as >>> Bacteria <<<
[00:54:41] Generating locus_tag from 'bin_5.fa' contents.
[00:54:41] Setting --locustag DPFJOEPD from MD5 d9f38e9d5db59822c4182511b3f443e5
[00:54:41] Creating new output folder: /home/tola2495/GenomeAnalysisVT2022/analyses/05_annotation/prokka/RR4342129_Bacteria/bin_5.fa
[00:54:41] Running: mkdir -p \/home\/tola2495\/GenomeAnalysisVT2022\/analyses\/05_annotation\/prokka\/RR4342129_Bacteria\/bin_5\.fa
[00:54:41] Using filename prefix: RR4342129_Bacteria.XXX
[00:54:41] Setting HMMER_NCPU=1
[00:54:41] Writing log to: /home/tola2495/GenomeAnalysisVT2022/analyses/05_annotation/prokka/RR4342129_Bacteria/bin_5.fa/RR4342129_Bacteria.log
[00:54:41] Command: /sw/bioinfo/prokka/1.45-5b58020/snowy/bin/prokka --metagenome --cpus 2 --prefix RR4342129_Bacteria --outdir /home/tola2495/GenomeAnalysisVT2022/analyses/05_annotation/prokka/RR4342129_Bacteria/bin_5.fa bin_5.fa
[00:54:41] Appending to PATH: /sw/bioinfo/prokka/1.45-5b58020/rackham/bin/../binaries/linux
[00:54:41] Appending to PATH: /sw/bioinfo/prokka/1.45-5b58020/rackham/bin/../binaries/linux/../common
[00:54:41] Appending to PATH: /sw/bioinfo/prokka/1.45-5b58020/rackham/bin
[00:54:41] Looking for 'aragorn' - found /sw/bioinfo/prokka/1.45-5b58020/rackham/bin/../binaries/linux/aragorn
[00:54:41] Determined aragorn version is 001002 from 'ARAGORN v1.2.38 Dean Laslett'
[00:54:41] Looking for 'barrnap' - found /sw/bioinfo/barrnap/0.8/snowy/bin/barrnap
[00:54:41] Determined barrnap version is 000008 from 'barrnap 0.8'
[00:54:41] Looking for 'blastp' - found /sw/bioinfo/blast/2.11.0+/snowy/bin/blastp
[00:54:41] Determined blastp version is 002011 from 'blastp: 2.11.0+'
[00:54:41] Looking for 'cmpress' - found /sw/bioinfo/prokka/1.45-5b58020/rackham/bin/../binaries/linux/cmpress
[00:54:41] Determined cmpress version is 001001 from '# INFERNAL 1.1.2 (July 2016)'
[00:54:41] Looking for 'cmscan' - found /sw/bioinfo/prokka/1.45-5b58020/rackham/bin/../binaries/linux/cmscan
[00:54:41] Determined cmscan version is 001001 from '# INFERNAL 1.1.2 (July 2016)'
[00:54:41] Looking for 'egrep' - found /usr/bin/egrep
[00:54:41] Looking for 'find' - found /usr/bin/find
[00:54:41] Looking for 'grep' - found /usr/bin/grep
[00:54:41] Looking for 'hmmpress' - found /sw/apps/bioinfo/hmmer/3.1b2/snowy/bin/hmmpress
[00:54:41] Determined hmmpress version is 003001 from '# HMMER 3.1b2 (February 2015); http://hmmer.org/'
[00:54:41] Looking for 'hmmscan' - found /sw/apps/bioinfo/hmmer/3.1b2/snowy/bin/hmmscan
[00:54:41] Determined hmmscan version is 003001 from '# HMMER 3.1b2 (February 2015); http://hmmer.org/'
[00:54:41] Looking for 'java' - found /usr/bin/java
[00:54:41] Looking for 'makeblastdb' - found /sw/bioinfo/blast/2.11.0+/snowy/bin/makeblastdb
[00:54:42] Determined makeblastdb version is 002011 from 'makeblastdb: 2.11.0+'
[00:54:42] Looking for 'minced' - found /sw/apps/bioinfo/minced/0.2.0/snowy/minced
[00:54:42] Determined minced version is 002000 from 'minced 0.2.0'
[00:54:42] Looking for 'parallel' - found /sw/parallel/gnuparallel/20170122/snowy/bin/parallel
[00:54:43] Determined parallel version is 20170122 from 'GNU parallel 20170122'
[00:54:43] Looking for 'prodigal' - found /sw/apps/bioinfo/prodigal/2.6.3/snowy/bin/prodigal
[00:54:43] Determined prodigal version is 002006 from 'Prodigal V2.6.3: February, 2016'
[00:54:43] Looking for 'prokka-genbank_to_fasta_db' - found /sw/bioinfo/prokka/1.45-5b58020/snowy/bin/prokka-genbank_to_fasta_db
[00:54:43] Looking for 'sed' - found /usr/bin/sed
[00:54:43] Looking for 'signalp' - found /sw/bioinfo/SignalP/4.1f/snowy/signalp
[00:54:43] Determined signalp version is 004001 from '4.1 6204265'
[00:54:43] Looking for 'tbl2asn' - found /sw/bioinfo/tbl2asn/25.8/snowy/tbl2asn
[00:54:43] Determined tbl2asn version is 025008 from 'tbl2asn 25.8   arguments:'
[00:54:43] Using genetic code table 11.
[00:54:43] Loading and checking input file: bin_5.fa
[00:54:43] Wrote 129 contigs totalling 263991 bp.
[00:54:43] Predicting tRNAs and tmRNAs
[00:54:43] Running: aragorn -l -gc11  -w \/home\/tola2495\/GenomeAnalysisVT2022\/analyses\/05_annotation\/prokka\/RR4342129_Bacteria\/bin_5\.fa\/RR4342129_Bacteria\.fna
[00:54:43] 1 tRNA-Lys c[241,312] 33 (ttt)
[00:54:43] 1 tRNA-Leu c[225,307] 35 (tag)
[00:54:43] 1 tRNA-Arg [919,992] 35 (ccg)
[00:54:43] 1 tRNA-Asp [169,244] 36 (gtc)
[00:54:43] 1 tRNA-Val c[1809,1880] 33 (gac)
[00:54:43] 1 tRNA-SeC c[1097,1168] 31 (tca)
[00:54:43] Found 6 tRNAs
[00:54:43] Predicting Ribosomal RNAs
[00:54:43] Running Barrnap with 2 threads
[00:54:43] Found 0 rRNAs
[00:54:43] Skipping ncRNA search, enable with --rfam if desired.
[00:54:43] Total of 6 tRNA + rRNA features
[00:54:43] Searching for CRISPR repeats
[00:54:44] Found 0 CRISPRs
[00:54:44] Predicting coding sequences
[00:54:44] Contigs total 263991 bp, so using meta mode
[00:54:44] Running: prodigal -i \/home\/tola2495\/GenomeAnalysisVT2022\/analyses\/05_annotation\/prokka\/RR4342129_Bacteria\/bin_5\.fa\/RR4342129_Bacteria\.fna -c -m -g 11 -p meta -f sco -q
[00:54:44] Excluding CDS which overlaps existing RNA (tRNA) at k105_97517:81..863 on + strand
[00:54:44] Excluding CDS which overlaps existing RNA (tRNA) at k105_128385:896..1048 on - strand
[00:54:45] Excluding CDS which overlaps existing RNA (tRNA) at k105_62327:921..1475 on + strand
[00:54:45] Found 327 CDS
[00:54:45] Connecting features back to sequences
[00:54:45] Not using genus-specific database. Try --usegenus to enable it.
[00:54:45] Annotating CDS, please be patient.
[00:54:45] Will use 2 CPUs for similarity searching.
[00:54:45] There are still 327 unannotated CDS left (started with 327)
[00:54:45] Will use blast to search against /sw/bioinfo/prokka/1.45-5b58020/rackham/db/kingdom/Bacteria/IS with 2 CPUs
[00:54:45] Running: cat \/home\/tola2495\/GenomeAnalysisVT2022\/analyses\/05_annotation\/prokka\/RR4342129_Bacteria\/bin_5\.fa\/RR4342129_Bacteria\.IS\.tmp\.10936\.faa | parallel --gnu --plain -j 2 --block 17168 --recstart '>' --pipe blastp -query - -db /sw/bioinfo/prokka/1.45-5b58020/rackham/db/kingdom/Bacteria/IS -evalue 1e-30 -qcov_hsp_perc 90 -num_threads 1 -num_descriptions 1 -num_alignments 1 -seg no > \/home\/tola2495\/GenomeAnalysisVT2022\/analyses\/05_annotation\/prokka\/RR4342129_Bacteria\/bin_5\.fa\/RR4342129_Bacteria\.IS\.tmp\.10936\.blast 2> /dev/null
[00:54:51] Deleting unwanted file: /home/tola2495/GenomeAnalysisVT2022/analyses/05_annotation/prokka/RR4342129_Bacteria/bin_5.fa/RR4342129_Bacteria.IS.tmp.10936.faa
[00:54:51] Deleting unwanted file: /home/tola2495/GenomeAnalysisVT2022/analyses/05_annotation/prokka/RR4342129_Bacteria/bin_5.fa/RR4342129_Bacteria.IS.tmp.10936.blast
[00:54:51] There are still 327 unannotated CDS left (started with 327)
[00:54:51] Will use blast to search against /sw/bioinfo/prokka/1.45-5b58020/rackham/db/kingdom/Bacteria/AMR with 2 CPUs
[00:54:51] Running: cat \/home\/tola2495\/GenomeAnalysisVT2022\/analyses\/05_annotation\/prokka\/RR4342129_Bacteria\/bin_5\.fa\/RR4342129_Bacteria\.AMR\.tmp\.10936\.faa | parallel --gnu --plain -j 2 --block 17168 --recstart '>' --pipe blastp -query - -db /sw/bioinfo/prokka/1.45-5b58020/rackham/db/kingdom/Bacteria/AMR -evalue 9.99999999999999e-301 -qcov_hsp_perc 90 -num_threads 1 -num_descriptions 1 -num_alignments 1 -seg no > \/home\/tola2495\/GenomeAnalysisVT2022\/analyses\/05_annotation\/prokka\/RR4342129_Bacteria\/bin_5\.fa\/RR4342129_Bacteria\.AMR\.tmp\.10936\.blast 2> /dev/null
[00:54:55] Deleting unwanted file: /home/tola2495/GenomeAnalysisVT2022/analyses/05_annotation/prokka/RR4342129_Bacteria/bin_5.fa/RR4342129_Bacteria.AMR.tmp.10936.faa
[00:54:55] Deleting unwanted file: /home/tola2495/GenomeAnalysisVT2022/analyses/05_annotation/prokka/RR4342129_Bacteria/bin_5.fa/RR4342129_Bacteria.AMR.tmp.10936.blast
[00:54:56] There are still 327 unannotated CDS left (started with 327)
[00:54:56] Will use blast to search against /sw/bioinfo/prokka/1.45-5b58020/rackham/db/kingdom/Bacteria/sprot with 2 CPUs
[00:54:56] Running: cat \/home\/tola2495\/GenomeAnalysisVT2022\/analyses\/05_annotation\/prokka\/RR4342129_Bacteria\/bin_5\.fa\/RR4342129_Bacteria\.sprot\.tmp\.10936\.faa | parallel --gnu --plain -j 2 --block 17168 --recstart '>' --pipe blastp -query - -db /sw/bioinfo/prokka/1.45-5b58020/rackham/db/kingdom/Bacteria/sprot -evalue 1e-09 -qcov_hsp_perc 80 -num_threads 1 -num_descriptions 1 -num_alignments 1 -seg no > \/home\/tola2495\/GenomeAnalysisVT2022\/analyses\/05_annotation\/prokka\/RR4342129_Bacteria\/bin_5\.fa\/RR4342129_Bacteria\.sprot\.tmp\.10936\.blast 2> /dev/null
[00:55:10] Modify product: Probable ABC transporter-binding protein DR_1438 => putative ABC transporter-binding protein
[00:55:10] Modify product: Probable glutaredoxin ssr2061 => putative glutaredoxin
[00:55:10] Modify product: Uncharacterized sugar kinase YdjH => putative sugar kinase YdjH
[00:55:10] Modify product: UPF0053 inner membrane protein YtfL => hypothetical protein
[00:55:10] Modify product: Putative low molecular weight protein-tyrosine-phosphatase slr0328 => Putative low molecular weight protein-tyrosine-phosphatase
[00:55:10] Modify product: Probable multidrug resistance ABC transporter ATP-binding/permease protein YheI => putative multidrug resistance ABC transporter ATP-binding/permease protein YheI
[00:55:10] Modify product: Uncharacterized oxidoreductase MSMEG_1603/MSMEI_1564 => putative oxidoreductase/MSMEI_1564
[00:55:10] Modify product: Uncharacterized protein Rv2569c => putative protein
[00:55:10] Modify product: Probable dual-specificity RNA methyltransferase RlmN => putative dual-specificity RNA methyltransferase RlmN
[00:55:10] Cleaned 9 /product names
[00:55:10] Deleting unwanted file: /home/tola2495/GenomeAnalysisVT2022/analyses/05_annotation/prokka/RR4342129_Bacteria/bin_5.fa/RR4342129_Bacteria.sprot.tmp.10936.faa
[00:55:10] Deleting unwanted file: /home/tola2495/GenomeAnalysisVT2022/analyses/05_annotation/prokka/RR4342129_Bacteria/bin_5.fa/RR4342129_Bacteria.sprot.tmp.10936.blast
[00:55:10] There are still 208 unannotated CDS left (started with 327)
[00:55:10] Will use hmmer3 to search against /sw/bioinfo/prokka/1.45-5b58020/rackham/db/hmm/HAMAP.hmm with 2 CPUs
[00:55:10] Running: cat \/home\/tola2495\/GenomeAnalysisVT2022\/analyses\/05_annotation\/prokka\/RR4342129_Bacteria\/bin_5\.fa\/RR4342129_Bacteria\.HAMAP\.hmm\.tmp\.10936\.faa | parallel --gnu --plain -j 2 --block 9107 --recstart '>' --pipe hmmscan --noali --notextw --acc -E 1e-09 --cpu 1 /sw/bioinfo/prokka/1.45-5b58020/rackham/db/hmm/HAMAP.hmm /dev/stdin > \/home\/tola2495\/GenomeAnalysisVT2022\/analyses\/05_annotation\/prokka\/RR4342129_Bacteria\/bin_5\.fa\/RR4342129_Bacteria\.HAMAP\.hmm\.tmp\.10936\.hmmer3 2> /dev/null
[00:55:20] Deleting unwanted file: /home/tola2495/GenomeAnalysisVT2022/analyses/05_annotation/prokka/RR4342129_Bacteria/bin_5.fa/RR4342129_Bacteria.HAMAP.hmm.tmp.10936.faa
[00:55:20] Deleting unwanted file: /home/tola2495/GenomeAnalysisVT2022/analyses/05_annotation/prokka/RR4342129_Bacteria/bin_5.fa/RR4342129_Bacteria.HAMAP.hmm.tmp.10936.hmmer3
[00:55:20] Labelling remaining 191 proteins as 'hypothetical protein'
[00:55:20] Found 123 unique /gene codes.
[00:55:20] Fixed 2 duplicate /gene - mntB_1 mntB_2
[00:55:20] Fixed 1 colliding /gene names.
[00:55:20] Adding /locus_tag identifiers
[00:55:20] Assigned 333 locus_tags to CDS and RNA features.
[00:55:20] Writing outputs to /home/tola2495/GenomeAnalysisVT2022/analyses/05_annotation/prokka/RR4342129_Bacteria/bin_5.fa/
[00:55:20] Generating annotation statistics file
[00:55:20] Generating Genbank and Sequin files
[00:55:20] Running: tbl2asn -V b -a r10k -l paired-ends -M n -N 1 -y 'Annotated using prokka 1.14.6 from https://github.com/tseemann/prokka' -Z \/home\/tola2495\/GenomeAnalysisVT2022\/analyses\/05_annotation\/prokka\/RR4342129_Bacteria\/bin_5\.fa\/RR4342129_Bacteria\.err -i \/home\/tola2495\/GenomeAnalysisVT2022\/analyses\/05_annotation\/prokka\/RR4342129_Bacteria\/bin_5\.fa\/RR4342129_Bacteria\.fsa 2> /dev/null
[00:55:21] Deleting unwanted file: /home/tola2495/GenomeAnalysisVT2022/analyses/05_annotation/prokka/RR4342129_Bacteria/bin_5.fa/errorsummary.val
[00:55:21] Deleting unwanted file: /home/tola2495/GenomeAnalysisVT2022/analyses/05_annotation/prokka/RR4342129_Bacteria/bin_5.fa/RR4342129_Bacteria.dr
[00:55:21] Deleting unwanted file: /home/tola2495/GenomeAnalysisVT2022/analyses/05_annotation/prokka/RR4342129_Bacteria/bin_5.fa/RR4342129_Bacteria.fixedproducts
[00:55:21] Deleting unwanted file: /home/tola2495/GenomeAnalysisVT2022/analyses/05_annotation/prokka/RR4342129_Bacteria/bin_5.fa/RR4342129_Bacteria.ecn
[00:55:21] Deleting unwanted file: /home/tola2495/GenomeAnalysisVT2022/analyses/05_annotation/prokka/RR4342129_Bacteria/bin_5.fa/RR4342129_Bacteria.val
[00:55:21] Repairing broken .GBK output that tbl2asn produces...
[00:55:21] Running: sed 's/COORDINATES: profile/COORDINATES:profile/' < \/home\/tola2495\/GenomeAnalysisVT2022\/analyses\/05_annotation\/prokka\/RR4342129_Bacteria\/bin_5\.fa\/RR4342129_Bacteria\.gbf > \/home\/tola2495\/GenomeAnalysisVT2022\/analyses\/05_annotation\/prokka\/RR4342129_Bacteria\/bin_5\.fa\/RR4342129_Bacteria\.gbk
[00:55:21] Deleting unwanted file: /home/tola2495/GenomeAnalysisVT2022/analyses/05_annotation/prokka/RR4342129_Bacteria/bin_5.fa/RR4342129_Bacteria.gbf
[00:55:21] Output files:
[00:55:21] /home/tola2495/GenomeAnalysisVT2022/analyses/05_annotation/prokka/RR4342129_Bacteria/bin_5.fa/RR4342129_Bacteria.log
[00:55:21] /home/tola2495/GenomeAnalysisVT2022/analyses/05_annotation/prokka/RR4342129_Bacteria/bin_5.fa/RR4342129_Bacteria.fna
[00:55:21] /home/tola2495/GenomeAnalysisVT2022/analyses/05_annotation/prokka/RR4342129_Bacteria/bin_5.fa/RR4342129_Bacteria.gff
[00:55:21] /home/tola2495/GenomeAnalysisVT2022/analyses/05_annotation/prokka/RR4342129_Bacteria/bin_5.fa/RR4342129_Bacteria.faa
[00:55:21] /home/tola2495/GenomeAnalysisVT2022/analyses/05_annotation/prokka/RR4342129_Bacteria/bin_5.fa/RR4342129_Bacteria.ffn
[00:55:21] /home/tola2495/GenomeAnalysisVT2022/analyses/05_annotation/prokka/RR4342129_Bacteria/bin_5.fa/RR4342129_Bacteria.tbl
[00:55:21] /home/tola2495/GenomeAnalysisVT2022/analyses/05_annotation/prokka/RR4342129_Bacteria/bin_5.fa/RR4342129_Bacteria.fsa
[00:55:21] /home/tola2495/GenomeAnalysisVT2022/analyses/05_annotation/prokka/RR4342129_Bacteria/bin_5.fa/RR4342129_Bacteria.tsv
[00:55:21] /home/tola2495/GenomeAnalysisVT2022/analyses/05_annotation/prokka/RR4342129_Bacteria/bin_5.fa/RR4342129_Bacteria.txt
[00:55:21] /home/tola2495/GenomeAnalysisVT2022/analyses/05_annotation/prokka/RR4342129_Bacteria/bin_5.fa/RR4342129_Bacteria.gbk
[00:55:21] /home/tola2495/GenomeAnalysisVT2022/analyses/05_annotation/prokka/RR4342129_Bacteria/bin_5.fa/RR4342129_Bacteria.sqn
[00:55:21] /home/tola2495/GenomeAnalysisVT2022/analyses/05_annotation/prokka/RR4342129_Bacteria/bin_5.fa/RR4342129_Bacteria.err
[00:55:21] Annotation finished successfully.
[00:55:21] Walltime used: 0.67 minutes
[00:55:21] If you use this result please cite the Prokka paper:
[00:55:21] Seemann T (2014) Prokka: rapid prokaryotic genome annotation. Bioinformatics. 30(14):2068-9.
[00:55:21] Type 'prokka --citation' for more details.
[00:55:21] Thank you, come again.
