[01:38:50] This is prokka 1.14.6
[01:38:50] Written by Torsten Seemann <torsten.seemann@gmail.com>
[01:38:50] Homepage is https://github.com/tseemann/prokka
[01:38:50] Local time is Thu May 12 01:38:50 2022
[01:38:50] You are tola2495
[01:38:50] Operating system is linux
[01:38:50] You have BioPerl 1.007001
[01:38:50] System has 16 cores.
[01:38:50] Will use maximum of 2 cores.
[01:38:50] Annotating as >>> Archaea <<<
[01:38:50] Generating locus_tag from 'bin_7.fa' contents.
[01:38:50] Setting --locustag INFKIJFK from MD5 27f423f418ffbd2619609820698fb29d
[01:38:50] Creating new output folder: /home/tola2495/GenomeAnalysisVT2022/analyses/05_annotation/prokka/RR4342129_Archaea/bin_7.fa
[01:38:50] Running: mkdir -p \/home\/tola2495\/GenomeAnalysisVT2022\/analyses\/05_annotation\/prokka\/RR4342129_Archaea\/bin_7\.fa
[01:38:50] Using filename prefix: RR4342129_Archaea.XXX
[01:38:50] Setting HMMER_NCPU=1
[01:38:50] Writing log to: /home/tola2495/GenomeAnalysisVT2022/analyses/05_annotation/prokka/RR4342129_Archaea/bin_7.fa/RR4342129_Archaea.log
[01:38:50] Command: /sw/bioinfo/prokka/1.45-5b58020/snowy/bin/prokka --metagenome --cpus 2 --kingdom Archaea --prefix RR4342129_Archaea --outdir /home/tola2495/GenomeAnalysisVT2022/analyses/05_annotation/prokka/RR4342129_Archaea/bin_7.fa bin_7.fa
[01:38:50] Appending to PATH: /sw/bioinfo/prokka/1.45-5b58020/rackham/bin/../binaries/linux
[01:38:50] Appending to PATH: /sw/bioinfo/prokka/1.45-5b58020/rackham/bin/../binaries/linux/../common
[01:38:50] Appending to PATH: /sw/bioinfo/prokka/1.45-5b58020/rackham/bin
[01:38:50] Looking for 'aragorn' - found /sw/bioinfo/prokka/1.45-5b58020/rackham/bin/../binaries/linux/aragorn
[01:38:50] Determined aragorn version is 001002 from 'ARAGORN v1.2.38 Dean Laslett'
[01:38:50] Looking for 'barrnap' - found /sw/bioinfo/barrnap/0.8/snowy/bin/barrnap
[01:38:50] Determined barrnap version is 000008 from 'barrnap 0.8'
[01:38:50] Looking for 'blastp' - found /sw/bioinfo/blast/2.11.0+/snowy/bin/blastp
[01:38:51] Determined blastp version is 002011 from 'blastp: 2.11.0+'
[01:38:51] Looking for 'cmpress' - found /sw/bioinfo/prokka/1.45-5b58020/rackham/bin/../binaries/linux/cmpress
[01:38:51] Determined cmpress version is 001001 from '# INFERNAL 1.1.2 (July 2016)'
[01:38:51] Looking for 'cmscan' - found /sw/bioinfo/prokka/1.45-5b58020/rackham/bin/../binaries/linux/cmscan
[01:38:51] Determined cmscan version is 001001 from '# INFERNAL 1.1.2 (July 2016)'
[01:38:51] Looking for 'egrep' - found /usr/bin/egrep
[01:38:51] Looking for 'find' - found /usr/bin/find
[01:38:51] Looking for 'grep' - found /usr/bin/grep
[01:38:51] Looking for 'hmmpress' - found /sw/apps/bioinfo/hmmer/3.1b2/snowy/bin/hmmpress
[01:38:51] Determined hmmpress version is 003001 from '# HMMER 3.1b2 (February 2015); http://hmmer.org/'
[01:38:51] Looking for 'hmmscan' - found /sw/apps/bioinfo/hmmer/3.1b2/snowy/bin/hmmscan
[01:38:51] Determined hmmscan version is 003001 from '# HMMER 3.1b2 (February 2015); http://hmmer.org/'
[01:38:51] Looking for 'java' - found /usr/bin/java
[01:38:51] Looking for 'makeblastdb' - found /sw/bioinfo/blast/2.11.0+/snowy/bin/makeblastdb
[01:38:51] Determined makeblastdb version is 002011 from 'makeblastdb: 2.11.0+'
[01:38:51] Looking for 'minced' - found /sw/apps/bioinfo/minced/0.2.0/snowy/minced
[01:38:51] Determined minced version is 002000 from 'minced 0.2.0'
[01:38:51] Looking for 'parallel' - found /sw/parallel/gnuparallel/20170122/snowy/bin/parallel
[01:38:52] Determined parallel version is 20170122 from 'GNU parallel 20170122'
[01:38:52] Looking for 'prodigal' - found /sw/apps/bioinfo/prodigal/2.6.3/snowy/bin/prodigal
[01:38:52] Determined prodigal version is 002006 from 'Prodigal V2.6.3: February, 2016'
[01:38:52] Looking for 'prokka-genbank_to_fasta_db' - found /sw/bioinfo/prokka/1.45-5b58020/snowy/bin/prokka-genbank_to_fasta_db
[01:38:52] Looking for 'sed' - found /usr/bin/sed
[01:38:52] Looking for 'signalp' - found /sw/bioinfo/SignalP/4.1f/snowy/signalp
[01:38:52] Determined signalp version is 004001 from '4.1 6204265'
[01:38:52] Looking for 'tbl2asn' - found /sw/bioinfo/tbl2asn/25.8/snowy/tbl2asn
[01:38:52] Determined tbl2asn version is 025008 from 'tbl2asn 25.8   arguments:'
[01:38:52] Using genetic code table 11.
[01:38:52] Loading and checking input file: bin_7.fa
[01:38:52] Wrote 101 contigs totalling 215688 bp.
[01:38:52] Predicting tRNAs and tmRNAs
[01:38:52] Running: aragorn -l -gc11  -w \/home\/tola2495\/GenomeAnalysisVT2022\/analyses\/05_annotation\/prokka\/RR4342129_Archaea\/bin_7\.fa\/RR4342129_Archaea\.fna
[01:38:52] Found 0 tRNAs
[01:38:52] Predicting Ribosomal RNAs
[01:38:52] Running Barrnap with 2 threads
[01:38:52] Found 0 rRNAs
[01:38:52] Skipping ncRNA search, enable with --rfam if desired.
[01:38:52] Total of 0 tRNA + rRNA features
[01:38:52] Searching for CRISPR repeats
[01:38:53] Found 0 CRISPRs
[01:38:53] Predicting coding sequences
[01:38:53] Contigs total 215688 bp, so using meta mode
[01:38:53] Running: prodigal -i \/home\/tola2495\/GenomeAnalysisVT2022\/analyses\/05_annotation\/prokka\/RR4342129_Archaea\/bin_7\.fa\/RR4342129_Archaea\.fna -c -m -g 11 -p meta -f sco -q
[01:38:54] Found 202 CDS
[01:38:54] Connecting features back to sequences
[01:38:54] Not using genus-specific database. Try --usegenus to enable it.
[01:38:54] Annotating CDS, please be patient.
[01:38:54] Will use 2 CPUs for similarity searching.
[01:38:54] There are still 202 unannotated CDS left (started with 202)
[01:38:54] Will use blast to search against /sw/bioinfo/prokka/1.45-5b58020/rackham/db/kingdom/Archaea/sprot with 2 CPUs
[01:38:54] Running: cat \/home\/tola2495\/GenomeAnalysisVT2022\/analyses\/05_annotation\/prokka\/RR4342129_Archaea\/bin_7\.fa\/RR4342129_Archaea\.sprot\.tmp\.50921\.faa | parallel --gnu --plain -j 2 --block 11952 --recstart '>' --pipe blastp -query - -db /sw/bioinfo/prokka/1.45-5b58020/rackham/db/kingdom/Archaea/sprot -evalue 1e-09 -qcov_hsp_perc 80 -num_threads 1 -num_descriptions 1 -num_alignments 1 -seg no > \/home\/tola2495\/GenomeAnalysisVT2022\/analyses\/05_annotation\/prokka\/RR4342129_Archaea\/bin_7\.fa\/RR4342129_Archaea\.sprot\.tmp\.50921\.blast 2> /dev/null
[01:38:58] Deleting unwanted file: /home/tola2495/GenomeAnalysisVT2022/analyses/05_annotation/prokka/RR4342129_Archaea/bin_7.fa/RR4342129_Archaea.sprot.tmp.50921.faa
[01:38:58] Deleting unwanted file: /home/tola2495/GenomeAnalysisVT2022/analyses/05_annotation/prokka/RR4342129_Archaea/bin_7.fa/RR4342129_Archaea.sprot.tmp.50921.blast
[01:38:58] There are still 193 unannotated CDS left (started with 202)
[01:38:58] Will use hmmer3 to search against /sw/bioinfo/prokka/1.45-5b58020/rackham/db/hmm/HAMAP.hmm with 2 CPUs
[01:38:58] Running: cat \/home\/tola2495\/GenomeAnalysisVT2022\/analyses\/05_annotation\/prokka\/RR4342129_Archaea\/bin_7\.fa\/RR4342129_Archaea\.HAMAP\.hmm\.tmp\.50921\.faa | parallel --gnu --plain -j 2 --block 11381 --recstart '>' --pipe hmmscan --noali --notextw --acc -E 1e-09 --cpu 1 /sw/bioinfo/prokka/1.45-5b58020/rackham/db/hmm/HAMAP.hmm /dev/stdin > \/home\/tola2495\/GenomeAnalysisVT2022\/analyses\/05_annotation\/prokka\/RR4342129_Archaea\/bin_7\.fa\/RR4342129_Archaea\.HAMAP\.hmm\.tmp\.50921\.hmmer3 2> /dev/null
[01:39:07] Deleting unwanted file: /home/tola2495/GenomeAnalysisVT2022/analyses/05_annotation/prokka/RR4342129_Archaea/bin_7.fa/RR4342129_Archaea.HAMAP.hmm.tmp.50921.faa
[01:39:07] Deleting unwanted file: /home/tola2495/GenomeAnalysisVT2022/analyses/05_annotation/prokka/RR4342129_Archaea/bin_7.fa/RR4342129_Archaea.HAMAP.hmm.tmp.50921.hmmer3
[01:39:07] Labelling remaining 168 proteins as 'hypothetical protein'
[01:39:07] Found 32 unique /gene codes.
[01:39:07] Fixed 0 colliding /gene names.
[01:39:07] Adding /locus_tag identifiers
[01:39:07] Assigned 202 locus_tags to CDS and RNA features.
[01:39:07] Writing outputs to /home/tola2495/GenomeAnalysisVT2022/analyses/05_annotation/prokka/RR4342129_Archaea/bin_7.fa/
[01:39:07] Generating annotation statistics file
[01:39:07] Generating Genbank and Sequin files
[01:39:07] Running: tbl2asn -V b -a r10k -l paired-ends -M n -N 1 -y 'Annotated using prokka 1.14.6 from https://github.com/tseemann/prokka' -Z \/home\/tola2495\/GenomeAnalysisVT2022\/analyses\/05_annotation\/prokka\/RR4342129_Archaea\/bin_7\.fa\/RR4342129_Archaea\.err -i \/home\/tola2495\/GenomeAnalysisVT2022\/analyses\/05_annotation\/prokka\/RR4342129_Archaea\/bin_7\.fa\/RR4342129_Archaea\.fsa 2> /dev/null
[01:39:08] Deleting unwanted file: /home/tola2495/GenomeAnalysisVT2022/analyses/05_annotation/prokka/RR4342129_Archaea/bin_7.fa/errorsummary.val
[01:39:08] Deleting unwanted file: /home/tola2495/GenomeAnalysisVT2022/analyses/05_annotation/prokka/RR4342129_Archaea/bin_7.fa/RR4342129_Archaea.dr
[01:39:08] Deleting unwanted file: /home/tola2495/GenomeAnalysisVT2022/analyses/05_annotation/prokka/RR4342129_Archaea/bin_7.fa/RR4342129_Archaea.fixedproducts
[01:39:08] Deleting unwanted file: /home/tola2495/GenomeAnalysisVT2022/analyses/05_annotation/prokka/RR4342129_Archaea/bin_7.fa/RR4342129_Archaea.ecn
[01:39:08] Deleting unwanted file: /home/tola2495/GenomeAnalysisVT2022/analyses/05_annotation/prokka/RR4342129_Archaea/bin_7.fa/RR4342129_Archaea.val
[01:39:08] Repairing broken .GBK output that tbl2asn produces...
[01:39:08] Running: sed 's/COORDINATES: profile/COORDINATES:profile/' < \/home\/tola2495\/GenomeAnalysisVT2022\/analyses\/05_annotation\/prokka\/RR4342129_Archaea\/bin_7\.fa\/RR4342129_Archaea\.gbf > \/home\/tola2495\/GenomeAnalysisVT2022\/analyses\/05_annotation\/prokka\/RR4342129_Archaea\/bin_7\.fa\/RR4342129_Archaea\.gbk
[01:39:08] Deleting unwanted file: /home/tola2495/GenomeAnalysisVT2022/analyses/05_annotation/prokka/RR4342129_Archaea/bin_7.fa/RR4342129_Archaea.gbf
[01:39:08] Output files:
[01:39:08] /home/tola2495/GenomeAnalysisVT2022/analyses/05_annotation/prokka/RR4342129_Archaea/bin_7.fa/RR4342129_Archaea.log
[01:39:08] /home/tola2495/GenomeAnalysisVT2022/analyses/05_annotation/prokka/RR4342129_Archaea/bin_7.fa/RR4342129_Archaea.fna
[01:39:08] /home/tola2495/GenomeAnalysisVT2022/analyses/05_annotation/prokka/RR4342129_Archaea/bin_7.fa/RR4342129_Archaea.gff
[01:39:08] /home/tola2495/GenomeAnalysisVT2022/analyses/05_annotation/prokka/RR4342129_Archaea/bin_7.fa/RR4342129_Archaea.faa
[01:39:08] /home/tola2495/GenomeAnalysisVT2022/analyses/05_annotation/prokka/RR4342129_Archaea/bin_7.fa/RR4342129_Archaea.ffn
[01:39:08] /home/tola2495/GenomeAnalysisVT2022/analyses/05_annotation/prokka/RR4342129_Archaea/bin_7.fa/RR4342129_Archaea.tbl
[01:39:08] /home/tola2495/GenomeAnalysisVT2022/analyses/05_annotation/prokka/RR4342129_Archaea/bin_7.fa/RR4342129_Archaea.fsa
[01:39:08] /home/tola2495/GenomeAnalysisVT2022/analyses/05_annotation/prokka/RR4342129_Archaea/bin_7.fa/RR4342129_Archaea.tsv
[01:39:08] /home/tola2495/GenomeAnalysisVT2022/analyses/05_annotation/prokka/RR4342129_Archaea/bin_7.fa/RR4342129_Archaea.txt
[01:39:08] /home/tola2495/GenomeAnalysisVT2022/analyses/05_annotation/prokka/RR4342129_Archaea/bin_7.fa/RR4342129_Archaea.sqn
[01:39:08] /home/tola2495/GenomeAnalysisVT2022/analyses/05_annotation/prokka/RR4342129_Archaea/bin_7.fa/RR4342129_Archaea.gbk
[01:39:08] /home/tola2495/GenomeAnalysisVT2022/analyses/05_annotation/prokka/RR4342129_Archaea/bin_7.fa/RR4342129_Archaea.err
[01:39:08] Annotation finished successfully.
[01:39:08] Walltime used: 0.30 minutes
[01:39:08] If you use this result please cite the Prokka paper:
[01:39:08] Seemann T (2014) Prokka: rapid prokaryotic genome annotation. Bioinformatics. 30(14):2068-9.
[01:39:08] Type 'prokka --citation' for more details.
[01:39:08] Thank you, come again.
