[01:39:08] This is prokka 1.14.6
[01:39:08] Written by Torsten Seemann <torsten.seemann@gmail.com>
[01:39:08] Homepage is https://github.com/tseemann/prokka
[01:39:08] Local time is Thu May 12 01:39:08 2022
[01:39:08] You are tola2495
[01:39:08] Operating system is linux
[01:39:08] You have BioPerl 1.007001
[01:39:08] System has 16 cores.
[01:39:08] Will use maximum of 2 cores.
[01:39:08] Annotating as >>> Archaea <<<
[01:39:08] Generating locus_tag from 'bin_8.fa' contents.
[01:39:08] Setting --locustag OJCDDFNI from MD5 83cddf72cf055d99e27f6a0967764522
[01:39:08] Creating new output folder: /home/tola2495/GenomeAnalysisVT2022/analyses/05_annotation/prokka/RR4342129_Archaea/bin_8.fa
[01:39:08] Running: mkdir -p \/home\/tola2495\/GenomeAnalysisVT2022\/analyses\/05_annotation\/prokka\/RR4342129_Archaea\/bin_8\.fa
[01:39:08] Using filename prefix: RR4342129_Archaea.XXX
[01:39:08] Setting HMMER_NCPU=1
[01:39:08] Writing log to: /home/tola2495/GenomeAnalysisVT2022/analyses/05_annotation/prokka/RR4342129_Archaea/bin_8.fa/RR4342129_Archaea.log
[01:39:08] Command: /sw/bioinfo/prokka/1.45-5b58020/snowy/bin/prokka --metagenome --cpus 2 --kingdom Archaea --prefix RR4342129_Archaea --outdir /home/tola2495/GenomeAnalysisVT2022/analyses/05_annotation/prokka/RR4342129_Archaea/bin_8.fa bin_8.fa
[01:39:08] Appending to PATH: /sw/bioinfo/prokka/1.45-5b58020/rackham/bin/../binaries/linux
[01:39:08] Appending to PATH: /sw/bioinfo/prokka/1.45-5b58020/rackham/bin/../binaries/linux/../common
[01:39:08] Appending to PATH: /sw/bioinfo/prokka/1.45-5b58020/rackham/bin
[01:39:08] Looking for 'aragorn' - found /sw/bioinfo/prokka/1.45-5b58020/rackham/bin/../binaries/linux/aragorn
[01:39:08] Determined aragorn version is 001002 from 'ARAGORN v1.2.38 Dean Laslett'
[01:39:08] Looking for 'barrnap' - found /sw/bioinfo/barrnap/0.8/snowy/bin/barrnap
[01:39:08] Determined barrnap version is 000008 from 'barrnap 0.8'
[01:39:08] Looking for 'blastp' - found /sw/bioinfo/blast/2.11.0+/snowy/bin/blastp
[01:39:09] Determined blastp version is 002011 from 'blastp: 2.11.0+'
[01:39:09] Looking for 'cmpress' - found /sw/bioinfo/prokka/1.45-5b58020/rackham/bin/../binaries/linux/cmpress
[01:39:09] Determined cmpress version is 001001 from '# INFERNAL 1.1.2 (July 2016)'
[01:39:09] Looking for 'cmscan' - found /sw/bioinfo/prokka/1.45-5b58020/rackham/bin/../binaries/linux/cmscan
[01:39:09] Determined cmscan version is 001001 from '# INFERNAL 1.1.2 (July 2016)'
[01:39:09] Looking for 'egrep' - found /usr/bin/egrep
[01:39:09] Looking for 'find' - found /usr/bin/find
[01:39:09] Looking for 'grep' - found /usr/bin/grep
[01:39:09] Looking for 'hmmpress' - found /sw/apps/bioinfo/hmmer/3.1b2/snowy/bin/hmmpress
[01:39:09] Determined hmmpress version is 003001 from '# HMMER 3.1b2 (February 2015); http://hmmer.org/'
[01:39:09] Looking for 'hmmscan' - found /sw/apps/bioinfo/hmmer/3.1b2/snowy/bin/hmmscan
[01:39:09] Determined hmmscan version is 003001 from '# HMMER 3.1b2 (February 2015); http://hmmer.org/'
[01:39:09] Looking for 'java' - found /usr/bin/java
[01:39:09] Looking for 'makeblastdb' - found /sw/bioinfo/blast/2.11.0+/snowy/bin/makeblastdb
[01:39:10] Determined makeblastdb version is 002011 from 'makeblastdb: 2.11.0+'
[01:39:10] Looking for 'minced' - found /sw/apps/bioinfo/minced/0.2.0/snowy/minced
[01:39:10] Determined minced version is 002000 from 'minced 0.2.0'
[01:39:10] Looking for 'parallel' - found /sw/parallel/gnuparallel/20170122/snowy/bin/parallel
[01:39:10] Determined parallel version is 20170122 from 'GNU parallel 20170122'
[01:39:10] Looking for 'prodigal' - found /sw/apps/bioinfo/prodigal/2.6.3/snowy/bin/prodigal
[01:39:10] Determined prodigal version is 002006 from 'Prodigal V2.6.3: February, 2016'
[01:39:10] Looking for 'prokka-genbank_to_fasta_db' - found /sw/bioinfo/prokka/1.45-5b58020/snowy/bin/prokka-genbank_to_fasta_db
[01:39:10] Looking for 'sed' - found /usr/bin/sed
[01:39:10] Looking for 'signalp' - found /sw/bioinfo/SignalP/4.1f/snowy/signalp
[01:39:10] Determined signalp version is 004001 from '4.1 6204265'
[01:39:10] Looking for 'tbl2asn' - found /sw/bioinfo/tbl2asn/25.8/snowy/tbl2asn
[01:39:10] Determined tbl2asn version is 025008 from 'tbl2asn 25.8   arguments:'
[01:39:10] Using genetic code table 11.
[01:39:10] Loading and checking input file: bin_8.fa
[01:39:10] Wrote 44 contigs totalling 201956 bp.
[01:39:10] Predicting tRNAs and tmRNAs
[01:39:10] Running: aragorn -l -gc11  -w \/home\/tola2495\/GenomeAnalysisVT2022\/analyses\/05_annotation\/prokka\/RR4342129_Archaea\/bin_8\.fa\/RR4342129_Archaea\.fna
[01:39:10] 1 tRNA-Leu [593,677] 35 (gag)
[01:39:10] 1 tRNA-Pro [1248,1325] 37 (ggg)
[01:39:10] 1 tRNA-Leu [59,143] 35 (caa)
[01:39:10] Found 3 tRNAs
[01:39:10] Predicting Ribosomal RNAs
[01:39:10] Running Barrnap with 2 threads
[01:39:11] Found 0 rRNAs
[01:39:11] Skipping ncRNA search, enable with --rfam if desired.
[01:39:11] Total of 3 tRNA + rRNA features
[01:39:11] Searching for CRISPR repeats
[01:39:11] Found 0 CRISPRs
[01:39:11] Predicting coding sequences
[01:39:11] Contigs total 201956 bp, so using meta mode
[01:39:11] Running: prodigal -i \/home\/tola2495\/GenomeAnalysisVT2022\/analyses\/05_annotation\/prokka\/RR4342129_Archaea\/bin_8\.fa\/RR4342129_Archaea\.fna -c -m -g 11 -p meta -f sco -q
[01:39:12] Found 197 CDS
[01:39:12] Connecting features back to sequences
[01:39:12] Not using genus-specific database. Try --usegenus to enable it.
[01:39:12] Annotating CDS, please be patient.
[01:39:12] Will use 2 CPUs for similarity searching.
[01:39:12] There are still 197 unannotated CDS left (started with 197)
[01:39:12] Will use blast to search against /sw/bioinfo/prokka/1.45-5b58020/rackham/db/kingdom/Archaea/sprot with 2 CPUs
[01:39:12] Running: cat \/home\/tola2495\/GenomeAnalysisVT2022\/analyses\/05_annotation\/prokka\/RR4342129_Archaea\/bin_8\.fa\/RR4342129_Archaea\.sprot\.tmp\.51467\.faa | parallel --gnu --plain -j 2 --block 13981 --recstart '>' --pipe blastp -query - -db /sw/bioinfo/prokka/1.45-5b58020/rackham/db/kingdom/Archaea/sprot -evalue 1e-09 -qcov_hsp_perc 80 -num_threads 1 -num_descriptions 1 -num_alignments 1 -seg no > \/home\/tola2495\/GenomeAnalysisVT2022\/analyses\/05_annotation\/prokka\/RR4342129_Archaea\/bin_8\.fa\/RR4342129_Archaea\.sprot\.tmp\.51467\.blast 2> /dev/null
[01:39:16] Modify product: Protein translation factor SUI1 homolog => Protein translation factor SUI1 
[01:39:16] Modify product: Uncharacterized KH and PIN-domain containing protein MJ1533 => putative KH and PIN-domain containing protein
[01:39:16] Cleaned 2 /product names
[01:39:16] Deleting unwanted file: /home/tola2495/GenomeAnalysisVT2022/analyses/05_annotation/prokka/RR4342129_Archaea/bin_8.fa/RR4342129_Archaea.sprot.tmp.51467.faa
[01:39:16] Deleting unwanted file: /home/tola2495/GenomeAnalysisVT2022/analyses/05_annotation/prokka/RR4342129_Archaea/bin_8.fa/RR4342129_Archaea.sprot.tmp.51467.blast
[01:39:16] There are still 148 unannotated CDS left (started with 197)
[01:39:16] Will use hmmer3 to search against /sw/bioinfo/prokka/1.45-5b58020/rackham/db/hmm/HAMAP.hmm with 2 CPUs
[01:39:16] Running: cat \/home\/tola2495\/GenomeAnalysisVT2022\/analyses\/05_annotation\/prokka\/RR4342129_Archaea\/bin_8\.fa\/RR4342129_Archaea\.HAMAP\.hmm\.tmp\.51467\.faa | parallel --gnu --plain -j 2 --block 10848 --recstart '>' --pipe hmmscan --noali --notextw --acc -E 1e-09 --cpu 1 /sw/bioinfo/prokka/1.45-5b58020/rackham/db/hmm/HAMAP.hmm /dev/stdin > \/home\/tola2495\/GenomeAnalysisVT2022\/analyses\/05_annotation\/prokka\/RR4342129_Archaea\/bin_8\.fa\/RR4342129_Archaea\.HAMAP\.hmm\.tmp\.51467\.hmmer3 2> /dev/null
[01:39:24] Deleting unwanted file: /home/tola2495/GenomeAnalysisVT2022/analyses/05_annotation/prokka/RR4342129_Archaea/bin_8.fa/RR4342129_Archaea.HAMAP.hmm.tmp.51467.faa
[01:39:24] Deleting unwanted file: /home/tola2495/GenomeAnalysisVT2022/analyses/05_annotation/prokka/RR4342129_Archaea/bin_8.fa/RR4342129_Archaea.HAMAP.hmm.tmp.51467.hmmer3
[01:39:24] Labelling remaining 117 proteins as 'hypothetical protein'
[01:39:24] Found 59 unique /gene codes.
[01:39:24] Fixed 0 colliding /gene names.
[01:39:24] Adding /locus_tag identifiers
[01:39:24] Assigned 200 locus_tags to CDS and RNA features.
[01:39:24] Writing outputs to /home/tola2495/GenomeAnalysisVT2022/analyses/05_annotation/prokka/RR4342129_Archaea/bin_8.fa/
[01:39:24] Generating annotation statistics file
[01:39:24] Generating Genbank and Sequin files
[01:39:24] Running: tbl2asn -V b -a r10k -l paired-ends -M n -N 1 -y 'Annotated using prokka 1.14.6 from https://github.com/tseemann/prokka' -Z \/home\/tola2495\/GenomeAnalysisVT2022\/analyses\/05_annotation\/prokka\/RR4342129_Archaea\/bin_8\.fa\/RR4342129_Archaea\.err -i \/home\/tola2495\/GenomeAnalysisVT2022\/analyses\/05_annotation\/prokka\/RR4342129_Archaea\/bin_8\.fa\/RR4342129_Archaea\.fsa 2> /dev/null
[01:39:24] Deleting unwanted file: /home/tola2495/GenomeAnalysisVT2022/analyses/05_annotation/prokka/RR4342129_Archaea/bin_8.fa/errorsummary.val
[01:39:24] Deleting unwanted file: /home/tola2495/GenomeAnalysisVT2022/analyses/05_annotation/prokka/RR4342129_Archaea/bin_8.fa/RR4342129_Archaea.dr
[01:39:24] Deleting unwanted file: /home/tola2495/GenomeAnalysisVT2022/analyses/05_annotation/prokka/RR4342129_Archaea/bin_8.fa/RR4342129_Archaea.fixedproducts
[01:39:24] Deleting unwanted file: /home/tola2495/GenomeAnalysisVT2022/analyses/05_annotation/prokka/RR4342129_Archaea/bin_8.fa/RR4342129_Archaea.ecn
[01:39:24] Deleting unwanted file: /home/tola2495/GenomeAnalysisVT2022/analyses/05_annotation/prokka/RR4342129_Archaea/bin_8.fa/RR4342129_Archaea.val
[01:39:24] Repairing broken .GBK output that tbl2asn produces...
[01:39:24] Running: sed 's/COORDINATES: profile/COORDINATES:profile/' < \/home\/tola2495\/GenomeAnalysisVT2022\/analyses\/05_annotation\/prokka\/RR4342129_Archaea\/bin_8\.fa\/RR4342129_Archaea\.gbf > \/home\/tola2495\/GenomeAnalysisVT2022\/analyses\/05_annotation\/prokka\/RR4342129_Archaea\/bin_8\.fa\/RR4342129_Archaea\.gbk
[01:39:24] Deleting unwanted file: /home/tola2495/GenomeAnalysisVT2022/analyses/05_annotation/prokka/RR4342129_Archaea/bin_8.fa/RR4342129_Archaea.gbf
[01:39:24] Output files:
[01:39:24] /home/tola2495/GenomeAnalysisVT2022/analyses/05_annotation/prokka/RR4342129_Archaea/bin_8.fa/RR4342129_Archaea.log
[01:39:24] /home/tola2495/GenomeAnalysisVT2022/analyses/05_annotation/prokka/RR4342129_Archaea/bin_8.fa/RR4342129_Archaea.fna
[01:39:24] /home/tola2495/GenomeAnalysisVT2022/analyses/05_annotation/prokka/RR4342129_Archaea/bin_8.fa/RR4342129_Archaea.gff
[01:39:24] /home/tola2495/GenomeAnalysisVT2022/analyses/05_annotation/prokka/RR4342129_Archaea/bin_8.fa/RR4342129_Archaea.faa
[01:39:24] /home/tola2495/GenomeAnalysisVT2022/analyses/05_annotation/prokka/RR4342129_Archaea/bin_8.fa/RR4342129_Archaea.ffn
[01:39:24] /home/tola2495/GenomeAnalysisVT2022/analyses/05_annotation/prokka/RR4342129_Archaea/bin_8.fa/RR4342129_Archaea.tbl
[01:39:24] /home/tola2495/GenomeAnalysisVT2022/analyses/05_annotation/prokka/RR4342129_Archaea/bin_8.fa/RR4342129_Archaea.fsa
[01:39:24] /home/tola2495/GenomeAnalysisVT2022/analyses/05_annotation/prokka/RR4342129_Archaea/bin_8.fa/RR4342129_Archaea.tsv
[01:39:24] /home/tola2495/GenomeAnalysisVT2022/analyses/05_annotation/prokka/RR4342129_Archaea/bin_8.fa/RR4342129_Archaea.txt
[01:39:24] /home/tola2495/GenomeAnalysisVT2022/analyses/05_annotation/prokka/RR4342129_Archaea/bin_8.fa/RR4342129_Archaea.sqn
[01:39:24] /home/tola2495/GenomeAnalysisVT2022/analyses/05_annotation/prokka/RR4342129_Archaea/bin_8.fa/RR4342129_Archaea.gbk
[01:39:24] /home/tola2495/GenomeAnalysisVT2022/analyses/05_annotation/prokka/RR4342129_Archaea/bin_8.fa/RR4342129_Archaea.err
[01:39:24] Annotation finished successfully.
[01:39:24] Walltime used: 0.27 minutes
[01:39:24] If you use this result please cite the Prokka paper:
[01:39:24] Seemann T (2014) Prokka: rapid prokaryotic genome annotation. Bioinformatics. 30(14):2068-9.
[01:39:24] Type 'prokka --citation' for more details.
[01:39:24] Thank you, come again.
