[03:54:13] This is prokka 1.14.6
[03:54:13] Written by Torsten Seemann <torsten.seemann@gmail.com>
[03:54:13] Homepage is https://github.com/tseemann/prokka
[03:54:13] Local time is Thu May 12 03:54:13 2022
[03:54:13] You are tola2495
[03:54:13] Operating system is linux
[03:54:13] You have BioPerl 1.007001
[03:54:13] System has 16 cores.
[03:54:13] Will use maximum of 2 cores.
[03:54:13] Annotating as >>> Archaea <<<
[03:54:13] Generating locus_tag from 'bin_13.fa' contents.
[03:54:13] Setting --locustag BNMNEFAF from MD5 b767efaf21393e920a75c13e94d73932
[03:54:13] Creating new output folder: /home/tola2495/GenomeAnalysisVT2022/analyses/05_annotation/prokka/RR4342133_Archaea/bin_13.fa
[03:54:13] Running: mkdir -p \/home\/tola2495\/GenomeAnalysisVT2022\/analyses\/05_annotation\/prokka\/RR4342133_Archaea\/bin_13\.fa
[03:54:13] Using filename prefix: RR4342133_Archaea.XXX
[03:54:13] Setting HMMER_NCPU=1
[03:54:13] Writing log to: /home/tola2495/GenomeAnalysisVT2022/analyses/05_annotation/prokka/RR4342133_Archaea/bin_13.fa/RR4342133_Archaea.log
[03:54:13] Command: /sw/bioinfo/prokka/1.45-5b58020/snowy/bin/prokka --metagenome --cpus 2 --kingdom Archaea --prefix RR4342133_Archaea --outdir /home/tola2495/GenomeAnalysisVT2022/analyses/05_annotation/prokka/RR4342133_Archaea/bin_13.fa bin_13.fa
[03:54:13] Appending to PATH: /sw/bioinfo/prokka/1.45-5b58020/rackham/bin/../binaries/linux
[03:54:13] Appending to PATH: /sw/bioinfo/prokka/1.45-5b58020/rackham/bin/../binaries/linux/../common
[03:54:13] Appending to PATH: /sw/bioinfo/prokka/1.45-5b58020/rackham/bin
[03:54:13] Looking for 'aragorn' - found /sw/bioinfo/prokka/1.45-5b58020/rackham/bin/../binaries/linux/aragorn
[03:54:13] Determined aragorn version is 001002 from 'ARAGORN v1.2.38 Dean Laslett'
[03:54:13] Looking for 'barrnap' - found /sw/bioinfo/barrnap/0.8/snowy/bin/barrnap
[03:54:13] Determined barrnap version is 000008 from 'barrnap 0.8'
[03:54:13] Looking for 'blastp' - found /sw/bioinfo/blast/2.11.0+/snowy/bin/blastp
[03:54:14] Determined blastp version is 002011 from 'blastp: 2.11.0+'
[03:54:14] Looking for 'cmpress' - found /sw/bioinfo/prokka/1.45-5b58020/rackham/bin/../binaries/linux/cmpress
[03:54:14] Determined cmpress version is 001001 from '# INFERNAL 1.1.2 (July 2016)'
[03:54:14] Looking for 'cmscan' - found /sw/bioinfo/prokka/1.45-5b58020/rackham/bin/../binaries/linux/cmscan
[03:54:14] Determined cmscan version is 001001 from '# INFERNAL 1.1.2 (July 2016)'
[03:54:14] Looking for 'egrep' - found /usr/bin/egrep
[03:54:14] Looking for 'find' - found /usr/bin/find
[03:54:14] Looking for 'grep' - found /usr/bin/grep
[03:54:14] Looking for 'hmmpress' - found /sw/apps/bioinfo/hmmer/3.1b2/snowy/bin/hmmpress
[03:54:14] Determined hmmpress version is 003001 from '# HMMER 3.1b2 (February 2015); http://hmmer.org/'
[03:54:14] Looking for 'hmmscan' - found /sw/apps/bioinfo/hmmer/3.1b2/snowy/bin/hmmscan
[03:54:14] Determined hmmscan version is 003001 from '# HMMER 3.1b2 (February 2015); http://hmmer.org/'
[03:54:14] Looking for 'java' - found /usr/bin/java
[03:54:14] Looking for 'makeblastdb' - found /sw/bioinfo/blast/2.11.0+/snowy/bin/makeblastdb
[03:54:14] Determined makeblastdb version is 002011 from 'makeblastdb: 2.11.0+'
[03:54:14] Looking for 'minced' - found /sw/apps/bioinfo/minced/0.2.0/snowy/minced
[03:54:15] Determined minced version is 002000 from 'minced 0.2.0'
[03:54:15] Looking for 'parallel' - found /sw/parallel/gnuparallel/20170122/snowy/bin/parallel
[03:54:15] Determined parallel version is 20170122 from 'GNU parallel 20170122'
[03:54:15] Looking for 'prodigal' - found /sw/apps/bioinfo/prodigal/2.6.3/snowy/bin/prodigal
[03:54:15] Determined prodigal version is 002006 from 'Prodigal V2.6.3: February, 2016'
[03:54:15] Looking for 'prokka-genbank_to_fasta_db' - found /sw/bioinfo/prokka/1.45-5b58020/snowy/bin/prokka-genbank_to_fasta_db
[03:54:15] Looking for 'sed' - found /usr/bin/sed
[03:54:15] Looking for 'signalp' - found /sw/bioinfo/SignalP/4.1f/snowy/signalp
[03:54:15] Determined signalp version is 004001 from '4.1 6204265'
[03:54:15] Looking for 'tbl2asn' - found /sw/bioinfo/tbl2asn/25.8/snowy/tbl2asn
[03:54:15] Determined tbl2asn version is 025008 from 'tbl2asn 25.8   arguments:'
[03:54:15] Using genetic code table 11.
[03:54:15] Loading and checking input file: bin_13.fa
[03:54:15] Wrote 121 contigs totalling 610565 bp.
[03:54:15] Predicting tRNAs and tmRNAs
[03:54:15] Running: aragorn -l -gc11  -w \/home\/tola2495\/GenomeAnalysisVT2022\/analyses\/05_annotation\/prokka\/RR4342133_Archaea\/bin_13\.fa\/RR4342133_Archaea\.fna
[03:54:15] 1 tRNA-Phe c[11631,11707] 35 (gaa)
[03:54:15] 1 tRNA-His c[3328,3400] 34 (gtg)
[03:54:15] 1 tRNA-His [30,102] 34 (gtg)
[03:54:15] 1 tRNA-Ser [4377,4460] 34 (cga)
[03:54:15] 1 tRNA-Pro [2108,2181] 35 (ggg)
[03:54:15] 1 tRNA-Lys c[523,597] 35 (ttt)
[03:54:15] 2 tRNA-Asp [694,771] 37 (gtc)
[03:54:15] 1 tRNA-Ser c[95,181] 35 (gct)
[03:54:15] 1 tRNA-Lys [17,91] 35 (ttt)
[03:54:15] 1 tRNA-Met [18,93] 36 (cat)
[03:54:15] 1 tRNA-Thr c[5650,5724] 36 (tgt)
[03:54:15] 2 tRNA-Val c[12244,12339] 36 (cac)
[03:54:15] 1 tRNA-Val c[939,1015] 37 (tac)
[03:54:15] 2 tRNA-Lys c[8027,8101] 35 (ctt)
[03:54:15] 1 tRNA-Glu [1512,1587] 37 (ctc)
[03:54:15] Found 15 tRNAs
[03:54:15] Predicting Ribosomal RNAs
[03:54:15] Running Barrnap with 2 threads
[03:54:16] 1 k105_102428 388 5S ribosomal RNA
[03:54:16] 2 k105_89484 6480 5S ribosomal RNA
[03:54:16] Found 2 rRNAs
[03:54:16] Skipping ncRNA search, enable with --rfam if desired.
[03:54:16] Total of 17 tRNA + rRNA features
[03:54:16] Searching for CRISPR repeats
[03:54:16] Found 0 CRISPRs
[03:54:16] Predicting coding sequences
[03:54:16] Contigs total 610565 bp, so using meta mode
[03:54:16] Running: prodigal -i \/home\/tola2495\/GenomeAnalysisVT2022\/analyses\/05_annotation\/prokka\/RR4342133_Archaea\/bin_13\.fa\/RR4342133_Archaea\.fna -c -m -g 11 -p meta -f sco -q
[03:54:18] Found 770 CDS
[03:54:18] Connecting features back to sequences
[03:54:18] Not using genus-specific database. Try --usegenus to enable it.
[03:54:18] Annotating CDS, please be patient.
[03:54:18] Will use 2 CPUs for similarity searching.
[03:54:18] There are still 770 unannotated CDS left (started with 770)
[03:54:18] Will use blast to search against /sw/bioinfo/prokka/1.45-5b58020/rackham/db/kingdom/Archaea/sprot with 2 CPUs
[03:54:18] Running: cat \/home\/tola2495\/GenomeAnalysisVT2022\/analyses\/05_annotation\/prokka\/RR4342133_Archaea\/bin_13\.fa\/RR4342133_Archaea\.sprot\.tmp\.63862\.faa | parallel --gnu --plain -j 2 --block 43798 --recstart '>' --pipe blastp -query - -db /sw/bioinfo/prokka/1.45-5b58020/rackham/db/kingdom/Archaea/sprot -evalue 1e-09 -qcov_hsp_perc 80 -num_threads 1 -num_descriptions 1 -num_alignments 1 -seg no > \/home\/tola2495\/GenomeAnalysisVT2022\/analyses\/05_annotation\/prokka\/RR4342133_Archaea\/bin_13\.fa\/RR4342133_Archaea\.sprot\.tmp\.63862\.blast 2> /dev/null
[03:54:24] Modify product: Uncharacterized KH and PIN-domain containing protein MJ1533 => putative KH and PIN-domain containing protein
[03:54:24] Modify product: Zinc metalloprotease TldD homolog => Zinc metalloprotease TldD 
[03:54:24] Modify product: Protein PH0010 => Protein
[03:54:24] Modify product: Probable ribosomal RNA small subunit methyltransferase A => putative ribosomal RNA small subunit methyltransferase A
[03:54:24] Modify product: UPF0201 protein SSO1042 => hypothetical protein
[03:54:24] Modify product: UPF0200/UPF0201 protein AF_1395 => hypothetical protein
[03:54:24] Modify product: Uncharacterized protein MJ0783 => putative protein
[03:54:24] Modify product: Probable ATP-dependent RNA helicase MJ0669 => putative ATP-dependent RNA helicase
[03:54:24] Modify product: Uncharacterized protein MJ1480 => putative protein
[03:54:24] Modify product: Uncharacterized nitrogen regulatory PII-like protein MJ0059 => putative nitrogen regulatory PII-like protein
[03:54:24] Modify product: Putative ammonium transporter MJ1343 => Putative ammonium transporter
[03:54:24] Modify product: UPF0045 protein MTH_1187 => hypothetical protein
[03:54:24] Modify product: Uncharacterized HTH-type transcriptional regulator PH1519 => putative HTH-type transcriptional regulator
[03:54:25] Modify product: Probable 2-keto-3-deoxyxylonate dehydratase => putative 2-keto-3-deoxyxylonate dehydratase
[03:54:25] Modify product: UPF0147 protein Ta0600 => hypothetical protein
[03:54:25] Modify product: Probable transaldolase => putative transaldolase
[03:54:25] Modify product: UPF0147 protein Ta0600 => hypothetical protein
[03:54:25] Modify product: Uncharacterized ABC transporter ATP-binding protein MJ0796 => putative ABC transporter ATP-binding protein
[03:54:25] Modify product: Putative FKBP-type peptidyl-prolyl cis-trans isomerase MJ0825 => Putative FKBP-type peptidyl-prolyl cis-trans isomerase
[03:54:25] Modify product: Probable bifunctional tRNA threonylcarbamoyladenosine biosynthesis protein => putative bifunctional tRNA threonylcarbamoyladenosine biosynthesis protein
[03:54:25] Modify product: Probable deoxyhypusine synthase => putative deoxyhypusine synthase
[03:54:25] Modify product: RutC family protein PH0854 => RutC family protein
[03:54:25] Modify product: UPF0284 protein PH0034 => hypothetical protein
[03:54:25] Modify product: Probable tRNA pseudouridine synthase D => putative tRNA pseudouridine synthase D
[03:54:25] Modify product: Probable bifunctional tRNA threonylcarbamoyladenosine biosynthesis protein => putative bifunctional tRNA threonylcarbamoyladenosine biosynthesis protein
[03:54:25] Modify product: Uncharacterized protein MJ1225 => putative protein
[03:54:25] Modify product: Uncharacterized protein MJ0922 => putative protein
[03:54:25] Modify product: Probable ribosome biogenesis protein SSO0551 => putative ribosome biogenesis protein
[03:54:25] Modify product: Probable metalloprotease HVO_1016 => putative metalloprotease
[03:54:25] Cleaned 29 /product names
[03:54:25] Deleting unwanted file: /home/tola2495/GenomeAnalysisVT2022/analyses/05_annotation/prokka/RR4342133_Archaea/bin_13.fa/RR4342133_Archaea.sprot.tmp.63862.faa
[03:54:25] Deleting unwanted file: /home/tola2495/GenomeAnalysisVT2022/analyses/05_annotation/prokka/RR4342133_Archaea/bin_13.fa/RR4342133_Archaea.sprot.tmp.63862.blast
[03:54:25] There are still 579 unannotated CDS left (started with 770)
[03:54:25] Will use hmmer3 to search against /sw/bioinfo/prokka/1.45-5b58020/rackham/db/hmm/HAMAP.hmm with 2 CPUs
[03:54:25] Running: cat \/home\/tola2495\/GenomeAnalysisVT2022\/analyses\/05_annotation\/prokka\/RR4342133_Archaea\/bin_13\.fa\/RR4342133_Archaea\.HAMAP\.hmm\.tmp\.63862\.faa | parallel --gnu --plain -j 2 --block 29260 --recstart '>' --pipe hmmscan --noali --notextw --acc -E 1e-09 --cpu 1 /sw/bioinfo/prokka/1.45-5b58020/rackham/db/hmm/HAMAP.hmm /dev/stdin > \/home\/tola2495\/GenomeAnalysisVT2022\/analyses\/05_annotation\/prokka\/RR4342133_Archaea\/bin_13\.fa\/RR4342133_Archaea\.HAMAP\.hmm\.tmp\.63862\.hmmer3 2> /dev/null
[03:54:54] Modify product: Uncharacterized Nudix hydrolase NudL => putative Nudix hydrolase NudL
[03:54:54] Cleaned 1 /product names
[03:54:54] Deleting unwanted file: /home/tola2495/GenomeAnalysisVT2022/analyses/05_annotation/prokka/RR4342133_Archaea/bin_13.fa/RR4342133_Archaea.HAMAP.hmm.tmp.63862.faa
[03:54:54] Deleting unwanted file: /home/tola2495/GenomeAnalysisVT2022/analyses/05_annotation/prokka/RR4342133_Archaea/bin_13.fa/RR4342133_Archaea.HAMAP.hmm.tmp.63862.hmmer3
[03:54:54] Labelling remaining 475 proteins as 'hypothetical protein'
[03:54:54] Possible /pseudo 'Adaptive-response sensory-kinase SasA' at k105_1157 position 9528
[03:54:54] Possible /pseudo '1-deoxy-D-xylulose-5-phosphate synthase' at k105_91279 position 6724
[03:54:54] Found 189 unique /gene codes.
[03:54:54] Fixed 2 duplicate /gene - aroD_1 aroD_2
[03:54:54] Fixed 4 duplicate /gene - btuD_1 btuD_2 btuD_3 btuD_4
[03:54:54] Fixed 2 duplicate /gene - thiC_1 thiC_2
[03:54:54] Fixed 2 duplicate /gene - eIF1A_1 eIF1A_2
[03:54:54] Fixed 2 duplicate /gene - tgtA_1 tgtA_2
[03:54:54] Fixed 2 duplicate /gene - aroE_1 aroE_2
[03:54:54] Fixed 2 duplicate /gene - smc_1 smc_2
[03:54:54] Fixed 2 duplicate /gene - aroK_1 aroK_2
[03:54:54] Fixed 2 duplicate /gene - thiDN_1 thiDN_2
[03:54:54] Fixed 2 duplicate /gene - pepA_1 pepA_2
[03:54:54] Fixed 2 duplicate /gene - rnj_1 rnj_2
[03:54:54] Fixed 2 duplicate /gene - tfb_1 tfb_2
[03:54:54] Fixed 2 duplicate /gene - dxs_1 dxs_2
[03:54:54] Fixed 2 duplicate /gene - hemA_1 hemA_2
[03:54:54] Fixed 2 duplicate /gene - apgM1_1 apgM1_2
[03:54:54] Fixed 2 duplicate /gene - mtrA1_1 mtrA1_2
[03:54:54] Fixed 2 duplicate /gene - acsA_1 acsA_2
[03:54:54] Fixed 3 duplicate /gene - rssB_1 rssB_2 rssB_3
[03:54:54] Fixed 3 duplicate /gene - icmF_1 icmF_2 icmF_3
[03:54:54] Fixed 2 duplicate /gene - arnB_1 arnB_2
[03:54:54] Fixed 2 duplicate /gene - argH_1 argH_2
[03:54:54] Fixed 2 duplicate /gene - ribH_1 ribH_2
[03:54:54] Fixed 2 duplicate /gene - aglF_1 aglF_2
[03:54:54] Fixed 2 duplicate /gene - menA_1 menA_2
[03:54:54] Fixed 2 duplicate /gene - arfC_1 arfC_2
[03:54:54] Fixed 2 duplicate /gene - msrB_1 msrB_2
[03:54:54] Fixed 2 duplicate /gene - hisC_1 hisC_2
[03:54:54] Fixed 6 duplicate /gene - sasA_1 sasA_2 sasA_3 sasA_4 sasA_5 sasA_6
[03:54:54] Fixed 2 duplicate /gene - thrC_1 thrC_2
[03:54:54] Fixed 2 duplicate /gene - gch3_1 gch3_2
[03:54:54] Fixed 4 duplicate /gene - cheY_1 cheY_2 cheY_3 cheY_4
[03:54:54] Fixed 2 duplicate /gene - glnA_1 glnA_2
[03:54:54] Fixed 2 duplicate /gene - IMPDH_1 IMPDH_2
[03:54:54] Fixed 2 duplicate /gene - ppa_1 ppa_2
[03:54:54] Fixed 2 duplicate /gene - hcaC_1 hcaC_2
[03:54:54] Fixed 2 duplicate /gene - pdaD_1 pdaD_2
[03:54:54] Fixed 2 duplicate /gene - pyrC_1 pyrC_2
[03:54:54] Fixed 3 duplicate /gene - dnaJ_1 dnaJ_2 dnaJ_3
[03:54:54] Fixed 2 duplicate /gene - thyX_1 thyX_2
[03:54:54] Fixed 2 duplicate /gene - iscS2_1 iscS2_2
[03:54:54] Fixed 2 duplicate /gene - dadD_1 dadD_2
[03:54:54] Fixed 2 duplicate /gene - purU_1 purU_2
[03:54:54] Fixed 2 duplicate /gene - mfnC_1 mfnC_2
[03:54:54] Fixed 3 duplicate /gene - cofH_1 cofH_2 cofH_3
[03:54:54] Fixed 2 duplicate /gene - aroA_1 aroA_2
[03:54:54] Fixed 2 duplicate /gene - ribB_1 ribB_2
[03:54:54] Fixed 46 colliding /gene names.
[03:54:54] Adding /locus_tag identifiers
[03:54:54] Assigned 787 locus_tags to CDS and RNA features.
[03:54:54] Writing outputs to /home/tola2495/GenomeAnalysisVT2022/analyses/05_annotation/prokka/RR4342133_Archaea/bin_13.fa/
[03:54:54] Generating annotation statistics file
[03:54:54] Generating Genbank and Sequin files
[03:54:54] Running: tbl2asn -V b -a r10k -l paired-ends -M n -N 1 -y 'Annotated using prokka 1.14.6 from https://github.com/tseemann/prokka' -Z \/home\/tola2495\/GenomeAnalysisVT2022\/analyses\/05_annotation\/prokka\/RR4342133_Archaea\/bin_13\.fa\/RR4342133_Archaea\.err -i \/home\/tola2495\/GenomeAnalysisVT2022\/analyses\/05_annotation\/prokka\/RR4342133_Archaea\/bin_13\.fa\/RR4342133_Archaea\.fsa 2> /dev/null
[03:54:56] Deleting unwanted file: /home/tola2495/GenomeAnalysisVT2022/analyses/05_annotation/prokka/RR4342133_Archaea/bin_13.fa/errorsummary.val
[03:54:56] Deleting unwanted file: /home/tola2495/GenomeAnalysisVT2022/analyses/05_annotation/prokka/RR4342133_Archaea/bin_13.fa/RR4342133_Archaea.dr
[03:54:56] Deleting unwanted file: /home/tola2495/GenomeAnalysisVT2022/analyses/05_annotation/prokka/RR4342133_Archaea/bin_13.fa/RR4342133_Archaea.fixedproducts
[03:54:56] Deleting unwanted file: /home/tola2495/GenomeAnalysisVT2022/analyses/05_annotation/prokka/RR4342133_Archaea/bin_13.fa/RR4342133_Archaea.ecn
[03:54:56] Deleting unwanted file: /home/tola2495/GenomeAnalysisVT2022/analyses/05_annotation/prokka/RR4342133_Archaea/bin_13.fa/RR4342133_Archaea.val
[03:54:56] Repairing broken .GBK output that tbl2asn produces...
[03:54:56] Running: sed 's/COORDINATES: profile/COORDINATES:profile/' < \/home\/tola2495\/GenomeAnalysisVT2022\/analyses\/05_annotation\/prokka\/RR4342133_Archaea\/bin_13\.fa\/RR4342133_Archaea\.gbf > \/home\/tola2495\/GenomeAnalysisVT2022\/analyses\/05_annotation\/prokka\/RR4342133_Archaea\/bin_13\.fa\/RR4342133_Archaea\.gbk
[03:54:56] Deleting unwanted file: /home/tola2495/GenomeAnalysisVT2022/analyses/05_annotation/prokka/RR4342133_Archaea/bin_13.fa/RR4342133_Archaea.gbf
[03:54:56] Output files:
[03:54:56] /home/tola2495/GenomeAnalysisVT2022/analyses/05_annotation/prokka/RR4342133_Archaea/bin_13.fa/RR4342133_Archaea.log
[03:54:56] /home/tola2495/GenomeAnalysisVT2022/analyses/05_annotation/prokka/RR4342133_Archaea/bin_13.fa/RR4342133_Archaea.fna
[03:54:56] /home/tola2495/GenomeAnalysisVT2022/analyses/05_annotation/prokka/RR4342133_Archaea/bin_13.fa/RR4342133_Archaea.gff
[03:54:56] /home/tola2495/GenomeAnalysisVT2022/analyses/05_annotation/prokka/RR4342133_Archaea/bin_13.fa/RR4342133_Archaea.faa
[03:54:56] /home/tola2495/GenomeAnalysisVT2022/analyses/05_annotation/prokka/RR4342133_Archaea/bin_13.fa/RR4342133_Archaea.ffn
[03:54:56] /home/tola2495/GenomeAnalysisVT2022/analyses/05_annotation/prokka/RR4342133_Archaea/bin_13.fa/RR4342133_Archaea.tbl
[03:54:56] /home/tola2495/GenomeAnalysisVT2022/analyses/05_annotation/prokka/RR4342133_Archaea/bin_13.fa/RR4342133_Archaea.fsa
[03:54:56] /home/tola2495/GenomeAnalysisVT2022/analyses/05_annotation/prokka/RR4342133_Archaea/bin_13.fa/RR4342133_Archaea.tsv
[03:54:56] /home/tola2495/GenomeAnalysisVT2022/analyses/05_annotation/prokka/RR4342133_Archaea/bin_13.fa/RR4342133_Archaea.txt
[03:54:56] /home/tola2495/GenomeAnalysisVT2022/analyses/05_annotation/prokka/RR4342133_Archaea/bin_13.fa/RR4342133_Archaea.gbk
[03:54:56] /home/tola2495/GenomeAnalysisVT2022/analyses/05_annotation/prokka/RR4342133_Archaea/bin_13.fa/RR4342133_Archaea.sqn
[03:54:56] /home/tola2495/GenomeAnalysisVT2022/analyses/05_annotation/prokka/RR4342133_Archaea/bin_13.fa/RR4342133_Archaea.err
[03:54:56] Annotation finished successfully.
[03:54:56] Walltime used: 0.72 minutes
[03:54:56] If you use this result please cite the Prokka paper:
[03:54:56] Seemann T (2014) Prokka: rapid prokaryotic genome annotation. Bioinformatics. 30(14):2068-9.
[03:54:56] Type 'prokka --citation' for more details.
[03:54:56] Share and enjoy!
