[00:39:34] This is prokka 1.14.6
[00:39:34] Written by Torsten Seemann <torsten.seemann@gmail.com>
[00:39:34] Homepage is https://github.com/tseemann/prokka
[00:39:34] Local time is Thu May 12 00:39:34 2022
[00:39:34] You are tola2495
[00:39:34] Operating system is linux
[00:39:34] You have BioPerl 1.007001
[00:39:34] System has 16 cores.
[00:39:34] Will use maximum of 2 cores.
[00:39:34] Annotating as >>> Bacteria <<<
[00:39:34] Generating locus_tag from 'bin_24.fa' contents.
[00:39:34] Setting --locustag FCDLKJEA from MD5 fcd543eae8aecd566af53d45e1bc9cda
[00:39:34] Creating new output folder: /home/tola2495/GenomeAnalysisVT2022/analyses/05_annotation/prokka/RR4342129_Bacteria/bin_24.fa
[00:39:34] Running: mkdir -p \/home\/tola2495\/GenomeAnalysisVT2022\/analyses\/05_annotation\/prokka\/RR4342129_Bacteria\/bin_24\.fa
[00:39:34] Using filename prefix: RR4342129_Bacteria.XXX
[00:39:34] Setting HMMER_NCPU=1
[00:39:34] Writing log to: /home/tola2495/GenomeAnalysisVT2022/analyses/05_annotation/prokka/RR4342129_Bacteria/bin_24.fa/RR4342129_Bacteria.log
[00:39:34] Command: /sw/bioinfo/prokka/1.45-5b58020/snowy/bin/prokka --metagenome --cpus 2 --prefix RR4342129_Bacteria --outdir /home/tola2495/GenomeAnalysisVT2022/analyses/05_annotation/prokka/RR4342129_Bacteria/bin_24.fa bin_24.fa
[00:39:34] Appending to PATH: /sw/bioinfo/prokka/1.45-5b58020/rackham/bin/../binaries/linux
[00:39:34] Appending to PATH: /sw/bioinfo/prokka/1.45-5b58020/rackham/bin/../binaries/linux/../common
[00:39:34] Appending to PATH: /sw/bioinfo/prokka/1.45-5b58020/rackham/bin
[00:39:34] Looking for 'aragorn' - found /sw/bioinfo/prokka/1.45-5b58020/rackham/bin/../binaries/linux/aragorn
[00:39:34] Determined aragorn version is 001002 from 'ARAGORN v1.2.38 Dean Laslett'
[00:39:34] Looking for 'barrnap' - found /sw/bioinfo/barrnap/0.8/snowy/bin/barrnap
[00:39:34] Determined barrnap version is 000008 from 'barrnap 0.8'
[00:39:34] Looking for 'blastp' - found /sw/bioinfo/blast/2.11.0+/snowy/bin/blastp
[00:39:35] Determined blastp version is 002011 from 'blastp: 2.11.0+'
[00:39:35] Looking for 'cmpress' - found /sw/bioinfo/prokka/1.45-5b58020/rackham/bin/../binaries/linux/cmpress
[00:39:35] Determined cmpress version is 001001 from '# INFERNAL 1.1.2 (July 2016)'
[00:39:35] Looking for 'cmscan' - found /sw/bioinfo/prokka/1.45-5b58020/rackham/bin/../binaries/linux/cmscan
[00:39:35] Determined cmscan version is 001001 from '# INFERNAL 1.1.2 (July 2016)'
[00:39:35] Looking for 'egrep' - found /usr/bin/egrep
[00:39:35] Looking for 'find' - found /usr/bin/find
[00:39:35] Looking for 'grep' - found /usr/bin/grep
[00:39:35] Looking for 'hmmpress' - found /sw/apps/bioinfo/hmmer/3.1b2/snowy/bin/hmmpress
[00:39:35] Determined hmmpress version is 003001 from '# HMMER 3.1b2 (February 2015); http://hmmer.org/'
[00:39:35] Looking for 'hmmscan' - found /sw/apps/bioinfo/hmmer/3.1b2/snowy/bin/hmmscan
[00:39:35] Determined hmmscan version is 003001 from '# HMMER 3.1b2 (February 2015); http://hmmer.org/'
[00:39:35] Looking for 'java' - found /usr/bin/java
[00:39:35] Looking for 'makeblastdb' - found /sw/bioinfo/blast/2.11.0+/snowy/bin/makeblastdb
[00:39:36] Determined makeblastdb version is 002011 from 'makeblastdb: 2.11.0+'
[00:39:36] Looking for 'minced' - found /sw/apps/bioinfo/minced/0.2.0/snowy/minced
[00:39:36] Determined minced version is 002000 from 'minced 0.2.0'
[00:39:36] Looking for 'parallel' - found /sw/parallel/gnuparallel/20170122/snowy/bin/parallel
[00:39:36] Determined parallel version is 20170122 from 'GNU parallel 20170122'
[00:39:36] Looking for 'prodigal' - found /sw/apps/bioinfo/prodigal/2.6.3/snowy/bin/prodigal
[00:39:36] Determined prodigal version is 002006 from 'Prodigal V2.6.3: February, 2016'
[00:39:36] Looking for 'prokka-genbank_to_fasta_db' - found /sw/bioinfo/prokka/1.45-5b58020/snowy/bin/prokka-genbank_to_fasta_db
[00:39:36] Looking for 'sed' - found /usr/bin/sed
[00:39:36] Looking for 'signalp' - found /sw/bioinfo/SignalP/4.1f/snowy/signalp
[00:39:37] Determined signalp version is 004001 from '4.1 6204265'
[00:39:37] Looking for 'tbl2asn' - found /sw/bioinfo/tbl2asn/25.8/snowy/tbl2asn
[00:39:37] Determined tbl2asn version is 025008 from 'tbl2asn 25.8   arguments:'
[00:39:37] Using genetic code table 11.
[00:39:37] Loading and checking input file: bin_24.fa
[00:39:37] Wrote 481 contigs totalling 1668193 bp.
[00:39:37] Predicting tRNAs and tmRNAs
[00:39:37] Running: aragorn -l -gc11  -w \/home\/tola2495\/GenomeAnalysisVT2022\/analyses\/05_annotation\/prokka\/RR4342129_Bacteria\/bin_24\.fa\/RR4342129_Bacteria\.fna
[00:39:37] 1 tRNA-Asn [2401,2475] 35 (gtt)
[00:39:37] 1 tRNA-Val c[6443,6519] 37 (tac)
[00:39:37] 1 tRNA-Gly [1203,1276] 36 (gcc)
[00:39:37] 2 tRNA-Ser c[4721,4807] 35 (gct)
[00:39:37] 1 tRNA-Glu c[1066,1140] 37 (ctc)
[00:39:37] 1 tRNA-Ala c[28,104] 35 (ggc)
[00:39:37] 1 tRNA-Arg [3457,3532] 36 (tct)
[00:39:37] 1 tRNA-Ala c[1278,1350] 33 (cgc)
[00:39:37] 1 tRNA-Met c[1459,1533] 35 (cat)
[00:39:37] 2 tRNA-Glu [2286,2360] 37 (ttc)
[00:39:37] 1 tRNA-Ser c[2609,2694] 36 (tga)
[00:39:37] 1 tRNA-Gly [851,924] 35 (ccc)
[00:39:37] 1 tRNA-Trp c[1303,1379] 35 (cca)
[00:39:37] 1 tRNA-Val [3410,3507] 37 (cac)
[00:39:37] 1 tRNA-Val [1617,1691] 35 (gac)
[00:39:37] 1 tRNA-Thr c[1052,1126] 36 (tgt)
[00:39:37] 1 tRNA-Phe [2,78] 35 (gaa)
[00:39:37] 1 tRNA-Lys c[1412,1486] 35 (ctt)
[00:39:37] 1 tRNA-Ser [3326,3411] 36 (tga)
[00:39:37] 1 tRNA-His c[2420,2492] 34 (gtg)
[00:39:37] 1 tRNA-Gly c[2210,2286] 37 (tcc)
[00:39:37] 1 tRNA-Arg [3111,3187] 37 (gcg)
[00:39:37] 1 tRNA-Ala c[4934,5008] 35 (tgc)
[00:39:37] 1 tRNA-Ser [2214,2300] 35 (gct)
[00:39:37] 1 tRNA-Gln c[1535,1606] 34 (ttg)
[00:39:37] 1 tRNA-Arg [445,521] 37 (gcg)
[00:39:37] 1 tRNA-Leu c[3298,3384] 38 (cag)
[00:39:37] 1 tRNA-Ser [2509,2592] 34 (cga)
[00:39:37] 1 tRNA-Phe [1406,1481] 36 (gaa)
[00:39:37] 1 tRNA-Val c[2606,2681] 36 (tac)
[00:39:37] 1 tRNA-Cys c[4181,4252] 33 (gca)
[00:39:37] 1 tRNA-Thr c[1,74] 35 (cgt)
[00:39:37] 1 tRNA-Met [903,977] 36 (cat)
[00:39:37] Found 33 tRNAs
[00:39:37] Predicting Ribosomal RNAs
[00:39:37] Running Barrnap with 2 threads
[00:39:38] Found 0 rRNAs
[00:39:38] Skipping ncRNA search, enable with --rfam if desired.
[00:39:38] Total of 33 tRNA + rRNA features
[00:39:38] Searching for CRISPR repeats
[00:39:39] Found 0 CRISPRs
[00:39:39] Predicting coding sequences
[00:39:39] Contigs total 1668193 bp, so using meta mode
[00:39:39] Running: prodigal -i \/home\/tola2495\/GenomeAnalysisVT2022\/analyses\/05_annotation\/prokka\/RR4342129_Bacteria\/bin_24\.fa\/RR4342129_Bacteria\.fna -c -m -g 11 -p meta -f sco -q
[00:39:41] Excluding CDS which overlaps existing RNA (tRNA) at k105_35000:3155..3580 on - strand
[00:39:42] Excluding CDS which overlaps existing RNA (tRNA) at k105_153931:3767..4186 on + strand
[00:39:42] Found 1988 CDS
[00:39:42] Connecting features back to sequences
[00:39:42] Not using genus-specific database. Try --usegenus to enable it.
[00:39:42] Annotating CDS, please be patient.
[00:39:42] Will use 2 CPUs for similarity searching.
[00:39:43] There are still 1988 unannotated CDS left (started with 1988)
[00:39:43] Will use blast to search against /sw/bioinfo/prokka/1.45-5b58020/rackham/db/kingdom/Bacteria/IS with 2 CPUs
[00:39:43] Running: cat \/home\/tola2495\/GenomeAnalysisVT2022\/analyses\/05_annotation\/prokka\/RR4342129_Bacteria\/bin_24\.fa\/RR4342129_Bacteria\.IS\.tmp\.3018\.faa | parallel --gnu --plain -j 2 --block 113595 --recstart '>' --pipe blastp -query - -db /sw/bioinfo/prokka/1.45-5b58020/rackham/db/kingdom/Bacteria/IS -evalue 1e-30 -qcov_hsp_perc 90 -num_threads 1 -num_descriptions 1 -num_alignments 1 -seg no > \/home\/tola2495\/GenomeAnalysisVT2022\/analyses\/05_annotation\/prokka\/RR4342129_Bacteria\/bin_24\.fa\/RR4342129_Bacteria\.IS\.tmp\.3018\.blast 2> /dev/null
[00:40:03] Deleting unwanted file: /home/tola2495/GenomeAnalysisVT2022/analyses/05_annotation/prokka/RR4342129_Bacteria/bin_24.fa/RR4342129_Bacteria.IS.tmp.3018.faa
[00:40:03] Deleting unwanted file: /home/tola2495/GenomeAnalysisVT2022/analyses/05_annotation/prokka/RR4342129_Bacteria/bin_24.fa/RR4342129_Bacteria.IS.tmp.3018.blast
[00:40:04] There are still 1988 unannotated CDS left (started with 1988)
[00:40:04] Will use blast to search against /sw/bioinfo/prokka/1.45-5b58020/rackham/db/kingdom/Bacteria/AMR with 2 CPUs
[00:40:04] Running: cat \/home\/tola2495\/GenomeAnalysisVT2022\/analyses\/05_annotation\/prokka\/RR4342129_Bacteria\/bin_24\.fa\/RR4342129_Bacteria\.AMR\.tmp\.3018\.faa | parallel --gnu --plain -j 2 --block 113595 --recstart '>' --pipe blastp -query - -db /sw/bioinfo/prokka/1.45-5b58020/rackham/db/kingdom/Bacteria/AMR -evalue 9.99999999999999e-301 -qcov_hsp_perc 90 -num_threads 1 -num_descriptions 1 -num_alignments 1 -seg no > \/home\/tola2495\/GenomeAnalysisVT2022\/analyses\/05_annotation\/prokka\/RR4342129_Bacteria\/bin_24\.fa\/RR4342129_Bacteria\.AMR\.tmp\.3018\.blast 2> /dev/null
[00:40:21] Deleting unwanted file: /home/tola2495/GenomeAnalysisVT2022/analyses/05_annotation/prokka/RR4342129_Bacteria/bin_24.fa/RR4342129_Bacteria.AMR.tmp.3018.faa
[00:40:21] Deleting unwanted file: /home/tola2495/GenomeAnalysisVT2022/analyses/05_annotation/prokka/RR4342129_Bacteria/bin_24.fa/RR4342129_Bacteria.AMR.tmp.3018.blast
[00:40:22] There are still 1988 unannotated CDS left (started with 1988)
[00:40:22] Will use blast to search against /sw/bioinfo/prokka/1.45-5b58020/rackham/db/kingdom/Bacteria/sprot with 2 CPUs
[00:40:22] Running: cat \/home\/tola2495\/GenomeAnalysisVT2022\/analyses\/05_annotation\/prokka\/RR4342129_Bacteria\/bin_24\.fa\/RR4342129_Bacteria\.sprot\.tmp\.3018\.faa | parallel --gnu --plain -j 2 --block 113595 --recstart '>' --pipe blastp -query - -db /sw/bioinfo/prokka/1.45-5b58020/rackham/db/kingdom/Bacteria/sprot -evalue 1e-09 -qcov_hsp_perc 80 -num_threads 1 -num_descriptions 1 -num_alignments 1 -seg no > \/home\/tola2495\/GenomeAnalysisVT2022\/analyses\/05_annotation\/prokka\/RR4342129_Bacteria\/bin_24\.fa\/RR4342129_Bacteria\.sprot\.tmp\.3018\.blast 2> /dev/null
[00:41:36] Modify product: Putative phosphatase M6_Spy0533 => Putative phosphatase
[00:41:36] Modify product: Probable membrane transporter protein YfcA => putative membrane transporter protein YfcA
[00:41:36] Modify product: Probable nicotinate-nucleotide pyrophosphorylase [carboxylating] => putative nicotinate-nucleotide pyrophosphorylase [carboxylating]
[00:41:36] Modify product: Uncharacterized amino acid permease YhdG => putative amino acid permease YhdG
[00:41:36] Modify product: Uncharacterized acyl-CoA thioester hydrolase HI_0827 => putative acyl-CoA thioester hydrolase
[00:41:36] Modify product: Uncharacterized protein YisK => putative protein YisK
[00:41:36] Modify product: Probable UbiX-like flavin prenyltransferase => putative UbiX-like flavin prenyltransferase
[00:41:37] Modify product: Putative cystathionine beta-synthase Rv1077 => Putative cystathionine beta-synthase
[00:41:37] Modify product: NAD(P)H-dependent FAD/FMN reductase GTNG_3158 => NAD(P)H-dependent FAD/FMN reductase
[00:41:37] Modify product: Probable cysteine desulfurase => putative cysteine desulfurase
[00:41:37] Modify product: Uncharacterized protein YccU => putative protein YccU
[00:41:37] Modify product: UPF0051 protein SA0778 => hypothetical protein
[00:41:37] Modify product: UPF0051 protein SA0778 => hypothetical protein
[00:41:37] Modify product: Probable cysteine desulfurase => putative cysteine desulfurase
[00:41:37] Modify product: Uncharacterized protein HI_1163 => putative protein
[00:41:37] Modify product: Probable membrane transporter protein YfcA => putative membrane transporter protein YfcA
[00:41:37] Modify product: Uncharacterized protein YqgN => putative protein YqgN
[00:41:37] Modify product: Uncharacterized oxidoreductase SA2266 => putative oxidoreductase
[00:41:37] Modify product: Ribonuclease TTHA0252 => Ribonuclease
[00:41:37] Modify product: Uncharacterized protein Rv2715 => putative protein
[00:41:37] Modify product: Probable dipeptidase PepE => putative dipeptidase PepE
[00:41:37] Modify product: Ribonuclease TTHA0252 => Ribonuclease
[00:41:37] Modify product: Uncharacterized protein HI_1163 => putative protein
[00:41:37] Modify product: Probable cold shock protein A => putative cold shock protein A
[00:41:37] Modify product: Probable oxidoreductase CT_610 => putative oxidoreductase CT_610
[00:41:37] Modify product: Probable adenylyl-sulfate kinase => putative adenylyl-sulfate kinase
[00:41:37] Modify product: UPF0053 inner membrane protein YfjD => hypothetical protein
[00:41:37] Modify product: Uncharacterized protein YedJ => putative protein YedJ
[00:41:37] Modify product: Putative peroxiredoxin Rv2521 => Putative peroxiredoxin
[00:41:37] Modify product: UPF0053 protein HI_0107 => hypothetical protein
[00:41:37] Modify product: Uncharacterized acyl-CoA thioester hydrolase HI_0827 => putative acyl-CoA thioester hydrolase
[00:41:37] Modify product: Probable nicotinate-nucleotide pyrophosphorylase [carboxylating] => putative nicotinate-nucleotide pyrophosphorylase [carboxylating]
[00:41:37] Modify product: Uncharacterized oxidoreductase SA2266 => putative oxidoreductase
[00:41:37] Modify product: NADH dehydrogenase-like protein SAOUHSC_00878 => NADH dehydrogenase-like protein
[00:41:38] Modify product: Probable dual-specificity RNA methyltransferase RlmN => putative dual-specificity RNA methyltransferase RlmN
[00:41:38] Modify product: Uncharacterized membrane protein Rv0364 => putative membrane protein
[00:41:38] Modify product: Probable bacterial non-heme ferritin => putative bacterial non-heme ferritin
[00:41:38] Modify product: Uncharacterized protein Rv1480 => putative protein
[00:41:38] Modify product: UPF0353 protein Rv1481 => hypothetical protein
[00:41:38] Modify product: Bifunctional protein FolD => Bifunctional protein FolD protein
[00:41:38] Modify product: Putative 2-hydroxyacid dehydrogenase SA2098 => Putative 2-hydroxyacid dehydrogenase
[00:41:38] Modify product: Dihydroorotate dehydrogenase B (NAD(+)), electron transfer subunit homolog => Dihydroorotate dehydrogenase B (NAD(+)), electron transfer subunit 
[00:41:38] Modify product: Probable polyketide biosynthesis zinc-dependent hydrolase PksB => putative polyketide biosynthesis zinc-dependent hydrolase PksB
[00:41:38] Modify product: Putative universal stress protein SA1532 => Putative universal stress protein
[00:41:38] Modify product: Bifunctional protein FolD => Bifunctional protein FolD protein
[00:41:38] Cleaned 45 /product names
[00:41:38] Deleting unwanted file: /home/tola2495/GenomeAnalysisVT2022/analyses/05_annotation/prokka/RR4342129_Bacteria/bin_24.fa/RR4342129_Bacteria.sprot.tmp.3018.faa
[00:41:38] Deleting unwanted file: /home/tola2495/GenomeAnalysisVT2022/analyses/05_annotation/prokka/RR4342129_Bacteria/bin_24.fa/RR4342129_Bacteria.sprot.tmp.3018.blast
[00:41:39] There are still 1473 unannotated CDS left (started with 1988)
[00:41:39] Will use hmmer3 to search against /sw/bioinfo/prokka/1.45-5b58020/rackham/db/hmm/HAMAP.hmm with 2 CPUs
[00:41:39] Running: cat \/home\/tola2495\/GenomeAnalysisVT2022\/analyses\/05_annotation\/prokka\/RR4342129_Bacteria\/bin_24\.fa\/RR4342129_Bacteria\.HAMAP\.hmm\.tmp\.3018\.faa | parallel --gnu --plain -j 2 --block 73644 --recstart '>' --pipe hmmscan --noali --notextw --acc -E 1e-09 --cpu 1 /sw/bioinfo/prokka/1.45-5b58020/rackham/db/hmm/HAMAP.hmm /dev/stdin > \/home\/tola2495\/GenomeAnalysisVT2022\/analyses\/05_annotation\/prokka\/RR4342129_Bacteria\/bin_24\.fa\/RR4342129_Bacteria\.HAMAP\.hmm\.tmp\.3018\.hmmer3 2> /dev/null
[00:42:47] Modify product: Uncharacterized MFS-type transporter YcaD => putative MFS-type transporter YcaD
[00:42:48] Modify product: Uncharacterized Nudix hydrolase NudL => putative Nudix hydrolase NudL
[00:42:48] Cleaned 2 /product names
[00:42:48] Deleting unwanted file: /home/tola2495/GenomeAnalysisVT2022/analyses/05_annotation/prokka/RR4342129_Bacteria/bin_24.fa/RR4342129_Bacteria.HAMAP.hmm.tmp.3018.faa
[00:42:48] Deleting unwanted file: /home/tola2495/GenomeAnalysisVT2022/analyses/05_annotation/prokka/RR4342129_Bacteria/bin_24.fa/RR4342129_Bacteria.HAMAP.hmm.tmp.3018.hmmer3
[00:42:48] Labelling remaining 1311 proteins as 'hypothetical protein'
[00:42:48] Possible /pseudo 'NAD(P)H-quinone oxidoreductase subunit 2, chloroplastic' at k105_88668 position 2634
[00:42:48] Possible /pseudo 'Methionine synthase' at k105_20763 position 4279
[00:42:48] Possible /pseudo 'TRAP-T-associated universal stress protein TeaD' at k105_55245 position 1281
[00:42:48] Possible /pseudo 'FO synthase' at k105_154699 position 528
[00:42:48] Found 429 unique /gene codes.
[00:42:48] Fixed 2 duplicate /gene - menG_1 menG_2
[00:42:48] Fixed 2 duplicate /gene - rplN_1 rplN_2
[00:42:48] Fixed 4 duplicate /gene - metH_1 metH_2 metH_3 metH_4
[00:42:48] Fixed 2 duplicate /gene - rpsH_1 rpsH_2
[00:42:48] Fixed 2 duplicate /gene - lnrL_1 lnrL_2
[00:42:48] Fixed 3 duplicate /gene - hrp1_1 hrp1_2 hrp1_3
[00:42:48] Fixed 2 duplicate /gene - hemB_1 hemB_2
[00:42:48] Fixed 2 duplicate /gene - pyrG_1 pyrG_2
[00:42:48] Fixed 4 duplicate /gene - prcA_1 prcA_2 prcA_3 prcA_4
[00:42:48] Fixed 2 duplicate /gene - thi4_1 thi4_2
[00:42:48] Fixed 2 duplicate /gene - mntR_1 mntR_2
[00:42:48] Fixed 2 duplicate /gene - cmoA_1 cmoA_2
[00:42:48] Fixed 2 duplicate /gene - cheY_1 cheY_2
[00:42:48] Fixed 2 duplicate /gene - pdxS_1 pdxS_2
[00:42:48] Fixed 2 duplicate /gene - dppB_1 dppB_2
[00:42:48] Fixed 3 duplicate /gene - fbiC_1 fbiC_2 fbiC_3
[00:42:48] Fixed 2 duplicate /gene - phnE_1 phnE_2
[00:42:48] Fixed 2 duplicate /gene - dxs_1 dxs_2
[00:42:48] Fixed 4 duplicate /gene - tatA_1 tatA_2 tatA_3 tatA_4
[00:42:48] Fixed 4 duplicate /gene - petE_1 petE_2 petE_3 petE_4
[00:42:48] Fixed 2 duplicate /gene - gatA_1 gatA_2
[00:42:48] Fixed 4 duplicate /gene - btuD_1 btuD_2 btuD_3 btuD_4
[00:42:48] Fixed 2 duplicate /gene - rhdA_1 rhdA_2
[00:42:48] Fixed 2 duplicate /gene - trpD_1 trpD_2
[00:42:48] Fixed 2 duplicate /gene - ribBA_1 ribBA_2
[00:42:48] Fixed 2 duplicate /gene - pgk_1 pgk_2
[00:42:48] Fixed 2 duplicate /gene - serS_1 serS_2
[00:42:48] Fixed 4 duplicate /gene - dnaJ_1 dnaJ_2 dnaJ_3 dnaJ_4
[00:42:48] Fixed 2 duplicate /gene - ribE_1 ribE_2
[00:42:48] Fixed 3 duplicate /gene - acsA_1 acsA_2 acsA_3
[00:42:48] Fixed 3 duplicate /gene - valS_1 valS_2 valS_3
[00:42:48] Fixed 2 duplicate /gene - purF_1 purF_2
[00:42:48] Fixed 2 duplicate /gene - TOP6B_1 TOP6B_2
[00:42:48] Fixed 2 duplicate /gene - pstB3_1 pstB3_2
[00:42:48] Fixed 2 duplicate /gene - purM_1 purM_2
[00:42:48] Fixed 2 duplicate /gene - pyrD_1 pyrD_2
[00:42:48] Fixed 2 duplicate /gene - hflX_1 hflX_2
[00:42:48] Fixed 4 duplicate /gene - teaD_1 teaD_2 teaD_3 teaD_4
[00:42:48] Fixed 2 duplicate /gene - csd_1 csd_2
[00:42:48] Fixed 2 duplicate /gene - leuD1_1 leuD1_2
[00:42:48] Fixed 4 duplicate /gene - thrB_1 thrB_2 thrB_3 thrB_4
[00:42:48] Fixed 2 duplicate /gene - argS_1 argS_2
[00:42:48] Fixed 2 duplicate /gene - fadB_1 fadB_2
[00:42:48] Fixed 2 duplicate /gene - dapE_1 dapE_2
[00:42:48] Fixed 2 duplicate /gene - resA_1 resA_2
[00:42:48] Fixed 2 duplicate /gene - carB_1 carB_2
[00:42:48] Fixed 2 duplicate /gene - ubiD_1 ubiD_2
[00:42:48] Fixed 2 duplicate /gene - nadC_1 nadC_2
[00:42:48] Fixed 2 duplicate /gene - purD_1 purD_2
[00:42:48] Fixed 2 duplicate /gene - ctaB_1 ctaB_2
[00:42:48] Fixed 2 duplicate /gene - fbiA_1 fbiA_2
[00:42:48] Fixed 2 duplicate /gene - gerN_1 gerN_2
[00:42:48] Fixed 2 duplicate /gene - pabB_1 pabB_2
[00:42:48] Fixed 2 duplicate /gene - dtd3_1 dtd3_2
[00:42:48] Fixed 2 duplicate /gene - trpG_1 trpG_2
[00:42:48] Fixed 2 duplicate /gene - oppD_1 oppD_2
[00:42:48] Fixed 2 duplicate /gene - cobT_1 cobT_2
[00:42:48] Fixed 2 duplicate /gene - bphA3_1 bphA3_2
[00:42:48] Fixed 2 duplicate /gene - sufS_1 sufS_2
[00:42:48] Fixed 2 duplicate /gene - dinB_1 dinB_2
[00:42:48] Fixed 2 duplicate /gene - hisS_1 hisS_2
[00:42:48] Fixed 2 duplicate /gene - ilvB_1 ilvB_2
[00:42:48] Fixed 2 duplicate /gene - dmdA_1 dmdA_2
[00:42:48] Fixed 2 duplicate /gene - crt_1 crt_2
[00:42:48] Fixed 2 duplicate /gene - mqnE_1 mqnE_2
[00:42:48] Fixed 2 duplicate /gene - guaA_1 guaA_2
[00:42:48] Fixed 2 duplicate /gene - eryG_1 eryG_2
[00:42:48] Fixed 2 duplicate /gene - tsaD_1 tsaD_2
[00:42:48] Fixed 2 duplicate /gene - purQ_1 purQ_2
[00:42:48] Fixed 3 duplicate /gene - prcB_1 prcB_2 prcB_3
[00:42:48] Fixed 2 duplicate /gene - ndhI_1 ndhI_2
[00:42:48] Fixed 2 duplicate /gene - aqpZ2_1 aqpZ2_2
[00:42:48] Fixed 2 duplicate /gene - scpB_1 scpB_2
[00:42:48] Fixed 2 duplicate /gene - deaD_1 deaD_2
[00:42:48] Fixed 2 duplicate /gene - nhaX_1 nhaX_2
[00:42:48] Fixed 2 duplicate /gene - queE_1 queE_2
[00:42:48] Fixed 2 duplicate /gene - ilvD_1 ilvD_2
[00:42:48] Fixed 4 duplicate /gene - dbpA_1 dbpA_2 dbpA_3 dbpA_4
[00:42:48] Fixed 2 duplicate /gene - tal_1 tal_2
[00:42:48] Fixed 2 duplicate /gene - bzaF_1 bzaF_2
[00:42:48] Fixed 2 duplicate /gene - pepN_1 pepN_2
[00:42:48] Fixed 2 duplicate /gene - thrA_1 thrA_2
[00:42:48] Fixed 2 duplicate /gene - prmC_1 prmC_2
[00:42:48] Fixed 2 duplicate /gene - arnC_1 arnC_2
[00:42:48] Fixed 3 duplicate /gene - ilvE_1 ilvE_2 ilvE_3
[00:42:48] Fixed 2 duplicate /gene - leuA_1 leuA_2
[00:42:48] Fixed 2 duplicate /gene - pepF1_1 pepF1_2
[00:42:48] Fixed 2 duplicate /gene - aroA_1 aroA_2
[00:42:48] Fixed 2 duplicate /gene - purE_1 purE_2
[00:42:48] Fixed 2 duplicate /gene - purK_1 purK_2
[00:42:48] Fixed 2 duplicate /gene - yfcA_1 yfcA_2
[00:42:48] Fixed 2 duplicate /gene - purL_1 purL_2
[00:42:48] Fixed 2 duplicate /gene - lolD_1 lolD_2
[00:42:48] Fixed 2 duplicate /gene - drgA_1 drgA_2
[00:42:48] Fixed 3 duplicate /gene - nnr_1 nnr_2 nnr_3
[00:42:48] Fixed 2 duplicate /gene - trpA_1 trpA_2
[00:42:48] Fixed 5 duplicate /gene - sasA_1 sasA_2 sasA_3 sasA_4 sasA_5
[00:42:48] Fixed 2 duplicate /gene - carA_1 carA_2
[00:42:48] Fixed 2 duplicate /gene - purB_1 purB_2
[00:42:48] Fixed 2 duplicate /gene - grpE_1 grpE_2
[00:42:48] Fixed 2 duplicate /gene - mscS_1 mscS_2
[00:42:48] Fixed 2 duplicate /gene - DmdB_1 DmdB_2
[00:42:48] Fixed 2 duplicate /gene - fusA_1 fusA_2
[00:42:48] Fixed 2 duplicate /gene - phhB_1 phhB_2
[00:42:48] Fixed 2 duplicate /gene - serB2_1 serB2_2
[00:42:48] Fixed 2 duplicate /gene - rcsC_1 rcsC_2
[00:42:48] Fixed 2 duplicate /gene - truB_1 truB_2
[00:42:48] Fixed 2 duplicate /gene - aptB_1 aptB_2
[00:42:48] Fixed 2 duplicate /gene - asnB_1 asnB_2
[00:42:48] Fixed 2 duplicate /gene - ribH_1 ribH_2
[00:42:48] Fixed 2 duplicate /gene - tatC_1 tatC_2
[00:42:48] Fixed 2 duplicate /gene - glnB_1 glnB_2
[00:42:48] Fixed 2 duplicate /gene - gutB_1 gutB_2
[00:42:48] Fixed 2 duplicate /gene - groL_1 groL_2
[00:42:48] Fixed 2 duplicate /gene - purS_1 purS_2
[00:42:48] Fixed 2 duplicate /gene - infB_1 infB_2
[00:42:48] Fixed 2 duplicate /gene - rtcB_1 rtcB_2
[00:42:48] Fixed 2 duplicate /gene - recA_1 recA_2
[00:42:48] Fixed 3 duplicate /gene - bcp_1 bcp_2 bcp_3
[00:42:48] Fixed 2 duplicate /gene - sir_1 sir_2
[00:42:48] Fixed 3 duplicate /gene - smc_1 smc_2 smc_3
[00:42:48] Fixed 2 duplicate /gene - speB_1 speB_2
[00:42:48] Fixed 2 duplicate /gene - purN_1 purN_2
[00:42:48] Fixed 2 duplicate /gene - mvaS_1 mvaS_2
[00:42:48] Fixed 2 duplicate /gene - apgM_1 apgM_2
[00:42:48] Fixed 4 duplicate /gene - aspS2_1 aspS2_2 aspS2_3 aspS2_4
[00:42:48] Fixed 2 duplicate /gene - nudF_1 nudF_2
[00:42:48] Fixed 2 duplicate /gene - nadA_1 nadA_2
[00:42:48] Fixed 2 duplicate /gene - secY_1 secY_2
[00:42:48] Fixed 2 duplicate /gene - cpdA_1 cpdA_2
[00:42:48] Fixed 2 duplicate /gene - epi_1 epi_2
[00:42:48] Fixed 2 duplicate /gene - ilvH_1 ilvH_2
[00:42:48] Fixed 2 duplicate /gene - griI_1 griI_2
[00:42:48] Fixed 4 duplicate /gene - ftsH_1 ftsH_2 ftsH_3 ftsH_4
[00:42:48] Fixed 2 duplicate /gene - leuC_1 leuC_2
[00:42:48] Fixed 2 duplicate /gene - cysG_1 cysG_2
[00:42:48] Fixed 2 duplicate /gene - sufC_1 sufC_2
[00:42:48] Fixed 2 duplicate /gene - rnhB_1 rnhB_2
[00:42:48] Fixed 3 duplicate /gene - hicd_1 hicd_2 hicd_3
[00:42:48] Fixed 2 duplicate /gene - hcf136_1 hcf136_2
[00:42:48] Fixed 2 duplicate /gene - trpB_1 trpB_2
[00:42:48] Fixed 2 duplicate /gene - msrA_1 msrA_2
[00:42:48] Fixed 2 duplicate /gene - nadX_1 nadX_2
[00:42:48] Fixed 2 duplicate /gene - hemC_1 hemC_2
[00:42:48] Fixed 2 duplicate /gene - rsmA_1 rsmA_2
[00:42:48] Fixed 2 duplicate /gene - aspC_1 aspC_2
[00:42:48] Fixed 5 duplicate /gene - IMPDH_1 IMPDH_2 IMPDH_3 IMPDH_4 IMPDH_5
[00:42:48] Fixed 2 duplicate /gene - pstA_1 pstA_2
[00:42:48] Fixed 2 duplicate /gene - ndhB_1 ndhB_2
[00:42:48] Fixed 2 duplicate /gene - yrbG_1 yrbG_2
[00:42:48] Fixed 2 duplicate /gene - GATB_1 GATB_2
[00:42:48] Fixed 2 duplicate /gene - ftnA_1 ftnA_2
[00:42:48] Fixed 2 duplicate /gene - rpoC_1 rpoC_2
[00:42:48] Fixed 2 duplicate /gene - folD_1 folD_2
[00:42:48] Fixed 3 duplicate /gene - fbiB_1 fbiB_2 fbiB_3
[00:42:48] Fixed 2 duplicate /gene - birA_1 birA_2
[00:42:48] Fixed 2 duplicate /gene - sufU_1 sufU_2
[00:42:48] Fixed 2 duplicate /gene - cmk_1 cmk_2
[00:42:48] Fixed 2 duplicate /gene - fbp_1 fbp_2
[00:42:48] Fixed 3 duplicate /gene - nadK_1 nadK_2 nadK_3
[00:42:48] Fixed 160 colliding /gene names.
[00:42:48] Adding /locus_tag identifiers
[00:42:48] Assigned 2021 locus_tags to CDS and RNA features.
[00:42:48] Writing outputs to /home/tola2495/GenomeAnalysisVT2022/analyses/05_annotation/prokka/RR4342129_Bacteria/bin_24.fa/
[00:42:50] Generating annotation statistics file
[00:42:50] Generating Genbank and Sequin files
[00:42:50] Running: tbl2asn -V b -a r10k -l paired-ends -M n -N 1 -y 'Annotated using prokka 1.14.6 from https://github.com/tseemann/prokka' -Z \/home\/tola2495\/GenomeAnalysisVT2022\/analyses\/05_annotation\/prokka\/RR4342129_Bacteria\/bin_24\.fa\/RR4342129_Bacteria\.err -i \/home\/tola2495\/GenomeAnalysisVT2022\/analyses\/05_annotation\/prokka\/RR4342129_Bacteria\/bin_24\.fa\/RR4342129_Bacteria\.fsa 2> /dev/null
[00:42:54] Deleting unwanted file: /home/tola2495/GenomeAnalysisVT2022/analyses/05_annotation/prokka/RR4342129_Bacteria/bin_24.fa/errorsummary.val
[00:42:54] Deleting unwanted file: /home/tola2495/GenomeAnalysisVT2022/analyses/05_annotation/prokka/RR4342129_Bacteria/bin_24.fa/RR4342129_Bacteria.dr
[00:42:54] Deleting unwanted file: /home/tola2495/GenomeAnalysisVT2022/analyses/05_annotation/prokka/RR4342129_Bacteria/bin_24.fa/RR4342129_Bacteria.fixedproducts
[00:42:54] Deleting unwanted file: /home/tola2495/GenomeAnalysisVT2022/analyses/05_annotation/prokka/RR4342129_Bacteria/bin_24.fa/RR4342129_Bacteria.ecn
[00:42:54] Deleting unwanted file: /home/tola2495/GenomeAnalysisVT2022/analyses/05_annotation/prokka/RR4342129_Bacteria/bin_24.fa/RR4342129_Bacteria.val
[00:42:54] Repairing broken .GBK output that tbl2asn produces...
[00:42:54] Running: sed 's/COORDINATES: profile/COORDINATES:profile/' < \/home\/tola2495\/GenomeAnalysisVT2022\/analyses\/05_annotation\/prokka\/RR4342129_Bacteria\/bin_24\.fa\/RR4342129_Bacteria\.gbf > \/home\/tola2495\/GenomeAnalysisVT2022\/analyses\/05_annotation\/prokka\/RR4342129_Bacteria\/bin_24\.fa\/RR4342129_Bacteria\.gbk
[00:42:54] Deleting unwanted file: /home/tola2495/GenomeAnalysisVT2022/analyses/05_annotation/prokka/RR4342129_Bacteria/bin_24.fa/RR4342129_Bacteria.gbf
[00:42:54] Output files:
[00:42:54] /home/tola2495/GenomeAnalysisVT2022/analyses/05_annotation/prokka/RR4342129_Bacteria/bin_24.fa/RR4342129_Bacteria.log
[00:42:54] /home/tola2495/GenomeAnalysisVT2022/analyses/05_annotation/prokka/RR4342129_Bacteria/bin_24.fa/RR4342129_Bacteria.fna
[00:42:54] /home/tola2495/GenomeAnalysisVT2022/analyses/05_annotation/prokka/RR4342129_Bacteria/bin_24.fa/RR4342129_Bacteria.gff
[00:42:54] /home/tola2495/GenomeAnalysisVT2022/analyses/05_annotation/prokka/RR4342129_Bacteria/bin_24.fa/RR4342129_Bacteria.faa
[00:42:54] /home/tola2495/GenomeAnalysisVT2022/analyses/05_annotation/prokka/RR4342129_Bacteria/bin_24.fa/RR4342129_Bacteria.ffn
[00:42:54] /home/tola2495/GenomeAnalysisVT2022/analyses/05_annotation/prokka/RR4342129_Bacteria/bin_24.fa/RR4342129_Bacteria.tbl
[00:42:54] /home/tola2495/GenomeAnalysisVT2022/analyses/05_annotation/prokka/RR4342129_Bacteria/bin_24.fa/RR4342129_Bacteria.fsa
[00:42:54] /home/tola2495/GenomeAnalysisVT2022/analyses/05_annotation/prokka/RR4342129_Bacteria/bin_24.fa/RR4342129_Bacteria.tsv
[00:42:54] /home/tola2495/GenomeAnalysisVT2022/analyses/05_annotation/prokka/RR4342129_Bacteria/bin_24.fa/RR4342129_Bacteria.txt
[00:42:54] /home/tola2495/GenomeAnalysisVT2022/analyses/05_annotation/prokka/RR4342129_Bacteria/bin_24.fa/RR4342129_Bacteria.gbk
[00:42:54] /home/tola2495/GenomeAnalysisVT2022/analyses/05_annotation/prokka/RR4342129_Bacteria/bin_24.fa/RR4342129_Bacteria.sqn
[00:42:54] /home/tola2495/GenomeAnalysisVT2022/analyses/05_annotation/prokka/RR4342129_Bacteria/bin_24.fa/RR4342129_Bacteria.err
[00:42:54] Annotation finished successfully.
[00:42:54] Walltime used: 3.33 minutes
[00:42:54] If you use this result please cite the Prokka paper:
[00:42:54] Seemann T (2014) Prokka: rapid prokaryotic genome annotation. Bioinformatics. 30(14):2068-9.
[00:42:54] Type 'prokka --citation' for more details.
[00:42:54] Thank you, come again.
