[11:51:25] This is prokka 1.14.6
[11:51:25] Written by Torsten Seemann <torsten.seemann@gmail.com>
[11:51:25] Homepage is https://github.com/tseemann/prokka
[11:51:25] Local time is Tue May  3 11:51:25 2022
[11:51:25] You are tola2495
[11:51:25] Operating system is linux
[11:51:25] You have BioPerl 1.007001
[11:51:25] System has 16 cores.
[11:51:25] Will use maximum of 2 cores.
[11:51:25] Annotating as >>> Bacteria <<<
[11:51:25] Generating locus_tag from 'bin_1.fa' contents.
[11:51:25] Setting --locustag PLNBNFLB from MD5 957b7f5b5d43b9525ce79044ace86db8
[11:51:25] Creating new output folder: /home/tola2495/GenomeAnalysisVT2022/analyses/05_annotation/prokka/RR4342129_Bacteria/bin_1.fa
[11:51:25] Running: mkdir -p \/home\/tola2495\/GenomeAnalysisVT2022\/analyses\/05_annotation\/prokka\/RR4342129_Bacteria\/bin_1\.fa
[11:51:25] Using filename prefix: RR4342129_Bacteria.XXX
[11:51:25] Setting HMMER_NCPU=1
[11:51:25] Writing log to: /home/tola2495/GenomeAnalysisVT2022/analyses/05_annotation/prokka/RR4342129_Bacteria/bin_1.fa/RR4342129_Bacteria.log
[11:51:25] Command: /sw/bioinfo/prokka/1.45-5b58020/snowy/bin/prokka --metagenome --cpus 2 --prefix RR4342129_Bacteria --outdir /home/tola2495/GenomeAnalysisVT2022/analyses/05_annotation/prokka/RR4342129_Bacteria/bin_1.fa bin_1.fa
[11:51:25] Appending to PATH: /sw/bioinfo/prokka/1.45-5b58020/rackham/bin/../binaries/linux
[11:51:25] Appending to PATH: /sw/bioinfo/prokka/1.45-5b58020/rackham/bin/../binaries/linux/../common
[11:51:25] Appending to PATH: /sw/bioinfo/prokka/1.45-5b58020/rackham/bin
[11:51:25] Looking for 'aragorn' - found /sw/bioinfo/prokka/1.45-5b58020/rackham/bin/../binaries/linux/aragorn
[11:51:25] Determined aragorn version is 001002 from 'ARAGORN v1.2.38 Dean Laslett'
[11:51:25] Looking for 'barrnap' - found /sw/bioinfo/barrnap/0.8/snowy/bin/barrnap
[11:51:25] Determined barrnap version is 000008 from 'barrnap 0.8'
[11:51:25] Looking for 'blastp' - found /sw/bioinfo/blast/2.11.0+/snowy/bin/blastp
[11:51:26] Determined blastp version is 002011 from 'blastp: 2.11.0+'
[11:51:26] Looking for 'cmpress' - found /sw/bioinfo/prokka/1.45-5b58020/rackham/bin/../binaries/linux/cmpress
[11:51:26] Determined cmpress version is 001001 from '# INFERNAL 1.1.2 (July 2016)'
[11:51:26] Looking for 'cmscan' - found /sw/bioinfo/prokka/1.45-5b58020/rackham/bin/../binaries/linux/cmscan
[11:51:26] Determined cmscan version is 001001 from '# INFERNAL 1.1.2 (July 2016)'
[11:51:26] Looking for 'egrep' - found /usr/bin/egrep
[11:51:26] Looking for 'find' - found /usr/bin/find
[11:51:26] Looking for 'grep' - found /usr/bin/grep
[11:51:26] Looking for 'hmmpress' - found /sw/apps/bioinfo/hmmer/3.1b2/snowy/bin/hmmpress
[11:51:26] Determined hmmpress version is 003001 from '# HMMER 3.1b2 (February 2015); http://hmmer.org/'
[11:51:26] Looking for 'hmmscan' - found /sw/apps/bioinfo/hmmer/3.1b2/snowy/bin/hmmscan
[11:51:26] Determined hmmscan version is 003001 from '# HMMER 3.1b2 (February 2015); http://hmmer.org/'
[11:51:26] Looking for 'java' - found /usr/bin/java
[11:51:26] Looking for 'makeblastdb' - found /sw/bioinfo/blast/2.11.0+/snowy/bin/makeblastdb
[11:51:27] Determined makeblastdb version is 002011 from 'makeblastdb: 2.11.0+'
[11:51:27] Looking for 'minced' - found /sw/apps/bioinfo/minced/0.2.0/snowy/minced
[11:51:27] Determined minced version is 002000 from 'minced 0.2.0'
[11:51:27] Looking for 'parallel' - found /sw/parallel/gnuparallel/20170122/snowy/bin/parallel
[11:51:27] Determined parallel version is 20170122 from 'GNU parallel 20170122'
[11:51:27] Looking for 'prodigal' - found /sw/apps/bioinfo/prodigal/2.6.3/snowy/bin/prodigal
[11:51:27] Determined prodigal version is 002006 from 'Prodigal V2.6.3: February, 2016'
[11:51:27] Looking for 'prokka-genbank_to_fasta_db' - found /sw/bioinfo/prokka/1.45-5b58020/snowy/bin/prokka-genbank_to_fasta_db
[11:51:27] Looking for 'sed' - found /usr/bin/sed
[11:51:27] Looking for 'signalp' - found /sw/bioinfo/SignalP/4.1f/snowy/signalp
[11:51:27] Determined signalp version is 004001 from '4.1 6180816'
[11:51:27] Looking for 'tbl2asn' - found /sw/bioinfo/tbl2asn/25.8/snowy/tbl2asn
[11:51:27] Determined tbl2asn version is 025008 from 'tbl2asn 25.8   arguments:'
[11:51:27] Using genetic code table 11.
[11:51:27] Loading and checking input file: bin_1.fa
[11:51:27] Wrote 582 contigs totalling 1430224 bp.
[11:51:27] Predicting tRNAs and tmRNAs
[11:51:27] Running: aragorn -l -gc11  -w \/home\/tola2495\/GenomeAnalysisVT2022\/analyses\/05_annotation\/prokka\/RR4342129_Bacteria\/bin_1\.fa\/RR4342129_Bacteria\.fna
[11:51:27] 1 tRNA-Ser [1625,1714] 35 (gct)
[11:51:27] 1 tRNA-Met c[202,278] 35 (cat)
[11:51:28] 1 tRNA-Trp c[3444,3519] 34 (cca)
[11:51:28] 2 tRNA-Thr c[3746,3820] 33 (ggt)
[11:51:28] 3 tRNA-Tyr c[3835,3920] 35 (gta)
[11:51:28] 4 tRNA-Thr c[3926,4001] 34 (tgt)
[11:51:28] 1 tRNA-Arg [1635,1711] 35 (gcg)
[11:51:28] 1 tRNA-Gly [2190,2265] 34 (gcc)
[11:51:28] 1 tRNA-Gln [1565,1639] 33 (ttg)
[11:51:28] 1 tRNA-Ser c[443,532] 35 (tga)
[11:51:28] Found 10 tRNAs
[11:51:28] Predicting Ribosomal RNAs
[11:51:28] Running Barrnap with 2 threads
[11:51:29] Found 0 rRNAs
[11:51:29] Skipping ncRNA search, enable with --rfam if desired.
[11:51:29] Total of 10 tRNA + rRNA features
[11:51:29] Searching for CRISPR repeats
[11:51:29] Found 0 CRISPRs
[11:51:29] Predicting coding sequences
[11:51:29] Contigs total 1430224 bp, so using meta mode
[11:51:29] Running: prodigal -i \/home\/tola2495\/GenomeAnalysisVT2022\/analyses\/05_annotation\/prokka\/RR4342129_Bacteria\/bin_1\.fa\/RR4342129_Bacteria\.fna -c -m -g 11 -p meta -f sco -q
[11:51:35] Found 1391 CDS
[11:51:35] Connecting features back to sequences
[11:51:35] Not using genus-specific database. Try --usegenus to enable it.
[11:51:35] Annotating CDS, please be patient.
[11:51:35] Will use 2 CPUs for similarity searching.
[11:51:36] There are still 1391 unannotated CDS left (started with 1391)
[11:51:36] Will use blast to search against /sw/bioinfo/prokka/1.45-5b58020/rackham/db/kingdom/Bacteria/IS with 2 CPUs
[11:51:36] Running: cat \/home\/tola2495\/GenomeAnalysisVT2022\/analyses\/05_annotation\/prokka\/RR4342129_Bacteria\/bin_1\.fa\/RR4342129_Bacteria\.IS\.tmp\.52880\.faa | parallel --gnu --plain -j 2 --block 82161 --recstart '>' --pipe blastp -query - -db /sw/bioinfo/prokka/1.45-5b58020/rackham/db/kingdom/Bacteria/IS -evalue 1e-30 -qcov_hsp_perc 90 -num_threads 1 -num_descriptions 1 -num_alignments 1 -seg no > \/home\/tola2495\/GenomeAnalysisVT2022\/analyses\/05_annotation\/prokka\/RR4342129_Bacteria\/bin_1\.fa\/RR4342129_Bacteria\.IS\.tmp\.52880\.blast 2> /dev/null
[11:51:50] Deleting unwanted file: /home/tola2495/GenomeAnalysisVT2022/analyses/05_annotation/prokka/RR4342129_Bacteria/bin_1.fa/RR4342129_Bacteria.IS.tmp.52880.faa
[11:51:50] Deleting unwanted file: /home/tola2495/GenomeAnalysisVT2022/analyses/05_annotation/prokka/RR4342129_Bacteria/bin_1.fa/RR4342129_Bacteria.IS.tmp.52880.blast
[11:51:51] There are still 1391 unannotated CDS left (started with 1391)
[11:51:51] Will use blast to search against /sw/bioinfo/prokka/1.45-5b58020/rackham/db/kingdom/Bacteria/AMR with 2 CPUs
[11:51:51] Running: cat \/home\/tola2495\/GenomeAnalysisVT2022\/analyses\/05_annotation\/prokka\/RR4342129_Bacteria\/bin_1\.fa\/RR4342129_Bacteria\.AMR\.tmp\.52880\.faa | parallel --gnu --plain -j 2 --block 82161 --recstart '>' --pipe blastp -query - -db /sw/bioinfo/prokka/1.45-5b58020/rackham/db/kingdom/Bacteria/AMR -evalue 9.99999999999999e-301 -qcov_hsp_perc 90 -num_threads 1 -num_descriptions 1 -num_alignments 1 -seg no > \/home\/tola2495\/GenomeAnalysisVT2022\/analyses\/05_annotation\/prokka\/RR4342129_Bacteria\/bin_1\.fa\/RR4342129_Bacteria\.AMR\.tmp\.52880\.blast 2> /dev/null
[11:52:03] Deleting unwanted file: /home/tola2495/GenomeAnalysisVT2022/analyses/05_annotation/prokka/RR4342129_Bacteria/bin_1.fa/RR4342129_Bacteria.AMR.tmp.52880.faa
[11:52:03] Deleting unwanted file: /home/tola2495/GenomeAnalysisVT2022/analyses/05_annotation/prokka/RR4342129_Bacteria/bin_1.fa/RR4342129_Bacteria.AMR.tmp.52880.blast
[11:52:03] There are still 1391 unannotated CDS left (started with 1391)
[11:52:03] Will use blast to search against /sw/bioinfo/prokka/1.45-5b58020/rackham/db/kingdom/Bacteria/sprot with 2 CPUs
[11:52:03] Running: cat \/home\/tola2495\/GenomeAnalysisVT2022\/analyses\/05_annotation\/prokka\/RR4342129_Bacteria\/bin_1\.fa\/RR4342129_Bacteria\.sprot\.tmp\.52880\.faa | parallel --gnu --plain -j 2 --block 82161 --recstart '>' --pipe blastp -query - -db /sw/bioinfo/prokka/1.45-5b58020/rackham/db/kingdom/Bacteria/sprot -evalue 1e-09 -qcov_hsp_perc 80 -num_threads 1 -num_descriptions 1 -num_alignments 1 -seg no > \/home\/tola2495\/GenomeAnalysisVT2022\/analyses\/05_annotation\/prokka\/RR4342129_Bacteria\/bin_1\.fa\/RR4342129_Bacteria\.sprot\.tmp\.52880\.blast 2> /dev/null
[11:52:57] Modify product: Probable cold shock protein A => putative cold shock protein A
[11:52:57] Modify product: Probable transcriptional regulatory protein aq_1575 => putative transcriptional regulatory protein
[11:52:57] Modify product: Probable methylxanthine N7-demethylase NdmC => putative methylxanthine N7-demethylase NdmC
[11:52:57] Modify product: Purine-binding protein BAB2_0673 => Purine-binding protein
[11:52:57] Modify product: Monocarboxylate 2-oxoacid-binding periplasmic protein all3028 => Monocarboxylate 2-oxoacid-binding periplasmic protein
[11:52:57] Modify product: Probable D-xylose utilization operon transcriptional repressor => putative D-xylose utilization operon transcriptional repressor
[11:52:57] Modify product: Probable D-xylose utilization operon transcriptional repressor => putative D-xylose utilization operon transcriptional repressor
[11:52:57] Modify product: Probable glutamine ABC transporter permease protein GlnM => putative glutamine ABC transporter permease protein GlnM
[11:52:57] Modify product: Probable acyltransferase YihG => putative acyltransferase YihG
[11:52:57] Modify product: Putative formate dehydrogenase SA2102 => Putative formate dehydrogenase
[11:52:57] Modify product: Probable iron-sulfur-binding oxidoreductase FadF => putative iron-sulfur-binding oxidoreductase FadF
[11:52:57] Modify product: Probable intracellular septation protein A => putative intracellular septation protein A
[11:52:57] Modify product: Uncharacterized inner membrane transporter YedA => putative inner membrane transporter YedA
[11:52:57] Modify product: UPF0056 inner membrane protein YhgN => hypothetical protein
[11:52:57] Modify product: Probable N-methylproline demethylase => putative N-methylproline demethylase
[11:52:57] Modify product: Probable N-methylproline demethylase => putative N-methylproline demethylase
[11:52:57] Modify product: Putative esterase aq_1494 => Putative esterase
[11:52:57] Modify product: UPF0234 protein HI_1034 => hypothetical protein
[11:52:57] Modify product: Probable D,D-dipeptide-binding periplasmic protein DdpA => putative D,D-dipeptide-binding periplasmic protein DdpA
[11:52:58] Modify product: RNA-binding protein HI_1333 => RNA-binding protein
[11:52:58] Modify product: Multifunctional alkaline phosphatase superfamily protein pRL90232 => Multifunctional alkaline phosphatase superfamily protein
[11:52:58] Modify product: UPF0758 protein YsxA => hypothetical protein
[11:52:58] Modify product: Uncharacterized metal-dependent hydrolase YcfH => putative metal-dependent hydrolase YcfH
[11:52:58] Modify product: Uncharacterized protein slr1565 => putative protein
[11:52:58] Modify product: Uncharacterized protein Rv0906 => putative protein
[11:52:58] Modify product: Purine-binding protein BAB2_0673 => Purine-binding protein
[11:52:58] Modify product: UPF0047 protein Rv2556c => hypothetical protein
[11:52:58] Modify product: Putative glutamine amidotransferase Rv2859c => Putative glutamine amidotransferase
[11:52:58] Modify product: UPF0701 protein HI_0467 => hypothetical protein
[11:52:58] Modify product: Uncharacterized HTH-type transcriptional regulator HI_1476 => putative HTH-type transcriptional regulator
[11:52:58] Modify product: UPF0394 membrane protein XF_0766 => hypothetical protein
[11:52:58] Modify product: Uncharacterized oxidoreductase YdhV => putative oxidoreductase YdhV
[11:52:58] Modify product: Probable tartrate dehydrogenase/decarboxylase TtuC' => putative tartrate dehydrogenase/decarboxylase TtuC'
[11:52:58] Modify product: Putative aminotransferase MSMEG_6286/MSMEI_6121 => Putative aminotransferase/MSMEI_6121
[11:52:58] Modify product: Probable 2-dehydro-3-deoxy-D-pentonate aldolase YjhH => putative 2-dehydro-3-deoxy-D-pentonate aldolase YjhH
[11:52:58] Modify product: UPF0047 protein Rv2556c => hypothetical protein
[11:52:58] Modify product: Uncharacterized ABC transporter ATP-binding protein YknY => putative ABC transporter ATP-binding protein YknY
[11:52:58] Modify product: Uncharacterized protein HI_1163 => putative protein
[11:52:58] Modify product: Probable D,D-dipeptide transport ATP-binding protein DdpF => putative D,D-dipeptide transport ATP-binding protein DdpF
[11:52:58] Modify product: Leu/Ile/Val-binding protein homolog 3 => Leu/Ile/Val-binding protein 
[11:52:58] Modify product: Probable peptidoglycan glycosyltransferase FtsW => putative peptidoglycan glycosyltransferase FtsW
[11:52:58] Modify product: UPF0102 protein RPA0323 => hypothetical protein
[11:52:58] Modify product: Phosphate-specific transport system accessory protein PhoU homolog => Phosphate-specific transport system accessory protein PhoU 
[11:52:58] Modify product: Uncharacterized protein YciO => putative protein YciO
[11:52:58] Modify product: Epimerase family protein Rv2216 => Epimerase family protein
[11:52:58] Modify product: Probable dipeptidase PepE => putative dipeptidase PepE
[11:52:58] Cleaned 46 /product names
[11:52:58] Deleting unwanted file: /home/tola2495/GenomeAnalysisVT2022/analyses/05_annotation/prokka/RR4342129_Bacteria/bin_1.fa/RR4342129_Bacteria.sprot.tmp.52880.faa
[11:52:58] Deleting unwanted file: /home/tola2495/GenomeAnalysisVT2022/analyses/05_annotation/prokka/RR4342129_Bacteria/bin_1.fa/RR4342129_Bacteria.sprot.tmp.52880.blast
[11:52:59] There are still 836 unannotated CDS left (started with 1391)
[11:52:59] Will use hmmer3 to search against /sw/bioinfo/prokka/1.45-5b58020/rackham/db/hmm/HAMAP.hmm with 2 CPUs
[11:52:59] Running: cat \/home\/tola2495\/GenomeAnalysisVT2022\/analyses\/05_annotation\/prokka\/RR4342129_Bacteria\/bin_1\.fa\/RR4342129_Bacteria\.HAMAP\.hmm\.tmp\.52880\.faa | parallel --gnu --plain -j 2 --block 42494 --recstart '>' --pipe hmmscan --noali --notextw --acc -E 1e-09 --cpu 1 /sw/bioinfo/prokka/1.45-5b58020/rackham/db/hmm/HAMAP.hmm /dev/stdin > \/home\/tola2495\/GenomeAnalysisVT2022\/analyses\/05_annotation\/prokka\/RR4342129_Bacteria\/bin_1\.fa\/RR4342129_Bacteria\.HAMAP\.hmm\.tmp\.52880\.hmmer3 2> /dev/null
[11:53:38] Deleting unwanted file: /home/tola2495/GenomeAnalysisVT2022/analyses/05_annotation/prokka/RR4342129_Bacteria/bin_1.fa/RR4342129_Bacteria.HAMAP.hmm.tmp.52880.faa
[11:53:38] Deleting unwanted file: /home/tola2495/GenomeAnalysisVT2022/analyses/05_annotation/prokka/RR4342129_Bacteria/bin_1.fa/RR4342129_Bacteria.HAMAP.hmm.tmp.52880.hmmer3
[11:53:38] Labelling remaining 758 proteins as 'hypothetical protein'
[11:53:38] Possible /pseudo 'putative N-methylproline demethylase' at k105_1156 position 2085
[11:53:38] Possible /pseudo 'Transcriptional regulatory protein OmpR' at k105_3667 position 2218
[11:53:38] Possible /pseudo 'Flagellar basal-body rod protein FlgG' at k105_31639 position 1180
[11:53:38] Possible /pseudo 'UvrABC system protein C' at k105_63691 position 2011
[11:53:38] Found 529 unique /gene codes.
[11:53:38] Fixed 2 duplicate /gene - araQ_1 araQ_2
[11:53:38] Fixed 4 duplicate /gene - livH_1 livH_2 livH_3 livH_4
[11:53:38] Fixed 2 duplicate /gene - gyrB_1 gyrB_2
[11:53:38] Fixed 2 duplicate /gene - iscS_1 iscS_2
[11:53:38] Fixed 2 duplicate /gene - eno_1 eno_2
[11:53:38] Fixed 2 duplicate /gene - glyA_1 glyA_2
[11:53:38] Fixed 2 duplicate /gene - braC_1 braC_2
[11:53:38] Fixed 4 duplicate /gene - fabG_1 fabG_2 fabG_3 fabG_4
[11:53:38] Fixed 2 duplicate /gene - hldE_1 hldE_2
[11:53:38] Fixed 3 duplicate /gene - exbD_1 exbD_2 exbD_3
[11:53:38] Fixed 4 duplicate /gene - livF_1 livF_2 livF_3 livF_4
[11:53:38] Fixed 2 duplicate /gene - ompR_1 ompR_2
[11:53:38] Fixed 2 duplicate /gene - aroE_1 aroE_2
[11:53:38] Fixed 2 duplicate /gene - flgG_1 flgG_2
[11:53:38] Fixed 3 duplicate /gene - cpoB_1 cpoB_2 cpoB_3
[11:53:38] Fixed 2 duplicate /gene - caiD_1 caiD_2
[11:53:38] Fixed 2 duplicate /gene - fliC_1 fliC_2
[11:53:38] Fixed 2 duplicate /gene - cutM_1 cutM_2
[11:53:38] Fixed 3 duplicate /gene - pal_1 pal_2 pal_3
[11:53:38] Fixed 3 duplicate /gene - bclA_1 bclA_2 bclA_3
[11:53:38] Fixed 2 duplicate /gene - sasA_1 sasA_2
[11:53:38] Fixed 2 duplicate /gene - fusA_1 fusA_2
[11:53:38] Fixed 2 duplicate /gene - aroF_1 aroF_2
[11:53:38] Fixed 2 duplicate /gene - cuyA_1 cuyA_2
[11:53:38] Fixed 2 duplicate /gene - cutL_1 cutL_2
[11:53:38] Fixed 3 duplicate /gene - tolQ_1 tolQ_2 tolQ_3
[11:53:38] Fixed 2 duplicate /gene - lon_1 lon_2
[11:53:38] Fixed 4 duplicate /gene - iolG_1 iolG_2 iolG_3 iolG_4
[11:53:38] Fixed 2 duplicate /gene - abo_1 abo_2
[11:53:38] Fixed 2 duplicate /gene - mshA_1 mshA_2
[11:53:38] Fixed 2 duplicate /gene - atpH_1 atpH_2
[11:53:38] Fixed 2 duplicate /gene - gntR_1 gntR_2
[11:53:38] Fixed 2 duplicate /gene - melD_1 melD_2
[11:53:38] Fixed 2 duplicate /gene - uvrC_1 uvrC_2
[11:53:38] Fixed 2 duplicate /gene - gloB_1 gloB_2
[11:53:38] Fixed 2 duplicate /gene - acpP_1 acpP_2
[11:53:38] Fixed 3 duplicate /gene - lptB_1 lptB_2 lptB_3
[11:53:38] Fixed 2 duplicate /gene - cutS_1 cutS_2
[11:53:38] Fixed 2 duplicate /gene - ahcY_1 ahcY_2
[11:53:38] Fixed 2 duplicate /gene - stcD_1 stcD_2
[11:53:38] Fixed 2 duplicate /gene - yfcG_1 yfcG_2
[11:53:38] Fixed 41 colliding /gene names.
[11:53:38] Adding /locus_tag identifiers
[11:53:38] Assigned 1401 locus_tags to CDS and RNA features.
[11:53:38] Writing outputs to /home/tola2495/GenomeAnalysisVT2022/analyses/05_annotation/prokka/RR4342129_Bacteria/bin_1.fa/
[11:53:39] Generating annotation statistics file
[11:53:39] Generating Genbank and Sequin files
[11:53:39] Running: tbl2asn -V b -a r10k -l paired-ends -M n -N 1 -y 'Annotated using prokka 1.14.6 from https://github.com/tseemann/prokka' -Z \/home\/tola2495\/GenomeAnalysisVT2022\/analyses\/05_annotation\/prokka\/RR4342129_Bacteria\/bin_1\.fa\/RR4342129_Bacteria\.err -i \/home\/tola2495\/GenomeAnalysisVT2022\/analyses\/05_annotation\/prokka\/RR4342129_Bacteria\/bin_1\.fa\/RR4342129_Bacteria\.fsa 2> /dev/null
[11:53:42] Deleting unwanted file: /home/tola2495/GenomeAnalysisVT2022/analyses/05_annotation/prokka/RR4342129_Bacteria/bin_1.fa/errorsummary.val
[11:53:42] Deleting unwanted file: /home/tola2495/GenomeAnalysisVT2022/analyses/05_annotation/prokka/RR4342129_Bacteria/bin_1.fa/RR4342129_Bacteria.dr
[11:53:42] Deleting unwanted file: /home/tola2495/GenomeAnalysisVT2022/analyses/05_annotation/prokka/RR4342129_Bacteria/bin_1.fa/RR4342129_Bacteria.fixedproducts
[11:53:42] Deleting unwanted file: /home/tola2495/GenomeAnalysisVT2022/analyses/05_annotation/prokka/RR4342129_Bacteria/bin_1.fa/RR4342129_Bacteria.ecn
[11:53:42] Deleting unwanted file: /home/tola2495/GenomeAnalysisVT2022/analyses/05_annotation/prokka/RR4342129_Bacteria/bin_1.fa/RR4342129_Bacteria.val
[11:53:42] Repairing broken .GBK output that tbl2asn produces...
[11:53:42] Running: sed 's/COORDINATES: profile/COORDINATES:profile/' < \/home\/tola2495\/GenomeAnalysisVT2022\/analyses\/05_annotation\/prokka\/RR4342129_Bacteria\/bin_1\.fa\/RR4342129_Bacteria\.gbf > \/home\/tola2495\/GenomeAnalysisVT2022\/analyses\/05_annotation\/prokka\/RR4342129_Bacteria\/bin_1\.fa\/RR4342129_Bacteria\.gbk
[11:53:42] Deleting unwanted file: /home/tola2495/GenomeAnalysisVT2022/analyses/05_annotation/prokka/RR4342129_Bacteria/bin_1.fa/RR4342129_Bacteria.gbf
[11:53:42] Output files:
[11:53:42] /home/tola2495/GenomeAnalysisVT2022/analyses/05_annotation/prokka/RR4342129_Bacteria/bin_1.fa/RR4342129_Bacteria.log
[11:53:42] /home/tola2495/GenomeAnalysisVT2022/analyses/05_annotation/prokka/RR4342129_Bacteria/bin_1.fa/RR4342129_Bacteria.fna
[11:53:42] /home/tola2495/GenomeAnalysisVT2022/analyses/05_annotation/prokka/RR4342129_Bacteria/bin_1.fa/RR4342129_Bacteria.gff
[11:53:42] /home/tola2495/GenomeAnalysisVT2022/analyses/05_annotation/prokka/RR4342129_Bacteria/bin_1.fa/RR4342129_Bacteria.faa
[11:53:42] /home/tola2495/GenomeAnalysisVT2022/analyses/05_annotation/prokka/RR4342129_Bacteria/bin_1.fa/RR4342129_Bacteria.ffn
[11:53:42] /home/tola2495/GenomeAnalysisVT2022/analyses/05_annotation/prokka/RR4342129_Bacteria/bin_1.fa/RR4342129_Bacteria.tbl
[11:53:42] /home/tola2495/GenomeAnalysisVT2022/analyses/05_annotation/prokka/RR4342129_Bacteria/bin_1.fa/RR4342129_Bacteria.fsa
[11:53:42] /home/tola2495/GenomeAnalysisVT2022/analyses/05_annotation/prokka/RR4342129_Bacteria/bin_1.fa/RR4342129_Bacteria.tsv
[11:53:42] /home/tola2495/GenomeAnalysisVT2022/analyses/05_annotation/prokka/RR4342129_Bacteria/bin_1.fa/RR4342129_Bacteria.txt
[11:53:42] /home/tola2495/GenomeAnalysisVT2022/analyses/05_annotation/prokka/RR4342129_Bacteria/bin_1.fa/RR4342129_Bacteria.gbk
[11:53:42] /home/tola2495/GenomeAnalysisVT2022/analyses/05_annotation/prokka/RR4342129_Bacteria/bin_1.fa/RR4342129_Bacteria.sqn
[11:53:42] /home/tola2495/GenomeAnalysisVT2022/analyses/05_annotation/prokka/RR4342129_Bacteria/bin_1.fa/RR4342129_Bacteria.err
[11:53:42] Annotation finished successfully.
[11:53:42] Walltime used: 2.28 minutes
[11:53:42] If you use this result please cite the Prokka paper:
[11:53:42] Seemann T (2014) Prokka: rapid prokaryotic genome annotation. Bioinformatics. 30(14):2068-9.
[11:53:42] Type 'prokka --citation' for more details.
[11:53:42] Share and enjoy!
