[02:32:32] This is prokka 1.14.6
[02:32:32] Written by Torsten Seemann <torsten.seemann@gmail.com>
[02:32:32] Homepage is https://github.com/tseemann/prokka
[02:32:32] Local time is Thu May 12 02:32:32 2022
[02:32:32] You are tola2495
[02:32:32] Operating system is linux
[02:32:32] You have BioPerl 1.007001
[02:32:32] System has 16 cores.
[02:32:32] Will use maximum of 2 cores.
[02:32:32] Annotating as >>> Bacteria <<<
[02:32:32] Generating locus_tag from 'bin_25.fa' contents.
[02:32:32] Setting --locustag JBFJMFHN from MD5 3bf36f176bf79ea850784aa4caed5460
[02:32:32] Creating new output folder: /home/tola2495/GenomeAnalysisVT2022/analyses/05_annotation/prokka/RR4342133_Bacteria/bin_25.fa
[02:32:32] Running: mkdir -p \/home\/tola2495\/GenomeAnalysisVT2022\/analyses\/05_annotation\/prokka\/RR4342133_Bacteria\/bin_25\.fa
[02:32:32] Using filename prefix: RR4342133_Bacteria.XXX
[02:32:32] Setting HMMER_NCPU=1
[02:32:32] Writing log to: /home/tola2495/GenomeAnalysisVT2022/analyses/05_annotation/prokka/RR4342133_Bacteria/bin_25.fa/RR4342133_Bacteria.log
[02:32:32] Command: /sw/bioinfo/prokka/1.45-5b58020/snowy/bin/prokka --metagenome --cpus 2 --prefix RR4342133_Bacteria --outdir /home/tola2495/GenomeAnalysisVT2022/analyses/05_annotation/prokka/RR4342133_Bacteria/bin_25.fa bin_25.fa
[02:32:32] Appending to PATH: /sw/bioinfo/prokka/1.45-5b58020/rackham/bin/../binaries/linux
[02:32:32] Appending to PATH: /sw/bioinfo/prokka/1.45-5b58020/rackham/bin/../binaries/linux/../common
[02:32:32] Appending to PATH: /sw/bioinfo/prokka/1.45-5b58020/rackham/bin
[02:32:32] Looking for 'aragorn' - found /sw/bioinfo/prokka/1.45-5b58020/rackham/bin/../binaries/linux/aragorn
[02:32:32] Determined aragorn version is 001002 from 'ARAGORN v1.2.38 Dean Laslett'
[02:32:32] Looking for 'barrnap' - found /sw/bioinfo/barrnap/0.8/snowy/bin/barrnap
[02:32:32] Determined barrnap version is 000008 from 'barrnap 0.8'
[02:32:32] Looking for 'blastp' - found /sw/bioinfo/blast/2.11.0+/snowy/bin/blastp
[02:32:33] Determined blastp version is 002011 from 'blastp: 2.11.0+'
[02:32:33] Looking for 'cmpress' - found /sw/bioinfo/prokka/1.45-5b58020/rackham/bin/../binaries/linux/cmpress
[02:32:33] Determined cmpress version is 001001 from '# INFERNAL 1.1.2 (July 2016)'
[02:32:33] Looking for 'cmscan' - found /sw/bioinfo/prokka/1.45-5b58020/rackham/bin/../binaries/linux/cmscan
[02:32:33] Determined cmscan version is 001001 from '# INFERNAL 1.1.2 (July 2016)'
[02:32:33] Looking for 'egrep' - found /usr/bin/egrep
[02:32:33] Looking for 'find' - found /usr/bin/find
[02:32:33] Looking for 'grep' - found /usr/bin/grep
[02:32:33] Looking for 'hmmpress' - found /sw/apps/bioinfo/hmmer/3.1b2/snowy/bin/hmmpress
[02:32:33] Determined hmmpress version is 003001 from '# HMMER 3.1b2 (February 2015); http://hmmer.org/'
[02:32:33] Looking for 'hmmscan' - found /sw/apps/bioinfo/hmmer/3.1b2/snowy/bin/hmmscan
[02:32:33] Determined hmmscan version is 003001 from '# HMMER 3.1b2 (February 2015); http://hmmer.org/'
[02:32:33] Looking for 'java' - found /usr/bin/java
[02:32:33] Looking for 'makeblastdb' - found /sw/bioinfo/blast/2.11.0+/snowy/bin/makeblastdb
[02:32:34] Determined makeblastdb version is 002011 from 'makeblastdb: 2.11.0+'
[02:32:34] Looking for 'minced' - found /sw/apps/bioinfo/minced/0.2.0/snowy/minced
[02:32:34] Determined minced version is 002000 from 'minced 0.2.0'
[02:32:34] Looking for 'parallel' - found /sw/parallel/gnuparallel/20170122/snowy/bin/parallel
[02:32:34] Determined parallel version is 20170122 from 'GNU parallel 20170122'
[02:32:34] Looking for 'prodigal' - found /sw/apps/bioinfo/prodigal/2.6.3/snowy/bin/prodigal
[02:32:34] Determined prodigal version is 002006 from 'Prodigal V2.6.3: February, 2016'
[02:32:34] Looking for 'prokka-genbank_to_fasta_db' - found /sw/bioinfo/prokka/1.45-5b58020/snowy/bin/prokka-genbank_to_fasta_db
[02:32:34] Looking for 'sed' - found /usr/bin/sed
[02:32:34] Looking for 'signalp' - found /sw/bioinfo/SignalP/4.1f/snowy/signalp
[02:32:34] Determined signalp version is 004001 from '4.1 6204265'
[02:32:34] Looking for 'tbl2asn' - found /sw/bioinfo/tbl2asn/25.8/snowy/tbl2asn
[02:32:34] Determined tbl2asn version is 025008 from 'tbl2asn 25.8   arguments:'
[02:32:34] Using genetic code table 11.
[02:32:34] Loading and checking input file: bin_25.fa
[02:32:34] Wrote 520 contigs totalling 1500511 bp.
[02:32:34] Predicting tRNAs and tmRNAs
[02:32:34] Running: aragorn -l -gc11  -w \/home\/tola2495\/GenomeAnalysisVT2022\/analyses\/05_annotation\/prokka\/RR4342133_Bacteria\/bin_25\.fa\/RR4342133_Bacteria\.fna
[02:32:35] 1 tRNA-Asn c[4181,4256] 34 (gtt)
[02:32:35] 1 tRNA-Lys [1244,1318] 33 (ttt)
[02:32:35] 1 tRNA-Met c[1622,1698] 35 (cat)
[02:32:35] 1 tRNA-Arg c[1891,1967] 35 (tcg)
[02:32:35] Found 4 tRNAs
[02:32:35] Predicting Ribosomal RNAs
[02:32:35] Running Barrnap with 2 threads
[02:32:36] Found 0 rRNAs
[02:32:36] Skipping ncRNA search, enable with --rfam if desired.
[02:32:36] Total of 4 tRNA + rRNA features
[02:32:36] Searching for CRISPR repeats
[02:32:37] Found 0 CRISPRs
[02:32:37] Predicting coding sequences
[02:32:37] Contigs total 1500511 bp, so using meta mode
[02:32:37] Running: prodigal -i \/home\/tola2495\/GenomeAnalysisVT2022\/analyses\/05_annotation\/prokka\/RR4342133_Bacteria\/bin_25\.fa\/RR4342133_Bacteria\.fna -c -m -g 11 -p meta -f sco -q
[02:32:47] Found 1539 CDS
[02:32:47] Connecting features back to sequences
[02:32:47] Not using genus-specific database. Try --usegenus to enable it.
[02:32:47] Annotating CDS, please be patient.
[02:32:47] Will use 2 CPUs for similarity searching.
[02:32:48] There are still 1539 unannotated CDS left (started with 1539)
[02:32:48] Will use blast to search against /sw/bioinfo/prokka/1.45-5b58020/rackham/db/kingdom/Bacteria/IS with 2 CPUs
[02:32:48] Running: cat \/home\/tola2495\/GenomeAnalysisVT2022\/analyses\/05_annotation\/prokka\/RR4342133_Bacteria\/bin_25\.fa\/RR4342133_Bacteria\.IS\.tmp\.20007\.faa | parallel --gnu --plain -j 2 --block 100662 --recstart '>' --pipe blastp -query - -db /sw/bioinfo/prokka/1.45-5b58020/rackham/db/kingdom/Bacteria/IS -evalue 1e-30 -qcov_hsp_perc 90 -num_threads 1 -num_descriptions 1 -num_alignments 1 -seg no > \/home\/tola2495\/GenomeAnalysisVT2022\/analyses\/05_annotation\/prokka\/RR4342133_Bacteria\/bin_25\.fa\/RR4342133_Bacteria\.IS\.tmp\.20007\.blast 2> /dev/null
[02:33:06] Deleting unwanted file: /home/tola2495/GenomeAnalysisVT2022/analyses/05_annotation/prokka/RR4342133_Bacteria/bin_25.fa/RR4342133_Bacteria.IS.tmp.20007.faa
[02:33:06] Deleting unwanted file: /home/tola2495/GenomeAnalysisVT2022/analyses/05_annotation/prokka/RR4342133_Bacteria/bin_25.fa/RR4342133_Bacteria.IS.tmp.20007.blast
[02:33:07] There are still 1538 unannotated CDS left (started with 1539)
[02:33:07] Will use blast to search against /sw/bioinfo/prokka/1.45-5b58020/rackham/db/kingdom/Bacteria/AMR with 2 CPUs
[02:33:07] Running: cat \/home\/tola2495\/GenomeAnalysisVT2022\/analyses\/05_annotation\/prokka\/RR4342133_Bacteria\/bin_25\.fa\/RR4342133_Bacteria\.AMR\.tmp\.20007\.faa | parallel --gnu --plain -j 2 --block 100548 --recstart '>' --pipe blastp -query - -db /sw/bioinfo/prokka/1.45-5b58020/rackham/db/kingdom/Bacteria/AMR -evalue 9.99999999999999e-301 -qcov_hsp_perc 90 -num_threads 1 -num_descriptions 1 -num_alignments 1 -seg no > \/home\/tola2495\/GenomeAnalysisVT2022\/analyses\/05_annotation\/prokka\/RR4342133_Bacteria\/bin_25\.fa\/RR4342133_Bacteria\.AMR\.tmp\.20007\.blast 2> /dev/null
[02:33:23] Deleting unwanted file: /home/tola2495/GenomeAnalysisVT2022/analyses/05_annotation/prokka/RR4342133_Bacteria/bin_25.fa/RR4342133_Bacteria.AMR.tmp.20007.faa
[02:33:23] Deleting unwanted file: /home/tola2495/GenomeAnalysisVT2022/analyses/05_annotation/prokka/RR4342133_Bacteria/bin_25.fa/RR4342133_Bacteria.AMR.tmp.20007.blast
[02:33:23] There are still 1538 unannotated CDS left (started with 1539)
[02:33:23] Will use blast to search against /sw/bioinfo/prokka/1.45-5b58020/rackham/db/kingdom/Bacteria/sprot with 2 CPUs
[02:33:23] Running: cat \/home\/tola2495\/GenomeAnalysisVT2022\/analyses\/05_annotation\/prokka\/RR4342133_Bacteria\/bin_25\.fa\/RR4342133_Bacteria\.sprot\.tmp\.20007\.faa | parallel --gnu --plain -j 2 --block 100548 --recstart '>' --pipe blastp -query - -db /sw/bioinfo/prokka/1.45-5b58020/rackham/db/kingdom/Bacteria/sprot -evalue 1e-09 -qcov_hsp_perc 80 -num_threads 1 -num_descriptions 1 -num_alignments 1 -seg no > \/home\/tola2495\/GenomeAnalysisVT2022\/analyses\/05_annotation\/prokka\/RR4342133_Bacteria\/bin_25\.fa\/RR4342133_Bacteria\.sprot\.tmp\.20007\.blast 2> /dev/null
[02:34:36] Modify product: Uncharacterized protein HI_0755 => putative protein
[02:34:36] Modify product: Probable CtpA-like serine protease => putative CtpA-like serine protease
[02:34:36] Modify product: UPF0234 protein XC_3703 => hypothetical protein
[02:34:36] Modify product: Uncharacterized protein YbiI => putative protein YbiI
[02:34:36] Modify product: Probable glycine dehydrogenase (decarboxylating) subunit 1 => putative glycine dehydrogenase (decarboxylating) subunit 1
[02:34:36] Modify product: Glycine betaine/proline/choline transporter VP1723 => Glycine betaine/proline/choline transporter
[02:34:36] Modify product: Probable ketoamine kinase HMPREF0351_12196 => putative ketoamine kinase
[02:34:36] Modify product: Uncharacterized FAD-linked oxidoreductase Rv2280 => putative FAD-linked oxidoreductase
[02:34:36] Modify product: Bifunctional protein FolD => Bifunctional protein FolD protein
[02:34:36] Modify product: UPF0125 protein HI_0395 => hypothetical protein
[02:34:36] Modify product: UPF0758 protein YsxA => hypothetical protein
[02:34:36] Modify product: Probable lipid II flippase MurJ => putative lipid II flippase MurJ
[02:34:36] Modify product: Uncharacterized ABC transporter ATP-binding protein YknY => putative ABC transporter ATP-binding protein YknY
[02:34:36] Modify product: Monocarboxylate 2-oxoacid-binding periplasmic protein all3028 => Monocarboxylate 2-oxoacid-binding periplasmic protein
[02:34:36] Modify product: Uncharacterized oxidoreductase Rv0769 => putative oxidoreductase
[02:34:36] Modify product: UPF0301 protein VC_0467 => hypothetical protein
[02:34:36] Modify product: Probable Fe(2+)-trafficking protein => putative Fe(2+)-trafficking protein
[02:34:37] Modify product: Uncharacterized ABC transporter ATP-binding protein YlmA => putative ABC transporter ATP-binding protein YlmA
[02:34:37] Modify product: Probable peptidoglycan glycosyltransferase FtsW => putative peptidoglycan glycosyltransferase FtsW
[02:34:37] Modify product: Uncharacterized ABC transporter ATP-binding protein YadG => putative ABC transporter ATP-binding protein YadG
[02:34:37] Modify product: Probable ATP-dependent transporter SufC => putative ATP-dependent transporter SufC
[02:34:37] Modify product: UPF0307 protein YjgA => hypothetical protein
[02:34:37] Modify product: Uncharacterized protein Rv2715 => putative protein
[02:34:37] Modify product: Uncharacterized oxidoreductase Rv1144 => putative oxidoreductase
[02:34:37] Modify product: Probable enoyl-CoA hydratase 1 => putative enoyl-CoA hydratase 1
[02:34:37] Modify product: Probable N-octanoylanthranilate hydrolase AqdA1 => putative N-octanoylanthranilate hydrolase AqdA1
[02:34:37] Modify product: Probable 3-hydroxyacyl-CoA dehydrogenase => putative 3-hydroxyacyl-CoA dehydrogenase
[02:34:37] Modify product: Probable GTP-binding protein EngB => putative GTP-binding protein EngB
[02:34:37] Modify product: Uncharacterized protein Rv0897c => putative protein
[02:34:37] Modify product: Uncharacterized protein Rv1367c => putative protein
[02:34:37] Modify product: Uncharacterized protein YisK => putative protein YisK
[02:34:37] Modify product: UPF0701 protein YicC => hypothetical protein
[02:34:37] Modify product: Probable sulfoacetate--CoA ligase => putative sulfoacetate--CoA ligase
[02:34:37] Modify product: Probable protein kinase UbiB => putative protein kinase UbiB
[02:34:37] Modify product: Probable chromosome-partitioning protein ParB => putative chromosome-partitioning protein ParB
[02:34:37] Modify product: Probable protease SohB => putative protease SohB
[02:34:37] Modify product: RutC family protein HI_0719 => RutC family protein
[02:34:37] Cleaned 37 /product names
[02:34:37] Deleting unwanted file: /home/tola2495/GenomeAnalysisVT2022/analyses/05_annotation/prokka/RR4342133_Bacteria/bin_25.fa/RR4342133_Bacteria.sprot.tmp.20007.faa
[02:34:37] Deleting unwanted file: /home/tola2495/GenomeAnalysisVT2022/analyses/05_annotation/prokka/RR4342133_Bacteria/bin_25.fa/RR4342133_Bacteria.sprot.tmp.20007.blast
[02:34:38] There are still 871 unannotated CDS left (started with 1539)
[02:34:38] Will use hmmer3 to search against /sw/bioinfo/prokka/1.45-5b58020/rackham/db/hmm/HAMAP.hmm with 2 CPUs
[02:34:38] Running: cat \/home\/tola2495\/GenomeAnalysisVT2022\/analyses\/05_annotation\/prokka\/RR4342133_Bacteria\/bin_25\.fa\/RR4342133_Bacteria\.HAMAP\.hmm\.tmp\.20007\.faa | parallel --gnu --plain -j 2 --block 47275 --recstart '>' --pipe hmmscan --noali --notextw --acc -E 1e-09 --cpu 1 /sw/bioinfo/prokka/1.45-5b58020/rackham/db/hmm/HAMAP.hmm /dev/stdin > \/home\/tola2495\/GenomeAnalysisVT2022\/analyses\/05_annotation\/prokka\/RR4342133_Bacteria\/bin_25\.fa\/RR4342133_Bacteria\.HAMAP\.hmm\.tmp\.20007\.hmmer3 2> /dev/null
[02:35:19] Modify product: Uncharacterized MFS-type transporter YcaD => putative MFS-type transporter YcaD
[02:35:20] Cleaned 1 /product names
[02:35:20] Deleting unwanted file: /home/tola2495/GenomeAnalysisVT2022/analyses/05_annotation/prokka/RR4342133_Bacteria/bin_25.fa/RR4342133_Bacteria.HAMAP.hmm.tmp.20007.faa
[02:35:20] Deleting unwanted file: /home/tola2495/GenomeAnalysisVT2022/analyses/05_annotation/prokka/RR4342133_Bacteria/bin_25.fa/RR4342133_Bacteria.HAMAP.hmm.tmp.20007.hmmer3
[02:35:20] Labelling remaining 783 proteins as 'hypothetical protein'
[02:35:20] Possible /pseudo 'Lipoprotein-releasing system transmembrane protein LolE' at k105_87234 position 737
[02:35:20] Possible /pseudo 'Twitching mobility protein' at k105_109976 position 866
[02:35:20] Possible /pseudo 'D-glucosaminate-6-phosphate ammonia lyase' at k105_133723 position 1828
[02:35:20] Possible /pseudo 'Protein YceI' at k105_140389 position 2118
[02:35:20] Possible /pseudo 'Glycine betaine methyltransferase' at k105_79146 position 604
[02:35:20] Found 626 unique /gene codes.
[02:35:20] Fixed 2 duplicate /gene - btuB_1 btuB_2
[02:35:20] Fixed 2 duplicate /gene - cpdA_1 cpdA_2
[02:35:20] Fixed 2 duplicate /gene - norM_1 norM_2
[02:35:20] Fixed 2 duplicate /gene - atpH_1 atpH_2
[02:35:20] Fixed 2 duplicate /gene - sldA_1 sldA_2
[02:35:20] Fixed 2 duplicate /gene - glnK_1 glnK_2
[02:35:20] Fixed 2 duplicate /gene - phoB_1 phoB_2
[02:35:20] Fixed 3 duplicate /gene - gcvT_1 gcvT_2 gcvT_3
[02:35:20] Fixed 3 duplicate /gene - bepA_1 bepA_2 bepA_3
[02:35:20] Fixed 2 duplicate /gene - lolE_1 lolE_2
[02:35:20] Fixed 2 duplicate /gene - puuA_1 puuA_2
[02:35:20] Fixed 2 duplicate /gene - puuC_1 puuC_2
[02:35:20] Fixed 2 duplicate /gene - rpsR_1 rpsR_2
[02:35:20] Fixed 3 duplicate /gene - cocE_1 cocE_2 cocE_3
[02:35:20] Fixed 2 duplicate /gene - curA_1 curA_2
[02:35:20] Fixed 3 duplicate /gene - dpp5_1 dpp5_2 dpp5_3
[02:35:20] Fixed 2 duplicate /gene - rutC_1 rutC_2
[02:35:20] Fixed 2 duplicate /gene - allB_1 allB_2
[02:35:20] Fixed 2 duplicate /gene - pepA_1 pepA_2
[02:35:20] Fixed 2 duplicate /gene - hutG_1 hutG_2
[02:35:20] Fixed 2 duplicate /gene - gloB_1 gloB_2
[02:35:20] Fixed 4 duplicate /gene - nfdA_1 nfdA_2 nfdA_3 nfdA_4
[02:35:20] Fixed 3 duplicate /gene - mtgB_1 mtgB_2 mtgB_3
[02:35:20] Fixed 2 duplicate /gene - nicF_1 nicF_2
[02:35:20] Fixed 2 duplicate /gene - aspC_1 aspC_2
[02:35:20] Fixed 2 duplicate /gene - alaS_1 alaS_2
[02:35:20] Fixed 2 duplicate /gene - FCS1_1 FCS1_2
[02:35:20] Fixed 2 duplicate /gene - polA_1 polA_2
[02:35:20] Fixed 2 duplicate /gene - mpdB_1 mpdB_2
[02:35:20] Fixed 2 duplicate /gene - rplI_1 rplI_2
[02:35:20] Fixed 2 duplicate /gene - tldD_1 tldD_2
[02:35:20] Fixed 2 duplicate /gene - ade_1 ade_2
[02:35:20] Fixed 2 duplicate /gene - dgaE_1 dgaE_2
[02:35:20] Fixed 3 duplicate /gene - pal_1 pal_2 pal_3
[02:35:20] Fixed 2 duplicate /gene - ndhM_1 ndhM_2
[02:35:20] Fixed 2 duplicate /gene - opuE_1 opuE_2
[02:35:20] Fixed 2 duplicate /gene - lolD_1 lolD_2
[02:35:20] Fixed 3 duplicate /gene - dapE_1 dapE_2 dapE_3
[02:35:20] Fixed 2 duplicate /gene - atsA_1 atsA_2
[02:35:20] Fixed 2 duplicate /gene - gcvH_1 gcvH_2
[02:35:20] Fixed 2 duplicate /gene - vldW_1 vldW_2
[02:35:20] Fixed 2 duplicate /gene - hutI_1 hutI_2
[02:35:20] Fixed 3 duplicate /gene - fabG_1 fabG_2 fabG_3
[02:35:20] Fixed 2 duplicate /gene - tolB_1 tolB_2
[02:35:20] Fixed 2 duplicate /gene - xynR_1 xynR_2
[02:35:20] Fixed 2 duplicate /gene - btuD_1 btuD_2
[02:35:20] Fixed 2 duplicate /gene - abo_1 abo_2
[02:35:20] Fixed 2 duplicate /gene - aauB_1 aauB_2
[02:35:20] Fixed 2 duplicate /gene - nagR_1 nagR_2
[02:35:20] Fixed 2 duplicate /gene - dacC_1 dacC_2
[02:35:20] Fixed 3 duplicate /gene - yceI_1 yceI_2 yceI_3
[02:35:20] Fixed 2 duplicate /gene - mhpB_1 mhpB_2
[02:35:20] Fixed 2 duplicate /gene - cysA_1 cysA_2
[02:35:20] Fixed 2 duplicate /gene - rbsA_1 rbsA_2
[02:35:20] Fixed 3 duplicate /gene - pilT_1 pilT_2 pilT_3
[02:35:20] Fixed 3 duplicate /gene - hisC_1 hisC_2 hisC_3
[02:35:20] Fixed 3 duplicate /gene - sasA_1 sasA_2 sasA_3
[02:35:20] Fixed 2 duplicate /gene - puuB_1 puuB_2
[02:35:20] Fixed 2 duplicate /gene - corC_1 corC_2
[02:35:20] Fixed 2 duplicate /gene - acyII_1 acyII_2
[02:35:20] Fixed 2 duplicate /gene - acsA_1 acsA_2
[02:35:20] Fixed 2 duplicate /gene - acp_1 acp_2
[02:35:20] Fixed 3 duplicate /gene - ggt_1 ggt_2 ggt_3
[02:35:20] Fixed 63 colliding /gene names.
[02:35:20] Adding /locus_tag identifiers
[02:35:20] Assigned 1543 locus_tags to CDS and RNA features.
[02:35:20] Writing outputs to /home/tola2495/GenomeAnalysisVT2022/analyses/05_annotation/prokka/RR4342133_Bacteria/bin_25.fa/
[02:35:21] Generating annotation statistics file
[02:35:21] Generating Genbank and Sequin files
[02:35:21] Running: tbl2asn -V b -a r10k -l paired-ends -M n -N 1 -y 'Annotated using prokka 1.14.6 from https://github.com/tseemann/prokka' -Z \/home\/tola2495\/GenomeAnalysisVT2022\/analyses\/05_annotation\/prokka\/RR4342133_Bacteria\/bin_25\.fa\/RR4342133_Bacteria\.err -i \/home\/tola2495\/GenomeAnalysisVT2022\/analyses\/05_annotation\/prokka\/RR4342133_Bacteria\/bin_25\.fa\/RR4342133_Bacteria\.fsa 2> /dev/null
[02:35:25] Deleting unwanted file: /home/tola2495/GenomeAnalysisVT2022/analyses/05_annotation/prokka/RR4342133_Bacteria/bin_25.fa/errorsummary.val
[02:35:25] Deleting unwanted file: /home/tola2495/GenomeAnalysisVT2022/analyses/05_annotation/prokka/RR4342133_Bacteria/bin_25.fa/RR4342133_Bacteria.dr
[02:35:25] Deleting unwanted file: /home/tola2495/GenomeAnalysisVT2022/analyses/05_annotation/prokka/RR4342133_Bacteria/bin_25.fa/RR4342133_Bacteria.fixedproducts
[02:35:25] Deleting unwanted file: /home/tola2495/GenomeAnalysisVT2022/analyses/05_annotation/prokka/RR4342133_Bacteria/bin_25.fa/RR4342133_Bacteria.ecn
[02:35:25] Deleting unwanted file: /home/tola2495/GenomeAnalysisVT2022/analyses/05_annotation/prokka/RR4342133_Bacteria/bin_25.fa/RR4342133_Bacteria.val
[02:35:25] Repairing broken .GBK output that tbl2asn produces...
[02:35:25] Running: sed 's/COORDINATES: profile/COORDINATES:profile/' < \/home\/tola2495\/GenomeAnalysisVT2022\/analyses\/05_annotation\/prokka\/RR4342133_Bacteria\/bin_25\.fa\/RR4342133_Bacteria\.gbf > \/home\/tola2495\/GenomeAnalysisVT2022\/analyses\/05_annotation\/prokka\/RR4342133_Bacteria\/bin_25\.fa\/RR4342133_Bacteria\.gbk
[02:35:25] Deleting unwanted file: /home/tola2495/GenomeAnalysisVT2022/analyses/05_annotation/prokka/RR4342133_Bacteria/bin_25.fa/RR4342133_Bacteria.gbf
[02:35:25] Output files:
[02:35:25] /home/tola2495/GenomeAnalysisVT2022/analyses/05_annotation/prokka/RR4342133_Bacteria/bin_25.fa/RR4342133_Bacteria.log
[02:35:25] /home/tola2495/GenomeAnalysisVT2022/analyses/05_annotation/prokka/RR4342133_Bacteria/bin_25.fa/RR4342133_Bacteria.fna
[02:35:25] /home/tola2495/GenomeAnalysisVT2022/analyses/05_annotation/prokka/RR4342133_Bacteria/bin_25.fa/RR4342133_Bacteria.gff
[02:35:25] /home/tola2495/GenomeAnalysisVT2022/analyses/05_annotation/prokka/RR4342133_Bacteria/bin_25.fa/RR4342133_Bacteria.faa
[02:35:25] /home/tola2495/GenomeAnalysisVT2022/analyses/05_annotation/prokka/RR4342133_Bacteria/bin_25.fa/RR4342133_Bacteria.ffn
[02:35:25] /home/tola2495/GenomeAnalysisVT2022/analyses/05_annotation/prokka/RR4342133_Bacteria/bin_25.fa/RR4342133_Bacteria.tbl
[02:35:25] /home/tola2495/GenomeAnalysisVT2022/analyses/05_annotation/prokka/RR4342133_Bacteria/bin_25.fa/RR4342133_Bacteria.fsa
[02:35:25] /home/tola2495/GenomeAnalysisVT2022/analyses/05_annotation/prokka/RR4342133_Bacteria/bin_25.fa/RR4342133_Bacteria.tsv
[02:35:25] /home/tola2495/GenomeAnalysisVT2022/analyses/05_annotation/prokka/RR4342133_Bacteria/bin_25.fa/RR4342133_Bacteria.txt
[02:35:25] /home/tola2495/GenomeAnalysisVT2022/analyses/05_annotation/prokka/RR4342133_Bacteria/bin_25.fa/RR4342133_Bacteria.gbk
[02:35:25] /home/tola2495/GenomeAnalysisVT2022/analyses/05_annotation/prokka/RR4342133_Bacteria/bin_25.fa/RR4342133_Bacteria.sqn
[02:35:25] /home/tola2495/GenomeAnalysisVT2022/analyses/05_annotation/prokka/RR4342133_Bacteria/bin_25.fa/RR4342133_Bacteria.err
[02:35:25] Annotation finished successfully.
[02:35:25] Walltime used: 2.88 minutes
[02:35:25] If you use this result please cite the Prokka paper:
[02:35:25] Seemann T (2014) Prokka: rapid prokaryotic genome annotation. Bioinformatics. 30(14):2068-9.
[02:35:25] Type 'prokka --citation' for more details.
[02:35:25] Share and enjoy!
