[17:35:32] This is prokka 1.14.6
[17:35:32] Written by Torsten Seemann <torsten.seemann@gmail.com>
[17:35:32] Homepage is https://github.com/tseemann/prokka
[17:35:32] Local time is Tue May  3 17:35:32 2022
[17:35:32] You are tola2495
[17:35:32] Operating system is linux
[17:35:32] You have BioPerl 1.007001
[17:35:32] System has 16 cores.
[17:35:32] Will use maximum of 2 cores.
[17:35:32] Annotating as >>> Archaea <<<
[17:35:32] Generating locus_tag from 'bin_23.fa' contents.
[17:35:32] Setting --locustag PMMJFAMC from MD5 9663fa6c75719b10d4bce0a0011e999a
[17:35:32] Creating new output folder: /home/tola2495/GenomeAnalysisVT2022/analyses/05_annotation/prokka/RR4342133_Archaea/bin_23.fa
[17:35:32] Running: mkdir -p \/home\/tola2495\/GenomeAnalysisVT2022\/analyses\/05_annotation\/prokka\/RR4342133_Archaea\/bin_23\.fa
[17:35:32] Using filename prefix: RR4342133_Archaea.XXX
[17:35:32] Setting HMMER_NCPU=1
[17:35:32] Writing log to: /home/tola2495/GenomeAnalysisVT2022/analyses/05_annotation/prokka/RR4342133_Archaea/bin_23.fa/RR4342133_Archaea.log
[17:35:32] Command: /sw/bioinfo/prokka/1.45-5b58020/snowy/bin/prokka --metagenome --cpus 2 --kingdom Archaea --prefix RR4342133_Archaea --outdir /home/tola2495/GenomeAnalysisVT2022/analyses/05_annotation/prokka/RR4342133_Archaea/bin_23.fa bin_23.fa
[17:35:32] Appending to PATH: /sw/bioinfo/prokka/1.45-5b58020/rackham/bin/../binaries/linux
[17:35:32] Appending to PATH: /sw/bioinfo/prokka/1.45-5b58020/rackham/bin/../binaries/linux/../common
[17:35:32] Appending to PATH: /sw/bioinfo/prokka/1.45-5b58020/rackham/bin
[17:35:32] Looking for 'aragorn' - found /sw/bioinfo/prokka/1.45-5b58020/rackham/bin/../binaries/linux/aragorn
[17:35:32] Determined aragorn version is 001002 from 'ARAGORN v1.2.38 Dean Laslett'
[17:35:32] Looking for 'barrnap' - found /sw/bioinfo/barrnap/0.8/snowy/bin/barrnap
[17:35:32] Determined barrnap version is 000008 from 'barrnap 0.8'
[17:35:32] Looking for 'blastp' - found /sw/bioinfo/blast/2.11.0+/snowy/bin/blastp
[17:35:33] Determined blastp version is 002011 from 'blastp: 2.11.0+'
[17:35:33] Looking for 'cmpress' - found /sw/bioinfo/prokka/1.45-5b58020/rackham/bin/../binaries/linux/cmpress
[17:35:33] Determined cmpress version is 001001 from '# INFERNAL 1.1.2 (July 2016)'
[17:35:33] Looking for 'cmscan' - found /sw/bioinfo/prokka/1.45-5b58020/rackham/bin/../binaries/linux/cmscan
[17:35:33] Determined cmscan version is 001001 from '# INFERNAL 1.1.2 (July 2016)'
[17:35:33] Looking for 'egrep' - found /usr/bin/egrep
[17:35:33] Looking for 'find' - found /usr/bin/find
[17:35:33] Looking for 'grep' - found /usr/bin/grep
[17:35:33] Looking for 'hmmpress' - found /sw/apps/bioinfo/hmmer/3.1b2/snowy/bin/hmmpress
[17:35:33] Determined hmmpress version is 003001 from '# HMMER 3.1b2 (February 2015); http://hmmer.org/'
[17:35:33] Looking for 'hmmscan' - found /sw/apps/bioinfo/hmmer/3.1b2/snowy/bin/hmmscan
[17:35:33] Determined hmmscan version is 003001 from '# HMMER 3.1b2 (February 2015); http://hmmer.org/'
[17:35:33] Looking for 'java' - found /usr/bin/java
[17:35:33] Looking for 'makeblastdb' - found /sw/bioinfo/blast/2.11.0+/snowy/bin/makeblastdb
[17:35:34] Determined makeblastdb version is 002011 from 'makeblastdb: 2.11.0+'
[17:35:34] Looking for 'minced' - found /sw/apps/bioinfo/minced/0.2.0/snowy/minced
[17:35:34] Determined minced version is 002000 from 'minced 0.2.0'
[17:35:34] Looking for 'parallel' - found /sw/parallel/gnuparallel/20170122/snowy/bin/parallel
[17:35:34] Determined parallel version is 20170122 from 'GNU parallel 20170122'
[17:35:34] Looking for 'prodigal' - found /sw/apps/bioinfo/prodigal/2.6.3/snowy/bin/prodigal
[17:35:34] Determined prodigal version is 002006 from 'Prodigal V2.6.3: February, 2016'
[17:35:34] Looking for 'prokka-genbank_to_fasta_db' - found /sw/bioinfo/prokka/1.45-5b58020/snowy/bin/prokka-genbank_to_fasta_db
[17:35:34] Looking for 'sed' - found /usr/bin/sed
[17:35:34] Looking for 'signalp' - found /sw/bioinfo/SignalP/4.1f/snowy/signalp
[17:35:34] Determined signalp version is 004001 from '4.1 6184308'
[17:35:34] Looking for 'tbl2asn' - found /sw/bioinfo/tbl2asn/25.8/snowy/tbl2asn
[17:35:34] Determined tbl2asn version is 025008 from 'tbl2asn 25.8   arguments:'
[17:35:34] Using genetic code table 11.
[17:35:34] Loading and checking input file: bin_23.fa
[17:35:34] Wrote 193 contigs totalling 786050 bp.
[17:35:34] Predicting tRNAs and tmRNAs
[17:35:34] Running: aragorn -l -gc11  -w \/home\/tola2495\/GenomeAnalysisVT2022\/analyses\/05_annotation\/prokka\/RR4342133_Archaea\/bin_23\.fa\/RR4342133_Archaea\.fna
[17:35:35] 1 tRNA-Ile c[269,346] 36 (gat)
[17:35:35] 1 tRNA-Glu c[319,396] 37 (ttc)
[17:35:35] 2 tRNA-Val c[5414,5489] 34 (tac)
[17:35:35] 1 tRNA-Ala c[16534,16610] 35 (ggc)
[17:35:35] 2 tRNA-Arg [18081,18157] 36 (tct)
[17:35:35] 1 tRNA-Gly c[5363,5437] 34 (gcc)
[17:35:35] 1 tRNA-Leu c[994,1078] 35 (tag)
[17:35:35] 1 tRNA-Ser c[3420,3506] 36 (gct)
[17:35:35] 1 tRNA-Met [1619,1696] 36 (cat)
[17:35:35] 1 tRNA-Ser c[968,1053] 35 (cga)
[17:35:35] 1 tRNA-Lys [687,763] 35 (ctt)
[17:35:35] 2 tRNA-Gln c[3447,3522] 35 (ttg)
[17:35:35] 1 tRNA-Arg c[1813,1889] 36 (gcg)
[17:35:35] 1 tRNA-Leu c[701,785] 35 (caa)
[17:35:35] 1 tRNA-Leu [3165,3250] 36 (taa)
[17:35:35] 1 tRNA-Thr c[3111,3187] 35 (tgt)
[17:35:35] Found 16 tRNAs
[17:35:35] Predicting Ribosomal RNAs
[17:35:35] Running Barrnap with 2 threads
[17:35:35] Found 0 rRNAs
[17:35:35] Skipping ncRNA search, enable with --rfam if desired.
[17:35:35] Total of 16 tRNA + rRNA features
[17:35:35] Searching for CRISPR repeats
[17:35:36] Found 0 CRISPRs
[17:35:36] Predicting coding sequences
[17:35:36] Contigs total 786050 bp, so using meta mode
[17:35:36] Running: prodigal -i \/home\/tola2495\/GenomeAnalysisVT2022\/analyses\/05_annotation\/prokka\/RR4342133_Archaea\/bin_23\.fa\/RR4342133_Archaea\.fna -c -m -g 11 -p meta -f sco -q
[17:35:36] Excluding CDS which overlaps existing RNA (tRNA) at k105_94998:17998..18120 on + strand
[17:35:38] Excluding CDS which overlaps existing RNA (tRNA) at k105_160845:690..1838 on - strand
[17:35:39] Found 697 CDS
[17:35:39] Connecting features back to sequences
[17:35:39] Not using genus-specific database. Try --usegenus to enable it.
[17:35:39] Annotating CDS, please be patient.
[17:35:39] Will use 2 CPUs for similarity searching.
[17:35:39] There are still 697 unannotated CDS left (started with 697)
[17:35:39] Will use blast to search against /sw/bioinfo/prokka/1.45-5b58020/rackham/db/kingdom/Archaea/sprot with 2 CPUs
[17:35:39] Running: cat \/home\/tola2495\/GenomeAnalysisVT2022\/analyses\/05_annotation\/prokka\/RR4342133_Archaea\/bin_23\.fa\/RR4342133_Archaea\.sprot\.tmp\.33381\.faa | parallel --gnu --plain -j 2 --block 51186 --recstart '>' --pipe blastp -query - -db /sw/bioinfo/prokka/1.45-5b58020/rackham/db/kingdom/Archaea/sprot -evalue 1e-09 -qcov_hsp_perc 80 -num_threads 1 -num_descriptions 1 -num_alignments 1 -seg no > \/home\/tola2495\/GenomeAnalysisVT2022\/analyses\/05_annotation\/prokka\/RR4342133_Archaea\/bin_23\.fa\/RR4342133_Archaea\.sprot\.tmp\.33381\.blast 2> /dev/null
[17:35:45] Modify product: Putative sulfur carrier protein Ta1170/Ta1414 => Putative sulfur carrier protein/Ta1414
[17:35:45] Modify product: Probable RNA 2'-phosphotransferase => putative RNA 2'-phosphotransferase
[17:35:45] Modify product: Uncharacterized ABC transporter ATP-binding protein MJ0796 => putative ABC transporter ATP-binding protein
[17:35:45] Modify product: Probable 6-oxopurine nucleoside phosphorylase => putative 6-oxopurine nucleoside phosphorylase
[17:35:45] Modify product: Probable tRNA pseudouridine synthase D => putative tRNA pseudouridine synthase D
[17:35:45] Modify product: Probable deoxyhypusine synthase => putative deoxyhypusine synthase
[17:35:45] Modify product: Uncharacterized ABC transporter ATP-binding protein MJ0796 => putative ABC transporter ATP-binding protein
[17:35:45] Modify product: Uncharacterized ABC transporter ATP-binding protein MJ0796 => putative ABC transporter ATP-binding protein
[17:35:45] Modify product: Uncharacterized ABC transporter ATP-binding protein MJ0796 => putative ABC transporter ATP-binding protein
[17:35:45] Modify product: Probable branched-chain amino acid transport ATP-binding protein LivG => putative branched-chain amino acid transport ATP-binding protein LivG
[17:35:45] Modify product: Probable tRNA pseudouridine synthase B => putative tRNA pseudouridine synthase B
[17:35:45] Modify product: Uncharacterized HTH-type transcriptional regulator PH0140 => putative HTH-type transcriptional regulator
[17:35:45] Modify product: Probable branched-chain amino acid transport ATP-binding protein LivG => putative branched-chain amino acid transport ATP-binding protein LivG
[17:35:45] Modify product: Probable branched-chain amino acid transport ATP-binding protein LivG => putative branched-chain amino acid transport ATP-binding protein LivG
[17:35:45] Modify product: Bifunctional protein FolD => Bifunctional protein FolD protein
[17:35:45] Cleaned 15 /product names
[17:35:45] Deleting unwanted file: /home/tola2495/GenomeAnalysisVT2022/analyses/05_annotation/prokka/RR4342133_Archaea/bin_23.fa/RR4342133_Archaea.sprot.tmp.33381.faa
[17:35:45] Deleting unwanted file: /home/tola2495/GenomeAnalysisVT2022/analyses/05_annotation/prokka/RR4342133_Archaea/bin_23.fa/RR4342133_Archaea.sprot.tmp.33381.blast
[17:35:45] There are still 577 unannotated CDS left (started with 697)
[17:35:45] Will use hmmer3 to search against /sw/bioinfo/prokka/1.45-5b58020/rackham/db/hmm/HAMAP.hmm with 2 CPUs
[17:35:45] Running: cat \/home\/tola2495\/GenomeAnalysisVT2022\/analyses\/05_annotation\/prokka\/RR4342133_Archaea\/bin_23\.fa\/RR4342133_Archaea\.HAMAP\.hmm\.tmp\.33381\.faa | parallel --gnu --plain -j 2 --block 42000 --recstart '>' --pipe hmmscan --noali --notextw --acc -E 1e-09 --cpu 1 /sw/bioinfo/prokka/1.45-5b58020/rackham/db/hmm/HAMAP.hmm /dev/stdin > \/home\/tola2495\/GenomeAnalysisVT2022\/analyses\/05_annotation\/prokka\/RR4342133_Archaea\/bin_23\.fa\/RR4342133_Archaea\.HAMAP\.hmm\.tmp\.33381\.hmmer3 2> /dev/null
[17:36:13] Deleting unwanted file: /home/tola2495/GenomeAnalysisVT2022/analyses/05_annotation/prokka/RR4342133_Archaea/bin_23.fa/RR4342133_Archaea.HAMAP.hmm.tmp.33381.faa
[17:36:13] Deleting unwanted file: /home/tola2495/GenomeAnalysisVT2022/analyses/05_annotation/prokka/RR4342133_Archaea/bin_23.fa/RR4342133_Archaea.HAMAP.hmm.tmp.33381.hmmer3
[17:36:13] Labelling remaining 456 proteins as 'hypothetical protein'
[17:36:13] Possible /pseudo 'Fused isobutyryl-CoA mutase' at k105_76186 position 1672
[17:36:13] Possible /pseudo 'putative branched-chain amino acid transport ATP-binding protein LivG' at k105_77362 position 1034
[17:36:13] Found 188 unique /gene codes.
[17:36:13] Fixed 2 duplicate /gene - dnaJ_1 dnaJ_2
[17:36:13] Fixed 2 duplicate /gene - fadA_1 fadA_2
[17:36:13] Fixed 5 duplicate /gene - btuD_1 btuD_2 btuD_3 btuD_4 btuD_5
[17:36:13] Fixed 2 duplicate /gene - icmF_1 icmF_2
[17:36:13] Fixed 2 duplicate /gene - cutA_1 cutA_2
[17:36:13] Fixed 2 duplicate /gene - dxs_1 dxs_2
[17:36:13] Fixed 2 duplicate /gene - rhaD_1 rhaD_2
[17:36:13] Fixed 2 duplicate /gene - gcvH_1 gcvH_2
[17:36:13] Fixed 3 duplicate /gene - caiA_1 caiA_2 caiA_3
[17:36:13] Fixed 2 duplicate /gene - mntR_1 mntR_2
[17:36:13] Fixed 3 duplicate /gene - livG_1 livG_2 livG_3
[17:36:13] Fixed 3 duplicate /gene - gloB_1 gloB_2 gloB_3
[17:36:13] Fixed 12 colliding /gene names.
[17:36:13] Adding /locus_tag identifiers
[17:36:13] Assigned 713 locus_tags to CDS and RNA features.
[17:36:13] Writing outputs to /home/tola2495/GenomeAnalysisVT2022/analyses/05_annotation/prokka/RR4342133_Archaea/bin_23.fa/
[17:36:14] Generating annotation statistics file
[17:36:14] Generating Genbank and Sequin files
[17:36:14] Running: tbl2asn -V b -a r10k -l paired-ends -M n -N 1 -y 'Annotated using prokka 1.14.6 from https://github.com/tseemann/prokka' -Z \/home\/tola2495\/GenomeAnalysisVT2022\/analyses\/05_annotation\/prokka\/RR4342133_Archaea\/bin_23\.fa\/RR4342133_Archaea\.err -i \/home\/tola2495\/GenomeAnalysisVT2022\/analyses\/05_annotation\/prokka\/RR4342133_Archaea\/bin_23\.fa\/RR4342133_Archaea\.fsa 2> /dev/null
[17:36:16] Deleting unwanted file: /home/tola2495/GenomeAnalysisVT2022/analyses/05_annotation/prokka/RR4342133_Archaea/bin_23.fa/errorsummary.val
[17:36:16] Deleting unwanted file: /home/tola2495/GenomeAnalysisVT2022/analyses/05_annotation/prokka/RR4342133_Archaea/bin_23.fa/RR4342133_Archaea.dr
[17:36:16] Deleting unwanted file: /home/tola2495/GenomeAnalysisVT2022/analyses/05_annotation/prokka/RR4342133_Archaea/bin_23.fa/RR4342133_Archaea.fixedproducts
[17:36:16] Deleting unwanted file: /home/tola2495/GenomeAnalysisVT2022/analyses/05_annotation/prokka/RR4342133_Archaea/bin_23.fa/RR4342133_Archaea.ecn
[17:36:16] Deleting unwanted file: /home/tola2495/GenomeAnalysisVT2022/analyses/05_annotation/prokka/RR4342133_Archaea/bin_23.fa/RR4342133_Archaea.val
[17:36:16] Repairing broken .GBK output that tbl2asn produces...
[17:36:16] Running: sed 's/COORDINATES: profile/COORDINATES:profile/' < \/home\/tola2495\/GenomeAnalysisVT2022\/analyses\/05_annotation\/prokka\/RR4342133_Archaea\/bin_23\.fa\/RR4342133_Archaea\.gbf > \/home\/tola2495\/GenomeAnalysisVT2022\/analyses\/05_annotation\/prokka\/RR4342133_Archaea\/bin_23\.fa\/RR4342133_Archaea\.gbk
[17:36:16] Deleting unwanted file: /home/tola2495/GenomeAnalysisVT2022/analyses/05_annotation/prokka/RR4342133_Archaea/bin_23.fa/RR4342133_Archaea.gbf
[17:36:16] Output files:
[17:36:16] /home/tola2495/GenomeAnalysisVT2022/analyses/05_annotation/prokka/RR4342133_Archaea/bin_23.fa/RR4342133_Archaea.log
[17:36:16] /home/tola2495/GenomeAnalysisVT2022/analyses/05_annotation/prokka/RR4342133_Archaea/bin_23.fa/RR4342133_Archaea.fna
[17:36:16] /home/tola2495/GenomeAnalysisVT2022/analyses/05_annotation/prokka/RR4342133_Archaea/bin_23.fa/RR4342133_Archaea.gff
[17:36:16] /home/tola2495/GenomeAnalysisVT2022/analyses/05_annotation/prokka/RR4342133_Archaea/bin_23.fa/RR4342133_Archaea.faa
[17:36:16] /home/tola2495/GenomeAnalysisVT2022/analyses/05_annotation/prokka/RR4342133_Archaea/bin_23.fa/RR4342133_Archaea.ffn
[17:36:16] /home/tola2495/GenomeAnalysisVT2022/analyses/05_annotation/prokka/RR4342133_Archaea/bin_23.fa/RR4342133_Archaea.tbl
[17:36:16] /home/tola2495/GenomeAnalysisVT2022/analyses/05_annotation/prokka/RR4342133_Archaea/bin_23.fa/RR4342133_Archaea.fsa
[17:36:16] /home/tola2495/GenomeAnalysisVT2022/analyses/05_annotation/prokka/RR4342133_Archaea/bin_23.fa/RR4342133_Archaea.tsv
[17:36:16] /home/tola2495/GenomeAnalysisVT2022/analyses/05_annotation/prokka/RR4342133_Archaea/bin_23.fa/RR4342133_Archaea.txt
[17:36:16] /home/tola2495/GenomeAnalysisVT2022/analyses/05_annotation/prokka/RR4342133_Archaea/bin_23.fa/RR4342133_Archaea.sqn
[17:36:16] /home/tola2495/GenomeAnalysisVT2022/analyses/05_annotation/prokka/RR4342133_Archaea/bin_23.fa/RR4342133_Archaea.gbk
[17:36:16] /home/tola2495/GenomeAnalysisVT2022/analyses/05_annotation/prokka/RR4342133_Archaea/bin_23.fa/RR4342133_Archaea.err
[17:36:16] Annotation finished successfully.
[17:36:16] Walltime used: 0.73 minutes
[17:36:16] If you use this result please cite the Prokka paper:
[17:36:16] Seemann T (2014) Prokka: rapid prokaryotic genome annotation. Bioinformatics. 30(14):2068-9.
[17:36:16] Type 'prokka --citation' for more details.
[17:36:16] Thank you, come again.
