/sw/apps/bioinfo/quast/5.0.2/snowy/bin/quast.py -t 2 --min-contig 3000 -L --fast -o /home/tola2495/GenomeAnalysisVT2022/analyses/02_dna_assembly/02_metaquast /home/tola2495/GenomeAnalysisVT2022/analyses/02_dna_assembly/01_megahit/220410_RR4342129_dna_assembly.megahit_asm/final.contigs.fa /home/tola2495/GenomeAnalysisVT2022/analyses/02_dna_assembly/01_megahit/220410_RR4342133_dna_assembly.megahit_asm/final.contigs.fa

Version: 5.0.2

System information:
  OS: Linux-3.10.0-1160.59.1.el7.x86_64-x86_64-with-centos-7.9.2009-Core (linux_64)
  Python version: 3.7.2
  CPUs number: 16

Started: 2022-04-12 19:11:11

Logging to /home/tola2495/GenomeAnalysisVT2022/analyses/02_dna_assembly/02_metaquast/quast.log

CWD: /domus/h1/tola2495/GenomeAnalysisVT2022/code/02_assembly/02_assembly_evaluation
Main parameters: 
  MODE: default, threads: 2, minimum contig length: 3000, minimum alignment length: 65, \
  ambiguity: one, threshold for extensive misassembly size: 1000

Contigs:
  Pre-processing...
  1  /home/tola2495/GenomeAnalysisVT2022/analyses/02_dna_assembly/01_megahit/220410_RR4342129_dna_assembly.megahit_asm/final.contigs.fa ==> 220410_RR4342129_dna_assembly.megahit_asm
  2  /home/tola2495/GenomeAnalysisVT2022/analyses/02_dna_assembly/01_megahit/220410_RR4342133_dna_assembly.megahit_asm/final.contigs.fa ==> 220410_RR4342133_dna_assembly.megahit_asm

2022-04-12 19:11:16
Running Basic statistics processor...
  Contig files: 
    1  220410_RR4342129_dna_assembly.megahit_asm
    2  220410_RR4342133_dna_assembly.megahit_asm
  Calculating N50 and L50...
    1  220410_RR4342129_dna_assembly.megahit_asm, N50 = 5812, L50 = 889, Total length = 18776909, GC % = undefined, # N's per 100 kbp =  0.00
    2  220410_RR4342133_dna_assembly.megahit_asm, N50 = 7945, L50 = 1210, Total length = 42526633, GC % = undefined, # N's per 100 kbp =  0.00
Done.

NOTICE: Genes are not predicted by default. Use --gene-finding or --glimmer option to enable it.

2022-04-12 19:11:17
RESULTS:
  Text versions of total report are saved to /home/tola2495/GenomeAnalysisVT2022/analyses/02_dna_assembly/02_metaquast/report.txt, report.tsv, and report.tex
  Text versions of transposed total report are saved to /home/tola2495/GenomeAnalysisVT2022/analyses/02_dna_assembly/02_metaquast/transposed_report.txt, transposed_report.tsv, and transposed_report.tex
  Log is saved to /home/tola2495/GenomeAnalysisVT2022/analyses/02_dna_assembly/02_metaquast/quast.log

Finished: 2022-04-12 19:11:17
Elapsed time: 0:00:06.244302
NOTICEs: 1; WARNINGs: 0; non-fatal ERRORs: 0

Thank you for using QUAST!
